<?xml version="1.0" encoding="UTF-8"?>
<!-- Generated by org.testng.reporters.JUnitReportReporter -->
<testsuite hostname="Macs-MBP-5.attlocal.net" failures="0" tests="7" name="CignaTest.CignaTests6" time="56.406" errors="0" timestamp="2019-09-28T12:57:03 EDT" skipped="0">
  <testcase classname="CignaTest.CignaTests6" name="testClickLgbtButton" time="7.963"/>
  <testcase classname="CignaTest.CignaTests6" name="testClickMilitaryButton" time="8.154"/>
  <testcase classname="CignaTest.CignaTests6" name="testClickMentalHealth" time="8.207"/>
  <testcase classname="CignaTest.CignaTests6" name="testClickSubstanceButton" time="7.811"/>
  <testcase classname="CignaTest.CignaTests6" name="testClickSuicideButton" time="7.923"/>
  <testcase classname="CignaTest.CignaTests6" name="testClickFamilyButton" time="8.527"/>
  <testcase classname="CignaTest.CignaTests6" name="testClickHealthyAging" time="7.821"/>
</testsuite> <!-- CignaTest.CignaTests6 -->
