<?xml version="1.0" encoding="UTF-8"?>
<!-- Generated by org.testng.reporters.JUnitReportReporter -->
<testsuite hostname="Macs-MBP-5.attlocal.net" failures="0" tests="7" name="CignaTest.CignaTests" time="49.567" errors="0" timestamp="2019-09-28T12:57:03 EDT" skipped="0">
  <testcase classname="CignaTest.CignaTests" name="testClickPrivacy" time="9.664"/>
  <testcase classname="CignaTest.CignaTests" name="testClickContactUs" time="6.923"/>
  <testcase classname="CignaTest.CignaTests" name="testSignIn" time="5.357"/>
  <testcase classname="CignaTest.CignaTests" name="testSearchBar" time="5.805"/>
  <testcase classname="CignaTest.CignaTests" name="testClickEspanol" time="6.685"/>
  <testcase classname="CignaTest.CignaTests" name="testClickCignaInternational" time="8.986"/>
  <testcase classname="CignaTest.CignaTests" name="testFindDoctor" time="6.147"/>
</testsuite> <!-- CignaTest.CignaTests -->
