<?xml version="1.0" encoding="UTF-8"?>
<!-- Generated by org.testng.reporters.JUnitReportReporter -->
<testsuite hostname="Macs-MBP-5.attlocal.net" failures="0" tests="7" name="CignaTest.CignaTests3" time="60.989" errors="0" timestamp="2019-09-28T12:57:03 EDT" skipped="0">
  <testcase classname="CignaTest.CignaTests3" name="testCopayButton" time="8.524"/>
  <testcase classname="CignaTest.CignaTests3" name="testBuyingInsuranceButton" time="7.954"/>
  <testcase classname="CignaTest.CignaTests3" name="testUnderstandingInsurance" time="6.513"/>
  <testcase classname="CignaTest.CignaTests3" name="testHowToShopButton" time="8.959"/>
  <testcase classname="CignaTest.CignaTests3" name="testClickHealthcareReform" time="12.591"/>
  <testcase classname="CignaTest.CignaTests3" name="testProviderButton" time="8.718"/>
  <testcase classname="CignaTest.CignaTests3" name="testCommonInsurance" time="7.730"/>
</testsuite> <!-- CignaTest.CignaTests3 -->
