<?xml version="1.0" encoding="UTF-8"?>
<!-- Generated by org.testng.reporters.JUnitReportReporter -->
<testsuite hostname="Macs-MBP-5.attlocal.net" failures="0" tests="7" name="CignaTest.CignaTests4" time="57.633" errors="0" timestamp="2019-09-28T12:57:03 EDT" skipped="0">
  <testcase classname="CignaTest.CignaTests4" name="testPrescriptionButton" time="7.611"/>
  <testcase classname="CignaTest.CignaTests4" name="testCignaMobileAppButton" time="7.674"/>
  <testcase classname="CignaTest.CignaTests4" name="testClaimsButton" time="8.524"/>
  <testcase classname="CignaTest.CignaTests4" name="testCustomerServicesButton" time="8.967"/>
  <testcase classname="CignaTest.CignaTests4" name="testClickHsaButton" time="8.571"/>
  <testcase classname="CignaTest.CignaTests4" name="testProgramsButton" time="8.376"/>
  <testcase classname="CignaTest.CignaTests4" name="testRequestIdCard" time="7.910"/>
</testsuite> <!-- CignaTest.CignaTests4 -->
