<?xml version="1.0" encoding="UTF-8"?>
<!-- Generated by org.testng.reporters.JUnitReportReporter -->
<testsuite hostname="Macs-MBP-5.attlocal.net" failures="0" tests="7" name="CignaTest.CignaTests5" time="74.228" errors="0" timestamp="2019-09-28T12:57:03 EDT" skipped="0">
  <testcase classname="CignaTest.CignaTests5" name="testEatingDisordersButon" time="25.495"/>
  <testcase classname="CignaTest.CignaTests5" name="testHealthAndWellnessButton" time="6.355"/>
  <testcase classname="CignaTest.CignaTests5" name="testAutismButton" time="9.007"/>
  <testcase classname="CignaTest.CignaTests5" name="testExercisesButton" time="8.692"/>
  <testcase classname="CignaTest.CignaTests5" name="testDentalPlanButton" time="9.877"/>
  <testcase classname="CignaTest.CignaTests5" name="testDisasterResourcesButton" time="7.561"/>
  <testcase classname="CignaTest.CignaTests5" name="testEatingWellButton" time="7.241"/>
</testsuite> <!-- CignaTest.CignaTests5 -->
