<?xml version="1.0" encoding="UTF-8"?>
<testsuite xmlns:xsi="http://www.w3.org/2001/XMLSchema-instance" xsi:noNamespaceSchemaLocation="https://maven.apache.org/surefire/maven-surefire-plugin/xsd/surefire-test-report-3.0.xsd" version="3.0" name="TestSuite" time="698.627" tests="77" errors="0" skipped="0" failures="3">
  <properties>
    <property name="gopherProxySet" value="false"/>
    <property name="awt.toolkit" value="sun.lwawt.macosx.LWCToolkit"/>
    <property name="java.specification.version" value="11"/>
    <property name="sun.cpu.isalist" value=""/>
    <property name="sun.jnu.encoding" value="UTF-8"/>
    <property name="java.class.path" value="/Users/mac/Documents/Team-8-automation/Cigna/target/test-classes:/Users/mac/Documents/Team-8-automation/Cigna/target/classes:/Users/mac/Documents/Team-8-automation/Generic/target/classes:/Users/mac/.m2/repository/org/seleniumhq/selenium/selenium-java/3.141.59/selenium-java-3.141.59.jar:/Users/mac/.m2/repository/org/seleniumhq/selenium/selenium-api/3.141.59/selenium-api-3.141.59.jar:/Users/mac/.m2/repository/org/seleniumhq/selenium/selenium-chrome-driver/3.141.59/selenium-chrome-driver-3.141.59.jar:/Users/mac/.m2/repository/org/seleniumhq/selenium/selenium-edge-driver/3.141.59/selenium-edge-driver-3.141.59.jar:/Users/mac/.m2/repository/org/seleniumhq/selenium/selenium-firefox-driver/3.141.59/selenium-firefox-driver-3.141.59.jar:/Users/mac/.m2/repository/org/seleniumhq/selenium/selenium-ie-driver/3.141.59/selenium-ie-driver-3.141.59.jar:/Users/mac/.m2/repository/org/seleniumhq/selenium/selenium-opera-driver/3.141.59/selenium-opera-driver-3.141.59.jar:/Users/mac/.m2/repository/org/seleniumhq/selenium/selenium-remote-driver/3.141.59/selenium-remote-driver-3.141.59.jar:/Users/mac/.m2/repository/org/seleniumhq/selenium/selenium-safari-driver/3.141.59/selenium-safari-driver-3.141.59.jar:/Users/mac/.m2/repository/org/seleniumhq/selenium/selenium-support/3.141.59/selenium-support-3.141.59.jar:/Users/mac/.m2/repository/net/bytebuddy/byte-buddy/1.8.15/byte-buddy-1.8.15.jar:/Users/mac/.m2/repository/org/apache/commons/commons-exec/1.3/commons-exec-1.3.jar:/Users/mac/.m2/repository/com/google/guava/guava/25.0-jre/guava-25.0-jre.jar:/Users/mac/.m2/repository/org/checkerframework/checker-compat-qual/2.0.0/checker-compat-qual-2.0.0.jar:/Users/mac/.m2/repository/com/google/errorprone/error_prone_annotations/2.1.3/error_prone_annotations-2.1.3.jar:/Users/mac/.m2/repository/com/google/j2objc/j2objc-annotations/1.1/j2objc-annotations-1.1.jar:/Users/mac/.m2/repository/org/codehaus/mojo/animal-sniffer-annotations/1.14/animal-sniffer-annotations-1.14.jar:/Users/mac/.m2/repository/com/squareup/okhttp3/okhttp/3.11.0/okhttp-3.11.0.jar:/Users/mac/.m2/repository/com/squareup/okio/okio/1.14.0/okio-1.14.0.jar:/Users/mac/.m2/repository/org/seleniumhq/selenium/selenium-server/3.141.59/selenium-server-3.141.59.jar:/Users/mac/.m2/repository/com/beust/jcommander/1.72/jcommander-1.72.jar:/Users/mac/.m2/repository/net/jcip/jcip-annotations/1.0/jcip-annotations-1.0.jar:/Users/mac/.m2/repository/org/seleniumhq/selenium/jetty-repacked/9.4.12.v20180830/jetty-repacked-9.4.12.v20180830.jar:/Users/mac/.m2/repository/javax/servlet/javax.servlet-api/3.1.0/javax.servlet-api-3.1.0.jar:/Users/mac/.m2/repository/org/yaml/snakeyaml/1.19/snakeyaml-1.19.jar:/Users/mac/.m2/repository/org/testng/testng/7.0.0/testng-7.0.0.jar:/Users/mac/.m2/repository/com/aventstack/extentreports/3.0.7/extentreports-3.0.7.jar:/Users/mac/.m2/repository/org/freemarker/freemarker/2.3.23/freemarker-2.3.23.jar:/Users/mac/.m2/repository/org/mongodb/mongodb-driver/3.3.0/mongodb-driver-3.3.0.jar:/Users/mac/.m2/repository/org/mongodb/bson/3.3.0/bson-3.3.0.jar:/Users/mac/.m2/repository/org/mongodb/mongodb-driver-core/3.3.0/mongodb-driver-core-3.3.0.jar:/Users/mac/.m2/repository/org/apache/httpcomponents/httpclient/4.5.2/httpclient-4.5.2.jar:/Users/mac/.m2/repository/org/apache/httpcomponents/httpcore/4.4.4/httpcore-4.4.4.jar:/Users/mac/.m2/repository/commons-logging/commons-logging/1.2/commons-logging-1.2.jar:/Users/mac/.m2/repository/org/apache/httpcomponents/httpmime/4.5.2/httpmime-4.5.2.jar:/Users/mac/.m2/repository/org/jsoup/jsoup/1.9.2/jsoup-1.9.2.jar:/Users/mac/.m2/repository/com/google/code/gson/gson/2.8.0/gson-2.8.0.jar:/Users/mac/.m2/repository/org/mongodb/mongo-java-driver/3.6.0-beta1/mongo-java-driver-3.6.0-beta1.jar:/Users/mac/.m2/repository/mysql/mysql-connector-java/8.0.13/mysql-connector-java-8.0.13.jar:/Users/mac/.m2/repository/com/google/protobuf/protobuf-java/3.6.1/protobuf-java-3.6.1.jar:/Users/mac/.m2/repository/org/apache/poi/poi/3.17/poi-3.17.jar:/Users/mac/.m2/repository/commons-codec/commons-codec/1.10/commons-codec-1.10.jar:/Users/mac/.m2/repository/org/apache/commons/commons-collections4/4.1/commons-collections4-4.1.jar:/Users/mac/.m2/repository/org/apache/poi/poi-ooxml/3.17/poi-ooxml-3.17.jar:/Users/mac/.m2/repository/com/github/virtuald/curvesapi/1.04/curvesapi-1.04.jar:/Users/mac/.m2/repository/org/apache/poi/ooxml-schemas/1.1/ooxml-schemas-1.1.jar:/Users/mac/.m2/repository/org/apache/xmlbeans/xmlbeans/2.3.0/xmlbeans-2.3.0.jar:/Users/mac/.m2/repository/stax/stax-api/1.0.1/stax-api-1.0.1.jar:/Users/mac/.m2/repository/org/apache/poi/poi-ooxml-schemas/3.9/poi-ooxml-schemas-3.9.jar:/Users/mac/.m2/repository/org/apache/poi/openxml4j/1.0-beta/openxml4j-1.0-beta.jar:/Users/mac/.m2/repository/dom4j/dom4j/1.6.1/dom4j-1.6.1.jar:/Users/mac/.m2/repository/xml-apis/xml-apis/1.0.b2/xml-apis-1.0.b2.jar:/Users/mac/.m2/repository/log4j/log4j/1.2.8/log4j-1.2.8.jar:/Users/mac/.m2/repository/com/relevantcodes/extentreports/2.41.1/extentreports-2.41.1.jar:/Users/mac/.m2/repository/org/xerial/sqlite-jdbc/3.8.11.1/sqlite-jdbc-3.8.11.1.jar:/Users/mac/.m2/repository/com/google/api-client/google-api-client/1.22.0/google-api-client-1.22.0.jar:/Users/mac/.m2/repository/com/google/oauth-client/google-oauth-client/1.22.0/google-oauth-client-1.22.0.jar:/Users/mac/.m2/repository/com/google/http-client/google-http-client-jackson2/1.22.0/google-http-client-jackson2-1.22.0.jar:/Users/mac/.m2/repository/com/fasterxml/jackson/core/jackson-core/2.1.3/jackson-core-2.1.3.jar:/Users/mac/.m2/repository/com/google/guava/guava-jdk5/17.0/guava-jdk5-17.0.jar:/Users/mac/.m2/repository/org/apache/commons/commons-lang3/3.0/commons-lang3-3.0.jar:/Users/mac/.m2/repository/commons-io/commons-io/2.5/commons-io-2.5.jar:/Users/mac/.m2/repository/com/google/http-client/google-http-client/1.23.0/google-http-client-1.23.0.jar:/Users/mac/.m2/repository/com/google/code/findbugs/jsr305/1.3.9/jsr305-1.3.9.jar:/Users/mac/.m2/repository/com/google/oauth-client/google-oauth-client-java6/1.23.0/google-oauth-client-java6-1.23.0.jar:/Users/mac/.m2/repository/com/google/oauth-client/google-oauth-client-jetty/1.23.0/google-oauth-client-jetty-1.23.0.jar:/Users/mac/.m2/repository/org/mortbay/jetty/jetty/6.1.26/jetty-6.1.26.jar:/Users/mac/.m2/repository/org/mortbay/jetty/jetty-util/6.1.26/jetty-util-6.1.26.jar:/Users/mac/.m2/repository/org/mortbay/jetty/servlet-api/2.5-20081211/servlet-api-2.5-20081211.jar:/Users/mac/.m2/repository/com/google/apis/google-api-services-sheets/v4-rev498-1.23.0/google-api-services-sheets-v4-rev498-1.23.0.jar:/Users/mac/.m2/repository/io/rest-assured/rest-assured/3.3.0/rest-assured-3.3.0.jar:/Users/mac/.m2/repository/org/codehaus/groovy/groovy/2.4.15/groovy-2.4.15.jar:/Users/mac/.m2/repository/org/codehaus/groovy/groovy-xml/2.4.15/groovy-xml-2.4.15.jar:/Users/mac/.m2/repository/org/hamcrest/hamcrest-core/1.3/hamcrest-core-1.3.jar:/Users/mac/.m2/repository/org/hamcrest/hamcrest-library/1.3/hamcrest-library-1.3.jar:/Users/mac/.m2/repository/org/ccil/cowan/tagsoup/tagsoup/1.2.1/tagsoup-1.2.1.jar:/Users/mac/.m2/repository/io/rest-assured/json-path/3.3.0/json-path-3.3.0.jar:/Users/mac/.m2/repository/org/codehaus/groovy/groovy-json/2.4.15/groovy-json-2.4.15.jar:/Users/mac/.m2/repository/io/rest-assured/rest-assured-common/3.3.0/rest-assured-common-3.3.0.jar:/Users/mac/.m2/repository/io/rest-assured/xml-path/3.3.0/xml-path-3.3.0.jar:/Users/mac/.m2/repository/javax/xml/bind/jaxb-api/2.2.12/jaxb-api-2.2.12.jar:/Users/mac/.m2/repository/com/sun/xml/bind/jaxb-osgi/2.2.10/jaxb-osgi-2.2.10.jar:/Users/mac/.m2/repository/org/apache/sling/org.apache.sling.javax.activation/0.1.0/org.apache.sling.javax.activation-0.1.0.jar:/Users/mac/.m2/repository/javax/activation/activation/1.1.1/activation-1.1.1.jar:/Users/mac/.m2/repository/com/googlecode/json-simple/json-simple/1.1.1/json-simple-1.1.1.jar:/Users/mac/.m2/repository/junit/junit/4.10/junit-4.10.jar:"/>
    <property name="java.vm.vendor" value="Oracle Corporation"/>
    <property name="sun.arch.data.model" value="64"/>
    <property name="java.vendor.url" value="http://java.oracle.com/"/>
    <property name="user.timezone" value=""/>
    <property name="java.vm.specification.version" value="11"/>
    <property name="os.name" value="Mac OS X"/>
    <property name="sun.java.launcher" value="SUN_STANDARD"/>
    <property name="user.country" value="US"/>
    <property name="sun.boot.library.path" value="/Library/Java/JavaVirtualMachines/jdk-11.0.2.jdk/Contents/Home/lib"/>
    <property name="sun.java.command" value="/Users/mac/Documents/Team-8-automation/Cigna/target/surefire/surefirebooter10811992919859228310.jar /Users/mac/Documents/Team-8-automation/Cigna/target/surefire 2019-10-05T22-49-04_208-jvmRun1 surefire17034413344906180035tmp surefire_01538264030402128529tmp"/>
    <property name="jdk.debug" value="release"/>
    <property name="surefire.test.class.path" value="/Users/mac/Documents/Team-8-automation/Cigna/target/test-classes:/Users/mac/Documents/Team-8-automation/Cigna/target/classes:/Users/mac/Documents/Team-8-automation/Generic/target/classes:/Users/mac/.m2/repository/org/seleniumhq/selenium/selenium-java/3.141.59/selenium-java-3.141.59.jar:/Users/mac/.m2/repository/org/seleniumhq/selenium/selenium-api/3.141.59/selenium-api-3.141.59.jar:/Users/mac/.m2/repository/org/seleniumhq/selenium/selenium-chrome-driver/3.141.59/selenium-chrome-driver-3.141.59.jar:/Users/mac/.m2/repository/org/seleniumhq/selenium/selenium-edge-driver/3.141.59/selenium-edge-driver-3.141.59.jar:/Users/mac/.m2/repository/org/seleniumhq/selenium/selenium-firefox-driver/3.141.59/selenium-firefox-driver-3.141.59.jar:/Users/mac/.m2/repository/org/seleniumhq/selenium/selenium-ie-driver/3.141.59/selenium-ie-driver-3.141.59.jar:/Users/mac/.m2/repository/org/seleniumhq/selenium/selenium-opera-driver/3.141.59/selenium-opera-driver-3.141.59.jar:/Users/mac/.m2/repository/org/seleniumhq/selenium/selenium-remote-driver/3.141.59/selenium-remote-driver-3.141.59.jar:/Users/mac/.m2/repository/org/seleniumhq/selenium/selenium-safari-driver/3.141.59/selenium-safari-driver-3.141.59.jar:/Users/mac/.m2/repository/org/seleniumhq/selenium/selenium-support/3.141.59/selenium-support-3.141.59.jar:/Users/mac/.m2/repository/net/bytebuddy/byte-buddy/1.8.15/byte-buddy-1.8.15.jar:/Users/mac/.m2/repository/org/apache/commons/commons-exec/1.3/commons-exec-1.3.jar:/Users/mac/.m2/repository/com/google/guava/guava/25.0-jre/guava-25.0-jre.jar:/Users/mac/.m2/repository/org/checkerframework/checker-compat-qual/2.0.0/checker-compat-qual-2.0.0.jar:/Users/mac/.m2/repository/com/google/errorprone/error_prone_annotations/2.1.3/error_prone_annotations-2.1.3.jar:/Users/mac/.m2/repository/com/google/j2objc/j2objc-annotations/1.1/j2objc-annotations-1.1.jar:/Users/mac/.m2/repository/org/codehaus/mojo/animal-sniffer-annotations/1.14/animal-sniffer-annotations-1.14.jar:/Users/mac/.m2/repository/com/squareup/okhttp3/okhttp/3.11.0/okhttp-3.11.0.jar:/Users/mac/.m2/repository/com/squareup/okio/okio/1.14.0/okio-1.14.0.jar:/Users/mac/.m2/repository/org/seleniumhq/selenium/selenium-server/3.141.59/selenium-server-3.141.59.jar:/Users/mac/.m2/repository/com/beust/jcommander/1.72/jcommander-1.72.jar:/Users/mac/.m2/repository/net/jcip/jcip-annotations/1.0/jcip-annotations-1.0.jar:/Users/mac/.m2/repository/org/seleniumhq/selenium/jetty-repacked/9.4.12.v20180830/jetty-repacked-9.4.12.v20180830.jar:/Users/mac/.m2/repository/javax/servlet/javax.servlet-api/3.1.0/javax.servlet-api-3.1.0.jar:/Users/mac/.m2/repository/org/yaml/snakeyaml/1.19/snakeyaml-1.19.jar:/Users/mac/.m2/repository/org/testng/testng/7.0.0/testng-7.0.0.jar:/Users/mac/.m2/repository/com/aventstack/extentreports/3.0.7/extentreports-3.0.7.jar:/Users/mac/.m2/repository/org/freemarker/freemarker/2.3.23/freemarker-2.3.23.jar:/Users/mac/.m2/repository/org/mongodb/mongodb-driver/3.3.0/mongodb-driver-3.3.0.jar:/Users/mac/.m2/repository/org/mongodb/bson/3.3.0/bson-3.3.0.jar:/Users/mac/.m2/repository/org/mongodb/mongodb-driver-core/3.3.0/mongodb-driver-core-3.3.0.jar:/Users/mac/.m2/repository/org/apache/httpcomponents/httpclient/4.5.2/httpclient-4.5.2.jar:/Users/mac/.m2/repository/org/apache/httpcomponents/httpcore/4.4.4/httpcore-4.4.4.jar:/Users/mac/.m2/repository/commons-logging/commons-logging/1.2/commons-logging-1.2.jar:/Users/mac/.m2/repository/org/apache/httpcomponents/httpmime/4.5.2/httpmime-4.5.2.jar:/Users/mac/.m2/repository/org/jsoup/jsoup/1.9.2/jsoup-1.9.2.jar:/Users/mac/.m2/repository/com/google/code/gson/gson/2.8.0/gson-2.8.0.jar:/Users/mac/.m2/repository/org/mongodb/mongo-java-driver/3.6.0-beta1/mongo-java-driver-3.6.0-beta1.jar:/Users/mac/.m2/repository/mysql/mysql-connector-java/8.0.13/mysql-connector-java-8.0.13.jar:/Users/mac/.m2/repository/com/google/protobuf/protobuf-java/3.6.1/protobuf-java-3.6.1.jar:/Users/mac/.m2/repository/org/apache/poi/poi/3.17/poi-3.17.jar:/Users/mac/.m2/repository/commons-codec/commons-codec/1.10/commons-codec-1.10.jar:/Users/mac/.m2/repository/org/apache/commons/commons-collections4/4.1/commons-collections4-4.1.jar:/Users/mac/.m2/repository/org/apache/poi/poi-ooxml/3.17/poi-ooxml-3.17.jar:/Users/mac/.m2/repository/com/github/virtuald/curvesapi/1.04/curvesapi-1.04.jar:/Users/mac/.m2/repository/org/apache/poi/ooxml-schemas/1.1/ooxml-schemas-1.1.jar:/Users/mac/.m2/repository/org/apache/xmlbeans/xmlbeans/2.3.0/xmlbeans-2.3.0.jar:/Users/mac/.m2/repository/stax/stax-api/1.0.1/stax-api-1.0.1.jar:/Users/mac/.m2/repository/org/apache/poi/poi-ooxml-schemas/3.9/poi-ooxml-schemas-3.9.jar:/Users/mac/.m2/repository/org/apache/poi/openxml4j/1.0-beta/openxml4j-1.0-beta.jar:/Users/mac/.m2/repository/dom4j/dom4j/1.6.1/dom4j-1.6.1.jar:/Users/mac/.m2/repository/xml-apis/xml-apis/1.0.b2/xml-apis-1.0.b2.jar:/Users/mac/.m2/repository/log4j/log4j/1.2.8/log4j-1.2.8.jar:/Users/mac/.m2/repository/com/relevantcodes/extentreports/2.41.1/extentreports-2.41.1.jar:/Users/mac/.m2/repository/org/xerial/sqlite-jdbc/3.8.11.1/sqlite-jdbc-3.8.11.1.jar:/Users/mac/.m2/repository/com/google/api-client/google-api-client/1.22.0/google-api-client-1.22.0.jar:/Users/mac/.m2/repository/com/google/oauth-client/google-oauth-client/1.22.0/google-oauth-client-1.22.0.jar:/Users/mac/.m2/repository/com/google/http-client/google-http-client-jackson2/1.22.0/google-http-client-jackson2-1.22.0.jar:/Users/mac/.m2/repository/com/fasterxml/jackson/core/jackson-core/2.1.3/jackson-core-2.1.3.jar:/Users/mac/.m2/repository/com/google/guava/guava-jdk5/17.0/guava-jdk5-17.0.jar:/Users/mac/.m2/repository/org/apache/commons/commons-lang3/3.0/commons-lang3-3.0.jar:/Users/mac/.m2/repository/commons-io/commons-io/2.5/commons-io-2.5.jar:/Users/mac/.m2/repository/com/google/http-client/google-http-client/1.23.0/google-http-client-1.23.0.jar:/Users/mac/.m2/repository/com/google/code/findbugs/jsr305/1.3.9/jsr305-1.3.9.jar:/Users/mac/.m2/repository/com/google/oauth-client/google-oauth-client-java6/1.23.0/google-oauth-client-java6-1.23.0.jar:/Users/mac/.m2/repository/com/google/oauth-client/google-oauth-client-jetty/1.23.0/google-oauth-client-jetty-1.23.0.jar:/Users/mac/.m2/repository/org/mortbay/jetty/jetty/6.1.26/jetty-6.1.26.jar:/Users/mac/.m2/repository/org/mortbay/jetty/jetty-util/6.1.26/jetty-util-6.1.26.jar:/Users/mac/.m2/repository/org/mortbay/jetty/servlet-api/2.5-20081211/servlet-api-2.5-20081211.jar:/Users/mac/.m2/repository/com/google/apis/google-api-services-sheets/v4-rev498-1.23.0/google-api-services-sheets-v4-rev498-1.23.0.jar:/Users/mac/.m2/repository/io/rest-assured/rest-assured/3.3.0/rest-assured-3.3.0.jar:/Users/mac/.m2/repository/org/codehaus/groovy/groovy/2.4.15/groovy-2.4.15.jar:/Users/mac/.m2/repository/org/codehaus/groovy/groovy-xml/2.4.15/groovy-xml-2.4.15.jar:/Users/mac/.m2/repository/org/hamcrest/hamcrest-core/1.3/hamcrest-core-1.3.jar:/Users/mac/.m2/repository/org/hamcrest/hamcrest-library/1.3/hamcrest-library-1.3.jar:/Users/mac/.m2/repository/org/ccil/cowan/tagsoup/tagsoup/1.2.1/tagsoup-1.2.1.jar:/Users/mac/.m2/repository/io/rest-assured/json-path/3.3.0/json-path-3.3.0.jar:/Users/mac/.m2/repository/org/codehaus/groovy/groovy-json/2.4.15/groovy-json-2.4.15.jar:/Users/mac/.m2/repository/io/rest-assured/rest-assured-common/3.3.0/rest-assured-common-3.3.0.jar:/Users/mac/.m2/repository/io/rest-assured/xml-path/3.3.0/xml-path-3.3.0.jar:/Users/mac/.m2/repository/javax/xml/bind/jaxb-api/2.2.12/jaxb-api-2.2.12.jar:/Users/mac/.m2/repository/com/sun/xml/bind/jaxb-osgi/2.2.10/jaxb-osgi-2.2.10.jar:/Users/mac/.m2/repository/org/apache/sling/org.apache.sling.javax.activation/0.1.0/org.apache.sling.javax.activation-0.1.0.jar:/Users/mac/.m2/repository/javax/activation/activation/1.1.1/activation-1.1.1.jar:/Users/mac/.m2/repository/com/googlecode/json-simple/json-simple/1.1.1/json-simple-1.1.1.jar:/Users/mac/.m2/repository/junit/junit/4.10/junit-4.10.jar:"/>
    <property name="sun.cpu.endian" value="little"/>
    <property name="user.home" value="/Users/mac"/>
    <property name="user.language" value="en"/>
    <property name="java.specification.vendor" value="Oracle Corporation"/>
    <property name="java.version.date" value="2019-01-15"/>
    <property name="java.home" value="/Library/Java/JavaVirtualMachines/jdk-11.0.2.jdk/Contents/Home"/>
    <property name="file.separator" value="/"/>
    <property name="basedir" value="/Users/mac/Documents/Team-8-automation/Cigna"/>
    <property name="java.vm.compressedOopsMode" value="Zero based"/>
    <property name="line.separator" value="&#10;"/>
    <property name="java.specification.name" value="Java Platform API Specification"/>
    <property name="java.vm.specification.vendor" value="Oracle Corporation"/>
    <property name="java.awt.graphicsenv" value="sun.awt.CGraphicsEnvironment"/>
    <property name="surefire.real.class.path" value="/Users/mac/Documents/Team-8-automation/Cigna/target/surefire/surefirebooter10811992919859228310.jar"/>
    <property name="sun.management.compiler" value="HotSpot 64-Bit Tiered Compilers"/>
    <property name="java.runtime.version" value="11.0.2+9-LTS"/>
    <property name="user.name" value="mac"/>
    <property name="path.separator" value=":"/>
    <property name="os.version" value="10.14.6"/>
    <property name="java.runtime.name" value="Java(TM) SE Runtime Environment"/>
    <property name="file.encoding" value="UTF-8"/>
    <property name="java.vm.name" value="Java HotSpot(TM) 64-Bit Server VM"/>
    <property name="java.vendor.version" value="18.9"/>
    <property name="localRepository" value="/Users/mac/.m2/repository"/>
    <property name="java.vendor.url.bug" value="http://bugreport.java.com/bugreport/"/>
    <property name="java.io.tmpdir" value="/var/folders/n2/vl72p8515wdb1mbq_clvw5080000gn/T/"/>
    <property name="java.version" value="11.0.2"/>
    <property name="user.dir" value="/Users/mac/Documents/Team-8-automation/Cigna"/>
    <property name="os.arch" value="x86_64"/>
    <property name="java.vm.specification.name" value="Java Virtual Machine Specification"/>
    <property name="java.awt.printerjob" value="sun.lwawt.macosx.CPrinterJob"/>
    <property name="sun.os.patch.level" value="unknown"/>
    <property name="java.library.path" value="/Users/mac/Library/Java/Extensions:/Library/Java/Extensions:/Network/Library/Java/Extensions:/System/Library/Java/Extensions:/usr/lib/java:."/>
    <property name="java.vendor" value="Oracle Corporation"/>
    <property name="java.vm.info" value="mixed mode"/>
    <property name="java.vm.version" value="11.0.2+9-LTS"/>
    <property name="sun.io.unicode.encoding" value="UnicodeBig"/>
    <property name="java.class.version" value="55.0"/>
  </properties>
  <testcase name="testClickCignaInternational" classname="CignaTest.CignaTestsRightTopButtons" time="3.725"/>
  <testcase name="testClickContactUs" classname="CignaTest.CignaTestsRightTopButtons" time="1.353"/>
  <testcase name="testClickEspanol" classname="CignaTest.CignaTestsRightTopButtons" time="1.45"/>
  <testcase name="testClickPrivacy" classname="CignaTest.CignaTestsRightTopButtons" time="3.364"/>
  <testcase name="testFindDoctor" classname="CignaTest.CignaTestsRightTopButtons" time="2.176"/>
  <testcase name="testSearchBar" classname="CignaTest.CignaTestsRightTopButtons" time="11.43">
    <failure message="no such element: Unable to locate element: {&quot;method&quot;:&quot;xpath&quot;,&quot;selector&quot;:&quot;//div[@class =&apos;csng-search-key&apos;]&quot;}&#10;  (Session info: chrome=77.0.3865.90)&#10;For documentation on this error, please visit: https://www.seleniumhq.org/exceptions/no_such_element.html&#10;Build info: version: &apos;3.141.59&apos;, revision: &apos;e82be7d358&apos;, time: &apos;2018-11-14T08:17:03&apos;&#10;System info: host: &apos;Macs-MBP-5.attlocal.net&apos;, ip: &apos;2600:1700:3890:ac10:0:0:0:48%en0&apos;, os.name: &apos;Mac OS X&apos;, os.arch: &apos;x86_64&apos;, os.version: &apos;10.14.6&apos;, java.version: &apos;11.0.2&apos;&#10;Driver info: org.openqa.selenium.chrome.ChromeDriver&#10;Capabilities {acceptInsecureCerts: false, browserName: chrome, browserVersion: 77.0.3865.90, chrome: {chromedriverVersion: 76.0.3809.126 (d80a294506b4..., userDataDir: /var/folders/n2/vl72p8515wd...}, goog:chromeOptions: {debuggerAddress: localhost:57647}, javascriptEnabled: true, networkConnectionEnabled: false, pageLoadStrategy: normal, platform: MAC, platformName: MAC, proxy: Proxy(), setWindowRect: true, strictFileInteractability: false, timeouts: {implicit: 0, pageLoad: 300000, script: 30000}, unhandledPromptBehavior: dismiss and notify}&#10;Session ID: 82b79ad4f08e55e9627a47719cf54271&#10;*** Element info: {Using=xpath, value=//div[@class =&apos;csng-search-key&apos;]}" type="org.openqa.selenium.NoSuchElementException">org.openqa.selenium.NoSuchElementException: 
no such element: Unable to locate element: {"method":"xpath","selector":"//div[@class ='csng-search-key']"}
  (Session info: chrome=77.0.3865.90)
For documentation on this error, please visit: https://www.seleniumhq.org/exceptions/no_such_element.html
Build info: version: '3.141.59', revision: 'e82be7d358', time: '2018-11-14T08:17:03'
System info: host: 'Macs-MBP-5.attlocal.net', ip: '2600:1700:3890:ac10:0:0:0:48%en0', os.name: 'Mac OS X', os.arch: 'x86_64', os.version: '10.14.6', java.version: '11.0.2'
Driver info: org.openqa.selenium.chrome.ChromeDriver
Capabilities {acceptInsecureCerts: false, browserName: chrome, browserVersion: 77.0.3865.90, chrome: {chromedriverVersion: 76.0.3809.126 (d80a294506b4..., userDataDir: /var/folders/n2/vl72p8515wd...}, goog:chromeOptions: {debuggerAddress: localhost:57647}, javascriptEnabled: true, networkConnectionEnabled: false, pageLoadStrategy: normal, platform: MAC, platformName: MAC, proxy: Proxy(), setWindowRect: true, strictFileInteractability: false, timeouts: {implicit: 0, pageLoad: 300000, script: 30000}, unhandledPromptBehavior: dismiss and notify}
Session ID: 82b79ad4f08e55e9627a47719cf54271
*** Element info: {Using=xpath, value=//div[@class ='csng-search-key']}
	at CignaTest.CignaTestsRightTopButtons.testSearchBar(CignaTestsRightTopButtons.java:41)
</failure>
    <system-out><![CDATA[CignaTestsRightTopButtons: test Search Bar
CignaTestsRightTopButtons: search Bar Search
]]></system-out>
    <system-err><![CDATA[Starting ChromeDriver 76.0.3809.126 (d80a294506b4c9d18015e755cee48f953ddc3f2f-refs/branch-heads/3809@{#1024}) on port 20763
Only local connections are allowed.
Please protect ports used by ChromeDriver and related test frameworks to prevent access by malicious code.
[1570330187.319][WARNING]: This version of ChromeDriver has not been tested with Chrome version 77.
Oct 05, 2019 10:49:47 PM org.openqa.selenium.remote.ProtocolHandshake createSession
INFO: Detected dialect: W3C
]]></system-err>
  </testcase>
  <testcase name="testSignIn" classname="CignaTest.CignaTestsRightTopButtons" time="0.216"/>
  <testcase name="testClickInternationalInsurance" classname="CignaTest.TestIndividualsAndFamilyBar" time="5.917"/>
  <testcase name="testDentalPlanButton" classname="CignaTest.TestIndividualsAndFamilyBar" time="3.191">
    <failure message="did not expect to find [true] but found [false]" type="java.lang.AssertionError">java.lang.AssertionError: did not expect to find [true] but found [false]
	at CignaTest.TestIndividualsAndFamilyBar.testDentalPlanButton(TestIndividualsAndFamilyBar.java:32)
</failure>
    <system-out><![CDATA[TestIndividualsAndFamilyBar: test Dental Plan Button
TestIndividualsAndFamilyBar: click Dental P Lan
TestIndividualsAndFamilyBar: click Plans And Services
]]></system-out>
    <system-err><![CDATA[Starting ChromeDriver 76.0.3809.126 (d80a294506b4c9d18015e755cee48f953ddc3f2f-refs/branch-heads/3809@{#1024}) on port 27679
Only local connections are allowed.
Please protect ports used by ChromeDriver and related test frameworks to prevent access by malicious code.
[1570330222.223][WARNING]: This version of ChromeDriver has not been tested with Chrome version 77.
Oct 05, 2019 10:50:22 PM org.openqa.selenium.remote.ProtocolHandshake createSession
INFO: Detected dialect: W3C
]]></system-err>
  </testcase>
  <testcase name="testFindingButton" classname="CignaTest.TestIndividualsAndFamilyBar" time="4.1"/>
  <testcase name="testIndividualsAndFamilyButton" classname="CignaTest.TestIndividualsAndFamilyBar" time="1.89"/>
  <testcase name="testMemberSources" classname="CignaTest.TestIndividualsAndFamilyBar" time="2.113"/>
  <testcase name="testOtherSuplementalInsurance" classname="CignaTest.TestIndividualsAndFamilyBar" time="2.99"/>
  <testcase name="testPlansAndServices" classname="CignaTest.TestIndividualsAndFamilyBar" time="2.061"/>
  <testcase name="testBuyingInsuranceButton" classname="CignaTest.TestsUnderstandingInsuranceList" time="3.372"/>
  <testcase name="testClickHealthcareReform" classname="CignaTest.TestsUnderstandingInsuranceList" time="3.334"/>
  <testcase name="testCommonInsurance" classname="CignaTest.TestsUnderstandingInsuranceList" time="3.089"/>
  <testcase name="testCopayButton" classname="CignaTest.TestsUnderstandingInsuranceList" time="3.324"/>
  <testcase name="testHowToShopButton" classname="CignaTest.TestsUnderstandingInsuranceList" time="3.929"/>
  <testcase name="testProviderButton" classname="CignaTest.TestsUnderstandingInsuranceList" time="2.851"/>
  <testcase name="testUnderstandingInsurance" classname="CignaTest.TestsUnderstandingInsuranceList" time="1.876"/>
  <testcase name="testCignaMobileAppButton" classname="CignaTest.TestUnderstandingInsuranceList2" time="3.371"/>
  <testcase name="testClaimsButton" classname="CignaTest.TestUnderstandingInsuranceList2" time="3.622"/>
  <testcase name="testClickHsaButton" classname="CignaTest.TestUnderstandingInsuranceList2" time="4.082"/>
  <testcase name="testCustomerServicesButton" classname="CignaTest.TestUnderstandingInsuranceList2" time="3.019"/>
  <testcase name="testPrescriptionButton" classname="CignaTest.TestUnderstandingInsuranceList2" time="4.047"/>
  <testcase name="testProgramsButton" classname="CignaTest.TestUnderstandingInsuranceList2" time="3.14"/>
  <testcase name="testRequestIdCard" classname="CignaTest.TestUnderstandingInsuranceList2" time="3.333"/>
  <testcase name="testAutismButton" classname="CignaTest.TestHealthAndWellnessListButtons" time="4.137"/>
  <testcase name="testDentalPlanButton" classname="CignaTest.TestHealthAndWellnessListButtons" time="4.192"/>
  <testcase name="testDisasterResourcesButton" classname="CignaTest.TestHealthAndWellnessListButtons" time="2.862"/>
  <testcase name="testEatingDisordersButon" classname="CignaTest.TestHealthAndWellnessListButtons" time="4.633"/>
  <testcase name="testEatingWellButton" classname="CignaTest.TestHealthAndWellnessListButtons" time="3.155"/>
  <testcase name="testExercisesButton" classname="CignaTest.TestHealthAndWellnessListButtons" time="6.376"/>
  <testcase name="testHealthAndWellnessButton" classname="CignaTest.TestHealthAndWellnessListButtons" time="2.466"/>
  <testcase name="testClickFamilyButton" classname="CignaTest.TestHealthAndWellnessListButtonList" time="3.42"/>
  <testcase name="testClickHealthyAging" classname="CignaTest.TestHealthAndWellnessListButtonList" time="3.707"/>
  <testcase name="testClickLgbtButton" classname="CignaTest.TestHealthAndWellnessListButtonList" time="3.192"/>
  <testcase name="testClickMentalHealth" classname="CignaTest.TestHealthAndWellnessListButtonList" time="3.748"/>
  <testcase name="testClickMilitaryButton" classname="CignaTest.TestHealthAndWellnessListButtonList" time="2.965"/>
  <testcase name="testClickSubstanceButton" classname="CignaTest.TestHealthAndWellnessListButtonList" time="3.743"/>
  <testcase name="testClickSuicideButton" classname="CignaTest.TestHealthAndWellnessListButtonList" time="3.554"/>
  <testcase name="testClickCignaFitBitButton" classname="CignaTest.TestEmployersAndBrokers" time="3.99"/>
  <testcase name="testClickDiseaseButton" classname="CignaTest.TestEmployersAndBrokers" time="4.324"/>
  <testcase name="testClickHsaAndHraButton" classname="CignaTest.TestEmployersAndBrokers" time="3.788"/>
  <testcase name="testEmployersAndBrokers" classname="CignaTest.TestEmployersAndBrokers" time="1.982"/>
  <testcase name="testMedicalPlanButton" classname="CignaTest.TestEmployersAndBrokers" time="3.833"/>
  <testcase name="testMedicationButton" classname="CignaTest.TestEmployersAndBrokers" time="3.028"/>
  <testcase name="testPlansAndServicesForEmployers" classname="CignaTest.TestEmployersAndBrokers" time="2.461"/>
  <testcase name="clickDentalInsurancePlanButtonTest" classname="CignaTest.TestPlanAndServicesFromEmployers" time="4.219"/>
  <testcase name="clickHmoPlansButtonTest" classname="CignaTest.TestPlanAndServicesFromEmployers" time="3.953"/>
  <testcase name="clickIndemnityPlanButtonTest" classname="CignaTest.TestPlanAndServicesFromEmployers" time="3.796"/>
  <testcase name="clickLocalPlusButton" classname="CignaTest.TestPlanAndServicesFromEmployers" time="3.547"/>
  <testcase name="clickNetworkPLansButtonTest" classname="CignaTest.TestPlanAndServicesFromEmployers" time="4.211"/>
  <testcase name="clickOpenAccessButtonTest" classname="CignaTest.TestPlanAndServicesFromEmployers" time="3.488"/>
  <testcase name="clickPPOPlansButton" classname="CignaTest.TestPlanAndServicesFromEmployers" time="0.474">
    <failure type="java.lang.StackOverflowError">java.lang.StackOverflowError
	at CignaTest.TestPlanAndServicesFromEmployers.clickPPOPlansButton(TestPlanAndServicesFromEmployers.java:30)
	at CignaTest.TestPlanAndServicesFromEmployers.clickPPOPlansButton(TestPlanAndServicesFromEmployers.java:31)
	at CignaTest.TestPlanAndServicesFromEmployers.clickPPOPlansButton(TestPlanAndServicesFromEmployers.java:31)
	at CignaTest.TestPlanAndServicesFromEmployers.clickPPOPlansButton(TestPlanAndServicesFromEmployers.java:31)
	at CignaTest.TestPlanAndServicesFromEmployers.clickPPOPlansButton(TestPlanAndServicesFromEmployers.java:31)
	at CignaTest.TestPlanAndServicesFromEmployers.clickPPOPlansButton(TestPlanAndServicesFromEmployers.java:31)
	at CignaTest.TestPlanAndServicesFromEmployers.clickPPOPlansButton(TestPlanAndServicesFromEmployers.java:31)
	at CignaTest.TestPlanAndServicesFromEmployers.clickPPOPlansButton(TestPlanAndServicesFromEmployers.java:31)
	at CignaTest.TestPlanAndServicesFromEmployers.clickPPOPlansButton(TestPlanAndServicesFromEmployers.java:31)
	at CignaTest.TestPlanAndServicesFromEmployers.clickPPOPlansButton(TestPlanAndServicesFromEmployers.java:31)
	at CignaTest.TestPlanAndServicesFromEmployers.clickPPOPlansButton(TestPlanAndServicesFromEmployers.java:31)
	at CignaTest.TestPlanAndServicesFromEmployers.clickPPOPlansButton(TestPlanAndServicesFromEmployers.java:31)
	at CignaTest.TestPlanAndServicesFromEmployers.clickPPOPlansButton(TestPlanAndServicesFromEmployers.java:31)
	at CignaTest.TestPlanAndServicesFromEmployers.clickPPOPlansButton(TestPlanAndServicesFromEmployers.java:31)
	at CignaTest.TestPlanAndServicesFromEmployers.clickPPOPlansButton(TestPlanAndServicesFromEmployers.java:31)
	at CignaTest.TestPlanAndServicesFromEmployers.clickPPOPlansButton(TestPlanAndServicesFromEmployers.java:31)
	at CignaTest.TestPlanAndServicesFromEmployers.clickPPOPlansButton(TestPlanAndServicesFromEmployers.java:31)
	at CignaTest.TestPlanAndServicesFromEmployers.clickPPOPlansButton(TestPlanAndServicesFromEmployers.java:31)
	at CignaTest.TestPlanAndServicesFromEmployers.clickPPOPlansButton(TestPlanAndServicesFromEmployers.java:31)
	at CignaTest.TestPlanAndServicesFromEmployers.clickPPOPlansButton(TestPlanAndServicesFromEmployers.java:31)
	at CignaTest.TestPlanAndServicesFromEmployers.clickPPOPlansButton(TestPlanAndServicesFromEmployers.java:31)
	at CignaTest.TestPlanAndServicesFromEmployers.clickPPOPlansButton(TestPlanAndServicesFromEmployers.java:31)
	at CignaTest.TestPlanAndServicesFromEmployers.clickPPOPlansButton(TestPlanAndServicesFromEmployers.java:31)
	at CignaTest.TestPlanAndServicesFromEmployers.clickPPOPlansButton(TestPlanAndServicesFromEmployers.java:31)
	at CignaTest.TestPlanAndServicesFromEmployers.clickPPOPlansButton(TestPlanAndServicesFromEmployers.java:31)
	at CignaTest.TestPlanAndServicesFromEmployers.clickPPOPlansButton(TestPlanAndServicesFromEmployers.java:31)
	at CignaTest.TestPlanAndServicesFromEmployers.clickPPOPlansButton(TestPlanAndServicesFromEmployers.java:31)
	at CignaTest.TestPlanAndServicesFromEmployers.clickPPOPlansButton(TestPlanAndServicesFromEmployers.java:31)
	at CignaTest.TestPlanAndServicesFromEmployers.clickPPOPlansButton(TestPlanAndServicesFromEmployers.java:31)
	at CignaTest.TestPlanAndServicesFromEmployers.clickPPOPlansButton(TestPlanAndServicesFromEmployers.java:31)
	at CignaTest.TestPlanAndServicesFromEmployers.clickPPOPlansButton(TestPlanAndServicesFromEmployers.java:31)
	at CignaTest.TestPlanAndServicesFromEmployers.clickPPOPlansButton(TestPlanAndServicesFromEmployers.java:31)
	at CignaTest.TestPlanAndServicesFromEmployers.clickPPOPlansButton(TestPlanAndServicesFromEmployers.java:31)
	at CignaTest.TestPlanAndServicesFromEmployers.clickPPOPlansButton(TestPlanAndServicesFromEmployers.java:31)
	at CignaTest.TestPlanAndServicesFromEmployers.clickPPOPlansButton(TestPlanAndServicesFromEmployers.java:31)
	at CignaTest.TestPlanAndServicesFromEmployers.clickPPOPlansButton(TestPlanAndServicesFromEmployers.java:31)
	at CignaTest.TestPlanAndServicesFromEmployers.clickPPOPlansButton(TestPlanAndServicesFromEmployers.java:31)
	at CignaTest.TestPlanAndServicesFromEmployers.clickPPOPlansButton(TestPlanAndServicesFromEmployers.java:31)
	at CignaTest.TestPlanAndServicesFromEmployers.clickPPOPlansButton(TestPlanAndServicesFromEmployers.java:31)
	at CignaTest.TestPlanAndServicesFromEmployers.clickPPOPlansButton(TestPlanAndServicesFromEmployers.java:31)
	at CignaTest.TestPlanAndServicesFromEmployers.clickPPOPlansButton(TestPlanAndServicesFromEmployers.java:31)
	at CignaTest.TestPlanAndServicesFromEmployers.clickPPOPlansButton(TestPlanAndServicesFromEmployers.java:31)
	at CignaTest.TestPlanAndServicesFromEmployers.clickPPOPlansButton(TestPlanAndServicesFromEmployers.java:31)
	at CignaTest.TestPlanAndServicesFromEmployers.clickPPOPlansButton(TestPlanAndServicesFromEmployers.java:31)
	at CignaTest.TestPlanAndServicesFromEmployers.clickPPOPlansButton(TestPlanAndServicesFromEmployers.java:31)
	at CignaTest.TestPlanAndServicesFromEmployers.clickPPOPlansButton(TestPlanAndServicesFromEmployers.java:31)
	at CignaTest.TestPlanAndServicesFromEmployers.clickPPOPlansButton(TestPlanAndServicesFromEmployers.java:31)
	at CignaTest.TestPlanAndServicesFromEmployers.clickPPOPlansButton(TestPlanAndServicesFromEmployers.java:31)
	at CignaTest.TestPlanAndServicesFromEmployers.clickPPOPlansButton(TestPlanAndServicesFromEmployers.java:31)
	at CignaTest.TestPlanAndServicesFromEmployers.clickPPOPlansButton(TestPlanAndServicesFromEmployers.java:31)
	at CignaTest.TestPlanAndServicesFromEmployers.clickPPOPlansButton(TestPlanAndServicesFromEmployers.java:31)
	at CignaTest.TestPlanAndServicesFromEmployers.clickPPOPlansButton(TestPlanAndServicesFromEmployers.java:31)
	at CignaTest.TestPlanAndServicesFromEmployers.clickPPOPlansButton(TestPlanAndServicesFromEmployers.java:31)
	at CignaTest.TestPlanAndServicesFromEmployers.clickPPOPlansButton(TestPlanAndServicesFromEmployers.java:31)
	at CignaTest.TestPlanAndServicesFromEmployers.clickPPOPlansButton(TestPlanAndServicesFromEmployers.java:31)
	at CignaTest.TestPlanAndServicesFromEmployers.clickPPOPlansButton(TestPlanAndServicesFromEmployers.java:31)
	at CignaTest.TestPlanAndServicesFromEmployers.clickPPOPlansButton(TestPlanAndServicesFromEmployers.java:31)
	at CignaTest.TestPlanAndServicesFromEmployers.clickPPOPlansButton(TestPlanAndServicesFromEmployers.java:31)
	at CignaTest.TestPlanAndServicesFromEmployers.clickPPOPlansButton(TestPlanAndServicesFromEmployers.java:31)
	at CignaTest.TestPlanAndServicesFromEmployers.clickPPOPlansButton(TestPlanAndServicesFromEmployers.java:31)
	at CignaTest.TestPlanAndServicesFromEmployers.clickPPOPlansButton(TestPlanAndServicesFromEmployers.java:31)
	at CignaTest.TestPlanAndServicesFromEmployers.clickPPOPlansButton(TestPlanAndServicesFromEmployers.java:31)
	at CignaTest.TestPlanAndServicesFromEmployers.clickPPOPlansButton(TestPlanAndServicesFromEmployers.java:31)
	at CignaTest.TestPlanAndServicesFromEmployers.clickPPOPlansButton(TestPlanAndServicesFromEmployers.java:31)
	at CignaTest.TestPlanAndServicesFromEmployers.clickPPOPlansButton(TestPlanAndServicesFromEmployers.java:31)
	at CignaTest.TestPlanAndServicesFromEmployers.clickPPOPlansButton(TestPlanAndServicesFromEmployers.java:31)
	at CignaTest.TestPlanAndServicesFromEmployers.clickPPOPlansButton(TestPlanAndServicesFromEmployers.java:31)
	at CignaTest.TestPlanAndServicesFromEmployers.clickPPOPlansButton(TestPlanAndServicesFromEmployers.java:31)
	at CignaTest.TestPlanAndServicesFromEmployers.clickPPOPlansButton(TestPlanAndServicesFromEmployers.java:31)
	at CignaTest.TestPlanAndServicesFromEmployers.clickPPOPlansButton(TestPlanAndServicesFromEmployers.java:31)
	at CignaTest.TestPlanAndServicesFromEmployers.clickPPOPlansButton(TestPlanAndServicesFromEmployers.java:31)
	at CignaTest.TestPlanAndServicesFromEmployers.clickPPOPlansButton(TestPlanAndServicesFromEmployers.java:31)
	at CignaTest.TestPlanAndServicesFromEmployers.clickPPOPlansButton(TestPlanAndServicesFromEmployers.java:31)
	at CignaTest.TestPlanAndServicesFromEmployers.clickPPOPlansButton(TestPlanAndServicesFromEmployers.java:31)
	at CignaTest.TestPlanAndServicesFromEmployers.clickPPOPlansButton(TestPlanAndServicesFromEmployers.java:31)
	at CignaTest.TestPlanAndServicesFromEmployers.clickPPOPlansButton(TestPlanAndServicesFromEmployers.java:31)
	at CignaTest.TestPlanAndServicesFromEmployers.clickPPOPlansButton(TestPlanAndServicesFromEmployers.java:31)
	at CignaTest.TestPlanAndServicesFromEmployers.clickPPOPlansButton(TestPlanAndServicesFromEmployers.java:31)
	at CignaTest.TestPlanAndServicesFromEmployers.clickPPOPlansButton(TestPlanAndServicesFromEmployers.java:31)
	at CignaTest.TestPlanAndServicesFromEmployers.clickPPOPlansButton(TestPlanAndServicesFromEmployers.java:31)
	at CignaTest.TestPlanAndServicesFromEmployers.clickPPOPlansButton(TestPlanAndServicesFromEmployers.java:31)
	at CignaTest.TestPlanAndServicesFromEmployers.clickPPOPlansButton(TestPlanAndServicesFromEmployers.java:31)
	at CignaTest.TestPlanAndServicesFromEmployers.clickPPOPlansButton(TestPlanAndServicesFromEmployers.java:31)
	at CignaTest.TestPlanAndServicesFromEmployers.clickPPOPlansButton(TestPlanAndServicesFromEmployers.java:31)
	at CignaTest.TestPlanAndServicesFromEmployers.clickPPOPlansButton(TestPlanAndServicesFromEmployers.java:31)
	at CignaTest.TestPlanAndServicesFromEmployers.clickPPOPlansButton(TestPlanAndServicesFromEmployers.java:31)
	at CignaTest.TestPlanAndServicesFromEmployers.clickPPOPlansButton(TestPlanAndServicesFromEmployers.java:31)
	at CignaTest.TestPlanAndServicesFromEmployers.clickPPOPlansButton(TestPlanAndServicesFromEmployers.java:31)
	at CignaTest.TestPlanAndServicesFromEmployers.clickPPOPlansButton(TestPlanAndServicesFromEmployers.java:31)
	at CignaTest.TestPlanAndServicesFromEmployers.clickPPOPlansButton(TestPlanAndServicesFromEmployers.java:31)
	at CignaTest.TestPlanAndServicesFromEmployers.clickPPOPlansButton(TestPlanAndServicesFromEmployers.java:31)
	at CignaTest.TestPlanAndServicesFromEmployers.clickPPOPlansButton(TestPlanAndServicesFromEmployers.java:31)
	at CignaTest.TestPlanAndServicesFromEmployers.clickPPOPlansButton(TestPlanAndServicesFromEmployers.java:31)
	at CignaTest.TestPlanAndServicesFromEmployers.clickPPOPlansButton(TestPlanAndServicesFromEmployers.java:31)
	at CignaTest.TestPlanAndServicesFromEmployers.clickPPOPlansButton(TestPlanAndServicesFromEmployers.java:31)
	at CignaTest.TestPlanAndServicesFromEmployers.clickPPOPlansButton(TestPlanAndServicesFromEmployers.java:31)
	at CignaTest.TestPlanAndServicesFromEmployers.clickPPOPlansButton(TestPlanAndServicesFromEmployers.java:31)
	at CignaTest.TestPlanAndServicesFromEmployers.clickPPOPlansButton(TestPlanAndServicesFromEmployers.java:31)
	at CignaTest.TestPlanAndServicesFromEmployers.clickPPOPlansButton(TestPlanAndServicesFromEmployers.java:31)
	at CignaTest.TestPlanAndServicesFromEmployers.clickPPOPlansButton(TestPlanAndServicesFromEmployers.java:31)
	at CignaTest.TestPlanAndServicesFromEmployers.clickPPOPlansButton(TestPlanAndServicesFromEmployers.java:31)
	at CignaTest.TestPlanAndServicesFromEmployers.clickPPOPlansButton(TestPlanAndServicesFromEmployers.java:31)
	at CignaTest.TestPlanAndServicesFromEmployers.clickPPOPlansButton(TestPlanAndServicesFromEmployers.java:31)
	at CignaTest.TestPlanAndServicesFromEmployers.clickPPOPlansButton(TestPlanAndServicesFromEmployers.java:31)
	at CignaTest.TestPlanAndServicesFromEmployers.clickPPOPlansButton(TestPlanAndServicesFromEmployers.java:31)
	at CignaTest.TestPlanAndServicesFromEmployers.clickPPOPlansButton(TestPlanAndServicesFromEmployers.java:31)
	at CignaTest.TestPlanAndServicesFromEmployers.clickPPOPlansButton(TestPlanAndServicesFromEmployers.java:31)
	at CignaTest.TestPlanAndServicesFromEmployers.clickPPOPlansButton(TestPlanAndServicesFromEmployers.java:31)
	at CignaTest.TestPlanAndServicesFromEmployers.clickPPOPlansButton(TestPlanAndServicesFromEmployers.java:31)
	at CignaTest.TestPlanAndServicesFromEmployers.clickPPOPlansButton(TestPlanAndServicesFromEmployers.java:31)
	at CignaTest.TestPlanAndServicesFromEmployers.clickPPOPlansButton(TestPlanAndServicesFromEmployers.java:31)
	at CignaTest.TestPlanAndServicesFromEmployers.clickPPOPlansButton(TestPlanAndServicesFromEmployers.java:31)
	at CignaTest.TestPlanAndServicesFromEmployers.clickPPOPlansButton(TestPlanAndServicesFromEmployers.java:31)
	at CignaTest.TestPlanAndServicesFromEmployers.clickPPOPlansButton(TestPlanAndServicesFromEmployers.java:31)
	at CignaTest.TestPlanAndServicesFromEmployers.clickPPOPlansButton(TestPlanAndServicesFromEmployers.java:31)
	at CignaTest.TestPlanAndServicesFromEmployers.clickPPOPlansButton(TestPlanAndServicesFromEmployers.java:31)
	at CignaTest.TestPlanAndServicesFromEmployers.clickPPOPlansButton(TestPlanAndServicesFromEmployers.java:31)
	at CignaTest.TestPlanAndServicesFromEmployers.clickPPOPlansButton(TestPlanAndServicesFromEmployers.java:31)
	at CignaTest.TestPlanAndServicesFromEmployers.clickPPOPlansButton(TestPlanAndServicesFromEmployers.java:31)
	at CignaTest.TestPlanAndServicesFromEmployers.clickPPOPlansButton(TestPlanAndServicesFromEmployers.java:31)
	at CignaTest.TestPlanAndServicesFromEmployers.clickPPOPlansButton(TestPlanAndServicesFromEmployers.java:31)
	at CignaTest.TestPlanAndServicesFromEmployers.clickPPOPlansButton(TestPlanAndServicesFromEmployers.java:31)
	at CignaTest.TestPlanAndServicesFromEmployers.clickPPOPlansButton(TestPlanAndServicesFromEmployers.java:31)
	at CignaTest.TestPlanAndServicesFromEmployers.clickPPOPlansButton(TestPlanAndServicesFromEmployers.java:31)
	at CignaTest.TestPlanAndServicesFromEmployers.clickPPOPlansButton(TestPlanAndServicesFromEmployers.java:31)
	at CignaTest.TestPlanAndServicesFromEmployers.clickPPOPlansButton(TestPlanAndServicesFromEmployers.java:31)
	at CignaTest.TestPlanAndServicesFromEmployers.clickPPOPlansButton(TestPlanAndServicesFromEmployers.java:31)
	at CignaTest.TestPlanAndServicesFromEmployers.clickPPOPlansButton(TestPlanAndServicesFromEmployers.java:31)
	at CignaTest.TestPlanAndServicesFromEmployers.clickPPOPlansButton(TestPlanAndServicesFromEmployers.java:31)
	at CignaTest.TestPlanAndServicesFromEmployers.clickPPOPlansButton(TestPlanAndServicesFromEmployers.java:31)
	at CignaTest.TestPlanAndServicesFromEmployers.clickPPOPlansButton(TestPlanAndServicesFromEmployers.java:31)
	at CignaTest.TestPlanAndServicesFromEmployers.clickPPOPlansButton(TestPlanAndServicesFromEmployers.java:31)
	at CignaTest.TestPlanAndServicesFromEmployers.clickPPOPlansButton(TestPlanAndServicesFromEmployers.java:31)
	at CignaTest.TestPlanAndServicesFromEmployers.clickPPOPlansButton(TestPlanAndServicesFromEmployers.java:31)
	at CignaTest.TestPlanAndServicesFromEmployers.clickPPOPlansButton(TestPlanAndServicesFromEmployers.java:31)
	at CignaTest.TestPlanAndServicesFromEmployers.clickPPOPlansButton(TestPlanAndServicesFromEmployers.java:31)
	at CignaTest.TestPlanAndServicesFromEmployers.clickPPOPlansButton(TestPlanAndServicesFromEmployers.java:31)
	at CignaTest.TestPlanAndServicesFromEmployers.clickPPOPlansButton(TestPlanAndServicesFromEmployers.java:31)
	at CignaTest.TestPlanAndServicesFromEmployers.clickPPOPlansButton(TestPlanAndServicesFromEmployers.java:31)
	at CignaTest.TestPlanAndServicesFromEmployers.clickPPOPlansButton(TestPlanAndServicesFromEmployers.java:31)
	at CignaTest.TestPlanAndServicesFromEmployers.clickPPOPlansButton(TestPlanAndServicesFromEmployers.java:31)
	at CignaTest.TestPlanAndServicesFromEmployers.clickPPOPlansButton(TestPlanAndServicesFromEmployers.java:31)
	at CignaTest.TestPlanAndServicesFromEmployers.clickPPOPlansButton(TestPlanAndServicesFromEmployers.java:31)
	at CignaTest.TestPlanAndServicesFromEmployers.clickPPOPlansButton(TestPlanAndServicesFromEmployers.java:31)
	at CignaTest.TestPlanAndServicesFromEmployers.clickPPOPlansButton(TestPlanAndServicesFromEmployers.java:31)
	at CignaTest.TestPlanAndServicesFromEmployers.clickPPOPlansButton(TestPlanAndServicesFromEmployers.java:31)
	at CignaTest.TestPlanAndServicesFromEmployers.clickPPOPlansButton(TestPlanAndServicesFromEmployers.java:31)
	at CignaTest.TestPlanAndServicesFromEmployers.clickPPOPlansButton(TestPlanAndServicesFromEmployers.java:31)
	at CignaTest.TestPlanAndServicesFromEmployers.clickPPOPlansButton(TestPlanAndServicesFromEmployers.java:31)
	at CignaTest.TestPlanAndServicesFromEmployers.clickPPOPlansButton(TestPlanAndServicesFromEmployers.java:31)
	at CignaTest.TestPlanAndServicesFromEmployers.clickPPOPlansButton(TestPlanAndServicesFromEmployers.java:31)
	at CignaTest.TestPlanAndServicesFromEmployers.clickPPOPlansButton(TestPlanAndServicesFromEmployers.java:31)
	at CignaTest.TestPlanAndServicesFromEmployers.clickPPOPlansButton(TestPlanAndServicesFromEmployers.java:31)
	at CignaTest.TestPlanAndServicesFromEmployers.clickPPOPlansButton(TestPlanAndServicesFromEmployers.java:31)
	at CignaTest.TestPlanAndServicesFromEmployers.clickPPOPlansButton(TestPlanAndServicesFromEmployers.java:31)
	at CignaTest.TestPlanAndServicesFromEmployers.clickPPOPlansButton(TestPlanAndServicesFromEmployers.java:31)
	at CignaTest.TestPlanAndServicesFromEmployers.clickPPOPlansButton(TestPlanAndServicesFromEmployers.java:31)
	at CignaTest.TestPlanAndServicesFromEmployers.clickPPOPlansButton(TestPlanAndServicesFromEmployers.java:31)
	at CignaTest.TestPlanAndServicesFromEmployers.clickPPOPlansButton(TestPlanAndServicesFromEmployers.java:31)
	at CignaTest.TestPlanAndServicesFromEmployers.clickPPOPlansButton(TestPlanAndServicesFromEmployers.java:31)
	at CignaTest.TestPlanAndServicesFromEmployers.clickPPOPlansButton(TestPlanAndServicesFromEmployers.java:31)
	at CignaTest.TestPlanAndServicesFromEmployers.clickPPOPlansButton(TestPlanAndServicesFromEmployers.java:31)
	at CignaTest.TestPlanAndServicesFromEmployers.clickPPOPlansButton(TestPlanAndServicesFromEmployers.java:31)
	at CignaTest.TestPlanAndServicesFromEmployers.clickPPOPlansButton(TestPlanAndServicesFromEmployers.java:31)
	at CignaTest.TestPlanAndServicesFromEmployers.clickPPOPlansButton(TestPlanAndServicesFromEmployers.java:31)
	at CignaTest.TestPlanAndServicesFromEmployers.clickPPOPlansButton(TestPlanAndServicesFromEmployers.java:31)
	at CignaTest.TestPlanAndServicesFromEmployers.clickPPOPlansButton(TestPlanAndServicesFromEmployers.java:31)
	at CignaTest.TestPlanAndServicesFromEmployers.clickPPOPlansButton(TestPlanAndServicesFromEmployers.java:31)
	at CignaTest.TestPlanAndServicesFromEmployers.clickPPOPlansButton(TestPlanAndServicesFromEmployers.java:31)
	at CignaTest.TestPlanAndServicesFromEmployers.clickPPOPlansButton(TestPlanAndServicesFromEmployers.java:31)
	at CignaTest.TestPlanAndServicesFromEmployers.clickPPOPlansButton(TestPlanAndServicesFromEmployers.java:31)
	at CignaTest.TestPlanAndServicesFromEmployers.clickPPOPlansButton(TestPlanAndServicesFromEmployers.java:31)
	at CignaTest.TestPlanAndServicesFromEmployers.clickPPOPlansButton(TestPlanAndServicesFromEmployers.java:31)
	at CignaTest.TestPlanAndServicesFromEmployers.clickPPOPlansButton(TestPlanAndServicesFromEmployers.java:31)
	at CignaTest.TestPlanAndServicesFromEmployers.clickPPOPlansButton(TestPlanAndServicesFromEmployers.java:31)
	at CignaTest.TestPlanAndServicesFromEmployers.clickPPOPlansButton(TestPlanAndServicesFromEmployers.java:31)
	at CignaTest.TestPlanAndServicesFromEmployers.clickPPOPlansButton(TestPlanAndServicesFromEmployers.java:31)
	at CignaTest.TestPlanAndServicesFromEmployers.clickPPOPlansButton(TestPlanAndServicesFromEmployers.java:31)
	at CignaTest.TestPlanAndServicesFromEmployers.clickPPOPlansButton(TestPlanAndServicesFromEmployers.java:31)
	at CignaTest.TestPlanAndServicesFromEmployers.clickPPOPlansButton(TestPlanAndServicesFromEmployers.java:31)
	at CignaTest.TestPlanAndServicesFromEmployers.clickPPOPlansButton(TestPlanAndServicesFromEmployers.java:31)
	at CignaTest.TestPlanAndServicesFromEmployers.clickPPOPlansButton(TestPlanAndServicesFromEmployers.java:31)
	at CignaTest.TestPlanAndServicesFromEmployers.clickPPOPlansButton(TestPlanAndServicesFromEmployers.java:31)
	at CignaTest.TestPlanAndServicesFromEmployers.clickPPOPlansButton(TestPlanAndServicesFromEmployers.java:31)
	at CignaTest.TestPlanAndServicesFromEmployers.clickPPOPlansButton(TestPlanAndServicesFromEmployers.java:31)
	at CignaTest.TestPlanAndServicesFromEmployers.clickPPOPlansButton(TestPlanAndServicesFromEmployers.java:31)
	at CignaTest.TestPlanAndServicesFromEmployers.clickPPOPlansButton(TestPlanAndServicesFromEmployers.java:31)
	at CignaTest.TestPlanAndServicesFromEmployers.clickPPOPlansButton(TestPlanAndServicesFromEmployers.java:31)
	at CignaTest.TestPlanAndServicesFromEmployers.clickPPOPlansButton(TestPlanAndServicesFromEmployers.java:31)
	at CignaTest.TestPlanAndServicesFromEmployers.clickPPOPlansButton(TestPlanAndServicesFromEmployers.java:31)
	at CignaTest.TestPlanAndServicesFromEmployers.clickPPOPlansButton(TestPlanAndServicesFromEmployers.java:31)
	at CignaTest.TestPlanAndServicesFromEmployers.clickPPOPlansButton(TestPlanAndServicesFromEmployers.java:31)
	at CignaTest.TestPlanAndServicesFromEmployers.clickPPOPlansButton(TestPlanAndServicesFromEmployers.java:31)
	at CignaTest.TestPlanAndServicesFromEmployers.clickPPOPlansButton(TestPlanAndServicesFromEmployers.java:31)
	at CignaTest.TestPlanAndServicesFromEmployers.clickPPOPlansButton(TestPlanAndServicesFromEmployers.java:31)
	at CignaTest.TestPlanAndServicesFromEmployers.clickPPOPlansButton(TestPlanAndServicesFromEmployers.java:31)
	at CignaTest.TestPlanAndServicesFromEmployers.clickPPOPlansButton(TestPlanAndServicesFromEmployers.java:31)
	at CignaTest.TestPlanAndServicesFromEmployers.clickPPOPlansButton(TestPlanAndServicesFromEmployers.java:31)
	at CignaTest.TestPlanAndServicesFromEmployers.clickPPOPlansButton(TestPlanAndServicesFromEmployers.java:31)
	at CignaTest.TestPlanAndServicesFromEmployers.clickPPOPlansButton(TestPlanAndServicesFromEmployers.java:31)
	at CignaTest.TestPlanAndServicesFromEmployers.clickPPOPlansButton(TestPlanAndServicesFromEmployers.java:31)
	at CignaTest.TestPlanAndServicesFromEmployers.clickPPOPlansButton(TestPlanAndServicesFromEmployers.java:31)
	at CignaTest.TestPlanAndServicesFromEmployers.clickPPOPlansButton(TestPlanAndServicesFromEmployers.java:31)
	at CignaTest.TestPlanAndServicesFromEmployers.clickPPOPlansButton(TestPlanAndServicesFromEmployers.java:31)
	at CignaTest.TestPlanAndServicesFromEmployers.clickPPOPlansButton(TestPlanAndServicesFromEmployers.java:31)
	at CignaTest.TestPlanAndServicesFromEmployers.clickPPOPlansButton(TestPlanAndServicesFromEmployers.java:31)
	at CignaTest.TestPlanAndServicesFromEmployers.clickPPOPlansButton(TestPlanAndServicesFromEmployers.java:31)
	at CignaTest.TestPlanAndServicesFromEmployers.clickPPOPlansButton(TestPlanAndServicesFromEmployers.java:31)
	at CignaTest.TestPlanAndServicesFromEmployers.clickPPOPlansButton(TestPlanAndServicesFromEmployers.java:31)
	at CignaTest.TestPlanAndServicesFromEmployers.clickPPOPlansButton(TestPlanAndServicesFromEmployers.java:31)
	at CignaTest.TestPlanAndServicesFromEmployers.clickPPOPlansButton(TestPlanAndServicesFromEmployers.java:31)
	at CignaTest.TestPlanAndServicesFromEmployers.clickPPOPlansButton(TestPlanAndServicesFromEmployers.java:31)
	at CignaTest.TestPlanAndServicesFromEmployers.clickPPOPlansButton(TestPlanAndServicesFromEmployers.java:31)
	at CignaTest.TestPlanAndServicesFromEmployers.clickPPOPlansButton(TestPlanAndServicesFromEmployers.java:31)
	at CignaTest.TestPlanAndServicesFromEmployers.clickPPOPlansButton(TestPlanAndServicesFromEmployers.java:31)
	at CignaTest.TestPlanAndServicesFromEmployers.clickPPOPlansButton(TestPlanAndServicesFromEmployers.java:31)
	at CignaTest.TestPlanAndServicesFromEmployers.clickPPOPlansButton(TestPlanAndServicesFromEmployers.java:31)
	at CignaTest.TestPlanAndServicesFromEmployers.clickPPOPlansButton(TestPlanAndServicesFromEmployers.java:31)
	at CignaTest.TestPlanAndServicesFromEmployers.clickPPOPlansButton(TestPlanAndServicesFromEmployers.java:31)
	at CignaTest.TestPlanAndServicesFromEmployers.clickPPOPlansButton(TestPlanAndServicesFromEmployers.java:31)
	at CignaTest.TestPlanAndServicesFromEmployers.clickPPOPlansButton(TestPlanAndServicesFromEmployers.java:31)
	at CignaTest.TestPlanAndServicesFromEmployers.clickPPOPlansButton(TestPlanAndServicesFromEmployers.java:31)
	at CignaTest.TestPlanAndServicesFromEmployers.clickPPOPlansButton(TestPlanAndServicesFromEmployers.java:31)
	at CignaTest.TestPlanAndServicesFromEmployers.clickPPOPlansButton(TestPlanAndServicesFromEmployers.java:31)
	at CignaTest.TestPlanAndServicesFromEmployers.clickPPOPlansButton(TestPlanAndServicesFromEmployers.java:31)
	at CignaTest.TestPlanAndServicesFromEmployers.clickPPOPlansButton(TestPlanAndServicesFromEmployers.java:31)
	at CignaTest.TestPlanAndServicesFromEmployers.clickPPOPlansButton(TestPlanAndServicesFromEmployers.java:31)
	at CignaTest.TestPlanAndServicesFromEmployers.clickPPOPlansButton(TestPlanAndServicesFromEmployers.java:31)
	at CignaTest.TestPlanAndServicesFromEmployers.clickPPOPlansButton(TestPlanAndServicesFromEmployers.java:31)
	at CignaTest.TestPlanAndServicesFromEmployers.clickPPOPlansButton(TestPlanAndServicesFromEmployers.java:31)
	at CignaTest.TestPlanAndServicesFromEmployers.clickPPOPlansButton(TestPlanAndServicesFromEmployers.java:31)
	at CignaTest.TestPlanAndServicesFromEmployers.clickPPOPlansButton(TestPlanAndServicesFromEmployers.java:31)
	at CignaTest.TestPlanAndServicesFromEmployers.clickPPOPlansButton(TestPlanAndServicesFromEmployers.java:31)
	at CignaTest.TestPlanAndServicesFromEmployers.clickPPOPlansButton(TestPlanAndServicesFromEmployers.java:31)
	at CignaTest.TestPlanAndServicesFromEmployers.clickPPOPlansButton(TestPlanAndServicesFromEmployers.java:31)
	at CignaTest.TestPlanAndServicesFromEmployers.clickPPOPlansButton(TestPlanAndServicesFromEmployers.java:31)
	at CignaTest.TestPlanAndServicesFromEmployers.clickPPOPlansButton(TestPlanAndServicesFromEmployers.java:31)
	at CignaTest.TestPlanAndServicesFromEmployers.clickPPOPlansButton(TestPlanAndServicesFromEmployers.java:31)
	at CignaTest.TestPlanAndServicesFromEmployers.clickPPOPlansButton(TestPlanAndServicesFromEmployers.java:31)
	at CignaTest.TestPlanAndServicesFromEmployers.clickPPOPlansButton(TestPlanAndServicesFromEmployers.java:31)
	at CignaTest.TestPlanAndServicesFromEmployers.clickPPOPlansButton(TestPlanAndServicesFromEmployers.java:31)
	at CignaTest.TestPlanAndServicesFromEmployers.clickPPOPlansButton(TestPlanAndServicesFromEmployers.java:31)
	at CignaTest.TestPlanAndServicesFromEmployers.clickPPOPlansButton(TestPlanAndServicesFromEmployers.java:31)
	at CignaTest.TestPlanAndServicesFromEmployers.clickPPOPlansButton(TestPlanAndServicesFromEmployers.java:31)
	at CignaTest.TestPlanAndServicesFromEmployers.clickPPOPlansButton(TestPlanAndServicesFromEmployers.java:31)
	at CignaTest.TestPlanAndServicesFromEmployers.clickPPOPlansButton(TestPlanAndServicesFromEmployers.java:31)
	at CignaTest.TestPlanAndServicesFromEmployers.clickPPOPlansButton(TestPlanAndServicesFromEmployers.java:31)
	at CignaTest.TestPlanAndServicesFromEmployers.clickPPOPlansButton(TestPlanAndServicesFromEmployers.java:31)
	at CignaTest.TestPlanAndServicesFromEmployers.clickPPOPlansButton(TestPlanAndServicesFromEmployers.java:31)
	at CignaTest.TestPlanAndServicesFromEmployers.clickPPOPlansButton(TestPlanAndServicesFromEmployers.java:31)
	at CignaTest.TestPlanAndServicesFromEmployers.clickPPOPlansButton(TestPlanAndServicesFromEmployers.java:31)
	at CignaTest.TestPlanAndServicesFromEmployers.clickPPOPlansButton(TestPlanAndServicesFromEmployers.java:31)
	at CignaTest.TestPlanAndServicesFromEmployers.clickPPOPlansButton(TestPlanAndServicesFromEmployers.java:31)
	at CignaTest.TestPlanAndServicesFromEmployers.clickPPOPlansButton(TestPlanAndServicesFromEmployers.java:31)
	at CignaTest.TestPlanAndServicesFromEmployers.clickPPOPlansButton(TestPlanAndServicesFromEmployers.java:31)
	at CignaTest.TestPlanAndServicesFromEmployers.clickPPOPlansButton(TestPlanAndServicesFromEmployers.java:31)
	at CignaTest.TestPlanAndServicesFromEmployers.clickPPOPlansButton(TestPlanAndServicesFromEmployers.java:31)
	at CignaTest.TestPlanAndServicesFromEmployers.clickPPOPlansButton(TestPlanAndServicesFromEmployers.java:31)
	at CignaTest.TestPlanAndServicesFromEmployers.clickPPOPlansButton(TestPlanAndServicesFromEmployers.java:31)
	at CignaTest.TestPlanAndServicesFromEmployers.clickPPOPlansButton(TestPlanAndServicesFromEmployers.java:31)
	at CignaTest.TestPlanAndServicesFromEmployers.clickPPOPlansButton(TestPlanAndServicesFromEmployers.java:31)
	at CignaTest.TestPlanAndServicesFromEmployers.clickPPOPlansButton(TestPlanAndServicesFromEmployers.java:31)
	at CignaTest.TestPlanAndServicesFromEmployers.clickPPOPlansButton(TestPlanAndServicesFromEmployers.java:31)
	at CignaTest.TestPlanAndServicesFromEmployers.clickPPOPlansButton(TestPlanAndServicesFromEmployers.java:31)
	at CignaTest.TestPlanAndServicesFromEmployers.clickPPOPlansButton(TestPlanAndServicesFromEmployers.java:31)
	at CignaTest.TestPlanAndServicesFromEmployers.clickPPOPlansButton(TestPlanAndServicesFromEmployers.java:31)
	at CignaTest.TestPlanAndServicesFromEmployers.clickPPOPlansButton(TestPlanAndServicesFromEmployers.java:31)
	at CignaTest.TestPlanAndServicesFromEmployers.clickPPOPlansButton(TestPlanAndServicesFromEmployers.java:31)
	at CignaTest.TestPlanAndServicesFromEmployers.clickPPOPlansButton(TestPlanAndServicesFromEmployers.java:31)
	at CignaTest.TestPlanAndServicesFromEmployers.clickPPOPlansButton(TestPlanAndServicesFromEmployers.java:31)
	at CignaTest.TestPlanAndServicesFromEmployers.clickPPOPlansButton(TestPlanAndServicesFromEmployers.java:31)
	at CignaTest.TestPlanAndServicesFromEmployers.clickPPOPlansButton(TestPlanAndServicesFromEmployers.java:31)
	at CignaTest.TestPlanAndServicesFromEmployers.clickPPOPlansButton(TestPlanAndServicesFromEmployers.java:31)
	at CignaTest.TestPlanAndServicesFromEmployers.clickPPOPlansButton(TestPlanAndServicesFromEmployers.java:31)
	at CignaTest.TestPlanAndServicesFromEmployers.clickPPOPlansButton(TestPlanAndServicesFromEmployers.java:31)
	at CignaTest.TestPlanAndServicesFromEmployers.clickPPOPlansButton(TestPlanAndServicesFromEmployers.java:31)
	at CignaTest.TestPlanAndServicesFromEmployers.clickPPOPlansButton(TestPlanAndServicesFromEmployers.java:31)
	at CignaTest.TestPlanAndServicesFromEmployers.clickPPOPlansButton(TestPlanAndServicesFromEmployers.java:31)
	at CignaTest.TestPlanAndServicesFromEmployers.clickPPOPlansButton(TestPlanAndServicesFromEmployers.java:31)
	at CignaTest.TestPlanAndServicesFromEmployers.clickPPOPlansButton(TestPlanAndServicesFromEmployers.java:31)
	at CignaTest.TestPlanAndServicesFromEmployers.clickPPOPlansButton(TestPlanAndServicesFromEmployers.java:31)
	at CignaTest.TestPlanAndServicesFromEmployers.clickPPOPlansButton(TestPlanAndServicesFromEmployers.java:31)
	at CignaTest.TestPlanAndServicesFromEmployers.clickPPOPlansButton(TestPlanAndServicesFromEmployers.java:31)
	at CignaTest.TestPlanAndServicesFromEmployers.clickPPOPlansButton(TestPlanAndServicesFromEmployers.java:31)
	at CignaTest.TestPlanAndServicesFromEmployers.clickPPOPlansButton(TestPlanAndServicesFromEmployers.java:31)
	at CignaTest.TestPlanAndServicesFromEmployers.clickPPOPlansButton(TestPlanAndServicesFromEmployers.java:31)
	at CignaTest.TestPlanAndServicesFromEmployers.clickPPOPlansButton(TestPlanAndServicesFromEmployers.java:31)
	at CignaTest.TestPlanAndServicesFromEmployers.clickPPOPlansButton(TestPlanAndServicesFromEmployers.java:31)
	at CignaTest.TestPlanAndServicesFromEmployers.clickPPOPlansButton(TestPlanAndServicesFromEmployers.java:31)
	at CignaTest.TestPlanAndServicesFromEmployers.clickPPOPlansButton(TestPlanAndServicesFromEmployers.java:31)
	at CignaTest.TestPlanAndServicesFromEmployers.clickPPOPlansButton(TestPlanAndServicesFromEmployers.java:31)
	at CignaTest.TestPlanAndServicesFromEmployers.clickPPOPlansButton(TestPlanAndServicesFromEmployers.java:31)
	at CignaTest.TestPlanAndServicesFromEmployers.clickPPOPlansButton(TestPlanAndServicesFromEmployers.java:31)
	at CignaTest.TestPlanAndServicesFromEmployers.clickPPOPlansButton(TestPlanAndServicesFromEmployers.java:31)
	at CignaTest.TestPlanAndServicesFromEmployers.clickPPOPlansButton(TestPlanAndServicesFromEmployers.java:31)
	at CignaTest.TestPlanAndServicesFromEmployers.clickPPOPlansButton(TestPlanAndServicesFromEmployers.java:31)
	at CignaTest.TestPlanAndServicesFromEmployers.clickPPOPlansButton(TestPlanAndServicesFromEmployers.java:31)
	at CignaTest.TestPlanAndServicesFromEmployers.clickPPOPlansButton(TestPlanAndServicesFromEmployers.java:31)
	at CignaTest.TestPlanAndServicesFromEmployers.clickPPOPlansButton(TestPlanAndServicesFromEmployers.java:31)
	at CignaTest.TestPlanAndServicesFromEmployers.clickPPOPlansButton(TestPlanAndServicesFromEmployers.java:31)
	at CignaTest.TestPlanAndServicesFromEmployers.clickPPOPlansButton(TestPlanAndServicesFromEmployers.java:31)
	at CignaTest.TestPlanAndServicesFromEmployers.clickPPOPlansButton(TestPlanAndServicesFromEmployers.java:31)
	at CignaTest.TestPlanAndServicesFromEmployers.clickPPOPlansButton(TestPlanAndServicesFromEmployers.java:31)
	at CignaTest.TestPlanAndServicesFromEmployers.clickPPOPlansButton(TestPlanAndServicesFromEmployers.java:31)
	at CignaTest.TestPlanAndServicesFromEmployers.clickPPOPlansButton(TestPlanAndServicesFromEmployers.java:31)
	at CignaTest.TestPlanAndServicesFromEmployers.clickPPOPlansButton(TestPlanAndServicesFromEmployers.java:31)
	at CignaTest.TestPlanAndServicesFromEmployers.clickPPOPlansButton(TestPlanAndServicesFromEmployers.java:31)
	at CignaTest.TestPlanAndServicesFromEmployers.clickPPOPlansButton(TestPlanAndServicesFromEmployers.java:31)
	at CignaTest.TestPlanAndServicesFromEmployers.clickPPOPlansButton(TestPlanAndServicesFromEmployers.java:31)
	at CignaTest.TestPlanAndServicesFromEmployers.clickPPOPlansButton(TestPlanAndServicesFromEmployers.java:31)
	at CignaTest.TestPlanAndServicesFromEmployers.clickPPOPlansButton(TestPlanAndServicesFromEmployers.java:31)
	at CignaTest.TestPlanAndServicesFromEmployers.clickPPOPlansButton(TestPlanAndServicesFromEmployers.java:31)
	at CignaTest.TestPlanAndServicesFromEmployers.clickPPOPlansButton(TestPlanAndServicesFromEmployers.java:31)
	at CignaTest.TestPlanAndServicesFromEmployers.clickPPOPlansButton(TestPlanAndServicesFromEmployers.java:31)
	at CignaTest.TestPlanAndServicesFromEmployers.clickPPOPlansButton(TestPlanAndServicesFromEmployers.java:31)
	at CignaTest.TestPlanAndServicesFromEmployers.clickPPOPlansButton(TestPlanAndServicesFromEmployers.java:31)
	at CignaTest.TestPlanAndServicesFromEmployers.clickPPOPlansButton(TestPlanAndServicesFromEmployers.java:31)
	at CignaTest.TestPlanAndServicesFromEmployers.clickPPOPlansButton(TestPlanAndServicesFromEmployers.java:31)
	at CignaTest.TestPlanAndServicesFromEmployers.clickPPOPlansButton(TestPlanAndServicesFromEmployers.java:31)
	at CignaTest.TestPlanAndServicesFromEmployers.clickPPOPlansButton(TestPlanAndServicesFromEmployers.java:31)
	at CignaTest.TestPlanAndServicesFromEmployers.clickPPOPlansButton(TestPlanAndServicesFromEmployers.java:31)
	at CignaTest.TestPlanAndServicesFromEmployers.clickPPOPlansButton(TestPlanAndServicesFromEmployers.java:31)
	at CignaTest.TestPlanAndServicesFromEmployers.clickPPOPlansButton(TestPlanAndServicesFromEmployers.java:31)
	at CignaTest.TestPlanAndServicesFromEmployers.clickPPOPlansButton(TestPlanAndServicesFromEmployers.java:31)
	at CignaTest.TestPlanAndServicesFromEmployers.clickPPOPlansButton(TestPlanAndServicesFromEmployers.java:31)
	at CignaTest.TestPlanAndServicesFromEmployers.clickPPOPlansButton(TestPlanAndServicesFromEmployers.java:31)
	at CignaTest.TestPlanAndServicesFromEmployers.clickPPOPlansButton(TestPlanAndServicesFromEmployers.java:31)
	at CignaTest.TestPlanAndServicesFromEmployers.clickPPOPlansButton(TestPlanAndServicesFromEmployers.java:31)
	at CignaTest.TestPlanAndServicesFromEmployers.clickPPOPlansButton(TestPlanAndServicesFromEmployers.java:31)
	at CignaTest.TestPlanAndServicesFromEmployers.clickPPOPlansButton(TestPlanAndServicesFromEmployers.java:31)
	at CignaTest.TestPlanAndServicesFromEmployers.clickPPOPlansButton(TestPlanAndServicesFromEmployers.java:31)
	at CignaTest.TestPlanAndServicesFromEmployers.clickPPOPlansButton(TestPlanAndServicesFromEmployers.java:31)
	at CignaTest.TestPlanAndServicesFromEmployers.clickPPOPlansButton(TestPlanAndServicesFromEmployers.java:31)
	at CignaTest.TestPlanAndServicesFromEmployers.clickPPOPlansButton(TestPlanAndServicesFromEmployers.java:31)
	at CignaTest.TestPlanAndServicesFromEmployers.clickPPOPlansButton(TestPlanAndServicesFromEmployers.java:31)
	at CignaTest.TestPlanAndServicesFromEmployers.clickPPOPlansButton(TestPlanAndServicesFromEmployers.java:31)
	at CignaTest.TestPlanAndServicesFromEmployers.clickPPOPlansButton(TestPlanAndServicesFromEmployers.java:31)
	at CignaTest.TestPlanAndServicesFromEmployers.clickPPOPlansButton(TestPlanAndServicesFromEmployers.java:31)
	at CignaTest.TestPlanAndServicesFromEmployers.clickPPOPlansButton(TestPlanAndServicesFromEmployers.java:31)
	at CignaTest.TestPlanAndServicesFromEmployers.clickPPOPlansButton(TestPlanAndServicesFromEmployers.java:31)
	at CignaTest.TestPlanAndServicesFromEmployers.clickPPOPlansButton(TestPlanAndServicesFromEmployers.java:31)
	at CignaTest.TestPlanAndServicesFromEmployers.clickPPOPlansButton(TestPlanAndServicesFromEmployers.java:31)
	at CignaTest.TestPlanAndServicesFromEmployers.clickPPOPlansButton(TestPlanAndServicesFromEmployers.java:31)
	at CignaTest.TestPlanAndServicesFromEmployers.clickPPOPlansButton(TestPlanAndServicesFromEmployers.java:31)
	at CignaTest.TestPlanAndServicesFromEmployers.clickPPOPlansButton(TestPlanAndServicesFromEmployers.java:31)
	at CignaTest.TestPlanAndServicesFromEmployers.clickPPOPlansButton(TestPlanAndServicesFromEmployers.java:31)
	at CignaTest.TestPlanAndServicesFromEmployers.clickPPOPlansButton(TestPlanAndServicesFromEmployers.java:31)
	at CignaTest.TestPlanAndServicesFromEmployers.clickPPOPlansButton(TestPlanAndServicesFromEmployers.java:31)
	at CignaTest.TestPlanAndServicesFromEmployers.clickPPOPlansButton(TestPlanAndServicesFromEmployers.java:31)
	at CignaTest.TestPlanAndServicesFromEmployers.clickPPOPlansButton(TestPlanAndServicesFromEmployers.java:31)
	at CignaTest.TestPlanAndServicesFromEmployers.clickPPOPlansButton(TestPlanAndServicesFromEmployers.java:31)
	at CignaTest.TestPlanAndServicesFromEmployers.clickPPOPlansButton(TestPlanAndServicesFromEmployers.java:31)
	at CignaTest.TestPlanAndServicesFromEmployers.clickPPOPlansButton(TestPlanAndServicesFromEmployers.java:31)
	at CignaTest.TestPlanAndServicesFromEmployers.clickPPOPlansButton(TestPlanAndServicesFromEmployers.java:31)
	at CignaTest.TestPlanAndServicesFromEmployers.clickPPOPlansButton(TestPlanAndServicesFromEmployers.java:31)
	at CignaTest.TestPlanAndServicesFromEmployers.clickPPOPlansButton(TestPlanAndServicesFromEmployers.java:31)
	at CignaTest.TestPlanAndServicesFromEmployers.clickPPOPlansButton(TestPlanAndServicesFromEmployers.java:31)
	at CignaTest.TestPlanAndServicesFromEmployers.clickPPOPlansButton(TestPlanAndServicesFromEmployers.java:31)
	at CignaTest.TestPlanAndServicesFromEmployers.clickPPOPlansButton(TestPlanAndServicesFromEmployers.java:31)
	at CignaTest.TestPlanAndServicesFromEmployers.clickPPOPlansButton(TestPlanAndServicesFromEmployers.java:31)
	at CignaTest.TestPlanAndServicesFromEmployers.clickPPOPlansButton(TestPlanAndServicesFromEmployers.java:31)
	at CignaTest.TestPlanAndServicesFromEmployers.clickPPOPlansButton(TestPlanAndServicesFromEmployers.java:31)
	at CignaTest.TestPlanAndServicesFromEmployers.clickPPOPlansButton(TestPlanAndServicesFromEmployers.java:31)
	at CignaTest.TestPlanAndServicesFromEmployers.clickPPOPlansButton(TestPlanAndServicesFromEmployers.java:31)
	at CignaTest.TestPlanAndServicesFromEmployers.clickPPOPlansButton(TestPlanAndServicesFromEmployers.java:31)
	at CignaTest.TestPlanAndServicesFromEmployers.clickPPOPlansButton(TestPlanAndServicesFromEmployers.java:31)
	at CignaTest.TestPlanAndServicesFromEmployers.clickPPOPlansButton(TestPlanAndServicesFromEmployers.java:31)
	at CignaTest.TestPlanAndServicesFromEmployers.clickPPOPlansButton(TestPlanAndServicesFromEmployers.java:31)
	at CignaTest.TestPlanAndServicesFromEmployers.clickPPOPlansButton(TestPlanAndServicesFromEmployers.java:31)
	at CignaTest.TestPlanAndServicesFromEmployers.clickPPOPlansButton(TestPlanAndServicesFromEmployers.java:31)
	at CignaTest.TestPlanAndServicesFromEmployers.clickPPOPlansButton(TestPlanAndServicesFromEmployers.java:31)
	at CignaTest.TestPlanAndServicesFromEmployers.clickPPOPlansButton(TestPlanAndServicesFromEmployers.java:31)
	at CignaTest.TestPlanAndServicesFromEmployers.clickPPOPlansButton(TestPlanAndServicesFromEmployers.java:31)
	at CignaTest.TestPlanAndServicesFromEmployers.clickPPOPlansButton(TestPlanAndServicesFromEmployers.java:31)
	at CignaTest.TestPlanAndServicesFromEmployers.clickPPOPlansButton(TestPlanAndServicesFromEmployers.java:31)
	at CignaTest.TestPlanAndServicesFromEmployers.clickPPOPlansButton(TestPlanAndServicesFromEmployers.java:31)
	at CignaTest.TestPlanAndServicesFromEmployers.clickPPOPlansButton(TestPlanAndServicesFromEmployers.java:31)
	at CignaTest.TestPlanAndServicesFromEmployers.clickPPOPlansButton(TestPlanAndServicesFromEmployers.java:31)
	at CignaTest.TestPlanAndServicesFromEmployers.clickPPOPlansButton(TestPlanAndServicesFromEmployers.java:31)
	at CignaTest.TestPlanAndServicesFromEmployers.clickPPOPlansButton(TestPlanAndServicesFromEmployers.java:31)
	at CignaTest.TestPlanAndServicesFromEmployers.clickPPOPlansButton(TestPlanAndServicesFromEmployers.java:31)
	at CignaTest.TestPlanAndServicesFromEmployers.clickPPOPlansButton(TestPlanAndServicesFromEmployers.java:31)
	at CignaTest.TestPlanAndServicesFromEmployers.clickPPOPlansButton(TestPlanAndServicesFromEmployers.java:31)
	at CignaTest.TestPlanAndServicesFromEmployers.clickPPOPlansButton(TestPlanAndServicesFromEmployers.java:31)
	at CignaTest.TestPlanAndServicesFromEmployers.clickPPOPlansButton(TestPlanAndServicesFromEmployers.java:31)
	at CignaTest.TestPlanAndServicesFromEmployers.clickPPOPlansButton(TestPlanAndServicesFromEmployers.java:31)
	at CignaTest.TestPlanAndServicesFromEmployers.clickPPOPlansButton(TestPlanAndServicesFromEmployers.java:31)
	at CignaTest.TestPlanAndServicesFromEmployers.clickPPOPlansButton(TestPlanAndServicesFromEmployers.java:31)
	at CignaTest.TestPlanAndServicesFromEmployers.clickPPOPlansButton(TestPlanAndServicesFromEmployers.java:31)
	at CignaTest.TestPlanAndServicesFromEmployers.clickPPOPlansButton(TestPlanAndServicesFromEmployers.java:31)
	at CignaTest.TestPlanAndServicesFromEmployers.clickPPOPlansButton(TestPlanAndServicesFromEmployers.java:31)
	at CignaTest.TestPlanAndServicesFromEmployers.clickPPOPlansButton(TestPlanAndServicesFromEmployers.java:31)
	at CignaTest.TestPlanAndServicesFromEmployers.clickPPOPlansButton(TestPlanAndServicesFromEmployers.java:31)
	at CignaTest.TestPlanAndServicesFromEmployers.clickPPOPlansButton(TestPlanAndServicesFromEmployers.java:31)
	at CignaTest.TestPlanAndServicesFromEmployers.clickPPOPlansButton(TestPlanAndServicesFromEmployers.java:31)
	at CignaTest.TestPlanAndServicesFromEmployers.clickPPOPlansButton(TestPlanAndServicesFromEmployers.java:31)
	at CignaTest.TestPlanAndServicesFromEmployers.clickPPOPlansButton(TestPlanAndServicesFromEmployers.java:31)
	at CignaTest.TestPlanAndServicesFromEmployers.clickPPOPlansButton(TestPlanAndServicesFromEmployers.java:31)
	at CignaTest.TestPlanAndServicesFromEmployers.clickPPOPlansButton(TestPlanAndServicesFromEmployers.java:31)
	at CignaTest.TestPlanAndServicesFromEmployers.clickPPOPlansButton(TestPlanAndServicesFromEmployers.java:31)
	at CignaTest.TestPlanAndServicesFromEmployers.clickPPOPlansButton(TestPlanAndServicesFromEmployers.java:31)
	at CignaTest.TestPlanAndServicesFromEmployers.clickPPOPlansButton(TestPlanAndServicesFromEmployers.java:31)
	at CignaTest.TestPlanAndServicesFromEmployers.clickPPOPlansButton(TestPlanAndServicesFromEmployers.java:31)
	at CignaTest.TestPlanAndServicesFromEmployers.clickPPOPlansButton(TestPlanAndServicesFromEmployers.java:31)
	at CignaTest.TestPlanAndServicesFromEmployers.clickPPOPlansButton(TestPlanAndServicesFromEmployers.java:31)
	at CignaTest.TestPlanAndServicesFromEmployers.clickPPOPlansButton(TestPlanAndServicesFromEmployers.java:31)
	at CignaTest.TestPlanAndServicesFromEmployers.clickPPOPlansButton(TestPlanAndServicesFromEmployers.java:31)
	at CignaTest.TestPlanAndServicesFromEmployers.clickPPOPlansButton(TestPlanAndServicesFromEmployers.java:31)
	at CignaTest.TestPlanAndServicesFromEmployers.clickPPOPlansButton(TestPlanAndServicesFromEmployers.java:31)
	at CignaTest.TestPlanAndServicesFromEmployers.clickPPOPlansButton(TestPlanAndServicesFromEmployers.java:31)
	at CignaTest.TestPlanAndServicesFromEmployers.clickPPOPlansButton(TestPlanAndServicesFromEmployers.java:31)
	at CignaTest.TestPlanAndServicesFromEmployers.clickPPOPlansButton(TestPlanAndServicesFromEmployers.java:31)
	at CignaTest.TestPlanAndServicesFromEmployers.clickPPOPlansButton(TestPlanAndServicesFromEmployers.java:31)
	at CignaTest.TestPlanAndServicesFromEmployers.clickPPOPlansButton(TestPlanAndServicesFromEmployers.java:31)
	at CignaTest.TestPlanAndServicesFromEmployers.clickPPOPlansButton(TestPlanAndServicesFromEmployers.java:31)
	at CignaTest.TestPlanAndServicesFromEmployers.clickPPOPlansButton(TestPlanAndServicesFromEmployers.java:31)
	at CignaTest.TestPlanAndServicesFromEmployers.clickPPOPlansButton(TestPlanAndServicesFromEmployers.java:31)
	at CignaTest.TestPlanAndServicesFromEmployers.clickPPOPlansButton(TestPlanAndServicesFromEmployers.java:31)
	at CignaTest.TestPlanAndServicesFromEmployers.clickPPOPlansButton(TestPlanAndServicesFromEmployers.java:31)
	at CignaTest.TestPlanAndServicesFromEmployers.clickPPOPlansButton(TestPlanAndServicesFromEmployers.java:31)
	at CignaTest.TestPlanAndServicesFromEmployers.clickPPOPlansButton(TestPlanAndServicesFromEmployers.java:31)
	at CignaTest.TestPlanAndServicesFromEmployers.clickPPOPlansButton(TestPlanAndServicesFromEmployers.java:31)
	at CignaTest.TestPlanAndServicesFromEmployers.clickPPOPlansButton(TestPlanAndServicesFromEmployers.java:31)
	at CignaTest.TestPlanAndServicesFromEmployers.clickPPOPlansButton(TestPlanAndServicesFromEmployers.java:31)
	at CignaTest.TestPlanAndServicesFromEmployers.clickPPOPlansButton(TestPlanAndServicesFromEmployers.java:31)
	at CignaTest.TestPlanAndServicesFromEmployers.clickPPOPlansButton(TestPlanAndServicesFromEmployers.java:31)
	at CignaTest.TestPlanAndServicesFromEmployers.clickPPOPlansButton(TestPlanAndServicesFromEmployers.java:31)
	at CignaTest.TestPlanAndServicesFromEmployers.clickPPOPlansButton(TestPlanAndServicesFromEmployers.java:31)
	at CignaTest.TestPlanAndServicesFromEmployers.clickPPOPlansButton(TestPlanAndServicesFromEmployers.java:31)
	at CignaTest.TestPlanAndServicesFromEmployers.clickPPOPlansButton(TestPlanAndServicesFromEmployers.java:31)
	at CignaTest.TestPlanAndServicesFromEmployers.clickPPOPlansButton(TestPlanAndServicesFromEmployers.java:31)
	at CignaTest.TestPlanAndServicesFromEmployers.clickPPOPlansButton(TestPlanAndServicesFromEmployers.java:31)
	at CignaTest.TestPlanAndServicesFromEmployers.clickPPOPlansButton(TestPlanAndServicesFromEmployers.java:31)
	at CignaTest.TestPlanAndServicesFromEmployers.clickPPOPlansButton(TestPlanAndServicesFromEmployers.java:31)
	at CignaTest.TestPlanAndServicesFromEmployers.clickPPOPlansButton(TestPlanAndServicesFromEmployers.java:31)
	at CignaTest.TestPlanAndServicesFromEmployers.clickPPOPlansButton(TestPlanAndServicesFromEmployers.java:31)
	at CignaTest.TestPlanAndServicesFromEmployers.clickPPOPlansButton(TestPlanAndServicesFromEmployers.java:31)
	at CignaTest.TestPlanAndServicesFromEmployers.clickPPOPlansButton(TestPlanAndServicesFromEmployers.java:31)
	at CignaTest.TestPlanAndServicesFromEmployers.clickPPOPlansButton(TestPlanAndServicesFromEmployers.java:31)
	at CignaTest.TestPlanAndServicesFromEmployers.clickPPOPlansButton(TestPlanAndServicesFromEmployers.java:31)
	at CignaTest.TestPlanAndServicesFromEmployers.clickPPOPlansButton(TestPlanAndServicesFromEmployers.java:31)
	at CignaTest.TestPlanAndServicesFromEmployers.clickPPOPlansButton(TestPlanAndServicesFromEmployers.java:31)
	at CignaTest.TestPlanAndServicesFromEmployers.clickPPOPlansButton(TestPlanAndServicesFromEmployers.java:31)
	at CignaTest.TestPlanAndServicesFromEmployers.clickPPOPlansButton(TestPlanAndServicesFromEmployers.java:31)
	at CignaTest.TestPlanAndServicesFromEmployers.clickPPOPlansButton(TestPlanAndServicesFromEmployers.java:31)
	at CignaTest.TestPlanAndServicesFromEmployers.clickPPOPlansButton(TestPlanAndServicesFromEmployers.java:31)
	at CignaTest.TestPlanAndServicesFromEmployers.clickPPOPlansButton(TestPlanAndServicesFromEmployers.java:31)
	at CignaTest.TestPlanAndServicesFromEmployers.clickPPOPlansButton(TestPlanAndServicesFromEmployers.java:31)
	at CignaTest.TestPlanAndServicesFromEmployers.clickPPOPlansButton(TestPlanAndServicesFromEmployers.java:31)
	at CignaTest.TestPlanAndServicesFromEmployers.clickPPOPlansButton(TestPlanAndServicesFromEmployers.java:31)
	at CignaTest.TestPlanAndServicesFromEmployers.clickPPOPlansButton(TestPlanAndServicesFromEmployers.java:31)
	at CignaTest.TestPlanAndServicesFromEmployers.clickPPOPlansButton(TestPlanAndServicesFromEmployers.java:31)
	at CignaTest.TestPlanAndServicesFromEmployers.clickPPOPlansButton(TestPlanAndServicesFromEmployers.java:31)
	at CignaTest.TestPlanAndServicesFromEmployers.clickPPOPlansButton(TestPlanAndServicesFromEmployers.java:31)
	at CignaTest.TestPlanAndServicesFromEmployers.clickPPOPlansButton(TestPlanAndServicesFromEmployers.java:31)
	at CignaTest.TestPlanAndServicesFromEmployers.clickPPOPlansButton(TestPlanAndServicesFromEmployers.java:31)
	at CignaTest.TestPlanAndServicesFromEmployers.clickPPOPlansButton(TestPlanAndServicesFromEmployers.java:31)
	at CignaTest.TestPlanAndServicesFromEmployers.clickPPOPlansButton(TestPlanAndServicesFromEmployers.java:31)
	at CignaTest.TestPlanAndServicesFromEmployers.clickPPOPlansButton(TestPlanAndServicesFromEmployers.java:31)
	at CignaTest.TestPlanAndServicesFromEmployers.clickPPOPlansButton(TestPlanAndServicesFromEmployers.java:31)
	at CignaTest.TestPlanAndServicesFromEmployers.clickPPOPlansButton(TestPlanAndServicesFromEmployers.java:31)
	at CignaTest.TestPlanAndServicesFromEmployers.clickPPOPlansButton(TestPlanAndServicesFromEmployers.java:31)
	at CignaTest.TestPlanAndServicesFromEmployers.clickPPOPlansButton(TestPlanAndServicesFromEmployers.java:31)
	at CignaTest.TestPlanAndServicesFromEmployers.clickPPOPlansButton(TestPlanAndServicesFromEmployers.java:31)
	at CignaTest.TestPlanAndServicesFromEmployers.clickPPOPlansButton(TestPlanAndServicesFromEmployers.java:31)
	at CignaTest.TestPlanAndServicesFromEmployers.clickPPOPlansButton(TestPlanAndServicesFromEmployers.java:31)
	at CignaTest.TestPlanAndServicesFromEmployers.clickPPOPlansButton(TestPlanAndServicesFromEmployers.java:31)
	at CignaTest.TestPlanAndServicesFromEmployers.clickPPOPlansButton(TestPlanAndServicesFromEmployers.java:31)
	at CignaTest.TestPlanAndServicesFromEmployers.clickPPOPlansButton(TestPlanAndServicesFromEmployers.java:31)
	at CignaTest.TestPlanAndServicesFromEmployers.clickPPOPlansButton(TestPlanAndServicesFromEmployers.java:31)
	at CignaTest.TestPlanAndServicesFromEmployers.clickPPOPlansButton(TestPlanAndServicesFromEmployers.java:31)
	at CignaTest.TestPlanAndServicesFromEmployers.clickPPOPlansButton(TestPlanAndServicesFromEmployers.java:31)
	at CignaTest.TestPlanAndServicesFromEmployers.clickPPOPlansButton(TestPlanAndServicesFromEmployers.java:31)
	at CignaTest.TestPlanAndServicesFromEmployers.clickPPOPlansButton(TestPlanAndServicesFromEmployers.java:31)
	at CignaTest.TestPlanAndServicesFromEmployers.clickPPOPlansButton(TestPlanAndServicesFromEmployers.java:31)
	at CignaTest.TestPlanAndServicesFromEmployers.clickPPOPlansButton(TestPlanAndServicesFromEmployers.java:31)
	at CignaTest.TestPlanAndServicesFromEmployers.clickPPOPlansButton(TestPlanAndServicesFromEmployers.java:31)
	at CignaTest.TestPlanAndServicesFromEmployers.clickPPOPlansButton(TestPlanAndServicesFromEmployers.java:31)
	at CignaTest.TestPlanAndServicesFromEmployers.clickPPOPlansButton(TestPlanAndServicesFromEmployers.java:31)
	at CignaTest.TestPlanAndServicesFromEmployers.clickPPOPlansButton(TestPlanAndServicesFromEmployers.java:31)
	at CignaTest.TestPlanAndServicesFromEmployers.clickPPOPlansButton(TestPlanAndServicesFromEmployers.java:31)
	at CignaTest.TestPlanAndServicesFromEmployers.clickPPOPlansButton(TestPlanAndServicesFromEmployers.java:31)
	at CignaTest.TestPlanAndServicesFromEmployers.clickPPOPlansButton(TestPlanAndServicesFromEmployers.java:31)
	at CignaTest.TestPlanAndServicesFromEmployers.clickPPOPlansButton(TestPlanAndServicesFromEmployers.java:31)
	at CignaTest.TestPlanAndServicesFromEmployers.clickPPOPlansButton(TestPlanAndServicesFromEmployers.java:31)
	at CignaTest.TestPlanAndServicesFromEmployers.clickPPOPlansButton(TestPlanAndServicesFromEmployers.java:31)
	at CignaTest.TestPlanAndServicesFromEmployers.clickPPOPlansButton(TestPlanAndServicesFromEmployers.java:31)
	at CignaTest.TestPlanAndServicesFromEmployers.clickPPOPlansButton(TestPlanAndServicesFromEmployers.java:31)
	at CignaTest.TestPlanAndServicesFromEmployers.clickPPOPlansButton(TestPlanAndServicesFromEmployers.java:31)
	at CignaTest.TestPlanAndServicesFromEmployers.clickPPOPlansButton(TestPlanAndServicesFromEmployers.java:31)
	at CignaTest.TestPlanAndServicesFromEmployers.clickPPOPlansButton(TestPlanAndServicesFromEmployers.java:31)
	at CignaTest.TestPlanAndServicesFromEmployers.clickPPOPlansButton(TestPlanAndServicesFromEmployers.java:31)
	at CignaTest.TestPlanAndServicesFromEmployers.clickPPOPlansButton(TestPlanAndServicesFromEmployers.java:31)
	at CignaTest.TestPlanAndServicesFromEmployers.clickPPOPlansButton(TestPlanAndServicesFromEmployers.java:31)
	at CignaTest.TestPlanAndServicesFromEmployers.clickPPOPlansButton(TestPlanAndServicesFromEmployers.java:31)
	at CignaTest.TestPlanAndServicesFromEmployers.clickPPOPlansButton(TestPlanAndServicesFromEmployers.java:31)
	at CignaTest.TestPlanAndServicesFromEmployers.clickPPOPlansButton(TestPlanAndServicesFromEmployers.java:31)
	at CignaTest.TestPlanAndServicesFromEmployers.clickPPOPlansButton(TestPlanAndServicesFromEmployers.java:31)
	at CignaTest.TestPlanAndServicesFromEmployers.clickPPOPlansButton(TestPlanAndServicesFromEmployers.java:31)
	at CignaTest.TestPlanAndServicesFromEmployers.clickPPOPlansButton(TestPlanAndServicesFromEmployers.java:31)
	at CignaTest.TestPlanAndServicesFromEmployers.clickPPOPlansButton(TestPlanAndServicesFromEmployers.java:31)
	at CignaTest.TestPlanAndServicesFromEmployers.clickPPOPlansButton(TestPlanAndServicesFromEmployers.java:31)
	at CignaTest.TestPlanAndServicesFromEmployers.clickPPOPlansButton(TestPlanAndServicesFromEmployers.java:31)
	at CignaTest.TestPlanAndServicesFromEmployers.clickPPOPlansButton(TestPlanAndServicesFromEmployers.java:31)
	at CignaTest.TestPlanAndServicesFromEmployers.clickPPOPlansButton(TestPlanAndServicesFromEmployers.java:31)
	at CignaTest.TestPlanAndServicesFromEmployers.clickPPOPlansButton(TestPlanAndServicesFromEmployers.java:31)
	at CignaTest.TestPlanAndServicesFromEmployers.clickPPOPlansButton(TestPlanAndServicesFromEmployers.java:31)
	at CignaTest.TestPlanAndServicesFromEmployers.clickPPOPlansButton(TestPlanAndServicesFromEmployers.java:31)
	at CignaTest.TestPlanAndServicesFromEmployers.clickPPOPlansButton(TestPlanAndServicesFromEmployers.java:31)
	at CignaTest.TestPlanAndServicesFromEmployers.clickPPOPlansButton(TestPlanAndServicesFromEmployers.java:31)
	at CignaTest.TestPlanAndServicesFromEmployers.clickPPOPlansButton(TestPlanAndServicesFromEmployers.java:31)
	at CignaTest.TestPlanAndServicesFromEmployers.clickPPOPlansButton(TestPlanAndServicesFromEmployers.java:31)
	at CignaTest.TestPlanAndServicesFromEmployers.clickPPOPlansButton(TestPlanAndServicesFromEmployers.java:31)
	at CignaTest.TestPlanAndServicesFromEmployers.clickPPOPlansButton(TestPlanAndServicesFromEmployers.java:31)
	at CignaTest.TestPlanAndServicesFromEmployers.clickPPOPlansButton(TestPlanAndServicesFromEmployers.java:31)
	at CignaTest.TestPlanAndServicesFromEmployers.clickPPOPlansButton(TestPlanAndServicesFromEmployers.java:31)
	at CignaTest.TestPlanAndServicesFromEmployers.clickPPOPlansButton(TestPlanAndServicesFromEmployers.java:31)
	at CignaTest.TestPlanAndServicesFromEmployers.clickPPOPlansButton(TestPlanAndServicesFromEmployers.java:31)
	at CignaTest.TestPlanAndServicesFromEmployers.clickPPOPlansButton(TestPlanAndServicesFromEmployers.java:31)
	at CignaTest.TestPlanAndServicesFromEmployers.clickPPOPlansButton(TestPlanAndServicesFromEmployers.java:31)
	at CignaTest.TestPlanAndServicesFromEmployers.clickPPOPlansButton(TestPlanAndServicesFromEmployers.java:31)
	at CignaTest.TestPlanAndServicesFromEmployers.clickPPOPlansButton(TestPlanAndServicesFromEmployers.java:31)
	at CignaTest.TestPlanAndServicesFromEmployers.clickPPOPlansButton(TestPlanAndServicesFromEmployers.java:31)
	at CignaTest.TestPlanAndServicesFromEmployers.clickPPOPlansButton(TestPlanAndServicesFromEmployers.java:31)
	at CignaTest.TestPlanAndServicesFromEmployers.clickPPOPlansButton(TestPlanAndServicesFromEmployers.java:31)
	at CignaTest.TestPlanAndServicesFromEmployers.clickPPOPlansButton(TestPlanAndServicesFromEmployers.java:31)
	at CignaTest.TestPlanAndServicesFromEmployers.clickPPOPlansButton(TestPlanAndServicesFromEmployers.java:31)
	at CignaTest.TestPlanAndServicesFromEmployers.clickPPOPlansButton(TestPlanAndServicesFromEmployers.java:31)
	at CignaTest.TestPlanAndServicesFromEmployers.clickPPOPlansButton(TestPlanAndServicesFromEmployers.java:31)
	at CignaTest.TestPlanAndServicesFromEmployers.clickPPOPlansButton(TestPlanAndServicesFromEmployers.java:31)
	at CignaTest.TestPlanAndServicesFromEmployers.clickPPOPlansButton(TestPlanAndServicesFromEmployers.java:31)
	at CignaTest.TestPlanAndServicesFromEmployers.clickPPOPlansButton(TestPlanAndServicesFromEmployers.java:31)
	at CignaTest.TestPlanAndServicesFromEmployers.clickPPOPlansButton(TestPlanAndServicesFromEmployers.java:31)
	at CignaTest.TestPlanAndServicesFromEmployers.clickPPOPlansButton(TestPlanAndServicesFromEmployers.java:31)
	at CignaTest.TestPlanAndServicesFromEmployers.clickPPOPlansButton(TestPlanAndServicesFromEmployers.java:31)
	at CignaTest.TestPlanAndServicesFromEmployers.clickPPOPlansButton(TestPlanAndServicesFromEmployers.java:31)
	at CignaTest.TestPlanAndServicesFromEmployers.clickPPOPlansButton(TestPlanAndServicesFromEmployers.java:31)
	at CignaTest.TestPlanAndServicesFromEmployers.clickPPOPlansButton(TestPlanAndServicesFromEmployers.java:31)
	at CignaTest.TestPlanAndServicesFromEmployers.clickPPOPlansButton(TestPlanAndServicesFromEmployers.java:31)
	at CignaTest.TestPlanAndServicesFromEmployers.clickPPOPlansButton(TestPlanAndServicesFromEmployers.java:31)
	at CignaTest.TestPlanAndServicesFromEmployers.clickPPOPlansButton(TestPlanAndServicesFromEmployers.java:31)
	at CignaTest.TestPlanAndServicesFromEmployers.clickPPOPlansButton(TestPlanAndServicesFromEmployers.java:31)
	at CignaTest.TestPlanAndServicesFromEmployers.clickPPOPlansButton(TestPlanAndServicesFromEmployers.java:31)
	at CignaTest.TestPlanAndServicesFromEmployers.clickPPOPlansButton(TestPlanAndServicesFromEmployers.java:31)
	at CignaTest.TestPlanAndServicesFromEmployers.clickPPOPlansButton(TestPlanAndServicesFromEmployers.java:31)
	at CignaTest.TestPlanAndServicesFromEmployers.clickPPOPlansButton(TestPlanAndServicesFromEmployers.java:31)
	at CignaTest.TestPlanAndServicesFromEmployers.clickPPOPlansButton(TestPlanAndServicesFromEmployers.java:31)
	at CignaTest.TestPlanAndServicesFromEmployers.clickPPOPlansButton(TestPlanAndServicesFromEmployers.java:31)
	at CignaTest.TestPlanAndServicesFromEmployers.clickPPOPlansButton(TestPlanAndServicesFromEmployers.java:31)
	at CignaTest.TestPlanAndServicesFromEmployers.clickPPOPlansButton(TestPlanAndServicesFromEmployers.java:31)
	at CignaTest.TestPlanAndServicesFromEmployers.clickPPOPlansButton(TestPlanAndServicesFromEmployers.java:31)
	at CignaTest.TestPlanAndServicesFromEmployers.clickPPOPlansButton(TestPlanAndServicesFromEmployers.java:31)
	at CignaTest.TestPlanAndServicesFromEmployers.clickPPOPlansButton(TestPlanAndServicesFromEmployers.java:31)
	at CignaTest.TestPlanAndServicesFromEmployers.clickPPOPlansButton(TestPlanAndServicesFromEmployers.java:31)
	at CignaTest.TestPlanAndServicesFromEmployers.clickPPOPlansButton(TestPlanAndServicesFromEmployers.java:31)
	at CignaTest.TestPlanAndServicesFromEmployers.clickPPOPlansButton(TestPlanAndServicesFromEmployers.java:31)
	at CignaTest.TestPlanAndServicesFromEmployers.clickPPOPlansButton(TestPlanAndServicesFromEmployers.java:31)
	at CignaTest.TestPlanAndServicesFromEmployers.clickPPOPlansButton(TestPlanAndServicesFromEmployers.java:31)
	at CignaTest.TestPlanAndServicesFromEmployers.clickPPOPlansButton(TestPlanAndServicesFromEmployers.java:31)
	at CignaTest.TestPlanAndServicesFromEmployers.clickPPOPlansButton(TestPlanAndServicesFromEmployers.java:31)
	at CignaTest.TestPlanAndServicesFromEmployers.clickPPOPlansButton(TestPlanAndServicesFromEmployers.java:31)
	at CignaTest.TestPlanAndServicesFromEmployers.clickPPOPlansButton(TestPlanAndServicesFromEmployers.java:31)
	at CignaTest.TestPlanAndServicesFromEmployers.clickPPOPlansButton(TestPlanAndServicesFromEmployers.java:31)
	at CignaTest.TestPlanAndServicesFromEmployers.clickPPOPlansButton(TestPlanAndServicesFromEmployers.java:31)
	at CignaTest.TestPlanAndServicesFromEmployers.clickPPOPlansButton(TestPlanAndServicesFromEmployers.java:31)
	at CignaTest.TestPlanAndServicesFromEmployers.clickPPOPlansButton(TestPlanAndServicesFromEmployers.java:31)
	at CignaTest.TestPlanAndServicesFromEmployers.clickPPOPlansButton(TestPlanAndServicesFromEmployers.java:31)
	at CignaTest.TestPlanAndServicesFromEmployers.clickPPOPlansButton(TestPlanAndServicesFromEmployers.java:31)
	at CignaTest.TestPlanAndServicesFromEmployers.clickPPOPlansButton(TestPlanAndServicesFromEmployers.java:31)
	at CignaTest.TestPlanAndServicesFromEmployers.clickPPOPlansButton(TestPlanAndServicesFromEmployers.java:31)
	at CignaTest.TestPlanAndServicesFromEmployers.clickPPOPlansButton(TestPlanAndServicesFromEmployers.java:31)
	at CignaTest.TestPlanAndServicesFromEmployers.clickPPOPlansButton(TestPlanAndServicesFromEmployers.java:31)
	at CignaTest.TestPlanAndServicesFromEmployers.clickPPOPlansButton(TestPlanAndServicesFromEmployers.java:31)
	at CignaTest.TestPlanAndServicesFromEmployers.clickPPOPlansButton(TestPlanAndServicesFromEmployers.java:31)
	at CignaTest.TestPlanAndServicesFromEmployers.clickPPOPlansButton(TestPlanAndServicesFromEmployers.java:31)
	at CignaTest.TestPlanAndServicesFromEmployers.clickPPOPlansButton(TestPlanAndServicesFromEmployers.java:31)
	at CignaTest.TestPlanAndServicesFromEmployers.clickPPOPlansButton(TestPlanAndServicesFromEmployers.java:31)
	at CignaTest.TestPlanAndServicesFromEmployers.clickPPOPlansButton(TestPlanAndServicesFromEmployers.java:31)
	at CignaTest.TestPlanAndServicesFromEmployers.clickPPOPlansButton(TestPlanAndServicesFromEmployers.java:31)
	at CignaTest.TestPlanAndServicesFromEmployers.clickPPOPlansButton(TestPlanAndServicesFromEmployers.java:31)
	at CignaTest.TestPlanAndServicesFromEmployers.clickPPOPlansButton(TestPlanAndServicesFromEmployers.java:31)
	at CignaTest.TestPlanAndServicesFromEmployers.clickPPOPlansButton(TestPlanAndServicesFromEmployers.java:31)
	at CignaTest.TestPlanAndServicesFromEmployers.clickPPOPlansButton(TestPlanAndServicesFromEmployers.java:31)
	at CignaTest.TestPlanAndServicesFromEmployers.clickPPOPlansButton(TestPlanAndServicesFromEmployers.java:31)
	at CignaTest.TestPlanAndServicesFromEmployers.clickPPOPlansButton(TestPlanAndServicesFromEmployers.java:31)
	at CignaTest.TestPlanAndServicesFromEmployers.clickPPOPlansButton(TestPlanAndServicesFromEmployers.java:31)
	at CignaTest.TestPlanAndServicesFromEmployers.clickPPOPlansButton(TestPlanAndServicesFromEmployers.java:31)
	at CignaTest.TestPlanAndServicesFromEmployers.clickPPOPlansButton(TestPlanAndServicesFromEmployers.java:31)
	at CignaTest.TestPlanAndServicesFromEmployers.clickPPOPlansButton(TestPlanAndServicesFromEmployers.java:31)
	at CignaTest.TestPlanAndServicesFromEmployers.clickPPOPlansButton(TestPlanAndServicesFromEmployers.java:31)
	at CignaTest.TestPlanAndServicesFromEmployers.clickPPOPlansButton(TestPlanAndServicesFromEmployers.java:31)
	at CignaTest.TestPlanAndServicesFromEmployers.clickPPOPlansButton(TestPlanAndServicesFromEmployers.java:31)
	at CignaTest.TestPlanAndServicesFromEmployers.clickPPOPlansButton(TestPlanAndServicesFromEmployers.java:31)
	at CignaTest.TestPlanAndServicesFromEmployers.clickPPOPlansButton(TestPlanAndServicesFromEmployers.java:31)
	at CignaTest.TestPlanAndServicesFromEmployers.clickPPOPlansButton(TestPlanAndServicesFromEmployers.java:31)
	at CignaTest.TestPlanAndServicesFromEmployers.clickPPOPlansButton(TestPlanAndServicesFromEmployers.java:31)
	at CignaTest.TestPlanAndServicesFromEmployers.clickPPOPlansButton(TestPlanAndServicesFromEmployers.java:31)
	at CignaTest.TestPlanAndServicesFromEmployers.clickPPOPlansButton(TestPlanAndServicesFromEmployers.java:31)
	at CignaTest.TestPlanAndServicesFromEmployers.clickPPOPlansButton(TestPlanAndServicesFromEmployers.java:31)
	at CignaTest.TestPlanAndServicesFromEmployers.clickPPOPlansButton(TestPlanAndServicesFromEmployers.java:31)
	at CignaTest.TestPlanAndServicesFromEmployers.clickPPOPlansButton(TestPlanAndServicesFromEmployers.java:31)
	at CignaTest.TestPlanAndServicesFromEmployers.clickPPOPlansButton(TestPlanAndServicesFromEmployers.java:31)
	at CignaTest.TestPlanAndServicesFromEmployers.clickPPOPlansButton(TestPlanAndServicesFromEmployers.java:31)
	at CignaTest.TestPlanAndServicesFromEmployers.clickPPOPlansButton(TestPlanAndServicesFromEmployers.java:31)
	at CignaTest.TestPlanAndServicesFromEmployers.clickPPOPlansButton(TestPlanAndServicesFromEmployers.java:31)
	at CignaTest.TestPlanAndServicesFromEmployers.clickPPOPlansButton(TestPlanAndServicesFromEmployers.java:31)
	at CignaTest.TestPlanAndServicesFromEmployers.clickPPOPlansButton(TestPlanAndServicesFromEmployers.java:31)
	at CignaTest.TestPlanAndServicesFromEmployers.clickPPOPlansButton(TestPlanAndServicesFromEmployers.java:31)
	at CignaTest.TestPlanAndServicesFromEmployers.clickPPOPlansButton(TestPlanAndServicesFromEmployers.java:31)
	at CignaTest.TestPlanAndServicesFromEmployers.clickPPOPlansButton(TestPlanAndServicesFromEmployers.java:31)
	at CignaTest.TestPlanAndServicesFromEmployers.clickPPOPlansButton(TestPlanAndServicesFromEmployers.java:31)
	at CignaTest.TestPlanAndServicesFromEmployers.clickPPOPlansButton(TestPlanAndServicesFromEmployers.java:31)
	at CignaTest.TestPlanAndServicesFromEmployers.clickPPOPlansButton(TestPlanAndServicesFromEmployers.java:31)
	at CignaTest.TestPlanAndServicesFromEmployers.clickPPOPlansButton(TestPlanAndServicesFromEmployers.java:31)
	at CignaTest.TestPlanAndServicesFromEmployers.clickPPOPlansButton(TestPlanAndServicesFromEmployers.java:31)
	at CignaTest.TestPlanAndServicesFromEmployers.clickPPOPlansButton(TestPlanAndServicesFromEmployers.java:31)
	at CignaTest.TestPlanAndServicesFromEmployers.clickPPOPlansButton(TestPlanAndServicesFromEmployers.java:31)
	at CignaTest.TestPlanAndServicesFromEmployers.clickPPOPlansButton(TestPlanAndServicesFromEmployers.java:31)
	at CignaTest.TestPlanAndServicesFromEmployers.clickPPOPlansButton(TestPlanAndServicesFromEmployers.java:31)
	at CignaTest.TestPlanAndServicesFromEmployers.clickPPOPlansButton(TestPlanAndServicesFromEmployers.java:31)
	at CignaTest.TestPlanAndServicesFromEmployers.clickPPOPlansButton(TestPlanAndServicesFromEmployers.java:31)
	at CignaTest.TestPlanAndServicesFromEmployers.clickPPOPlansButton(TestPlanAndServicesFromEmployers.java:31)
	at CignaTest.TestPlanAndServicesFromEmployers.clickPPOPlansButton(TestPlanAndServicesFromEmployers.java:31)
	at CignaTest.TestPlanAndServicesFromEmployers.clickPPOPlansButton(TestPlanAndServicesFromEmployers.java:31)
	at CignaTest.TestPlanAndServicesFromEmployers.clickPPOPlansButton(TestPlanAndServicesFromEmployers.java:31)
	at CignaTest.TestPlanAndServicesFromEmployers.clickPPOPlansButton(TestPlanAndServicesFromEmployers.java:31)
	at CignaTest.TestPlanAndServicesFromEmployers.clickPPOPlansButton(TestPlanAndServicesFromEmployers.java:31)
	at CignaTest.TestPlanAndServicesFromEmployers.clickPPOPlansButton(TestPlanAndServicesFromEmployers.java:31)
	at CignaTest.TestPlanAndServicesFromEmployers.clickPPOPlansButton(TestPlanAndServicesFromEmployers.java:31)
	at CignaTest.TestPlanAndServicesFromEmployers.clickPPOPlansButton(TestPlanAndServicesFromEmployers.java:31)
	at CignaTest.TestPlanAndServicesFromEmployers.clickPPOPlansButton(TestPlanAndServicesFromEmployers.java:31)
	at CignaTest.TestPlanAndServicesFromEmployers.clickPPOPlansButton(TestPlanAndServicesFromEmployers.java:31)
	at CignaTest.TestPlanAndServicesFromEmployers.clickPPOPlansButton(TestPlanAndServicesFromEmployers.java:31)
	at CignaTest.TestPlanAndServicesFromEmployers.clickPPOPlansButton(TestPlanAndServicesFromEmployers.java:31)
	at CignaTest.TestPlanAndServicesFromEmployers.clickPPOPlansButton(TestPlanAndServicesFromEmployers.java:31)
	at CignaTest.TestPlanAndServicesFromEmployers.clickPPOPlansButton(TestPlanAndServicesFromEmployers.java:31)
	at CignaTest.TestPlanAndServicesFromEmployers.clickPPOPlansButton(TestPlanAndServicesFromEmployers.java:31)
	at CignaTest.TestPlanAndServicesFromEmployers.clickPPOPlansButton(TestPlanAndServicesFromEmployers.java:31)
	at CignaTest.TestPlanAndServicesFromEmployers.clickPPOPlansButton(TestPlanAndServicesFromEmployers.java:31)
	at CignaTest.TestPlanAndServicesFromEmployers.clickPPOPlansButton(TestPlanAndServicesFromEmployers.java:31)
	at CignaTest.TestPlanAndServicesFromEmployers.clickPPOPlansButton(TestPlanAndServicesFromEmployers.java:31)
	at CignaTest.TestPlanAndServicesFromEmployers.clickPPOPlansButton(TestPlanAndServicesFromEmployers.java:31)
	at CignaTest.TestPlanAndServicesFromEmployers.clickPPOPlansButton(TestPlanAndServicesFromEmployers.java:31)
	at CignaTest.TestPlanAndServicesFromEmployers.clickPPOPlansButton(TestPlanAndServicesFromEmployers.java:31)
	at CignaTest.TestPlanAndServicesFromEmployers.clickPPOPlansButton(TestPlanAndServicesFromEmployers.java:31)
	at CignaTest.TestPlanAndServicesFromEmployers.clickPPOPlansButton(TestPlanAndServicesFromEmployers.java:31)
	at CignaTest.TestPlanAndServicesFromEmployers.clickPPOPlansButton(TestPlanAndServicesFromEmployers.java:31)
	at CignaTest.TestPlanAndServicesFromEmployers.clickPPOPlansButton(TestPlanAndServicesFromEmployers.java:31)
	at CignaTest.TestPlanAndServicesFromEmployers.clickPPOPlansButton(TestPlanAndServicesFromEmployers.java:31)
	at CignaTest.TestPlanAndServicesFromEmployers.clickPPOPlansButton(TestPlanAndServicesFromEmployers.java:31)
	at CignaTest.TestPlanAndServicesFromEmployers.clickPPOPlansButton(TestPlanAndServicesFromEmployers.java:31)
	at CignaTest.TestPlanAndServicesFromEmployers.clickPPOPlansButton(TestPlanAndServicesFromEmployers.java:31)
	at CignaTest.TestPlanAndServicesFromEmployers.clickPPOPlansButton(TestPlanAndServicesFromEmployers.java:31)
	at CignaTest.TestPlanAndServicesFromEmployers.clickPPOPlansButton(TestPlanAndServicesFromEmployers.java:31)
	at CignaTest.TestPlanAndServicesFromEmployers.clickPPOPlansButton(TestPlanAndServicesFromEmployers.java:31)
	at CignaTest.TestPlanAndServicesFromEmployers.clickPPOPlansButton(TestPlanAndServicesFromEmployers.java:31)
	at CignaTest.TestPlanAndServicesFromEmployers.clickPPOPlansButton(TestPlanAndServicesFromEmployers.java:31)
	at CignaTest.TestPlanAndServicesFromEmployers.clickPPOPlansButton(TestPlanAndServicesFromEmployers.java:31)
	at CignaTest.TestPlanAndServicesFromEmployers.clickPPOPlansButton(TestPlanAndServicesFromEmployers.java:31)
	at CignaTest.TestPlanAndServicesFromEmployers.clickPPOPlansButton(TestPlanAndServicesFromEmployers.java:31)
	at CignaTest.TestPlanAndServicesFromEmployers.clickPPOPlansButton(TestPlanAndServicesFromEmployers.java:31)
	at CignaTest.TestPlanAndServicesFromEmployers.clickPPOPlansButton(TestPlanAndServicesFromEmployers.java:31)
	at CignaTest.TestPlanAndServicesFromEmployers.clickPPOPlansButton(TestPlanAndServicesFromEmployers.java:31)
	at CignaTest.TestPlanAndServicesFromEmployers.clickPPOPlansButton(TestPlanAndServicesFromEmployers.java:31)
	at CignaTest.TestPlanAndServicesFromEmployers.clickPPOPlansButton(TestPlanAndServicesFromEmployers.java:31)
	at CignaTest.TestPlanAndServicesFromEmployers.clickPPOPlansButton(TestPlanAndServicesFromEmployers.java:31)
	at CignaTest.TestPlanAndServicesFromEmployers.clickPPOPlansButton(TestPlanAndServicesFromEmployers.java:31)
	at CignaTest.TestPlanAndServicesFromEmployers.clickPPOPlansButton(TestPlanAndServicesFromEmployers.java:31)
	at CignaTest.TestPlanAndServicesFromEmployers.clickPPOPlansButton(TestPlanAndServicesFromEmployers.java:31)
	at CignaTest.TestPlanAndServicesFromEmployers.clickPPOPlansButton(TestPlanAndServicesFromEmployers.java:31)
	at CignaTest.TestPlanAndServicesFromEmployers.clickPPOPlansButton(TestPlanAndServicesFromEmployers.java:31)
	at CignaTest.TestPlanAndServicesFromEmployers.clickPPOPlansButton(TestPlanAndServicesFromEmployers.java:31)
	at CignaTest.TestPlanAndServicesFromEmployers.clickPPOPlansButton(TestPlanAndServicesFromEmployers.java:31)
	at CignaTest.TestPlanAndServicesFromEmployers.clickPPOPlansButton(TestPlanAndServicesFromEmployers.java:31)
	at CignaTest.TestPlanAndServicesFromEmployers.clickPPOPlansButton(TestPlanAndServicesFromEmployers.java:31)
	at CignaTest.TestPlanAndServicesFromEmployers.clickPPOPlansButton(TestPlanAndServicesFromEmployers.java:31)
	at CignaTest.TestPlanAndServicesFromEmployers.clickPPOPlansButton(TestPlanAndServicesFromEmployers.java:31)
	at CignaTest.TestPlanAndServicesFromEmployers.clickPPOPlansButton(TestPlanAndServicesFromEmployers.java:31)
	at CignaTest.TestPlanAndServicesFromEmployers.clickPPOPlansButton(TestPlanAndServicesFromEmployers.java:31)
	at CignaTest.TestPlanAndServicesFromEmployers.clickPPOPlansButton(TestPlanAndServicesFromEmployers.java:31)
	at CignaTest.TestPlanAndServicesFromEmployers.clickPPOPlansButton(TestPlanAndServicesFromEmployers.java:31)
	at CignaTest.TestPlanAndServicesFromEmployers.clickPPOPlansButton(TestPlanAndServicesFromEmployers.java:31)
	at CignaTest.TestPlanAndServicesFromEmployers.clickPPOPlansButton(TestPlanAndServicesFromEmployers.java:31)
	at CignaTest.TestPlanAndServicesFromEmployers.clickPPOPlansButton(TestPlanAndServicesFromEmployers.java:31)
	at CignaTest.TestPlanAndServicesFromEmployers.clickPPOPlansButton(TestPlanAndServicesFromEmployers.java:31)
	at CignaTest.TestPlanAndServicesFromEmployers.clickPPOPlansButton(TestPlanAndServicesFromEmployers.java:31)
	at CignaTest.TestPlanAndServicesFromEmployers.clickPPOPlansButton(TestPlanAndServicesFromEmployers.java:31)
	at CignaTest.TestPlanAndServicesFromEmployers.clickPPOPlansButton(TestPlanAndServicesFromEmployers.java:31)
	at CignaTest.TestPlanAndServicesFromEmployers.clickPPOPlansButton(TestPlanAndServicesFromEmployers.java:31)
	at CignaTest.TestPlanAndServicesFromEmployers.clickPPOPlansButton(TestPlanAndServicesFromEmployers.java:31)
	at CignaTest.TestPlanAndServicesFromEmployers.clickPPOPlansButton(TestPlanAndServicesFromEmployers.java:31)
	at CignaTest.TestPlanAndServicesFromEmployers.clickPPOPlansButton(TestPlanAndServicesFromEmployers.java:31)
	at CignaTest.TestPlanAndServicesFromEmployers.clickPPOPlansButton(TestPlanAndServicesFromEmployers.java:31)
	at CignaTest.TestPlanAndServicesFromEmployers.clickPPOPlansButton(TestPlanAndServicesFromEmployers.java:31)
	at CignaTest.TestPlanAndServicesFromEmployers.clickPPOPlansButton(TestPlanAndServicesFromEmployers.java:31)
	at CignaTest.TestPlanAndServicesFromEmployers.clickPPOPlansButton(TestPlanAndServicesFromEmployers.java:31)
	at CignaTest.TestPlanAndServicesFromEmployers.clickPPOPlansButton(TestPlanAndServicesFromEmployers.java:31)
	at CignaTest.TestPlanAndServicesFromEmployers.clickPPOPlansButton(TestPlanAndServicesFromEmployers.java:31)
	at CignaTest.TestPlanAndServicesFromEmployers.clickPPOPlansButton(TestPlanAndServicesFromEmployers.java:31)
	at CignaTest.TestPlanAndServicesFromEmployers.clickPPOPlansButton(TestPlanAndServicesFromEmployers.java:31)
	at CignaTest.TestPlanAndServicesFromEmployers.clickPPOPlansButton(TestPlanAndServicesFromEmployers.java:31)
	at CignaTest.TestPlanAndServicesFromEmployers.clickPPOPlansButton(TestPlanAndServicesFromEmployers.java:31)
	at CignaTest.TestPlanAndServicesFromEmployers.clickPPOPlansButton(TestPlanAndServicesFromEmployers.java:31)
	at CignaTest.TestPlanAndServicesFromEmployers.clickPPOPlansButton(TestPlanAndServicesFromEmployers.java:31)
	at CignaTest.TestPlanAndServicesFromEmployers.clickPPOPlansButton(TestPlanAndServicesFromEmployers.java:31)
	at CignaTest.TestPlanAndServicesFromEmployers.clickPPOPlansButton(TestPlanAndServicesFromEmployers.java:31)
	at CignaTest.TestPlanAndServicesFromEmployers.clickPPOPlansButton(TestPlanAndServicesFromEmployers.java:31)
	at CignaTest.TestPlanAndServicesFromEmployers.clickPPOPlansButton(TestPlanAndServicesFromEmployers.java:31)
	at CignaTest.TestPlanAndServicesFromEmployers.clickPPOPlansButton(TestPlanAndServicesFromEmployers.java:31)
	at CignaTest.TestPlanAndServicesFromEmployers.clickPPOPlansButton(TestPlanAndServicesFromEmployers.java:31)
	at CignaTest.TestPlanAndServicesFromEmployers.clickPPOPlansButton(TestPlanAndServicesFromEmployers.java:31)
	at CignaTest.TestPlanAndServicesFromEmployers.clickPPOPlansButton(TestPlanAndServicesFromEmployers.java:31)
	at CignaTest.TestPlanAndServicesFromEmployers.clickPPOPlansButton(TestPlanAndServicesFromEmployers.java:31)
	at CignaTest.TestPlanAndServicesFromEmployers.clickPPOPlansButton(TestPlanAndServicesFromEmployers.java:31)
	at CignaTest.TestPlanAndServicesFromEmployers.clickPPOPlansButton(TestPlanAndServicesFromEmployers.java:31)
	at CignaTest.TestPlanAndServicesFromEmployers.clickPPOPlansButton(TestPlanAndServicesFromEmployers.java:31)
	at CignaTest.TestPlanAndServicesFromEmployers.clickPPOPlansButton(TestPlanAndServicesFromEmployers.java:31)
	at CignaTest.TestPlanAndServicesFromEmployers.clickPPOPlansButton(TestPlanAndServicesFromEmployers.java:31)
	at CignaTest.TestPlanAndServicesFromEmployers.clickPPOPlansButton(TestPlanAndServicesFromEmployers.java:31)
	at CignaTest.TestPlanAndServicesFromEmployers.clickPPOPlansButton(TestPlanAndServicesFromEmployers.java:31)
	at CignaTest.TestPlanAndServicesFromEmployers.clickPPOPlansButton(TestPlanAndServicesFromEmployers.java:31)
	at CignaTest.TestPlanAndServicesFromEmployers.clickPPOPlansButton(TestPlanAndServicesFromEmployers.java:31)
	at CignaTest.TestPlanAndServicesFromEmployers.clickPPOPlansButton(TestPlanAndServicesFromEmployers.java:31)
	at CignaTest.TestPlanAndServicesFromEmployers.clickPPOPlansButton(TestPlanAndServicesFromEmployers.java:31)
	at CignaTest.TestPlanAndServicesFromEmployers.clickPPOPlansButton(TestPlanAndServicesFromEmployers.java:31)
	at CignaTest.TestPlanAndServicesFromEmployers.clickPPOPlansButton(TestPlanAndServicesFromEmployers.java:31)
	at CignaTest.TestPlanAndServicesFromEmployers.clickPPOPlansButton(TestPlanAndServicesFromEmployers.java:31)
	at CignaTest.TestPlanAndServicesFromEmployers.clickPPOPlansButton(TestPlanAndServicesFromEmployers.java:31)
	at CignaTest.TestPlanAndServicesFromEmployers.clickPPOPlansButton(TestPlanAndServicesFromEmployers.java:31)
	at CignaTest.TestPlanAndServicesFromEmployers.clickPPOPlansButton(TestPlanAndServicesFromEmployers.java:31)
	at CignaTest.TestPlanAndServicesFromEmployers.clickPPOPlansButton(TestPlanAndServicesFromEmployers.java:31)
	at CignaTest.TestPlanAndServicesFromEmployers.clickPPOPlansButton(TestPlanAndServicesFromEmployers.java:31)
	at CignaTest.TestPlanAndServicesFromEmployers.clickPPOPlansButton(TestPlanAndServicesFromEmployers.java:31)
	at CignaTest.TestPlanAndServicesFromEmployers.clickPPOPlansButton(TestPlanAndServicesFromEmployers.java:31)
	at CignaTest.TestPlanAndServicesFromEmployers.clickPPOPlansButton(TestPlanAndServicesFromEmployers.java:31)
	at CignaTest.TestPlanAndServicesFromEmployers.clickPPOPlansButton(TestPlanAndServicesFromEmployers.java:31)
	at CignaTest.TestPlanAndServicesFromEmployers.clickPPOPlansButton(TestPlanAndServicesFromEmployers.java:31)
	at CignaTest.TestPlanAndServicesFromEmployers.clickPPOPlansButton(TestPlanAndServicesFromEmployers.java:31)
	at CignaTest.TestPlanAndServicesFromEmployers.clickPPOPlansButton(TestPlanAndServicesFromEmployers.java:31)
	at CignaTest.TestPlanAndServicesFromEmployers.clickPPOPlansButton(TestPlanAndServicesFromEmployers.java:31)
	at CignaTest.TestPlanAndServicesFromEmployers.clickPPOPlansButton(TestPlanAndServicesFromEmployers.java:31)
	at CignaTest.TestPlanAndServicesFromEmployers.clickPPOPlansButton(TestPlanAndServicesFromEmployers.java:31)
	at CignaTest.TestPlanAndServicesFromEmployers.clickPPOPlansButton(TestPlanAndServicesFromEmployers.java:31)
	at CignaTest.TestPlanAndServicesFromEmployers.clickPPOPlansButton(TestPlanAndServicesFromEmployers.java:31)
	at CignaTest.TestPlanAndServicesFromEmployers.clickPPOPlansButton(TestPlanAndServicesFromEmployers.java:31)
	at CignaTest.TestPlanAndServicesFromEmployers.clickPPOPlansButton(TestPlanAndServicesFromEmployers.java:31)
	at CignaTest.TestPlanAndServicesFromEmployers.clickPPOPlansButton(TestPlanAndServicesFromEmployers.java:31)
	at CignaTest.TestPlanAndServicesFromEmployers.clickPPOPlansButton(TestPlanAndServicesFromEmployers.java:31)
	at CignaTest.TestPlanAndServicesFromEmployers.clickPPOPlansButton(TestPlanAndServicesFromEmployers.java:31)
	at CignaTest.TestPlanAndServicesFromEmployers.clickPPOPlansButton(TestPlanAndServicesFromEmployers.java:31)
	at CignaTest.TestPlanAndServicesFromEmployers.clickPPOPlansButton(TestPlanAndServicesFromEmployers.java:31)
	at CignaTest.TestPlanAndServicesFromEmployers.clickPPOPlansButton(TestPlanAndServicesFromEmployers.java:31)
	at CignaTest.TestPlanAndServicesFromEmployers.clickPPOPlansButton(TestPlanAndServicesFromEmployers.java:31)
	at CignaTest.TestPlanAndServicesFromEmployers.clickPPOPlansButton(TestPlanAndServicesFromEmployers.java:31)
	at CignaTest.TestPlanAndServicesFromEmployers.clickPPOPlansButton(TestPlanAndServicesFromEmployers.java:31)
	at CignaTest.TestPlanAndServicesFromEmployers.clickPPOPlansButton(TestPlanAndServicesFromEmployers.java:31)
	at CignaTest.TestPlanAndServicesFromEmployers.clickPPOPlansButton(TestPlanAndServicesFromEmployers.java:31)
	at CignaTest.TestPlanAndServicesFromEmployers.clickPPOPlansButton(TestPlanAndServicesFromEmployers.java:31)
	at CignaTest.TestPlanAndServicesFromEmployers.clickPPOPlansButton(TestPlanAndServicesFromEmployers.java:31)
	at CignaTest.TestPlanAndServicesFromEmployers.clickPPOPlansButton(TestPlanAndServicesFromEmployers.java:31)
	at CignaTest.TestPlanAndServicesFromEmployers.clickPPOPlansButton(TestPlanAndServicesFromEmployers.java:31)
	at CignaTest.TestPlanAndServicesFromEmployers.clickPPOPlansButton(TestPlanAndServicesFromEmployers.java:31)
	at CignaTest.TestPlanAndServicesFromEmployers.clickPPOPlansButton(TestPlanAndServicesFromEmployers.java:31)
	at CignaTest.TestPlanAndServicesFromEmployers.clickPPOPlansButton(TestPlanAndServicesFromEmployers.java:31)
	at CignaTest.TestPlanAndServicesFromEmployers.clickPPOPlansButton(TestPlanAndServicesFromEmployers.java:31)
	at CignaTest.TestPlanAndServicesFromEmployers.clickPPOPlansButton(TestPlanAndServicesFromEmployers.java:31)
	at CignaTest.TestPlanAndServicesFromEmployers.clickPPOPlansButton(TestPlanAndServicesFromEmployers.java:31)
	at CignaTest.TestPlanAndServicesFromEmployers.clickPPOPlansButton(TestPlanAndServicesFromEmployers.java:31)
	at CignaTest.TestPlanAndServicesFromEmployers.clickPPOPlansButton(TestPlanAndServicesFromEmployers.java:31)
	at CignaTest.TestPlanAndServicesFromEmployers.clickPPOPlansButton(TestPlanAndServicesFromEmployers.java:31)
	at CignaTest.TestPlanAndServicesFromEmployers.clickPPOPlansButton(TestPlanAndServicesFromEmployers.java:31)
	at CignaTest.TestPlanAndServicesFromEmployers.clickPPOPlansButton(TestPlanAndServicesFromEmployers.java:31)
	at CignaTest.TestPlanAndServicesFromEmployers.clickPPOPlansButton(TestPlanAndServicesFromEmployers.java:31)
	at CignaTest.TestPlanAndServicesFromEmployers.clickPPOPlansButton(TestPlanAndServicesFromEmployers.java:31)
	at CignaTest.TestPlanAndServicesFromEmployers.clickPPOPlansButton(TestPlanAndServicesFromEmployers.java:31)
	at CignaTest.TestPlanAndServicesFromEmployers.clickPPOPlansButton(TestPlanAndServicesFromEmployers.java:31)
	at CignaTest.TestPlanAndServicesFromEmployers.clickPPOPlansButton(TestPlanAndServicesFromEmployers.java:31)
	at CignaTest.TestPlanAndServicesFromEmployers.clickPPOPlansButton(TestPlanAndServicesFromEmployers.java:31)
	at CignaTest.TestPlanAndServicesFromEmployers.clickPPOPlansButton(TestPlanAndServicesFromEmployers.java:31)
	at CignaTest.TestPlanAndServicesFromEmployers.clickPPOPlansButton(TestPlanAndServicesFromEmployers.java:31)
	at CignaTest.TestPlanAndServicesFromEmployers.clickPPOPlansButton(TestPlanAndServicesFromEmployers.java:31)
	at CignaTest.TestPlanAndServicesFromEmployers.clickPPOPlansButton(TestPlanAndServicesFromEmployers.java:31)
	at CignaTest.TestPlanAndServicesFromEmployers.clickPPOPlansButton(TestPlanAndServicesFromEmployers.java:31)
	at CignaTest.TestPlanAndServicesFromEmployers.clickPPOPlansButton(TestPlanAndServicesFromEmployers.java:31)
	at CignaTest.TestPlanAndServicesFromEmployers.clickPPOPlansButton(TestPlanAndServicesFromEmployers.java:31)
	at CignaTest.TestPlanAndServicesFromEmployers.clickPPOPlansButton(TestPlanAndServicesFromEmployers.java:31)
	at CignaTest.TestPlanAndServicesFromEmployers.clickPPOPlansButton(TestPlanAndServicesFromEmployers.java:31)
	at CignaTest.TestPlanAndServicesFromEmployers.clickPPOPlansButton(TestPlanAndServicesFromEmployers.java:31)
	at CignaTest.TestPlanAndServicesFromEmployers.clickPPOPlansButton(TestPlanAndServicesFromEmployers.java:31)
	at CignaTest.TestPlanAndServicesFromEmployers.clickPPOPlansButton(TestPlanAndServicesFromEmployers.java:31)
	at CignaTest.TestPlanAndServicesFromEmployers.clickPPOPlansButton(TestPlanAndServicesFromEmployers.java:31)
	at CignaTest.TestPlanAndServicesFromEmployers.clickPPOPlansButton(TestPlanAndServicesFromEmployers.java:31)
	at CignaTest.TestPlanAndServicesFromEmployers.clickPPOPlansButton(TestPlanAndServicesFromEmployers.java:31)
	at CignaTest.TestPlanAndServicesFromEmployers.clickPPOPlansButton(TestPlanAndServicesFromEmployers.java:31)
	at CignaTest.TestPlanAndServicesFromEmployers.clickPPOPlansButton(TestPlanAndServicesFromEmployers.java:31)
	at CignaTest.TestPlanAndServicesFromEmployers.clickPPOPlansButton(TestPlanAndServicesFromEmployers.java:31)
	at CignaTest.TestPlanAndServicesFromEmployers.clickPPOPlansButton(TestPlanAndServicesFromEmployers.java:31)
	at CignaTest.TestPlanAndServicesFromEmployers.clickPPOPlansButton(TestPlanAndServicesFromEmployers.java:31)
	at CignaTest.TestPlanAndServicesFromEmployers.clickPPOPlansButton(TestPlanAndServicesFromEmployers.java:31)
	at CignaTest.TestPlanAndServicesFromEmployers.clickPPOPlansButton(TestPlanAndServicesFromEmployers.java:31)
	at CignaTest.TestPlanAndServicesFromEmployers.clickPPOPlansButton(TestPlanAndServicesFromEmployers.java:31)
	at CignaTest.TestPlanAndServicesFromEmployers.clickPPOPlansButton(TestPlanAndServicesFromEmployers.java:31)
	at CignaTest.TestPlanAndServicesFromEmployers.clickPPOPlansButton(TestPlanAndServicesFromEmployers.java:31)
	at CignaTest.TestPlanAndServicesFromEmployers.clickPPOPlansButton(TestPlanAndServicesFromEmployers.java:31)
	at CignaTest.TestPlanAndServicesFromEmployers.clickPPOPlansButton(TestPlanAndServicesFromEmployers.java:31)
	at CignaTest.TestPlanAndServicesFromEmployers.clickPPOPlansButton(TestPlanAndServicesFromEmployers.java:31)
	at CignaTest.TestPlanAndServicesFromEmployers.clickPPOPlansButton(TestPlanAndServicesFromEmployers.java:31)
	at CignaTest.TestPlanAndServicesFromEmployers.clickPPOPlansButton(TestPlanAndServicesFromEmployers.java:31)
	at CignaTest.TestPlanAndServicesFromEmployers.clickPPOPlansButton(TestPlanAndServicesFromEmployers.java:31)
	at CignaTest.TestPlanAndServicesFromEmployers.clickPPOPlansButton(TestPlanAndServicesFromEmployers.java:31)
	at CignaTest.TestPlanAndServicesFromEmployers.clickPPOPlansButton(TestPlanAndServicesFromEmployers.java:31)
	at CignaTest.TestPlanAndServicesFromEmployers.clickPPOPlansButton(TestPlanAndServicesFromEmployers.java:31)
	at CignaTest.TestPlanAndServicesFromEmployers.clickPPOPlansButton(TestPlanAndServicesFromEmployers.java:31)
	at CignaTest.TestPlanAndServicesFromEmployers.clickPPOPlansButton(TestPlanAndServicesFromEmployers.java:31)
	at CignaTest.TestPlanAndServicesFromEmployers.clickPPOPlansButton(TestPlanAndServicesFromEmployers.java:31)
	at CignaTest.TestPlanAndServicesFromEmployers.clickPPOPlansButton(TestPlanAndServicesFromEmployers.java:31)
	at CignaTest.TestPlanAndServicesFromEmployers.clickPPOPlansButton(TestPlanAndServicesFromEmployers.java:31)
	at CignaTest.TestPlanAndServicesFromEmployers.clickPPOPlansButton(TestPlanAndServicesFromEmployers.java:31)
	at CignaTest.TestPlanAndServicesFromEmployers.clickPPOPlansButton(TestPlanAndServicesFromEmployers.java:31)
	at CignaTest.TestPlanAndServicesFromEmployers.clickPPOPlansButton(TestPlanAndServicesFromEmployers.java:31)
	at CignaTest.TestPlanAndServicesFromEmployers.clickPPOPlansButton(TestPlanAndServicesFromEmployers.java:31)
	at CignaTest.TestPlanAndServicesFromEmployers.clickPPOPlansButton(TestPlanAndServicesFromEmployers.java:31)
	at CignaTest.TestPlanAndServicesFromEmployers.clickPPOPlansButton(TestPlanAndServicesFromEmployers.java:31)
	at CignaTest.TestPlanAndServicesFromEmployers.clickPPOPlansButton(TestPlanAndServicesFromEmployers.java:31)
	at CignaTest.TestPlanAndServicesFromEmployers.clickPPOPlansButton(TestPlanAndServicesFromEmployers.java:31)
	at CignaTest.TestPlanAndServicesFromEmployers.clickPPOPlansButton(TestPlanAndServicesFromEmployers.java:31)
	at CignaTest.TestPlanAndServicesFromEmployers.clickPPOPlansButton(TestPlanAndServicesFromEmployers.java:31)
	at CignaTest.TestPlanAndServicesFromEmployers.clickPPOPlansButton(TestPlanAndServicesFromEmployers.java:31)
	at CignaTest.TestPlanAndServicesFromEmployers.clickPPOPlansButton(TestPlanAndServicesFromEmployers.java:31)
	at CignaTest.TestPlanAndServicesFromEmployers.clickPPOPlansButton(TestPlanAndServicesFromEmployers.java:31)
	at CignaTest.TestPlanAndServicesFromEmployers.clickPPOPlansButton(TestPlanAndServicesFromEmployers.java:31)
	at CignaTest.TestPlanAndServicesFromEmployers.clickPPOPlansButton(TestPlanAndServicesFromEmployers.java:31)
	at CignaTest.TestPlanAndServicesFromEmployers.clickPPOPlansButton(TestPlanAndServicesFromEmployers.java:31)
	at CignaTest.TestPlanAndServicesFromEmployers.clickPPOPlansButton(TestPlanAndServicesFromEmployers.java:31)
	at CignaTest.TestPlanAndServicesFromEmployers.clickPPOPlansButton(TestPlanAndServicesFromEmployers.java:31)
	at CignaTest.TestPlanAndServicesFromEmployers.clickPPOPlansButton(TestPlanAndServicesFromEmployers.java:31)
	at CignaTest.TestPlanAndServicesFromEmployers.clickPPOPlansButton(TestPlanAndServicesFromEmployers.java:31)
	at CignaTest.TestPlanAndServicesFromEmployers.clickPPOPlansButton(TestPlanAndServicesFromEmployers.java:31)
	at CignaTest.TestPlanAndServicesFromEmployers.clickPPOPlansButton(TestPlanAndServicesFromEmployers.java:31)
	at CignaTest.TestPlanAndServicesFromEmployers.clickPPOPlansButton(TestPlanAndServicesFromEmployers.java:31)
	at CignaTest.TestPlanAndServicesFromEmployers.clickPPOPlansButton(TestPlanAndServicesFromEmployers.java:31)
	at CignaTest.TestPlanAndServicesFromEmployers.clickPPOPlansButton(TestPlanAndServicesFromEmployers.java:31)
	at CignaTest.TestPlanAndServicesFromEmployers.clickPPOPlansButton(TestPlanAndServicesFromEmployers.java:31)
	at CignaTest.TestPlanAndServicesFromEmployers.clickPPOPlansButton(TestPlanAndServicesFromEmployers.java:31)
	at CignaTest.TestPlanAndServicesFromEmployers.clickPPOPlansButton(TestPlanAndServicesFromEmployers.java:31)
	at CignaTest.TestPlanAndServicesFromEmployers.clickPPOPlansButton(TestPlanAndServicesFromEmployers.java:31)
	at CignaTest.TestPlanAndServicesFromEmployers.clickPPOPlansButton(TestPlanAndServicesFromEmployers.java:31)
	at CignaTest.TestPlanAndServicesFromEmployers.clickPPOPlansButton(TestPlanAndServicesFromEmployers.java:31)
	at CignaTest.TestPlanAndServicesFromEmployers.clickPPOPlansButton(TestPlanAndServicesFromEmployers.java:31)
	at CignaTest.TestPlanAndServicesFromEmployers.clickPPOPlansButton(TestPlanAndServicesFromEmployers.java:31)
	at CignaTest.TestPlanAndServicesFromEmployers.clickPPOPlansButton(TestPlanAndServicesFromEmployers.java:31)
	at CignaTest.TestPlanAndServicesFromEmployers.clickPPOPlansButton(TestPlanAndServicesFromEmployers.java:31)
	at CignaTest.TestPlanAndServicesFromEmployers.clickPPOPlansButton(TestPlanAndServicesFromEmployers.java:31)
	at CignaTest.TestPlanAndServicesFromEmployers.clickPPOPlansButton(TestPlanAndServicesFromEmployers.java:31)
	at CignaTest.TestPlanAndServicesFromEmployers.clickPPOPlansButton(TestPlanAndServicesFromEmployers.java:31)
	at CignaTest.TestPlanAndServicesFromEmployers.clickPPOPlansButton(TestPlanAndServicesFromEmployers.java:31)
	at CignaTest.TestPlanAndServicesFromEmployers.clickPPOPlansButton(TestPlanAndServicesFromEmployers.java:31)
	at CignaTest.TestPlanAndServicesFromEmployers.clickPPOPlansButton(TestPlanAndServicesFromEmployers.java:31)
	at CignaTest.TestPlanAndServicesFromEmployers.clickPPOPlansButton(TestPlanAndServicesFromEmployers.java:31)
	at CignaTest.TestPlanAndServicesFromEmployers.clickPPOPlansButton(TestPlanAndServicesFromEmployers.java:31)
	at CignaTest.TestPlanAndServicesFromEmployers.clickPPOPlansButton(TestPlanAndServicesFromEmployers.java:31)
	at CignaTest.TestPlanAndServicesFromEmployers.clickPPOPlansButton(TestPlanAndServicesFromEmployers.java:31)
	at CignaTest.TestPlanAndServicesFromEmployers.clickPPOPlansButton(TestPlanAndServicesFromEmployers.java:31)
	at CignaTest.TestPlanAndServicesFromEmployers.clickPPOPlansButton(TestPlanAndServicesFromEmployers.java:31)
	at CignaTest.TestPlanAndServicesFromEmployers.clickPPOPlansButton(TestPlanAndServicesFromEmployers.java:31)
	at CignaTest.TestPlanAndServicesFromEmployers.clickPPOPlansButton(TestPlanAndServicesFromEmployers.java:31)
	at CignaTest.TestPlanAndServicesFromEmployers.clickPPOPlansButton(TestPlanAndServicesFromEmployers.java:31)
	at CignaTest.TestPlanAndServicesFromEmployers.clickPPOPlansButton(TestPlanAndServicesFromEmployers.java:31)
	at CignaTest.TestPlanAndServicesFromEmployers.clickPPOPlansButton(TestPlanAndServicesFromEmployers.java:31)
	at CignaTest.TestPlanAndServicesFromEmployers.clickPPOPlansButton(TestPlanAndServicesFromEmployers.java:31)
	at CignaTest.TestPlanAndServicesFromEmployers.clickPPOPlansButton(TestPlanAndServicesFromEmployers.java:31)
	at CignaTest.TestPlanAndServicesFromEmployers.clickPPOPlansButton(TestPlanAndServicesFromEmployers.java:31)
	at CignaTest.TestPlanAndServicesFromEmployers.clickPPOPlansButton(TestPlanAndServicesFromEmployers.java:31)
	at CignaTest.TestPlanAndServicesFromEmployers.clickPPOPlansButton(TestPlanAndServicesFromEmployers.java:31)
	at CignaTest.TestPlanAndServicesFromEmployers.clickPPOPlansButton(TestPlanAndServicesFromEmployers.java:31)
	at CignaTest.TestPlanAndServicesFromEmployers.clickPPOPlansButton(TestPlanAndServicesFromEmployers.java:31)
	at CignaTest.TestPlanAndServicesFromEmployers.clickPPOPlansButton(TestPlanAndServicesFromEmployers.java:31)
	at CignaTest.TestPlanAndServicesFromEmployers.clickPPOPlansButton(TestPlanAndServicesFromEmployers.java:31)
	at CignaTest.TestPlanAndServicesFromEmployers.clickPPOPlansButton(TestPlanAndServicesFromEmployers.java:31)
	at CignaTest.TestPlanAndServicesFromEmployers.clickPPOPlansButton(TestPlanAndServicesFromEmployers.java:31)
	at CignaTest.TestPlanAndServicesFromEmployers.clickPPOPlansButton(TestPlanAndServicesFromEmployers.java:31)
	at CignaTest.TestPlanAndServicesFromEmployers.clickPPOPlansButton(TestPlanAndServicesFromEmployers.java:31)
	at CignaTest.TestPlanAndServicesFromEmployers.clickPPOPlansButton(TestPlanAndServicesFromEmployers.java:31)
	at CignaTest.TestPlanAndServicesFromEmployers.clickPPOPlansButton(TestPlanAndServicesFromEmployers.java:31)
	at CignaTest.TestPlanAndServicesFromEmployers.clickPPOPlansButton(TestPlanAndServicesFromEmployers.java:31)
	at CignaTest.TestPlanAndServicesFromEmployers.clickPPOPlansButton(TestPlanAndServicesFromEmployers.java:31)
	at CignaTest.TestPlanAndServicesFromEmployers.clickPPOPlansButton(TestPlanAndServicesFromEmployers.java:31)
	at CignaTest.TestPlanAndServicesFromEmployers.clickPPOPlansButton(TestPlanAndServicesFromEmployers.java:31)
	at CignaTest.TestPlanAndServicesFromEmployers.clickPPOPlansButton(TestPlanAndServicesFromEmployers.java:31)
	at CignaTest.TestPlanAndServicesFromEmployers.clickPPOPlansButton(TestPlanAndServicesFromEmployers.java:31)
	at CignaTest.TestPlanAndServicesFromEmployers.clickPPOPlansButton(TestPlanAndServicesFromEmployers.java:31)
	at CignaTest.TestPlanAndServicesFromEmployers.clickPPOPlansButton(TestPlanAndServicesFromEmployers.java:31)
	at CignaTest.TestPlanAndServicesFromEmployers.clickPPOPlansButton(TestPlanAndServicesFromEmployers.java:31)
	at CignaTest.TestPlanAndServicesFromEmployers.clickPPOPlansButton(TestPlanAndServicesFromEmployers.java:31)
	at CignaTest.TestPlanAndServicesFromEmployers.clickPPOPlansButton(TestPlanAndServicesFromEmployers.java:31)
	at CignaTest.TestPlanAndServicesFromEmployers.clickPPOPlansButton(TestPlanAndServicesFromEmployers.java:31)
	at CignaTest.TestPlanAndServicesFromEmployers.clickPPOPlansButton(TestPlanAndServicesFromEmployers.java:31)
	at CignaTest.TestPlanAndServicesFromEmployers.clickPPOPlansButton(TestPlanAndServicesFromEmployers.java:31)
	at CignaTest.TestPlanAndServicesFromEmployers.clickPPOPlansButton(TestPlanAndServicesFromEmployers.java:31)
	at CignaTest.TestPlanAndServicesFromEmployers.clickPPOPlansButton(TestPlanAndServicesFromEmployers.java:31)
	at CignaTest.TestPlanAndServicesFromEmployers.clickPPOPlansButton(TestPlanAndServicesFromEmployers.java:31)
	at CignaTest.TestPlanAndServicesFromEmployers.clickPPOPlansButton(TestPlanAndServicesFromEmployers.java:31)
	at CignaTest.TestPlanAndServicesFromEmployers.clickPPOPlansButton(TestPlanAndServicesFromEmployers.java:31)
	at CignaTest.TestPlanAndServicesFromEmployers.clickPPOPlansButton(TestPlanAndServicesFromEmployers.java:31)
	at CignaTest.TestPlanAndServicesFromEmployers.clickPPOPlansButton(TestPlanAndServicesFromEmployers.java:31)
	at CignaTest.TestPlanAndServicesFromEmployers.clickPPOPlansButton(TestPlanAndServicesFromEmployers.java:31)
	at CignaTest.TestPlanAndServicesFromEmployers.clickPPOPlansButton(TestPlanAndServicesFromEmployers.java:31)
	at CignaTest.TestPlanAndServicesFromEmployers.clickPPOPlansButton(TestPlanAndServicesFromEmployers.java:31)
	at CignaTest.TestPlanAndServicesFromEmployers.clickPPOPlansButton(TestPlanAndServicesFromEmployers.java:31)
	at CignaTest.TestPlanAndServicesFromEmployers.clickPPOPlansButton(TestPlanAndServicesFromEmployers.java:31)
	at CignaTest.TestPlanAndServicesFromEmployers.clickPPOPlansButton(TestPlanAndServicesFromEmployers.java:31)
	at CignaTest.TestPlanAndServicesFromEmployers.clickPPOPlansButton(TestPlanAndServicesFromEmployers.java:31)
	at CignaTest.TestPlanAndServicesFromEmployers.clickPPOPlansButton(TestPlanAndServicesFromEmployers.java:31)
	at CignaTest.TestPlanAndServicesFromEmployers.clickPPOPlansButton(TestPlanAndServicesFromEmployers.java:31)
	at CignaTest.TestPlanAndServicesFromEmployers.clickPPOPlansButton(TestPlanAndServicesFromEmployers.java:31)
	at CignaTest.TestPlanAndServicesFromEmployers.clickPPOPlansButton(TestPlanAndServicesFromEmployers.java:31)
	at CignaTest.TestPlanAndServicesFromEmployers.clickPPOPlansButton(TestPlanAndServicesFromEmployers.java:31)
	at CignaTest.TestPlanAndServicesFromEmployers.clickPPOPlansButton(TestPlanAndServicesFromEmployers.java:31)
	at CignaTest.TestPlanAndServicesFromEmployers.clickPPOPlansButton(TestPlanAndServicesFromEmployers.java:31)
	at CignaTest.TestPlanAndServicesFromEmployers.clickPPOPlansButton(TestPlanAndServicesFromEmployers.java:31)
	at CignaTest.TestPlanAndServicesFromEmployers.clickPPOPlansButton(TestPlanAndServicesFromEmployers.java:31)
	at CignaTest.TestPlanAndServicesFromEmployers.clickPPOPlansButton(TestPlanAndServicesFromEmployers.java:31)
	at CignaTest.TestPlanAndServicesFromEmployers.clickPPOPlansButton(TestPlanAndServicesFromEmployers.java:31)
	at CignaTest.TestPlanAndServicesFromEmployers.clickPPOPlansButton(TestPlanAndServicesFromEmployers.java:31)
	at CignaTest.TestPlanAndServicesFromEmployers.clickPPOPlansButton(TestPlanAndServicesFromEmployers.java:31)
	at CignaTest.TestPlanAndServicesFromEmployers.clickPPOPlansButton(TestPlanAndServicesFromEmployers.java:31)
	at CignaTest.TestPlanAndServicesFromEmployers.clickPPOPlansButton(TestPlanAndServicesFromEmployers.java:31)
	at CignaTest.TestPlanAndServicesFromEmployers.clickPPOPlansButton(TestPlanAndServicesFromEmployers.java:31)
	at CignaTest.TestPlanAndServicesFromEmployers.clickPPOPlansButton(TestPlanAndServicesFromEmployers.java:31)
	at CignaTest.TestPlanAndServicesFromEmployers.clickPPOPlansButton(TestPlanAndServicesFromEmployers.java:31)
	at CignaTest.TestPlanAndServicesFromEmployers.clickPPOPlansButton(TestPlanAndServicesFromEmployers.java:31)
	at CignaTest.TestPlanAndServicesFromEmployers.clickPPOPlansButton(TestPlanAndServicesFromEmployers.java:31)
	at CignaTest.TestPlanAndServicesFromEmployers.clickPPOPlansButton(TestPlanAndServicesFromEmployers.java:31)
	at CignaTest.TestPlanAndServicesFromEmployers.clickPPOPlansButton(TestPlanAndServicesFromEmployers.java:31)
	at CignaTest.TestPlanAndServicesFromEmployers.clickPPOPlansButton(TestPlanAndServicesFromEmployers.java:31)
	at CignaTest.TestPlanAndServicesFromEmployers.clickPPOPlansButton(TestPlanAndServicesFromEmployers.java:31)
	at CignaTest.TestPlanAndServicesFromEmployers.clickPPOPlansButton(TestPlanAndServicesFromEmployers.java:31)
	at CignaTest.TestPlanAndServicesFromEmployers.clickPPOPlansButton(TestPlanAndServicesFromEmployers.java:31)
	at CignaTest.TestPlanAndServicesFromEmployers.clickPPOPlansButton(TestPlanAndServicesFromEmployers.java:31)
	at CignaTest.TestPlanAndServicesFromEmployers.clickPPOPlansButton(TestPlanAndServicesFromEmployers.java:31)
	at CignaTest.TestPlanAndServicesFromEmployers.clickPPOPlansButton(TestPlanAndServicesFromEmployers.java:31)
	at CignaTest.TestPlanAndServicesFromEmployers.clickPPOPlansButton(TestPlanAndServicesFromEmployers.java:31)
	at CignaTest.TestPlanAndServicesFromEmployers.clickPPOPlansButton(TestPlanAndServicesFromEmployers.java:31)
	at CignaTest.TestPlanAndServicesFromEmployers.clickPPOPlansButton(TestPlanAndServicesFromEmployers.java:31)
	at CignaTest.TestPlanAndServicesFromEmployers.clickPPOPlansButton(TestPlanAndServicesFromEmployers.java:31)
	at CignaTest.TestPlanAndServicesFromEmployers.clickPPOPlansButton(TestPlanAndServicesFromEmployers.java:31)
	at CignaTest.TestPlanAndServicesFromEmployers.clickPPOPlansButton(TestPlanAndServicesFromEmployers.java:31)
	at CignaTest.TestPlanAndServicesFromEmployers.clickPPOPlansButton(TestPlanAndServicesFromEmployers.java:31)
	at CignaTest.TestPlanAndServicesFromEmployers.clickPPOPlansButton(TestPlanAndServicesFromEmployers.java:31)
	at CignaTest.TestPlanAndServicesFromEmployers.clickPPOPlansButton(TestPlanAndServicesFromEmployers.java:31)
	at CignaTest.TestPlanAndServicesFromEmployers.clickPPOPlansButton(TestPlanAndServicesFromEmployers.java:31)
	at CignaTest.TestPlanAndServicesFromEmployers.clickPPOPlansButton(TestPlanAndServicesFromEmployers.java:31)
	at CignaTest.TestPlanAndServicesFromEmployers.clickPPOPlansButton(TestPlanAndServicesFromEmployers.java:31)
	at CignaTest.TestPlanAndServicesFromEmployers.clickPPOPlansButton(TestPlanAndServicesFromEmployers.java:31)
	at CignaTest.TestPlanAndServicesFromEmployers.clickPPOPlansButton(TestPlanAndServicesFromEmployers.java:31)
	at CignaTest.TestPlanAndServicesFromEmployers.clickPPOPlansButton(TestPlanAndServicesFromEmployers.java:31)
	at CignaTest.TestPlanAndServicesFromEmployers.clickPPOPlansButton(TestPlanAndServicesFromEmployers.java:31)
	at CignaTest.TestPlanAndServicesFromEmployers.clickPPOPlansButton(TestPlanAndServicesFromEmployers.java:31)
	at CignaTest.TestPlanAndServicesFromEmployers.clickPPOPlansButton(TestPlanAndServicesFromEmployers.java:31)
	at CignaTest.TestPlanAndServicesFromEmployers.clickPPOPlansButton(TestPlanAndServicesFromEmployers.java:31)
	at CignaTest.TestPlanAndServicesFromEmployers.clickPPOPlansButton(TestPlanAndServicesFromEmployers.java:31)
	at CignaTest.TestPlanAndServicesFromEmployers.clickPPOPlansButton(TestPlanAndServicesFromEmployers.java:31)
	at CignaTest.TestPlanAndServicesFromEmployers.clickPPOPlansButton(TestPlanAndServicesFromEmployers.java:31)
	at CignaTest.TestPlanAndServicesFromEmployers.clickPPOPlansButton(TestPlanAndServicesFromEmployers.java:31)
	at CignaTest.TestPlanAndServicesFromEmployers.clickPPOPlansButton(TestPlanAndServicesFromEmployers.java:31)
	at CignaTest.TestPlanAndServicesFromEmployers.clickPPOPlansButton(TestPlanAndServicesFromEmployers.java:31)
	at CignaTest.TestPlanAndServicesFromEmployers.clickPPOPlansButton(TestPlanAndServicesFromEmployers.java:31)
	at CignaTest.TestPlanAndServicesFromEmployers.clickPPOPlansButton(TestPlanAndServicesFromEmployers.java:31)
	at CignaTest.TestPlanAndServicesFromEmployers.clickPPOPlansButton(TestPlanAndServicesFromEmployers.java:31)
	at CignaTest.TestPlanAndServicesFromEmployers.clickPPOPlansButton(TestPlanAndServicesFromEmployers.java:31)
	at CignaTest.TestPlanAndServicesFromEmployers.clickPPOPlansButton(TestPlanAndServicesFromEmployers.java:31)
	at CignaTest.TestPlanAndServicesFromEmployers.clickPPOPlansButton(TestPlanAndServicesFromEmployers.java:31)
	at CignaTest.TestPlanAndServicesFromEmployers.clickPPOPlansButton(TestPlanAndServicesFromEmployers.java:31)
	at CignaTest.TestPlanAndServicesFromEmployers.clickPPOPlansButton(TestPlanAndServicesFromEmployers.java:31)
	at CignaTest.TestPlanAndServicesFromEmployers.clickPPOPlansButton(TestPlanAndServicesFromEmployers.java:31)
	at CignaTest.TestPlanAndServicesFromEmployers.clickPPOPlansButton(TestPlanAndServicesFromEmployers.java:31)
	at CignaTest.TestPlanAndServicesFromEmployers.clickPPOPlansButton(TestPlanAndServicesFromEmployers.java:31)
	at CignaTest.TestPlanAndServicesFromEmployers.clickPPOPlansButton(TestPlanAndServicesFromEmployers.java:31)
	at CignaTest.TestPlanAndServicesFromEmployers.clickPPOPlansButton(TestPlanAndServicesFromEmployers.java:31)
	at CignaTest.TestPlanAndServicesFromEmployers.clickPPOPlansButton(TestPlanAndServicesFromEmployers.java:31)
	at CignaTest.TestPlanAndServicesFromEmployers.clickPPOPlansButton(TestPlanAndServicesFromEmployers.java:31)
	at CignaTest.TestPlanAndServicesFromEmployers.clickPPOPlansButton(TestPlanAndServicesFromEmployers.java:31)
	at CignaTest.TestPlanAndServicesFromEmployers.clickPPOPlansButton(TestPlanAndServicesFromEmployers.java:31)
	at CignaTest.TestPlanAndServicesFromEmployers.clickPPOPlansButton(TestPlanAndServicesFromEmployers.java:31)
	at CignaTest.TestPlanAndServicesFromEmployers.clickPPOPlansButton(TestPlanAndServicesFromEmployers.java:31)
	at CignaTest.TestPlanAndServicesFromEmployers.clickPPOPlansButton(TestPlanAndServicesFromEmployers.java:31)
	at CignaTest.TestPlanAndServicesFromEmployers.clickPPOPlansButton(TestPlanAndServicesFromEmployers.java:31)
	at CignaTest.TestPlanAndServicesFromEmployers.clickPPOPlansButton(TestPlanAndServicesFromEmployers.java:31)
	at CignaTest.TestPlanAndServicesFromEmployers.clickPPOPlansButton(TestPlanAndServicesFromEmployers.java:31)
	at CignaTest.TestPlanAndServicesFromEmployers.clickPPOPlansButton(TestPlanAndServicesFromEmployers.java:31)
	at CignaTest.TestPlanAndServicesFromEmployers.clickPPOPlansButton(TestPlanAndServicesFromEmployers.java:31)
	at CignaTest.TestPlanAndServicesFromEmployers.clickPPOPlansButton(TestPlanAndServicesFromEmployers.java:31)
	at CignaTest.TestPlanAndServicesFromEmployers.clickPPOPlansButton(TestPlanAndServicesFromEmployers.java:31)
	at CignaTest.TestPlanAndServicesFromEmployers.clickPPOPlansButton(TestPlanAndServicesFromEmployers.java:31)
	at CignaTest.TestPlanAndServicesFromEmployers.clickPPOPlansButton(TestPlanAndServicesFromEmployers.java:31)
	at CignaTest.TestPlanAndServicesFromEmployers.clickPPOPlansButton(TestPlanAndServicesFromEmployers.java:31)
	at CignaTest.TestPlanAndServicesFromEmployers.clickPPOPlansButton(TestPlanAndServicesFromEmployers.java:31)
	at CignaTest.TestPlanAndServicesFromEmployers.clickPPOPlansButton(TestPlanAndServicesFromEmployers.java:31)
	at CignaTest.TestPlanAndServicesFromEmployers.clickPPOPlansButton(TestPlanAndServicesFromEmployers.java:31)
	at CignaTest.TestPlanAndServicesFromEmployers.clickPPOPlansButton(TestPlanAndServicesFromEmployers.java:31)
	at CignaTest.TestPlanAndServicesFromEmployers.clickPPOPlansButton(TestPlanAndServicesFromEmployers.java:31)
	at CignaTest.TestPlanAndServicesFromEmployers.clickPPOPlansButton(TestPlanAndServicesFromEmployers.java:31)
	at CignaTest.TestPlanAndServicesFromEmployers.clickPPOPlansButton(TestPlanAndServicesFromEmployers.java:31)
	at CignaTest.TestPlanAndServicesFromEmployers.clickPPOPlansButton(TestPlanAndServicesFromEmployers.java:31)
	at CignaTest.TestPlanAndServicesFromEmployers.clickPPOPlansButton(TestPlanAndServicesFromEmployers.java:31)
	at CignaTest.TestPlanAndServicesFromEmployers.clickPPOPlansButton(TestPlanAndServicesFromEmployers.java:31)
	at CignaTest.TestPlanAndServicesFromEmployers.clickPPOPlansButton(TestPlanAndServicesFromEmployers.java:31)
	at CignaTest.TestPlanAndServicesFromEmployers.clickPPOPlansButton(TestPlanAndServicesFromEmployers.java:31)
	at CignaTest.TestPlanAndServicesFromEmployers.clickPPOPlansButton(TestPlanAndServicesFromEmployers.java:31)
	at CignaTest.TestPlanAndServicesFromEmployers.clickPPOPlansButton(TestPlanAndServicesFromEmployers.java:31)
	at CignaTest.TestPlanAndServicesFromEmployers.clickPPOPlansButton(TestPlanAndServicesFromEmployers.java:31)
	at CignaTest.TestPlanAndServicesFromEmployers.clickPPOPlansButton(TestPlanAndServicesFromEmployers.java:31)
</failure>
    <system-out><![CDATA[TestPlanAndServicesFromEmployers: click PPO Plans Button
TestPlanAndServicesFromEmployers: click PPO Plans Button
TestPlanAndServicesFromEmployers: click PPO Plans Button
TestPlanAndServicesFromEmployers: click PPO Plans Button
TestPlanAndServicesFromEmployers: click PPO Plans Button
TestPlanAndServicesFromEmployers: click PPO Plans Button
TestPlanAndServicesFromEmployers: click PPO Plans Button
TestPlanAndServicesFromEmployers: click PPO Plans Button
TestPlanAndServicesFromEmployers: click PPO Plans Button
TestPlanAndServicesFromEmployers: click PPO Plans Button
TestPlanAndServicesFromEmployers: click PPO Plans Button
TestPlanAndServicesFromEmployers: click PPO Plans Button
TestPlanAndServicesFromEmployers: click PPO Plans Button
TestPlanAndServicesFromEmployers: click PPO Plans Button
TestPlanAndServicesFromEmployers: click PPO Plans Button
TestPlanAndServicesFromEmployers: click PPO Plans Button
TestPlanAndServicesFromEmployers: click PPO Plans Button
TestPlanAndServicesFromEmployers: click PPO Plans Button
TestPlanAndServicesFromEmployers: click PPO Plans Button
TestPlanAndServicesFromEmployers: click PPO Plans Button
TestPlanAndServicesFromEmployers: click PPO Plans Button
TestPlanAndServicesFromEmployers: click PPO Plans Button
TestPlanAndServicesFromEmployers: click PPO Plans Button
TestPlanAndServicesFromEmployers: click PPO Plans Button
TestPlanAndServicesFromEmployers: click PPO Plans Button
TestPlanAndServicesFromEmployers: click PPO Plans Button
TestPlanAndServicesFromEmployers: click PPO Plans Button
TestPlanAndServicesFromEmployers: click PPO Plans Button
TestPlanAndServicesFromEmployers: click PPO Plans Button
TestPlanAndServicesFromEmployers: click PPO Plans Button
TestPlanAndServicesFromEmployers: click PPO Plans Button
TestPlanAndServicesFromEmployers: click PPO Plans Button
TestPlanAndServicesFromEmployers: click PPO Plans Button
TestPlanAndServicesFromEmployers: click PPO Plans Button
TestPlanAndServicesFromEmployers: click PPO Plans Button
TestPlanAndServicesFromEmployers: click PPO Plans Button
TestPlanAndServicesFromEmployers: click PPO Plans Button
TestPlanAndServicesFromEmployers: click PPO Plans Button
TestPlanAndServicesFromEmployers: click PPO Plans Button
TestPlanAndServicesFromEmployers: click PPO Plans Button
TestPlanAndServicesFromEmployers: click PPO Plans Button
TestPlanAndServicesFromEmployers: click PPO Plans Button
TestPlanAndServicesFromEmployers: click PPO Plans Button
TestPlanAndServicesFromEmployers: click PPO Plans Button
TestPlanAndServicesFromEmployers: click PPO Plans Button
TestPlanAndServicesFromEmployers: click PPO Plans Button
TestPlanAndServicesFromEmployers: click PPO Plans Button
TestPlanAndServicesFromEmployers: click PPO Plans Button
TestPlanAndServicesFromEmployers: click PPO Plans Button
TestPlanAndServicesFromEmployers: click PPO Plans Button
TestPlanAndServicesFromEmployers: click PPO Plans Button
TestPlanAndServicesFromEmployers: click PPO Plans Button
TestPlanAndServicesFromEmployers: click PPO Plans Button
TestPlanAndServicesFromEmployers: click PPO Plans Button
TestPlanAndServicesFromEmployers: click PPO Plans Button
TestPlanAndServicesFromEmployers: click PPO Plans Button
TestPlanAndServicesFromEmployers: click PPO Plans Button
TestPlanAndServicesFromEmployers: click PPO Plans Button
TestPlanAndServicesFromEmployers: click PPO Plans Button
TestPlanAndServicesFromEmployers: click PPO Plans Button
TestPlanAndServicesFromEmployers: click PPO Plans Button
TestPlanAndServicesFromEmployers: click PPO Plans Button
TestPlanAndServicesFromEmployers: click PPO Plans Button
TestPlanAndServicesFromEmployers: click PPO Plans Button
TestPlanAndServicesFromEmployers: click PPO Plans Button
TestPlanAndServicesFromEmployers: click PPO Plans Button
TestPlanAndServicesFromEmployers: click PPO Plans Button
TestPlanAndServicesFromEmployers: click PPO Plans Button
TestPlanAndServicesFromEmployers: click PPO Plans Button
TestPlanAndServicesFromEmployers: click PPO Plans Button
TestPlanAndServicesFromEmployers: click PPO Plans Button
TestPlanAndServicesFromEmployers: click PPO Plans Button
TestPlanAndServicesFromEmployers: click PPO Plans Button
TestPlanAndServicesFromEmployers: click PPO Plans Button
TestPlanAndServicesFromEmployers: click PPO Plans Button
TestPlanAndServicesFromEmployers: click PPO Plans Button
TestPlanAndServicesFromEmployers: click PPO Plans Button
TestPlanAndServicesFromEmployers: click PPO Plans Button
TestPlanAndServicesFromEmployers: click PPO Plans Button
TestPlanAndServicesFromEmployers: click PPO Plans Button
TestPlanAndServicesFromEmployers: click PPO Plans Button
TestPlanAndServicesFromEmployers: click PPO Plans Button
TestPlanAndServicesFromEmployers: click PPO Plans Button
TestPlanAndServicesFromEmployers: click PPO Plans Button
TestPlanAndServicesFromEmployers: click PPO Plans Button
TestPlanAndServicesFromEmployers: click PPO Plans Button
TestPlanAndServicesFromEmployers: click PPO Plans Button
TestPlanAndServicesFromEmployers: click PPO Plans Button
TestPlanAndServicesFromEmployers: click PPO Plans Button
TestPlanAndServicesFromEmployers: click PPO Plans Button
TestPlanAndServicesFromEmployers: click PPO Plans Button
TestPlanAndServicesFromEmployers: click PPO Plans Button
TestPlanAndServicesFromEmployers: click PPO Plans Button
TestPlanAndServicesFromEmployers: click PPO Plans Button
TestPlanAndServicesFromEmployers: click PPO Plans Button
TestPlanAndServicesFromEmployers: click PPO Plans Button
TestPlanAndServicesFromEmployers: click PPO Plans Button
TestPlanAndServicesFromEmployers: click PPO Plans Button
TestPlanAndServicesFromEmployers: click PPO Plans Button
TestPlanAndServicesFromEmployers: click PPO Plans Button
TestPlanAndServicesFromEmployers: click PPO Plans Button
TestPlanAndServicesFromEmployers: click PPO Plans Button
TestPlanAndServicesFromEmployers: click PPO Plans Button
TestPlanAndServicesFromEmployers: click PPO Plans Button
TestPlanAndServicesFromEmployers: click PPO Plans Button
TestPlanAndServicesFromEmployers: click PPO Plans Button
TestPlanAndServicesFromEmployers: click PPO Plans Button
TestPlanAndServicesFromEmployers: click PPO Plans Button
TestPlanAndServicesFromEmployers: click PPO Plans Button
TestPlanAndServicesFromEmployers: click PPO Plans Button
TestPlanAndServicesFromEmployers: click PPO Plans Button
TestPlanAndServicesFromEmployers: click PPO Plans Button
TestPlanAndServicesFromEmployers: click PPO Plans Button
TestPlanAndServicesFromEmployers: click PPO Plans Button
TestPlanAndServicesFromEmployers: click PPO Plans Button
TestPlanAndServicesFromEmployers: click PPO Plans Button
TestPlanAndServicesFromEmployers: click PPO Plans Button
TestPlanAndServicesFromEmployers: click PPO Plans Button
TestPlanAndServicesFromEmployers: click PPO Plans Button
TestPlanAndServicesFromEmployers: click PPO Plans Button
TestPlanAndServicesFromEmployers: click PPO Plans Button
TestPlanAndServicesFromEmployers: click PPO Plans Button
TestPlanAndServicesFromEmployers: click PPO Plans Button
TestPlanAndServicesFromEmployers: click PPO Plans Button
TestPlanAndServicesFromEmployers: click PPO Plans Button
TestPlanAndServicesFromEmployers: click PPO Plans Button
TestPlanAndServicesFromEmployers: click PPO Plans Button
TestPlanAndServicesFromEmployers: click PPO Plans Button
TestPlanAndServicesFromEmployers: click PPO Plans Button
TestPlanAndServicesFromEmployers: click PPO Plans Button
TestPlanAndServicesFromEmployers: click PPO Plans Button
TestPlanAndServicesFromEmployers: click PPO Plans Button
TestPlanAndServicesFromEmployers: click PPO Plans Button
TestPlanAndServicesFromEmployers: click PPO Plans Button
TestPlanAndServicesFromEmployers: click PPO Plans Button
TestPlanAndServicesFromEmployers: click PPO Plans Button
TestPlanAndServicesFromEmployers: click PPO Plans Button
TestPlanAndServicesFromEmployers: click PPO Plans Button
TestPlanAndServicesFromEmployers: click PPO Plans Button
TestPlanAndServicesFromEmployers: click PPO Plans Button
TestPlanAndServicesFromEmployers: click PPO Plans Button
TestPlanAndServicesFromEmployers: click PPO Plans Button
TestPlanAndServicesFromEmployers: click PPO Plans Button
TestPlanAndServicesFromEmployers: click PPO Plans Button
TestPlanAndServicesFromEmployers: click PPO Plans Button
TestPlanAndServicesFromEmployers: click PPO Plans Button
TestPlanAndServicesFromEmployers: click PPO Plans Button
TestPlanAndServicesFromEmployers: click PPO Plans Button
TestPlanAndServicesFromEmployers: click PPO Plans Button
TestPlanAndServicesFromEmployers: click PPO Plans Button
TestPlanAndServicesFromEmployers: click PPO Plans Button
TestPlanAndServicesFromEmployers: click PPO Plans Button
TestPlanAndServicesFromEmployers: click PPO Plans Button
TestPlanAndServicesFromEmployers: click PPO Plans Button
TestPlanAndServicesFromEmployers: click PPO Plans Button
TestPlanAndServicesFromEmployers: click PPO Plans Button
TestPlanAndServicesFromEmployers: click PPO Plans Button
TestPlanAndServicesFromEmployers: click PPO Plans Button
TestPlanAndServicesFromEmployers: click PPO Plans Button
TestPlanAndServicesFromEmployers: click PPO Plans Button
TestPlanAndServicesFromEmployers: click PPO Plans Button
TestPlanAndServicesFromEmployers: click PPO Plans Button
TestPlanAndServicesFromEmployers: click PPO Plans Button
TestPlanAndServicesFromEmployers: click PPO Plans Button
TestPlanAndServicesFromEmployers: click PPO Plans Button
TestPlanAndServicesFromEmployers: click PPO Plans Button
TestPlanAndServicesFromEmployers: click PPO Plans Button
TestPlanAndServicesFromEmployers: click PPO Plans Button
TestPlanAndServicesFromEmployers: click PPO Plans Button
TestPlanAndServicesFromEmployers: click PPO Plans Button
TestPlanAndServicesFromEmployers: click PPO Plans Button
TestPlanAndServicesFromEmployers: click PPO Plans Button
TestPlanAndServicesFromEmployers: click PPO Plans Button
TestPlanAndServicesFromEmployers: click PPO Plans Button
TestPlanAndServicesFromEmployers: click PPO Plans Button
TestPlanAndServicesFromEmployers: click PPO Plans Button
TestPlanAndServicesFromEmployers: click PPO Plans Button
TestPlanAndServicesFromEmployers: click PPO Plans Button
TestPlanAndServicesFromEmployers: click PPO Plans Button
TestPlanAndServicesFromEmployers: click PPO Plans Button
TestPlanAndServicesFromEmployers: click PPO Plans Button
TestPlanAndServicesFromEmployers: click PPO Plans Button
TestPlanAndServicesFromEmployers: click PPO Plans Button
TestPlanAndServicesFromEmployers: click PPO Plans Button
TestPlanAndServicesFromEmployers: click PPO Plans Button
TestPlanAndServicesFromEmployers: click PPO Plans Button
TestPlanAndServicesFromEmployers: click PPO Plans Button
TestPlanAndServicesFromEmployers: click PPO Plans Button
TestPlanAndServicesFromEmployers: click PPO Plans Button
TestPlanAndServicesFromEmployers: click PPO Plans Button
TestPlanAndServicesFromEmployers: click PPO Plans Button
TestPlanAndServicesFromEmployers: click PPO Plans Button
TestPlanAndServicesFromEmployers: click PPO Plans Button
TestPlanAndServicesFromEmployers: click PPO Plans Button
TestPlanAndServicesFromEmployers: click PPO Plans Button
TestPlanAndServicesFromEmployers: click PPO Plans Button
TestPlanAndServicesFromEmployers: click PPO Plans Button
TestPlanAndServicesFromEmployers: click PPO Plans Button
TestPlanAndServicesFromEmployers: click PPO Plans Button
TestPlanAndServicesFromEmployers: click PPO Plans Button
TestPlanAndServicesFromEmployers: click PPO Plans Button
TestPlanAndServicesFromEmployers: click PPO Plans Button
TestPlanAndServicesFromEmployers: click PPO Plans Button
TestPlanAndServicesFromEmployers: click PPO Plans Button
TestPlanAndServicesFromEmployers: click PPO Plans Button
TestPlanAndServicesFromEmployers: click PPO Plans Button
TestPlanAndServicesFromEmployers: click PPO Plans Button
TestPlanAndServicesFromEmployers: click PPO Plans Button
TestPlanAndServicesFromEmployers: click PPO Plans Button
TestPlanAndServicesFromEmployers: click PPO Plans Button
TestPlanAndServicesFromEmployers: click PPO Plans Button
TestPlanAndServicesFromEmployers: click PPO Plans Button
TestPlanAndServicesFromEmployers: click PPO Plans Button
TestPlanAndServicesFromEmployers: click PPO Plans Button
TestPlanAndServicesFromEmployers: click PPO Plans Button
TestPlanAndServicesFromEmployers: click PPO Plans Button
TestPlanAndServicesFromEmployers: click PPO Plans Button
TestPlanAndServicesFromEmployers: click PPO Plans Button
TestPlanAndServicesFromEmployers: click PPO Plans Button
TestPlanAndServicesFromEmployers: click PPO Plans Button
TestPlanAndServicesFromEmployers: click PPO Plans Button
TestPlanAndServicesFromEmployers: click PPO Plans Button
TestPlanAndServicesFromEmployers: click PPO Plans Button
TestPlanAndServicesFromEmployers: click PPO Plans Button
TestPlanAndServicesFromEmployers: click PPO Plans Button
TestPlanAndServicesFromEmployers: click PPO Plans Button
TestPlanAndServicesFromEmployers: click PPO Plans Button
TestPlanAndServicesFromEmployers: click PPO Plans Button
TestPlanAndServicesFromEmployers: click PPO Plans Button
TestPlanAndServicesFromEmployers: click PPO Plans Button
TestPlanAndServicesFromEmployers: click PPO Plans Button
TestPlanAndServicesFromEmployers: click PPO Plans Button
TestPlanAndServicesFromEmployers: click PPO Plans Button
TestPlanAndServicesFromEmployers: click PPO Plans Button
TestPlanAndServicesFromEmployers: click PPO Plans Button
TestPlanAndServicesFromEmployers: click PPO Plans Button
TestPlanAndServicesFromEmployers: click PPO Plans Button
TestPlanAndServicesFromEmployers: click PPO Plans Button
TestPlanAndServicesFromEmployers: click PPO Plans Button
TestPlanAndServicesFromEmployers: click PPO Plans Button
TestPlanAndServicesFromEmployers: click PPO Plans Button
TestPlanAndServicesFromEmployers: click PPO Plans Button
TestPlanAndServicesFromEmployers: click PPO Plans Button
TestPlanAndServicesFromEmployers: click PPO Plans Button
TestPlanAndServicesFromEmployers: click PPO Plans Button
TestPlanAndServicesFromEmployers: click PPO Plans Button
TestPlanAndServicesFromEmployers: click PPO Plans Button
TestPlanAndServicesFromEmployers: click PPO Plans Button
TestPlanAndServicesFromEmployers: click PPO Plans Button
TestPlanAndServicesFromEmployers: click PPO Plans Button
TestPlanAndServicesFromEmployers: click PPO Plans Button
TestPlanAndServicesFromEmployers: click PPO Plans Button
TestPlanAndServicesFromEmployers: click PPO Plans Button
TestPlanAndServicesFromEmployers: click PPO Plans Button
TestPlanAndServicesFromEmployers: click PPO Plans Button
TestPlanAndServicesFromEmployers: click PPO Plans Button
TestPlanAndServicesFromEmployers: click PPO Plans Button
TestPlanAndServicesFromEmployers: click PPO Plans Button
TestPlanAndServicesFromEmployers: click PPO Plans Button
TestPlanAndServicesFromEmployers: click PPO Plans Button
TestPlanAndServicesFromEmployers: click PPO Plans Button
TestPlanAndServicesFromEmployers: click PPO Plans Button
TestPlanAndServicesFromEmployers: click PPO Plans Button
TestPlanAndServicesFromEmployers: click PPO Plans Button
TestPlanAndServicesFromEmployers: click PPO Plans Button
TestPlanAndServicesFromEmployers: click PPO Plans Button
TestPlanAndServicesFromEmployers: click PPO Plans Button
TestPlanAndServicesFromEmployers: click PPO Plans Button
TestPlanAndServicesFromEmployers: click PPO Plans Button
TestPlanAndServicesFromEmployers: click PPO Plans Button
TestPlanAndServicesFromEmployers: click PPO Plans Button
TestPlanAndServicesFromEmployers: click PPO Plans Button
TestPlanAndServicesFromEmployers: click PPO Plans Button
TestPlanAndServicesFromEmployers: click PPO Plans Button
TestPlanAndServicesFromEmployers: click PPO Plans Button
TestPlanAndServicesFromEmployers: click PPO Plans Button
TestPlanAndServicesFromEmployers: click PPO Plans Button
TestPlanAndServicesFromEmployers: click PPO Plans Button
TestPlanAndServicesFromEmployers: click PPO Plans Button
TestPlanAndServicesFromEmployers: click PPO Plans Button
TestPlanAndServicesFromEmployers: click PPO Plans Button
TestPlanAndServicesFromEmployers: click PPO Plans Button
TestPlanAndServicesFromEmployers: click PPO Plans Button
TestPlanAndServicesFromEmployers: click PPO Plans Button
TestPlanAndServicesFromEmployers: click PPO Plans Button
TestPlanAndServicesFromEmployers: click PPO Plans Button
TestPlanAndServicesFromEmployers: click PPO Plans Button
TestPlanAndServicesFromEmployers: click PPO Plans Button
TestPlanAndServicesFromEmployers: click PPO Plans Button
TestPlanAndServicesFromEmployers: click PPO Plans Button
TestPlanAndServicesFromEmployers: click PPO Plans Button
TestPlanAndServicesFromEmployers: click PPO Plans Button
TestPlanAndServicesFromEmployers: click PPO Plans Button
TestPlanAndServicesFromEmployers: click PPO Plans Button
TestPlanAndServicesFromEmployers: click PPO Plans Button
TestPlanAndServicesFromEmployers: click PPO Plans Button
TestPlanAndServicesFromEmployers: click PPO Plans Button
TestPlanAndServicesFromEmployers: click PPO Plans Button
TestPlanAndServicesFromEmployers: click PPO Plans Button
TestPlanAndServicesFromEmployers: click PPO Plans Button
TestPlanAndServicesFromEmployers: click PPO Plans Button
TestPlanAndServicesFromEmployers: click PPO Plans Button
TestPlanAndServicesFromEmployers: click PPO Plans Button
TestPlanAndServicesFromEmployers: click PPO Plans Button
TestPlanAndServicesFromEmployers: click PPO Plans Button
TestPlanAndServicesFromEmployers: click PPO Plans Button
TestPlanAndServicesFromEmployers: click PPO Plans Button
TestPlanAndServicesFromEmployers: click PPO Plans Button
TestPlanAndServicesFromEmployers: click PPO Plans Button
TestPlanAndServicesFromEmployers: click PPO Plans Button
TestPlanAndServicesFromEmployers: click PPO Plans Button
TestPlanAndServicesFromEmployers: click PPO Plans Button
TestPlanAndServicesFromEmployers: click PPO Plans Button
TestPlanAndServicesFromEmployers: click PPO Plans Button
TestPlanAndServicesFromEmployers: click PPO Plans Button
TestPlanAndServicesFromEmployers: click PPO Plans Button
TestPlanAndServicesFromEmployers: click PPO Plans Button
TestPlanAndServicesFromEmployers: click PPO Plans Button
TestPlanAndServicesFromEmployers: click PPO Plans Button
TestPlanAndServicesFromEmployers: click PPO Plans Button
TestPlanAndServicesFromEmployers: click PPO Plans Button
TestPlanAndServicesFromEmployers: click PPO Plans Button
TestPlanAndServicesFromEmployers: click PPO Plans Button
TestPlanAndServicesFromEmployers: click PPO Plans Button
TestPlanAndServicesFromEmployers: click PPO Plans Button
TestPlanAndServicesFromEmployers: click PPO Plans Button
TestPlanAndServicesFromEmployers: click PPO Plans Button
TestPlanAndServicesFromEmployers: click PPO Plans Button
TestPlanAndServicesFromEmployers: click PPO Plans Button
TestPlanAndServicesFromEmployers: click PPO Plans Button
TestPlanAndServicesFromEmployers: click PPO Plans Button
TestPlanAndServicesFromEmployers: click PPO Plans Button
TestPlanAndServicesFromEmployers: click PPO Plans Button
TestPlanAndServicesFromEmployers: click PPO Plans Button
TestPlanAndServicesFromEmployers: click PPO Plans Button
TestPlanAndServicesFromEmployers: click PPO Plans Button
TestPlanAndServicesFromEmployers: click PPO Plans Button
TestPlanAndServicesFromEmployers: click PPO Plans Button
TestPlanAndServicesFromEmployers: click PPO Plans Button
TestPlanAndServicesFromEmployers: click PPO Plans Button
TestPlanAndServicesFromEmployers: click PPO Plans Button
TestPlanAndServicesFromEmployers: click PPO Plans Button
TestPlanAndServicesFromEmployers: click PPO Plans Button
TestPlanAndServicesFromEmployers: click PPO Plans Button
TestPlanAndServicesFromEmployers: click PPO Plans Button
TestPlanAndServicesFromEmployers: click PPO Plans Button
TestPlanAndServicesFromEmployers: click PPO Plans Button
TestPlanAndServicesFromEmployers: click PPO Plans Button
TestPlanAndServicesFromEmployers: click PPO Plans Button
TestPlanAndServicesFromEmployers: click PPO Plans Button
TestPlanAndServicesFromEmployers: click PPO Plans Button
TestPlanAndServicesFromEmployers: click PPO Plans Button
TestPlanAndServicesFromEmployers: click PPO Plans Button
TestPlanAndServicesFromEmployers: click PPO Plans Button
TestPlanAndServicesFromEmployers: click PPO Plans Button
TestPlanAndServicesFromEmployers: click PPO Plans Button
TestPlanAndServicesFromEmployers: click PPO Plans Button
TestPlanAndServicesFromEmployers: click PPO Plans Button
TestPlanAndServicesFromEmployers: click PPO Plans Button
TestPlanAndServicesFromEmployers: click PPO Plans Button
TestPlanAndServicesFromEmployers: click PPO Plans Button
TestPlanAndServicesFromEmployers: click PPO Plans Button
TestPlanAndServicesFromEmployers: click PPO Plans Button
TestPlanAndServicesFromEmployers: click PPO Plans Button
TestPlanAndServicesFromEmployers: click PPO Plans Button
TestPlanAndServicesFromEmployers: click PPO Plans Button
TestPlanAndServicesFromEmployers: click PPO Plans Button
TestPlanAndServicesFromEmployers: click PPO Plans Button
TestPlanAndServicesFromEmployers: click PPO Plans Button
TestPlanAndServicesFromEmployers: click PPO Plans Button
TestPlanAndServicesFromEmployers: click PPO Plans Button
TestPlanAndServicesFromEmployers: click PPO Plans Button
TestPlanAndServicesFromEmployers: click PPO Plans Button
TestPlanAndServicesFromEmployers: click PPO Plans Button
TestPlanAndServicesFromEmployers: click PPO Plans Button
TestPlanAndServicesFromEmployers: click PPO Plans Button
TestPlanAndServicesFromEmployers: click PPO Plans Button
TestPlanAndServicesFromEmployers: click PPO Plans Button
TestPlanAndServicesFromEmployers: click PPO Plans Button
TestPlanAndServicesFromEmployers: click PPO Plans Button
TestPlanAndServicesFromEmployers: click PPO Plans Button
TestPlanAndServicesFromEmployers: click PPO Plans Button
TestPlanAndServicesFromEmployers: click PPO Plans Button
TestPlanAndServicesFromEmployers: click PPO Plans Button
TestPlanAndServicesFromEmployers: click PPO Plans Button
TestPlanAndServicesFromEmployers: click PPO Plans Button
TestPlanAndServicesFromEmployers: click PPO Plans Button
TestPlanAndServicesFromEmployers: click PPO Plans Button
TestPlanAndServicesFromEmployers: click PPO Plans Button
TestPlanAndServicesFromEmployers: click PPO Plans Button
TestPlanAndServicesFromEmployers: click PPO Plans Button
TestPlanAndServicesFromEmployers: click PPO Plans Button
TestPlanAndServicesFromEmployers: click PPO Plans Button
TestPlanAndServicesFromEmployers: click PPO Plans Button
TestPlanAndServicesFromEmployers: click PPO Plans Button
TestPlanAndServicesFromEmployers: click PPO Plans Button
TestPlanAndServicesFromEmployers: click PPO Plans Button
TestPlanAndServicesFromEmployers: click PPO Plans Button
TestPlanAndServicesFromEmployers: click PPO Plans Button
TestPlanAndServicesFromEmployers: click PPO Plans Button
TestPlanAndServicesFromEmployers: click PPO Plans Button
TestPlanAndServicesFromEmployers: click PPO Plans Button
TestPlanAndServicesFromEmployers: click PPO Plans Button
TestPlanAndServicesFromEmployers: click PPO Plans Button
TestPlanAndServicesFromEmployers: click PPO Plans Button
TestPlanAndServicesFromEmployers: click PPO Plans Button
TestPlanAndServicesFromEmployers: click PPO Plans Button
TestPlanAndServicesFromEmployers: click PPO Plans Button
TestPlanAndServicesFromEmployers: click PPO Plans Button
TestPlanAndServicesFromEmployers: click PPO Plans Button
TestPlanAndServicesFromEmployers: click PPO Plans Button
TestPlanAndServicesFromEmployers: click PPO Plans Button
TestPlanAndServicesFromEmployers: click PPO Plans Button
TestPlanAndServicesFromEmployers: click PPO Plans Button
TestPlanAndServicesFromEmployers: click PPO Plans Button
TestPlanAndServicesFromEmployers: click PPO Plans Button
TestPlanAndServicesFromEmployers: click PPO Plans Button
TestPlanAndServicesFromEmployers: click PPO Plans Button
TestPlanAndServicesFromEmployers: click PPO Plans Button
TestPlanAndServicesFromEmployers: click PPO Plans Button
TestPlanAndServicesFromEmployers: click PPO Plans Button
TestPlanAndServicesFromEmployers: click PPO Plans Button
TestPlanAndServicesFromEmployers: click PPO Plans Button
TestPlanAndServicesFromEmployers: click PPO Plans Button
TestPlanAndServicesFromEmployers: click PPO Plans Button
TestPlanAndServicesFromEmployers: click PPO Plans Button
TestPlanAndServicesFromEmployers: click PPO Plans Button
TestPlanAndServicesFromEmployers: click PPO Plans Button
TestPlanAndServicesFromEmployers: click PPO Plans Button
TestPlanAndServicesFromEmployers: click PPO Plans Button
TestPlanAndServicesFromEmployers: click PPO Plans Button
TestPlanAndServicesFromEmployers: click PPO Plans Button
TestPlanAndServicesFromEmployers: click PPO Plans Button
TestPlanAndServicesFromEmployers: click PPO Plans Button
TestPlanAndServicesFromEmployers: click PPO Plans Button
TestPlanAndServicesFromEmployers: click PPO Plans Button
TestPlanAndServicesFromEmployers: click PPO Plans Button
TestPlanAndServicesFromEmployers: click PPO Plans Button
TestPlanAndServicesFromEmployers: click PPO Plans Button
TestPlanAndServicesFromEmployers: click PPO Plans Button
TestPlanAndServicesFromEmployers: click PPO Plans Button
TestPlanAndServicesFromEmployers: click PPO Plans Button
TestPlanAndServicesFromEmployers: click PPO Plans Button
TestPlanAndServicesFromEmployers: click PPO Plans Button
TestPlanAndServicesFromEmployers: click PPO Plans Button
TestPlanAndServicesFromEmployers: click PPO Plans Button
TestPlanAndServicesFromEmployers: click PPO Plans Button
TestPlanAndServicesFromEmployers: click PPO Plans Button
TestPlanAndServicesFromEmployers: click PPO Plans Button
TestPlanAndServicesFromEmployers: click PPO Plans Button
TestPlanAndServicesFromEmployers: click PPO Plans Button
TestPlanAndServicesFromEmployers: click PPO Plans Button
TestPlanAndServicesFromEmployers: click PPO Plans Button
TestPlanAndServicesFromEmployers: click PPO Plans Button
TestPlanAndServicesFromEmployers: click PPO Plans Button
TestPlanAndServicesFromEmployers: click PPO Plans Button
TestPlanAndServicesFromEmployers: click PPO Plans Button
TestPlanAndServicesFromEmployers: click PPO Plans Button
TestPlanAndServicesFromEmployers: click PPO Plans Button
TestPlanAndServicesFromEmployers: click PPO Plans Button
TestPlanAndServicesFromEmployers: click PPO Plans Button
TestPlanAndServicesFromEmployers: click PPO Plans Button
TestPlanAndServicesFromEmployers: click PPO Plans Button
TestPlanAndServicesFromEmployers: click PPO Plans Button
TestPlanAndServicesFromEmployers: click PPO Plans Button
TestPlanAndServicesFromEmployers: click PPO Plans Button
TestPlanAndServicesFromEmployers: click PPO Plans Button
TestPlanAndServicesFromEmployers: click PPO Plans Button
TestPlanAndServicesFromEmployers: click PPO Plans Button
TestPlanAndServicesFromEmployers: click PPO Plans Button
TestPlanAndServicesFromEmployers: click PPO Plans Button
TestPlanAndServicesFromEmployers: click PPO Plans Button
TestPlanAndServicesFromEmployers: click PPO Plans Button
TestPlanAndServicesFromEmployers: click PPO Plans Button
TestPlanAndServicesFromEmployers: click PPO Plans Button
TestPlanAndServicesFromEmployers: click PPO Plans Button
TestPlanAndServicesFromEmployers: click PPO Plans Button
TestPlanAndServicesFromEmployers: click PPO Plans Button
TestPlanAndServicesFromEmployers: click PPO Plans Button
TestPlanAndServicesFromEmployers: click PPO Plans Button
TestPlanAndServicesFromEmployers: click PPO Plans Button
TestPlanAndServicesFromEmployers: click PPO Plans Button
TestPlanAndServicesFromEmployers: click PPO Plans Button
TestPlanAndServicesFromEmployers: click PPO Plans Button
TestPlanAndServicesFromEmployers: click PPO Plans Button
TestPlanAndServicesFromEmployers: click PPO Plans Button
TestPlanAndServicesFromEmployers: click PPO Plans Button
TestPlanAndServicesFromEmployers: click PPO Plans Button
TestPlanAndServicesFromEmployers: click PPO Plans Button
TestPlanAndServicesFromEmployers: click PPO Plans Button
TestPlanAndServicesFromEmployers: click PPO Plans Button
TestPlanAndServicesFromEmployers: click PPO Plans Button
TestPlanAndServicesFromEmployers: click PPO Plans Button
TestPlanAndServicesFromEmployers: click PPO Plans Button
TestPlanAndServicesFromEmployers: click PPO Plans Button
TestPlanAndServicesFromEmployers: click PPO Plans Button
TestPlanAndServicesFromEmployers: click PPO Plans Button
TestPlanAndServicesFromEmployers: click PPO Plans Button
TestPlanAndServicesFromEmployers: click PPO Plans Button
TestPlanAndServicesFromEmployers: click PPO Plans Button
TestPlanAndServicesFromEmployers: click PPO Plans Button
TestPlanAndServicesFromEmployers: click PPO Plans Button
TestPlanAndServicesFromEmployers: click PPO Plans Button
TestPlanAndServicesFromEmployers: click PPO Plans Button
TestPlanAndServicesFromEmployers: click PPO Plans Button
TestPlanAndServicesFromEmployers: click PPO Plans Button
TestPlanAndServicesFromEmployers: click PPO Plans Button
TestPlanAndServicesFromEmployers: click PPO Plans Button
TestPlanAndServicesFromEmployers: click PPO Plans Button
TestPlanAndServicesFromEmployers: click PPO Plans Button
TestPlanAndServicesFromEmployers: click PPO Plans Button
TestPlanAndServicesFromEmployers: click PPO Plans Button
TestPlanAndServicesFromEmployers: click PPO Plans Button
TestPlanAndServicesFromEmployers: click PPO Plans Button
TestPlanAndServicesFromEmployers: click PPO Plans Button
TestPlanAndServicesFromEmployers: click PPO Plans Button
TestPlanAndServicesFromEmployers: click PPO Plans Button
TestPlanAndServicesFromEmployers: click PPO Plans Button
TestPlanAndServicesFromEmployers: click PPO Plans Button
TestPlanAndServicesFromEmployers: click PPO Plans Button
TestPlanAndServicesFromEmployers: click PPO Plans Button
TestPlanAndServicesFromEmployers: click PPO Plans Button
TestPlanAndServicesFromEmployers: click PPO Plans Button
TestPlanAndServicesFromEmployers: click PPO Plans Button
TestPlanAndServicesFromEmployers: click PPO Plans Button
TestPlanAndServicesFromEmployers: click PPO Plans Button
TestPlanAndServicesFromEmployers: click PPO Plans Button
TestPlanAndServicesFromEmployers: click PPO Plans Button
TestPlanAndServicesFromEmployers: click PPO Plans Button
TestPlanAndServicesFromEmployers: click PPO Plans Button
TestPlanAndServicesFromEmployers: click PPO Plans Button
TestPlanAndServicesFromEmployers: click PPO Plans Button
TestPlanAndServicesFromEmployers: click PPO Plans Button
TestPlanAndServicesFromEmployers: click PPO Plans Button
TestPlanAndServicesFromEmployers: click PPO Plans Button
TestPlanAndServicesFromEmployers: click PPO Plans Button
TestPlanAndServicesFromEmployers: click PPO Plans Button
TestPlanAndServicesFromEmployers: click PPO Plans Button
TestPlanAndServicesFromEmployers: click PPO Plans Button
TestPlanAndServicesFromEmployers: click PPO Plans Button
TestPlanAndServicesFromEmployers: click PPO Plans Button
TestPlanAndServicesFromEmployers: click PPO Plans Button
TestPlanAndServicesFromEmployers: click PPO Plans Button
TestPlanAndServicesFromEmployers: click PPO Plans Button
TestPlanAndServicesFromEmployers: click PPO Plans Button
TestPlanAndServicesFromEmployers: click PPO Plans Button
TestPlanAndServicesFromEmployers: click PPO Plans Button
TestPlanAndServicesFromEmployers: click PPO Plans Button
TestPlanAndServicesFromEmployers: click PPO Plans Button
TestPlanAndServicesFromEmployers: click PPO Plans Button
TestPlanAndServicesFromEmployers: click PPO Plans Button
TestPlanAndServicesFromEmployers: click PPO Plans Button
TestPlanAndServicesFromEmployers: click PPO Plans Button
TestPlanAndServicesFromEmployers: click PPO Plans Button
TestPlanAndServicesFromEmployers: click PPO Plans Button
TestPlanAndServicesFromEmployers: click PPO Plans Button
TestPlanAndServicesFromEmployers: click PPO Plans Button
TestPlanAndServicesFromEmployers: click PPO Plans Button
TestPlanAndServicesFromEmployers: click PPO Plans Button
TestPlanAndServicesFromEmployers: click PPO Plans Button
TestPlanAndServicesFromEmployers: click PPO Plans Button
TestPlanAndServicesFromEmployers: click PPO Plans Button
TestPlanAndServicesFromEmployers: click PPO Plans Button
TestPlanAndServicesFromEmployers: click PPO Plans Button
TestPlanAndServicesFromEmployers: click PPO Plans Button
TestPlanAndServicesFromEmployers: click PPO Plans Button
TestPlanAndServicesFromEmployers: click PPO Plans Button
TestPlanAndServicesFromEmployers: click PPO Plans Button
TestPlanAndServicesFromEmployers: click PPO Plans Button
TestPlanAndServicesFromEmployers: click PPO Plans Button
TestPlanAndServicesFromEmployers: click PPO Plans Button
TestPlanAndServicesFromEmployers: click PPO Plans Button
TestPlanAndServicesFromEmployers: click PPO Plans Button
TestPlanAndServicesFromEmployers: click PPO Plans Button
TestPlanAndServicesFromEmployers: click PPO Plans Button
TestPlanAndServicesFromEmployers: click PPO Plans Button
TestPlanAndServicesFromEmployers: click PPO Plans Button
TestPlanAndServicesFromEmployers: click PPO Plans Button
TestPlanAndServicesFromEmployers: click PPO Plans Button
TestPlanAndServicesFromEmployers: click PPO Plans Button
TestPlanAndServicesFromEmployers: click PPO Plans Button
TestPlanAndServicesFromEmployers: click PPO Plans Button
TestPlanAndServicesFromEmployers: click PPO Plans Button
TestPlanAndServicesFromEmployers: click PPO Plans Button
TestPlanAndServicesFromEmployers: click PPO Plans Button
TestPlanAndServicesFromEmployers: click PPO Plans Button
TestPlanAndServicesFromEmployers: click PPO Plans Button
TestPlanAndServicesFromEmployers: click PPO Plans Button
TestPlanAndServicesFromEmployers: click PPO Plans Button
TestPlanAndServicesFromEmployers: click PPO Plans Button
TestPlanAndServicesFromEmployers: click PPO Plans Button
TestPlanAndServicesFromEmployers: click PPO Plans Button
TestPlanAndServicesFromEmployers: click PPO Plans Button
TestPlanAndServicesFromEmployers: click PPO Plans Button
TestPlanAndServicesFromEmployers: click PPO Plans Button
TestPlanAndServicesFromEmployers: click PPO Plans Button
TestPlanAndServicesFromEmployers: click PPO Plans Button
TestPlanAndServicesFromEmployers: click PPO Plans Button
TestPlanAndServicesFromEmployers: click PPO Plans Button
TestPlanAndServicesFromEmployers: click PPO Plans Button
TestPlanAndServicesFromEmployers: click PPO Plans Button
TestPlanAndServicesFromEmployers: click PPO Plans Button
TestPlanAndServicesFromEmployers: click PPO Plans Button
TestPlanAndServicesFromEmployers: click PPO Plans Button
TestPlanAndServicesFromEmployers: click PPO Plans Button
TestPlanAndServicesFromEmployers: click PPO Plans Button
TestPlanAndServicesFromEmployers: click PPO Plans Button
TestPlanAndServicesFromEmployers: click PPO Plans Button
TestPlanAndServicesFromEmployers: click PPO Plans Button
TestPlanAndServicesFromEmployers: click PPO Plans Button
TestPlanAndServicesFromEmployers: click PPO Plans Button
TestPlanAndServicesFromEmployers: click PPO Plans Button
TestPlanAndServicesFromEmployers: click PPO Plans Button
TestPlanAndServicesFromEmployers: click PPO Plans Button
TestPlanAndServicesFromEmployers: click PPO Plans Button
TestPlanAndServicesFromEmployers: click PPO Plans Button
TestPlanAndServicesFromEmployers: click PPO Plans Button
TestPlanAndServicesFromEmployers: click PPO Plans Button
TestPlanAndServicesFromEmployers: click PPO Plans Button
TestPlanAndServicesFromEmployers: click PPO Plans Button
TestPlanAndServicesFromEmployers: click PPO Plans Button
TestPlanAndServicesFromEmployers: click PPO Plans Button
TestPlanAndServicesFromEmployers: click PPO Plans Button
TestPlanAndServicesFromEmployers: click PPO Plans Button
TestPlanAndServicesFromEmployers: click PPO Plans Button
TestPlanAndServicesFromEmployers: click PPO Plans Button
TestPlanAndServicesFromEmployers: click PPO Plans Button
TestPlanAndServicesFromEmployers: click PPO Plans Button
TestPlanAndServicesFromEmployers: click PPO Plans Button
TestPlanAndServicesFromEmployers: click PPO Plans Button
TestPlanAndServicesFromEmployers: click PPO Plans Button
TestPlanAndServicesFromEmployers: click PPO Plans Button
TestPlanAndServicesFromEmployers: click PPO Plans Button
TestPlanAndServicesFromEmployers: click PPO Plans Button
TestPlanAndServicesFromEmployers: click PPO Plans Button
TestPlanAndServicesFromEmployers: click PPO Plans Button
TestPlanAndServicesFromEmployers: click PPO Plans Button
TestPlanAndServicesFromEmployers: click PPO Plans Button
TestPlanAndServicesFromEmployers: click PPO Plans Button
TestPlanAndServicesFromEmployers: click PPO Plans Button
TestPlanAndServicesFromEmployers: click PPO Plans Button
TestPlanAndServicesFromEmployers: click PPO Plans Button
TestPlanAndServicesFromEmployers: click PPO Plans Button
TestPlanAndServicesFromEmployers: click PPO Plans Button
TestPlanAndServicesFromEmployers: click PPO Plans Button
TestPlanAndServicesFromEmployers: click PPO Plans Button
TestPlanAndServicesFromEmployers: click PPO Plans Button
TestPlanAndServicesFromEmployers: click PPO Plans Button
TestPlanAndServicesFromEmployers: click PPO Plans Button
TestPlanAndServicesFromEmployers: click PPO Plans Button
TestPlanAndServicesFromEmployers: click PPO Plans Button
TestPlanAndServicesFromEmployers: click PPO Plans Button
TestPlanAndServicesFromEmployers: click PPO Plans Button
TestPlanAndServicesFromEmployers: click PPO Plans Button
TestPlanAndServicesFromEmployers: click PPO Plans Button
TestPlanAndServicesFromEmployers: click PPO Plans Button
TestPlanAndServicesFromEmployers: click PPO Plans Button
TestPlanAndServicesFromEmployers: click PPO Plans Button
TestPlanAndServicesFromEmployers: click PPO Plans Button
TestPlanAndServicesFromEmployers: click PPO Plans Button
TestPlanAndServicesFromEmployers: click PPO Plans Button
TestPlanAndServicesFromEmployers: click PPO Plans Button
TestPlanAndServicesFromEmployers: click PPO Plans Button
TestPlanAndServicesFromEmployers: click PPO Plans Button
TestPlanAndServicesFromEmployers: click PPO Plans Button
TestPlanAndServicesFromEmployers: click PPO Plans Button
TestPlanAndServicesFromEmployers: click PPO Plans Button
TestPlanAndServicesFromEmployers: click PPO Plans Button
TestPlanAndServicesFromEmployers: click PPO Plans Button
TestPlanAndServicesFromEmployers: click PPO Plans Button
TestPlanAndServicesFromEmployers: click PPO Plans Button
TestPlanAndServicesFromEmployers: click PPO Plans Button
TestPlanAndServicesFromEmployers: click PPO Plans Button
TestPlanAndServicesFromEmployers: click PPO Plans Button
TestPlanAndServicesFromEmployers: click PPO Plans Button
TestPlanAndServicesFromEmployers: click PPO Plans Button
TestPlanAndServicesFromEmployers: click PPO Plans Button
TestPlanAndServicesFromEmployers: click PPO Plans Button
TestPlanAndServicesFromEmployers: click PPO Plans Button
TestPlanAndServicesFromEmployers: click PPO Plans Button
TestPlanAndServicesFromEmployers: click PPO Plans Button
TestPlanAndServicesFromEmployers: click PPO Plans Button
TestPlanAndServicesFromEmployers: click PPO Plans Button
TestPlanAndServicesFromEmployers: click PPO Plans Button
TestPlanAndServicesFromEmployers: click PPO Plans Button
TestPlanAndServicesFromEmployers: click PPO Plans Button
TestPlanAndServicesFromEmployers: click PPO Plans Button
TestPlanAndServicesFromEmployers: click PPO Plans Button
TestPlanAndServicesFromEmployers: click PPO Plans Button
TestPlanAndServicesFromEmployers: click PPO Plans Button
TestPlanAndServicesFromEmployers: click PPO Plans Button
TestPlanAndServicesFromEmployers: click PPO Plans Button
TestPlanAndServicesFromEmployers: click PPO Plans Button
TestPlanAndServicesFromEmployers: click PPO Plans Button
TestPlanAndServicesFromEmployers: click PPO Plans Button
TestPlanAndServicesFromEmployers: click PPO Plans Button
TestPlanAndServicesFromEmployers: click PPO Plans Button
TestPlanAndServicesFromEmployers: click PPO Plans Button
TestPlanAndServicesFromEmployers: click PPO Plans Button
TestPlanAndServicesFromEmployers: click PPO Plans Button
TestPlanAndServicesFromEmployers: click PPO Plans Button
TestPlanAndServicesFromEmployers: click PPO Plans Button
TestPlanAndServicesFromEmployers: click PPO Plans Button
TestPlanAndServicesFromEmployers: click PPO Plans Button
TestPlanAndServicesFromEmployers: click PPO Plans Button
TestPlanAndServicesFromEmployers: click PPO Plans Button
TestPlanAndServicesFromEmployers: click PPO Plans Button
TestPlanAndServicesFromEmployers: click PPO Plans Button
TestPlanAndServicesFromEmployers: click PPO Plans Button
TestPlanAndServicesFromEmployers: click PPO Plans Button
TestPlanAndServicesFromEmployers: click PPO Plans Button
TestPlanAndServicesFromEmployers: click PPO Plans Button
TestPlanAndServicesFromEmployers: click PPO Plans Button
TestPlanAndServicesFromEmployers: click PPO Plans Button
TestPlanAndServicesFromEmployers: click PPO Plans Button
TestPlanAndServicesFromEmployers: click PPO Plans Button
TestPlanAndServicesFromEmployers: click PPO Plans Button
TestPlanAndServicesFromEmployers: click PPO Plans Button
TestPlanAndServicesFromEmployers: click PPO Plans Button
TestPlanAndServicesFromEmployers: click PPO Plans Button
TestPlanAndServicesFromEmployers: click PPO Plans Button
TestPlanAndServicesFromEmployers: click PPO Plans Button
TestPlanAndServicesFromEmployers: click PPO Plans Button
TestPlanAndServicesFromEmployers: click PPO Plans Button
TestPlanAndServicesFromEmployers: click PPO Plans Button
TestPlanAndServicesFromEmployers: click PPO Plans Button
TestPlanAndServicesFromEmployers: click PPO Plans Button
TestPlanAndServicesFromEmployers: click PPO Plans Button
TestPlanAndServicesFromEmployers: click PPO Plans Button
TestPlanAndServicesFromEmployers: click PPO Plans Button
TestPlanAndServicesFromEmployers: click PPO Plans Button
TestPlanAndServicesFromEmployers: click PPO Plans Button
TestPlanAndServicesFromEmployers: click PPO Plans Button
TestPlanAndServicesFromEmployers: click PPO Plans Button
TestPlanAndServicesFromEmployers: click PPO Plans Button
TestPlanAndServicesFromEmployers: click PPO Plans Button
TestPlanAndServicesFromEmployers: click PPO Plans Button
TestPlanAndServicesFromEmployers: click PPO Plans Button
TestPlanAndServicesFromEmployers: click PPO Plans Button
TestPlanAndServicesFromEmployers: click PPO Plans Button
TestPlanAndServicesFromEmployers: click PPO Plans Button
TestPlanAndServicesFromEmployers: click PPO Plans Button
TestPlanAndServicesFromEmployers: click PPO Plans Button
TestPlanAndServicesFromEmployers: click PPO Plans Button
TestPlanAndServicesFromEmployers: click PPO Plans Button
TestPlanAndServicesFromEmployers: click PPO Plans Button
TestPlanAndServicesFromEmployers: click PPO Plans Button
TestPlanAndServicesFromEmployers: click PPO Plans Button
TestPlanAndServicesFromEmployers: click PPO Plans Button
TestPlanAndServicesFromEmployers: click PPO Plans Button
TestPlanAndServicesFromEmployers: click PPO Plans Button
TestPlanAndServicesFromEmployers: click PPO Plans Button
TestPlanAndServicesFromEmployers: click PPO Plans Button
TestPlanAndServicesFromEmployers: click PPO Plans Button
TestPlanAndServicesFromEmployers: click PPO Plans Button
TestPlanAndServicesFromEmployers: click PPO Plans Button
TestPlanAndServicesFromEmployers: click PPO Plans Button
TestPlanAndServicesFromEmployers: click PPO Plans Button
TestPlanAndServicesFromEmployers: click PPO Plans Button
TestPlanAndServicesFromEmployers: click PPO Plans Button
TestPlanAndServicesFromEmployers: click PPO Plans Button
TestPlanAndServicesFromEmployers: click PPO Plans Button
TestPlanAndServicesFromEmployers: click PPO Plans Button
TestPlanAndServicesFromEmployers: click PPO Plans Button
TestPlanAndServicesFromEmployers: click PPO Plans Button
TestPlanAndServicesFromEmployers: click PPO Plans Button
TestPlanAndServicesFromEmployers: click PPO Plans Button
TestPlanAndServicesFromEmployers: click PPO Plans Button
TestPlanAndServicesFromEmployers: click PPO Plans Button
TestPlanAndServicesFromEmployers: click PPO Plans Button
TestPlanAndServicesFromEmployers: click PPO Plans Button
TestPlanAndServicesFromEmployers: click PPO Plans Button
TestPlanAndServicesFromEmployers: click PPO Plans Button
TestPlanAndServicesFromEmployers: click PPO Plans Button
TestPlanAndServicesFromEmployers: click PPO Plans Button
TestPlanAndServicesFromEmployers: click PPO Plans Button
TestPlanAndServicesFromEmployers: click PPO Plans Button
TestPlanAndServicesFromEmployers: click PPO Plans Button
TestPlanAndServicesFromEmployers: click PPO Plans Button
TestPlanAndServicesFromEmployers: click PPO Plans Button
TestPlanAndServicesFromEmployers: click PPO Plans Button
TestPlanAndServicesFromEmployers: click PPO Plans Button
TestPlanAndServicesFromEmployers: click PPO Plans Button
TestPlanAndServicesFromEmployers: click PPO Plans Button
TestPlanAndServicesFromEmployers: click PPO Plans Button
TestPlanAndServicesFromEmployers: click PPO Plans Button
TestPlanAndServicesFromEmployers: click PPO Plans Button
TestPlanAndServicesFromEmployers: click PPO Plans Button
TestPlanAndServicesFromEmployers: click PPO Plans Button
TestPlanAndServicesFromEmployers: click PPO Plans Button
TestPlanAndServicesFromEmployers: click PPO Plans Button
TestPlanAndServicesFromEmployers: click PPO Plans Button
TestPlanAndServicesFromEmployers: click PPO Plans Button
TestPlanAndServicesFromEmployers: click PPO Plans Button
TestPlanAndServicesFromEmployers: click PPO Plans Button
TestPlanAndServicesFromEmployers: click PPO Plans Button
TestPlanAndServicesFromEmployers: click PPO Plans Button
TestPlanAndServicesFromEmployers: click PPO Plans Button
TestPlanAndServicesFromEmployers: click PPO Plans Button
TestPlanAndServicesFromEmployers: click PPO Plans Button
TestPlanAndServicesFromEmployers: click PPO Plans Button
TestPlanAndServicesFromEmployers: click PPO Plans Button
TestPlanAndServicesFromEmployers: click PPO Plans Button
TestPlanAndServicesFromEmployers: click PPO Plans Button
TestPlanAndServicesFromEmployers: click PPO Plans Button
TestPlanAndServicesFromEmployers: click PPO Plans Button
TestPlanAndServicesFromEmployers: click PPO Plans Button
TestPlanAndServicesFromEmployers: click PPO Plans Button
TestPlanAndServicesFromEmployers: click PPO Plans Button
TestPlanAndServicesFromEmployers: click PPO Plans Button
TestPlanAndServicesFromEmployers: click PPO Plans Button
TestPlanAndServicesFromEmployers: click PPO Plans Button
TestPlanAndServicesFromEmployers: click PPO Plans Button
TestPlanAndServicesFromEmployers: click PPO Plans Button
TestPlanAndServicesFromEmployers: click PPO Plans Button
TestPlanAndServicesFromEmployers: click PPO Plans Button
TestPlanAndServicesFromEmployers: click PPO Plans Button
TestPlanAndServicesFromEmployers: click PPO Plans Button
TestPlanAndServicesFromEmployers: click PPO Plans Button
TestPlanAndServicesFromEmployers: click PPO Plans Button
TestPlanAndServicesFromEmployers: click PPO Plans Button
TestPlanAndServicesFromEmployers: click PPO Plans Button
TestPlanAndServicesFromEmployers: click PPO Plans Button
TestPlanAndServicesFromEmployers: click PPO Plans Button
TestPlanAndServicesFromEmployers: click PPO Plans Button
TestPlanAndServicesFromEmployers: click PPO Plans Button
TestPlanAndServicesFromEmployers: click PPO Plans Button
TestPlanAndServicesFromEmployers: click PPO Plans Button
TestPlanAndServicesFromEmployers: click PPO Plans Button
TestPlanAndServicesFromEmployers: click PPO Plans Button
TestPlanAndServicesFromEmployers: click PPO Plans Button
TestPlanAndServicesFromEmployers: click PPO Plans Button
TestPlanAndServicesFromEmployers: click PPO Plans Button
TestPlanAndServicesFromEmployers: click PPO Plans Button
TestPlanAndServicesFromEmployers: click PPO Plans Button
TestPlanAndServicesFromEmployers: click PPO Plans Button
TestPlanAndServicesFromEmployers: click PPO Plans Button
TestPlanAndServicesFromEmployers: click PPO Plans Button
TestPlanAndServicesFromEmployers: click PPO Plans Button
TestPlanAndServicesFromEmployers: click PPO Plans Button
TestPlanAndServicesFromEmployers: click PPO Plans Button
TestPlanAndServicesFromEmployers: click PPO Plans Button
TestPlanAndServicesFromEmployers: click PPO Plans Button
TestPlanAndServicesFromEmployers: click PPO Plans Button
TestPlanAndServicesFromEmployers: click PPO Plans Button
TestPlanAndServicesFromEmployers: click PPO Plans Button
TestPlanAndServicesFromEmployers: click PPO Plans Button
TestPlanAndServicesFromEmployers: click PPO Plans Button
TestPlanAndServicesFromEmployers: click PPO Plans Button
TestPlanAndServicesFromEmployers: click PPO Plans Button
TestPlanAndServicesFromEmployers: click PPO Plans Button
TestPlanAndServicesFromEmployers: click PPO Plans Button
TestPlanAndServicesFromEmployers: click PPO Plans Button
TestPlanAndServicesFromEmployers: click PPO Plans Button
TestPlanAndServicesFromEmployers: click PPO Plans Button
TestPlanAndServicesFromEmployers: click PPO Plans Button
TestPlanAndServicesFromEmployers: click PPO Plans Button
TestPlanAndServicesFromEmployers: click PPO Plans Button
TestPlanAndServicesFromEmployers: click PPO Plans Button
TestPlanAndServicesFromEmployers: click PPO Plans Button
TestPlanAndServicesFromEmployers: click PPO Plans Button
TestPlanAndServicesFromEmployers: click PPO Plans Button
TestPlanAndServicesFromEmployers: click PPO Plans Button
TestPlanAndServicesFromEmployers: click PPO Plans Button
TestPlanAndServicesFromEmployers: click PPO Plans Button
TestPlanAndServicesFromEmployers: click PPO Plans Button
TestPlanAndServicesFromEmployers: click PPO Plans Button
TestPlanAndServicesFromEmployers: click PPO Plans Button
TestPlanAndServicesFromEmployers: click PPO Plans Button
TestPlanAndServicesFromEmployers: click PPO Plans Button
TestPlanAndServicesFromEmployers: click PPO Plans Button
TestPlanAndServicesFromEmployers: click PPO Plans Button
TestPlanAndServicesFromEmployers: click PPO Plans Button
TestPlanAndServicesFromEmployers: click PPO Plans Button
TestPlanAndServicesFromEmployers: click PPO Plans Button
TestPlanAndServicesFromEmployers: click PPO Plans Button
TestPlanAndServicesFromEmployers: click PPO Plans Button
TestPlanAndServicesFromEmployers: click PPO Plans Button
TestPlanAndServicesFromEmployers: click PPO Plans Button
TestPlanAndServicesFromEmployers: click PPO Plans Button
TestPlanAndServicesFromEmployers: click PPO Plans Button
TestPlanAndServicesFromEmployers: click PPO Plans Button
TestPlanAndServicesFromEmployers: click PPO Plans Button
TestPlanAndServicesFromEmployers: click PPO Plans Button
TestPlanAndServicesFromEmployers: click PPO Plans Button
TestPlanAndServicesFromEmployers: click PPO Plans Button
TestPlanAndServicesFromEmployers: click PPO Plans Button
TestPlanAndServicesFromEmployers: click PPO Plans Button
TestPlanAndServicesFromEmployers: click PPO Plans Button
TestPlanAndServicesFromEmployers: click PPO Plans Button
TestPlanAndServicesFromEmployers: click PPO Plans Button
TestPlanAndServicesFromEmployers: click PPO Plans Button
TestPlanAndServicesFromEmployers: click PPO Plans Button
TestPlanAndServicesFromEmployers: click PPO Plans Button
TestPlanAndServicesFromEmployers: click PPO Plans Button
TestPlanAndServicesFromEmployers: click PPO Plans Button
TestPlanAndServicesFromEmployers: click PPO Plans Button
TestPlanAndServicesFromEmployers: click PPO Plans Button
TestPlanAndServicesFromEmployers: click PPO Plans Button
TestPlanAndServicesFromEmployers: click PPO Plans Button
TestPlanAndServicesFromEmployers: click PPO Plans Button
TestPlanAndServicesFromEmployers: click PPO Plans Button
TestPlanAndServicesFromEmployers: click PPO Plans Button
TestPlanAndServicesFromEmployers: click PPO Plans Button
TestPlanAndServicesFromEmployers: click PPO Plans Button
TestPlanAndServicesFromEmployers: click PPO Plans Button
TestPlanAndServicesFromEmployers: click PPO Plans Button
TestPlanAndServicesFromEmployers: click PPO Plans Button
TestPlanAndServicesFromEmployers: click PPO Plans Button
TestPlanAndServicesFromEmployers: click PPO Plans Button
TestPlanAndServicesFromEmployers: click PPO Plans Button
TestPlanAndServicesFromEmployers: click PPO Plans Button
TestPlanAndServicesFromEmployers: click PPO Plans Button
TestPlanAndServicesFromEmployers: click PPO Plans Button
TestPlanAndServicesFromEmployers: click PPO Plans Button
TestPlanAndServicesFromEmployers: click PPO Plans Button
TestPlanAndServicesFromEmployers: click PPO Plans Button
TestPlanAndServicesFromEmployers: click PPO Plans Button
TestPlanAndServicesFromEmployers: click PPO Plans Button
TestPlanAndServicesFromEmployers: click PPO Plans Button
TestPlanAndServicesFromEmployers: click PPO Plans Button
TestPlanAndServicesFromEmployers: click PPO Plans Button
TestPlanAndServicesFromEmployers: click PPO Plans Button
TestPlanAndServicesFromEmployers: click PPO Plans Button
TestPlanAndServicesFromEmployers: click PPO Plans Button
TestPlanAndServicesFromEmployers: click PPO Plans Button
TestPlanAndServicesFromEmployers: click PPO Plans Button
TestPlanAndServicesFromEmployers: click PPO Plans Button
TestPlanAndServicesFromEmployers: click PPO Plans Button
TestPlanAndServicesFromEmployers: click PPO Plans Button
TestPlanAndServicesFromEmployers: click PPO Plans Button
TestPlanAndServicesFromEmployers: click PPO Plans Button
TestPlanAndServicesFromEmployers: click PPO Plans Button
TestPlanAndServicesFromEmployers: click PPO Plans Button
TestPlanAndServicesFromEmployers: click PPO Plans Button
TestPlanAndServicesFromEmployers: click PPO Plans Button
TestPlanAndServicesFromEmployers: click PPO Plans Button
TestPlanAndServicesFromEmployers: click PPO Plans Button
TestPlanAndServicesFromEmployers: click PPO Plans Button
TestPlanAndServicesFromEmployers: click PPO Plans Button
TestPlanAndServicesFromEmployers: click PPO Plans Button
TestPlanAndServicesFromEmployers: click PPO Plans Button
TestPlanAndServicesFromEmployers: click PPO Plans Button
TestPlanAndServicesFromEmployers: click PPO Plans Button
TestPlanAndServicesFromEmployers: click PPO Plans Button
TestPlanAndServicesFromEmployers: click PPO Plans Button
TestPlanAndServicesFromEmployers: click PPO Plans Button
TestPlanAndServicesFromEmployers: click PPO Plans Button
TestPlanAndServicesFromEmployers: click PPO Plans Button
TestPlanAndServicesFromEmployers: click PPO Plans Button
TestPlanAndServicesFromEmployers: click PPO Plans Button
TestPlanAndServicesFromEmployers: click PPO Plans Button
TestPlanAndServicesFromEmployers: click PPO Plans Button
TestPlanAndServicesFromEmployers: click PPO Plans Button
TestPlanAndServicesFromEmployers: click PPO Plans Button
TestPlanAndServicesFromEmployers: click PPO Plans Button
TestPlanAndServicesFromEmployers: click PPO Plans Button
TestPlanAndServicesFromEmployers: click PPO Plans Button
TestPlanAndServicesFromEmployers: click PPO Plans Button
TestPlanAndServicesFromEmployers: click PPO Plans Button
TestPlanAndServicesFromEmployers: click PPO Plans Button
TestPlanAndServicesFromEmployers: click PPO Plans Button
TestPlanAndServicesFromEmployers: click PPO Plans Button
TestPlanAndServicesFromEmployers: click PPO Plans Button
TestPlanAndServicesFromEmployers: click PPO Plans Button
TestPlanAndServicesFromEmployers: click PPO Plans Button
TestPlanAndServicesFromEmployers: click PPO Plans Button
TestPlanAndServicesFromEmployers: click PPO Plans Button
TestPlanAndServicesFromEmployers: click PPO Plans Button
TestPlanAndServicesFromEmployers: click PPO Plans Button
TestPlanAndServicesFromEmployers: click PPO Plans Button
TestPlanAndServicesFromEmployers: click PPO Plans Button
TestPlanAndServicesFromEmployers: click PPO Plans Button
TestPlanAndServicesFromEmployers: click PPO Plans Button
TestPlanAndServicesFromEmployers: click PPO Plans Button
TestPlanAndServicesFromEmployers: click PPO Plans Button
TestPlanAndServicesFromEmployers: click PPO Plans Button
TestPlanAndServicesFromEmployers: click PPO Plans Button
TestPlanAndServicesFromEmployers: click PPO Plans Button
TestPlanAndServicesFromEmployers: click PPO Plans Button
TestPlanAndServicesFromEmployers: click PPO Plans Button
TestPlanAndServicesFromEmployers: click PPO Plans Button
TestPlanAndServicesFromEmployers: click PPO Plans Button
TestPlanAndServicesFromEmployers: click PPO Plans Button
TestPlanAndServicesFromEmployers: click PPO Plans Button
TestPlanAndServicesFromEmployers: click PPO Plans Button
TestPlanAndServicesFromEmployers: click PPO Plans Button
TestPlanAndServicesFromEmployers: click PPO Plans Button
TestPlanAndServicesFromEmployers: click PPO Plans Button
TestPlanAndServicesFromEmployers: click PPO Plans Button
TestPlanAndServicesFromEmployers: click PPO Plans Button
TestPlanAndServicesFromEmployers: click PPO Plans Button
TestPlanAndServicesFromEmployers: click PPO Plans Button
TestPlanAndServicesFromEmployers: click PPO Plans Button
TestPlanAndServicesFromEmployers: click PPO Plans Button
TestPlanAndServicesFromEmployers: click PPO Plans Button
TestPlanAndServicesFromEmployers: click PPO Plans Button
TestPlanAndServicesFromEmployers: click PPO Plans Button
TestPlanAndServicesFromEmployers: click PPO Plans Button
TestPlanAndServicesFromEmployers: click PPO Plans Button
TestPlanAndServicesFromEmployers: click PPO Plans Button
TestPlanAndServicesFromEmployers: click PPO Plans Button
TestPlanAndServicesFromEmployers: click PPO Plans Button
TestPlanAndServicesFromEmployers: click PPO Plans Button
TestPlanAndServicesFromEmployers: click PPO Plans Button
TestPlanAndServicesFromEmployers: click PPO Plans Button
TestPlanAndServicesFromEmployers: click PPO Plans Button
TestPlanAndServicesFromEmployers: click PPO Plans Button
TestPlanAndServicesFromEmployers: click PPO Plans Button
TestPlanAndServicesFromEmployers: click PPO Plans Button
TestPlanAndServicesFromEmployers: click PPO Plans Button
TestPlanAndServicesFromEmployers: click PPO Plans Button
TestPlanAndServicesFromEmployers: click PPO Plans Button
TestPlanAndServicesFromEmployers: click PPO Plans Button
TestPlanAndServicesFromEmployers: click PPO Plans Button
TestPlanAndServicesFromEmployers: click PPO Plans Button
TestPlanAndServicesFromEmployers: click PPO Plans Button
TestPlanAndServicesFromEmployers: click PPO Plans Button
TestPlanAndServicesFromEmployers: click PPO Plans Button
TestPlanAndServicesFromEmployers: click PPO Plans Button
TestPlanAndServicesFromEmployers: click PPO Plans Button
TestPlanAndServicesFromEmployers: click PPO Plans Button
TestPlanAndServicesFromEmployers: click PPO Plans Button
TestPlanAndServicesFromEmployers: click PPO Plans Button
TestPlanAndServicesFromEmployers: click PPO Plans Button
TestPlanAndServicesFromEmployers: click PPO Plans Button
TestPlanAndServicesFromEmployers: click PPO Plans Button
TestPlanAndServicesFromEmployers: click PPO Plans Button
TestPlanAndServicesFromEmployers: click PPO Plans Button
TestPlanAndServicesFromEmployers: click PPO Plans Button
TestPlanAndServicesFromEmployers: click PPO Plans Button
TestPlanAndServicesFromEmployers: click PPO Plans Button
TestPlanAndServicesFromEmployers: click PPO Plans Button
TestPlanAndServicesFromEmployers: click PPO Plans Button
TestPlanAndServicesFromEmployers: click PPO Plans Button
TestPlanAndServicesFromEmployers: click PPO Plans Button
TestPlanAndServicesFromEmployers: click PPO Plans Button
TestPlanAndServicesFromEmployers: click PPO Plans Button
TestPlanAndServicesFromEmployers: click PPO Plans Button
TestPlanAndServicesFromEmployers: click PPO Plans Button
TestPlanAndServicesFromEmployers: click PPO Plans Button
TestPlanAndServicesFromEmployers: click PPO Plans Button
TestPlanAndServicesFromEmployers: click PPO Plans Button
TestPlanAndServicesFromEmployers: click PPO Plans Button
TestPlanAndServicesFromEmployers: click PPO Plans Button
TestPlanAndServicesFromEmployers: click PPO Plans Button
TestPlanAndServicesFromEmployers: click PPO Plans Button
TestPlanAndServicesFromEmployers: click PPO Plans Button
TestPlanAndServicesFromEmployers: click PPO Plans Button
TestPlanAndServicesFromEmployers: click PPO Plans Button
TestPlanAndServicesFromEmployers: click PPO Plans Button
TestPlanAndServicesFromEmployers: click PPO Plans Button
TestPlanAndServicesFromEmployers: click PPO Plans Button
TestPlanAndServicesFromEmployers: click PPO Plans Button
TestPlanAndServicesFromEmployers: click PPO Plans Button
TestPlanAndServicesFromEmployers: click PPO Plans Button
TestPlanAndServicesFromEmployers: click PPO Plans Button
TestPlanAndServicesFromEmployers: click PPO Plans Button
TestPlanAndServicesFromEmployers: click PPO Plans Button
TestPlanAndServicesFromEmployers: click PPO Plans Button
TestPlanAndServicesFromEmployers: click PPO Plans Button
TestPlanAndServicesFromEmployers: click PPO Plans Button
TestPlanAndServicesFromEmployers: click PPO Plans Button
TestPlanAndServicesFromEmployers: click PPO Plans Button
TestPlanAndServicesFromEmployers: click PPO Plans Button
TestPlanAndServicesFromEmployers: click PPO Plans Button
TestPlanAndServicesFromEmployers: click PPO Plans Button
TestPlanAndServicesFromEmployers: click PPO Plans Button
TestPlanAndServicesFromEmployers: click PPO Plans Button
TestPlanAndServicesFromEmployers: click PPO Plans Button
TestPlanAndServicesFromEmployers: click PPO Plans Button
TestPlanAndServicesFromEmployers: click PPO Plans Button
TestPlanAndServicesFromEmployers: click PPO Plans Button
TestPlanAndServicesFromEmployers: click PPO Plans Button
TestPlanAndServicesFromEmployers: click PPO Plans Button
TestPlanAndServicesFromEmployers: click PPO Plans Button
TestPlanAndServicesFromEmployers: click PPO Plans Button
TestPlanAndServicesFromEmployers: click PPO Plans Button
TestPlanAndServicesFromEmployers: click PPO Plans Button
TestPlanAndServicesFromEmployers: click PPO Plans Button
TestPlanAndServicesFromEmployers: click PPO Plans Button
TestPlanAndServicesFromEmployers: click PPO Plans Button
TestPlanAndServicesFromEmployers: click PPO Plans Button
TestPlanAndServicesFromEmployers: click PPO Plans Button
TestPlanAndServicesFromEmployers: click PPO Plans Button
TestPlanAndServicesFromEmployers: click PPO Plans Button
TestPlanAndServicesFromEmployers: click PPO Plans Button
TestPlanAndServicesFromEmployers: click PPO Plans Button
TestPlanAndServicesFromEmployers: click PPO Plans Button
TestPlanAndServicesFromEmployers: click PPO Plans Button
TestPlanAndServicesFromEmployers: click PPO Plans Button
TestPlanAndServicesFromEmployers: click PPO Plans Button
TestPlanAndServicesFromEmployers: click PPO Plans Button
TestPlanAndServicesFromEmployers: click PPO Plans Button
TestPlanAndServicesFromEmployers: click PPO Plans Button
TestPlanAndServicesFromEmployers: click PPO Plans Button
TestPlanAndServicesFromEmployers: click PPO Plans Button
TestPlanAndServicesFromEmployers: click PPO Plans Button
TestPlanAndServicesFromEmployers: click PPO Plans Button
TestPlanAndServicesFromEmployers: click PPO Plans Button
TestPlanAndServicesFromEmployers: click PPO Plans Button
TestPlanAndServicesFromEmployers: click PPO Plans Button
TestPlanAndServicesFromEmployers: click PPO Plans Button
TestPlanAndServicesFromEmployers: click PPO Plans Button
TestPlanAndServicesFromEmployers: click PPO Plans Button
TestPlanAndServicesFromEmployers: click PPO Plans Button
TestPlanAndServicesFromEmployers: click PPO Plans Button
TestPlanAndServicesFromEmployers: click PPO Plans Button
TestPlanAndServicesFromEmployers: click PPO Plans Button
TestPlanAndServicesFromEmployers: click PPO Plans Button
TestPlanAndServicesFromEmployers: click PPO Plans Button
TestPlanAndServicesFromEmployers: click PPO Plans Button
TestPlanAndServicesFromEmployers: click PPO Plans Button
TestPlanAndServicesFromEmployers: click PPO Plans Button
TestPlanAndServicesFromEmployers: click PPO Plans Button
TestPlanAndServicesFromEmployers: click PPO Plans Button
TestPlanAndServicesFromEmployers: click PPO Plans Button
TestPlanAndServicesFromEmployers: click PPO Plans Button
TestPlanAndServicesFromEmployers: click PPO Plans Button
TestPlanAndServicesFromEmployers: click PPO Plans Button
TestPlanAndServicesFromEmployers: click PPO Plans Button
TestPlanAndServicesFromEmployers: click PPO Plans Button
TestPlanAndServicesFromEmployers: click PPO Plans Button
TestPlanAndServicesFromEmployers: click PPO Plans Button
TestPlanAndServicesFromEmployers: click PPO Plans Button
TestPlanAndServicesFromEmployers: click PPO Plans Button
TestPlanAndServicesFromEmployers: click PPO Plans Button
TestPlanAndServicesFromEmployers: click PPO Plans Button
TestPlanAndServicesFromEmployers: click PPO Plans Button
TestPlanAndServicesFromEmployers: click PPO Plans Button
TestPlanAndServicesFromEmployers: click PPO Plans Button
TestPlanAndServicesFromEmployers: click PPO Plans Button
TestPlanAndServicesFromEmployers: click PPO Plans Button
TestPlanAndServicesFromEmployers: click PPO Plans Button
TestPlanAndServicesFromEmployers: click PPO Plans Button
TestPlanAndServicesFromEmployers: click PPO Plans Button
TestPlanAndServicesFromEmployers: click PPO Plans Button
TestPlanAndServicesFromEmployers: click PPO Plans Button
TestPlanAndServicesFromEmployers: click PPO Plans Button
TestPlanAndServicesFromEmployers: click PPO Plans Button
TestPlanAndServicesFromEmployers: click PPO Plans Button
TestPlanAndServicesFromEmployers: click PPO Plans Button
TestPlanAndServicesFromEmployers: click PPO Plans Button
TestPlanAndServicesFromEmployers: click PPO Plans Button
TestPlanAndServicesFromEmployers: click PPO Plans Button
TestPlanAndServicesFromEmployers: click PPO Plans Button
TestPlanAndServicesFromEmployers: click PPO Plans Button
TestPlanAndServicesFromEmployers: click PPO Plans Button
TestPlanAndServicesFromEmployers: click PPO Plans Button
TestPlanAndServicesFromEmployers: click PPO Plans Button
TestPlanAndServicesFromEmployers: click PPO Plans Button
TestPlanAndServicesFromEmployers: click PPO Plans Button
TestPlanAndServicesFromEmployers: click PPO Plans Button
TestPlanAndServicesFromEmployers: click PPO Plans Button
TestPlanAndServicesFromEmployers: click PPO Plans Button
TestPlanAndServicesFromEmployers: click PPO Plans Button
TestPlanAndServicesFromEmployers: click PPO Plans Button
TestPlanAndServicesFromEmployers: click PPO Plans Button
TestPlanAndServicesFromEmployers: click PPO Plans Button
TestPlanAndServicesFromEmployers: click PPO Plans Button
TestPlanAndServicesFromEmployers: click PPO Plans Button
TestPlanAndServicesFromEmployers: click PPO Plans Button
TestPlanAndServicesFromEmployers: click PPO Plans Button
TestPlanAndServicesFromEmployers: click PPO Plans Button
TestPlanAndServicesFromEmployers: click PPO Plans Button
TestPlanAndServicesFromEmployers: click PPO Plans Button
TestPlanAndServicesFromEmployers: click PPO Plans Button
TestPlanAndServicesFromEmployers: click PPO Plans Button
TestPlanAndServicesFromEmployers: click PPO Plans Button
TestPlanAndServicesFromEmployers: click PPO Plans Button
TestPlanAndServicesFromEmployers: click PPO Plans Button
TestPlanAndServicesFromEmployers: click PPO Plans Button
TestPlanAndServicesFromEmployers: click PPO Plans Button
TestPlanAndServicesFromEmployers: click PPO Plans Button
TestPlanAndServicesFromEmployers: click PPO Plans Button
TestPlanAndServicesFromEmployers: click PPO Plans Button
TestPlanAndServicesFromEmployers: click PPO Plans Button
TestPlanAndServicesFromEmployers: click PPO Plans Button
TestPlanAndServicesFromEmployers: click PPO Plans Button
TestPlanAndServicesFromEmployers: click PPO Plans Button
TestPlanAndServicesFromEmployers: click PPO Plans Button
TestPlanAndServicesFromEmployers: click PPO Plans Button
TestPlanAndServicesFromEmployers: click PPO Plans Button
TestPlanAndServicesFromEmployers: click PPO Plans Button
TestPlanAndServicesFromEmployers: click PPO Plans Button
TestPlanAndServicesFromEmployers: click PPO Plans Button
TestPlanAndServicesFromEmployers: click PPO Plans Button
TestPlanAndServicesFromEmployers: click PPO Plans Button
TestPlanAndServicesFromEmployers: click PPO Plans Button
TestPlanAndServicesFromEmployers: click PPO Plans Button
TestPlanAndServicesFromEmployers: click PPO Plans Button
TestPlanAndServicesFromEmployers: click PPO Plans Button
TestPlanAndServicesFromEmployers: click PPO Plans Button
TestPlanAndServicesFromEmployers: click PPO Plans Button
TestPlanAndServicesFromEmployers: click PPO Plans Button
TestPlanAndServicesFromEmployers: click PPO Plans Button
TestPlanAndServicesFromEmployers: click PPO Plans Button
TestPlanAndServicesFromEmployers: click PPO Plans Button
TestPlanAndServicesFromEmployers: click PPO Plans Button
TestPlanAndServicesFromEmployers: click PPO Plans Button
TestPlanAndServicesFromEmployers: click PPO Plans Button
TestPlanAndServicesFromEmployers: click PPO Plans Button
TestPlanAndServicesFromEmployers: click PPO Plans Button
TestPlanAndServicesFromEmployers: click PPO Plans Button
TestPlanAndServicesFromEmployers: click PPO Plans Button
TestPlanAndServicesFromEmployers: click PPO Plans Button
TestPlanAndServicesFromEmployers: click PPO Plans Button
TestPlanAndServicesFromEmployers: click PPO Plans Button
TestPlanAndServicesFromEmployers: click PPO Plans Button
TestPlanAndServicesFromEmployers: click PPO Plans Button
TestPlanAndServicesFromEmployers: click PPO Plans Button
TestPlanAndServicesFromEmployers: click PPO Plans Button
TestPlanAndServicesFromEmployers: click PPO Plans Button
TestPlanAndServicesFromEmployers: click PPO Plans Button
TestPlanAndServicesFromEmployers: click PPO Plans Button
TestPlanAndServicesFromEmployers: click PPO Plans Button
TestPlanAndServicesFromEmployers: click PPO Plans Button
TestPlanAndServicesFromEmployers: click PPO Plans Button
TestPlanAndServicesFromEmployers: click PPO Plans Button
TestPlanAndServicesFromEmployers: click PPO Plans Button
TestPlanAndServicesFromEmployers: click PPO Plans Button
TestPlanAndServicesFromEmployers: click PPO Plans Button
TestPlanAndServicesFromEmployers: click PPO Plans Button
TestPlanAndServicesFromEmployers: click PPO Plans Button
TestPlanAndServicesFromEmployers: click PPO Plans Button
TestPlanAndServicesFromEmployers: click PPO Plans Button
TestPlanAndServicesFromEmployers: click PPO Plans Button
TestPlanAndServicesFromEmployers: click PPO Plans Button
TestPlanAndServicesFromEmployers: click PPO Plans Button
TestPlanAndServicesFromEmployers: click PPO Plans Button
TestPlanAndServicesFromEmployers: click PPO Plans Button
TestPlanAndServicesFromEmployers: click PPO Plans Button
TestPlanAndServicesFromEmployers: click PPO Plans Button
TestPlanAndServicesFromEmployers: click PPO Plans Button
TestPlanAndServicesFromEmployers: click PPO Plans Button
TestPlanAndServicesFromEmployers: click PPO Plans Button
TestPlanAndServicesFromEmployers: click PPO Plans Button
TestPlanAndServicesFromEmployers: click PPO Plans Button
TestPlanAndServicesFromEmployers: click PPO Plans Button
TestPlanAndServicesFromEmployers: click PPO Plans Button
TestPlanAndServicesFromEmployers: click PPO Plans Button
TestPlanAndServicesFromEmployers: click PPO Plans Button
TestPlanAndServicesFromEmployers: click PPO Plans Button
TestPlanAndServicesFromEmployers: click PPO Plans Button
TestPlanAndServicesFromEmployers: click PPO Plans Button
TestPlanAndServicesFromEmployers: click PPO Plans Button
TestPlanAndServicesFromEmployers: click PPO Plans Button
TestPlanAndServicesFromEmployers: click PPO Plans Button
TestPlanAndServicesFromEmployers: click PPO Plans Button
TestPlanAndServicesFromEmployers: click PPO Plans Button
TestPlanAndServicesFromEmployers: click PPO Plans Button
TestPlanAndServicesFromEmployers: click PPO Plans Button
TestPlanAndServicesFromEmployers: click PPO Plans Button
TestPlanAndServicesFromEmployers: click PPO Plans Button
TestPlanAndServicesFromEmployers: click PPO Plans Button
TestPlanAndServicesFromEmployers: click PPO Plans Button
TestPlanAndServicesFromEmployers: click PPO Plans Button
TestPlanAndServicesFromEmployers: click PPO Plans Button
TestPlanAndServicesFromEmployers: click PPO Plans Button
TestPlanAndServicesFromEmployers: click PPO Plans Button
TestPlanAndServicesFromEmployers: click PPO Plans Button
TestPlanAndServicesFromEmployers: click PPO Plans Button
TestPlanAndServicesFromEmployers: click PPO Plans Button
TestPlanAndServicesFromEmployers: click PPO Plans Button
TestPlanAndServicesFromEmployers: click PPO Plans Button
TestPlanAndServicesFromEmployers: click PPO Plans Button
TestPlanAndServicesFromEmployers: click PPO Plans Button
TestPlanAndServicesFromEmployers: click PPO Plans Button
TestPlanAndServicesFromEmployers: click PPO Plans Button
TestPlanAndServicesFromEmployers: click PPO Plans Button
TestPlanAndServicesFromEmployers: click PPO Plans Button
TestPlanAndServicesFromEmployers: click PPO Plans Button
TestPlanAndServicesFromEmployers: click PPO Plans Button
TestPlanAndServicesFromEmployers: click PPO Plans Button
TestPlanAndServicesFromEmployers: click PPO Plans Button
TestPlanAndServicesFromEmployers: click PPO Plans Button
TestPlanAndServicesFromEmployers: click PPO Plans Button
TestPlanAndServicesFromEmployers: click PPO Plans Button
TestPlanAndServicesFromEmployers: click PPO Plans Button
TestPlanAndServicesFromEmployers: click PPO Plans Button
TestPlanAndServicesFromEmployers: click PPO Plans Button
TestPlanAndServicesFromEmployers: click PPO Plans Button
TestPlanAndServicesFromEmployers: click PPO Plans Button
TestPlanAndServicesFromEmployers: click PPO Plans Button
TestPlanAndServicesFromEmployers: click PPO Plans Button
TestPlanAndServicesFromEmployers: click PPO Plans Button
TestPlanAndServicesFromEmployers: click PPO Plans Button
TestPlanAndServicesFromEmployers: click PPO Plans Button
TestPlanAndServicesFromEmployers: click PPO Plans Button
TestPlanAndServicesFromEmployers: click PPO Plans Button
TestPlanAndServicesFromEmployers: click PPO Plans Button
TestPlanAndServicesFromEmployers: click PPO Plans Button
TestPlanAndServicesFromEmployers: click PPO Plans Button
TestPlanAndServicesFromEmployers: click PPO Plans Button
TestPlanAndServicesFromEmployers: click PPO Plans Button
TestPlanAndServicesFromEmployers: click PPO Plans Button
TestPlanAndServicesFromEmployers: click PPO Plans Button
TestPlanAndServicesFromEmployers: click PPO Plans Button
TestPlanAndServicesFromEmployers: click PPO Plans Button
TestPlanAndServicesFromEmployers: click PPO Plans Button
TestPlanAndServicesFromEmployers: click PPO Plans Button
TestPlanAndServicesFromEmployers: click PPO Plans Button
TestPlanAndServicesFromEmployers: click PPO Plans Button
TestPlanAndServicesFromEmployers: click PPO Plans Button
TestPlanAndServicesFromEmployers: click PPO Plans Button
TestPlanAndServicesFromEmployers: click PPO Plans Button
TestPlanAndServicesFromEmployers: click PPO Plans Button
TestPlanAndServicesFromEmployers: click PPO Plans Button
TestPlanAndServicesFromEmployers: click PPO Plans Button
TestPlanAndServicesFromEmployers: click PPO Plans Button
TestPlanAndServicesFromEmployers: click PPO Plans Button
TestPlanAndServicesFromEmployers: click PPO Plans Button
TestPlanAndServicesFromEmployers: click PPO Plans Button
TestPlanAndServicesFromEmployers: click PPO Plans Button
TestPlanAndServicesFromEmployers: click PPO Plans Button
TestPlanAndServicesFromEmployers: click PPO Plans Button
TestPlanAndServicesFromEmployers: click PPO Plans Button
TestPlanAndServicesFromEmployers: click PPO Plans Button
TestPlanAndServicesFromEmployers: click PPO Plans Button
TestPlanAndServicesFromEmployers: click PPO Plans Button
TestPlanAndServicesFromEmployers: click PPO Plans Button
TestPlanAndServicesFromEmployers: click PPO Plans Button
TestPlanAndServicesFromEmployers: click PPO Plans Button
TestPlanAndServicesFromEmployers: click PPO Plans Button
TestPlanAndServicesFromEmployers: click PPO Plans Button
TestPlanAndServicesFromEmployers: click PPO Plans Button
TestPlanAndServicesFromEmployers: click PPO Plans Button
TestPlanAndServicesFromEmployers: click PPO Plans Button
TestPlanAndServicesFromEmployers: click PPO Plans Button
TestPlanAndServicesFromEmployers: click PPO Plans Button
TestPlanAndServicesFromEmployers: click PPO Plans Button
TestPlanAndServicesFromEmployers: click PPO Plans Button
TestPlanAndServicesFromEmployers: click PPO Plans Button
TestPlanAndServicesFromEmployers: click PPO Plans Button
TestPlanAndServicesFromEmployers: click PPO Plans Button
TestPlanAndServicesFromEmployers: click PPO Plans Button
TestPlanAndServicesFromEmployers: click PPO Plans Button
TestPlanAndServicesFromEmployers: click PPO Plans Button
TestPlanAndServicesFromEmployers: click PPO Plans Button
TestPlanAndServicesFromEmployers: click PPO Plans Button
TestPlanAndServicesFromEmployers: click PPO Plans Button
TestPlanAndServicesFromEmployers: click PPO Plans Button
TestPlanAndServicesFromEmployers: click PPO Plans Button
TestPlanAndServicesFromEmployers: click PPO Plans Button
TestPlanAndServicesFromEmployers: click PPO Plans Button
TestPlanAndServicesFromEmployers: click PPO Plans Button
TestPlanAndServicesFromEmployers: click PPO Plans Button
TestPlanAndServicesFromEmployers: click PPO Plans Button
TestPlanAndServicesFromEmployers: click PPO Plans Button
TestPlanAndServicesFromEmployers: click PPO Plans Button
TestPlanAndServicesFromEmployers: click PPO Plans Button
TestPlanAndServicesFromEmployers: click PPO Plans Button
TestPlanAndServicesFromEmployers: click PPO Plans Button
TestPlanAndServicesFromEmployers: click PPO Plans Button
TestPlanAndServicesFromEmployers: click PPO Plans Button
TestPlanAndServicesFromEmployers: click PPO Plans Button
TestPlanAndServicesFromEmployers: click PPO Plans Button
TestPlanAndServicesFromEmployers: click PPO Plans Button
TestPlanAndServicesFromEmployers: click PPO Plans Button
TestPlanAndServicesFromEmployers: click PPO Plans Button
TestPlanAndServicesFromEmployers: click PPO Plans Button
TestPlanAndServicesFromEmployers: click PPO Plans Button
TestPlanAndServicesFromEmployers: click PPO Plans Button
TestPlanAndServicesFromEmployers: click PPO Plans Button
TestPlanAndServicesFromEmployers: click PPO Plans Button
TestPlanAndServicesFromEmployers: click PPO Plans Button
TestPlanAndServicesFromEmployers: click PPO Plans Button
TestPlanAndServicesFromEmployers: click PPO Plans Button
TestPlanAndServicesFromEmployers: click PPO Plans Button
TestPlanAndServicesFromEmployers: click PPO Plans Button
TestPlanAndServicesFromEmployers: click PPO Plans Button
TestPlanAndServicesFromEmployers: click PPO Plans Button
TestPlanAndServicesFromEmployers: click PPO Plans Button
TestPlanAndServicesFromEmployers: click PPO Plans Button
TestPlanAndServicesFromEmployers: click PPO Plans Button
TestPlanAndServicesFromEmployers: click PPO Plans Button
TestPlanAndServicesFromEmployers: click PPO Plans Button
TestPlanAndServicesFromEmployers: click PPO Plans Button
TestPlanAndServicesFromEmployers: click PPO Plans Button
TestPlanAndServicesFromEmployers: click PPO Plans Button
TestPlanAndServicesFromEmployers: click PPO Plans Button
TestPlanAndServicesFromEmployers: click PPO Plans Button
TestPlanAndServicesFromEmployers: click PPO Plans Button
TestPlanAndServicesFromEmployers: click PPO Plans Button
TestPlanAndServicesFromEmployers: click PPO Plans Button
TestPlanAndServicesFromEmployers: click PPO Plans Button
TestPlanAndServicesFromEmployers: click PPO Plans Button
TestPlanAndServicesFromEmployers: click PPO Plans Button
TestPlanAndServicesFromEmployers: click PPO Plans Button
TestPlanAndServicesFromEmployers: click PPO Plans Button
TestPlanAndServicesFromEmployers: click PPO Plans Button
TestPlanAndServicesFromEmployers: click PPO Plans Button
TestPlanAndServicesFromEmployers: click PPO Plans Button
TestPlanAndServicesFromEmployers: click PPO Plans Button
TestPlanAndServicesFromEmployers: click PPO Plans Button
TestPlanAndServicesFromEmployers: click PPO Plans Button
TestPlanAndServicesFromEmployers: click PPO Plans Button
TestPlanAndServicesFromEmployers: click PPO Plans Button
TestPlanAndServicesFromEmployers: click PPO Plans Button
TestPlanAndServicesFromEmployers: click PPO Plans Button
TestPlanAndServicesFromEmployers: click PPO Plans Button
TestPlanAndServicesFromEmployers: click PPO Plans Button
TestPlanAndServicesFromEmployers: click PPO Plans Button
TestPlanAndServicesFromEmployers: click PPO Plans Button
TestPlanAndServicesFromEmployers: click PPO Plans Button
TestPlanAndServicesFromEmployers: click PPO Plans Button
TestPlanAndServicesFromEmployers: click PPO Plans Button
TestPlanAndServicesFromEmployers: click PPO Plans Button
TestPlanAndServicesFromEmployers: click PPO Plans Button
TestPlanAndServicesFromEmployers: click PPO Plans Button
TestPlanAndServicesFromEmployers: click PPO Plans Button
TestPlanAndServicesFromEmployers: click PPO Plans Button
TestPlanAndServicesFromEmployers: click PPO Plans Button
TestPlanAndServicesFromEmployers: click PPO Plans Button
TestPlanAndServicesFromEmployers: click PPO Plans Button
TestPlanAndServicesFromEmployers: click PPO Plans Button
TestPlanAndServicesFromEmployers: click PPO Plans Button
TestPlanAndServicesFromEmployers: click PPO Plans Button
TestPlanAndServicesFromEmployers: click PPO Plans Button
TestPlanAndServicesFromEmployers: click PPO Plans Button
TestPlanAndServicesFromEmployers: click PPO Plans Button
TestPlanAndServicesFromEmployers: click PPO Plans Button
TestPlanAndServicesFromEmployers: click PPO Plans Button
TestPlanAndServicesFromEmployers: click PPO Plans Button
TestPlanAndServicesFromEmployers: click PPO Plans Button
TestPlanAndServicesFromEmployers: click PPO Plans Button
TestPlanAndServicesFromEmployers: click PPO Plans Button
TestPlanAndServicesFromEmployers: click PPO Plans Button
TestPlanAndServicesFromEmployers: click PPO Plans Button
TestPlanAndServicesFromEmployers: click PPO Plans Button
TestPlanAndServicesFromEmployers: click PPO Plans Button
TestPlanAndServicesFromEmployers: click PPO Plans Button
TestPlanAndServicesFromEmployers: click PPO Plans Button
TestPlanAndServicesFromEmployers: click PPO Plans Button
TestPlanAndServicesFromEmployers: click PPO Plans Button
TestPlanAndServicesFromEmployers: click PPO Plans Button
TestPlanAndServicesFromEmployers: click PPO Plans Button
TestPlanAndServicesFromEmployers: click PPO Plans Button
TestPlanAndServicesFromEmployers: click PPO Plans Button
TestPlanAndServicesFromEmployers: click PPO Plans Button
TestPlanAndServicesFromEmployers: click PPO Plans Button
TestPlanAndServicesFromEmployers: click PPO Plans Button
TestPlanAndServicesFromEmployers: click PPO Plans Button
TestPlanAndServicesFromEmployers: click PPO Plans Button
TestPlanAndServicesFromEmployers: click PPO Plans Button
TestPlanAndServicesFromEmployers: click PPO Plans Button
TestPlanAndServicesFromEmployers: click PPO Plans Button
TestPlanAndServicesFromEmployers: click PPO Plans Button
TestPlanAndServicesFromEmployers: click PPO Plans Button
TestPlanAndServicesFromEmployers: click PPO Plans Button
TestPlanAndServicesFromEmployers: click PPO Plans Button
TestPlanAndServicesFromEmployers: click PPO Plans Button
TestPlanAndServicesFromEmployers: click PPO Plans Button
TestPlanAndServicesFromEmployers: click PPO Plans Button
TestPlanAndServicesFromEmployers: click PPO Plans Button
TestPlanAndServicesFromEmployers: click PPO Plans Button
TestPlanAndServicesFromEmployers: click PPO Plans Button
TestPlanAndServicesFromEmployers: click PPO Plans Button
TestPlanAndServicesFromEmployers: click PPO Plans Button
TestPlanAndServicesFromEmployers: click PPO Plans Button
TestPlanAndServicesFromEmployers: click PPO Plans Button
TestPlanAndServicesFromEmployers: click PPO Plans Button
TestPlanAndServicesFromEmployers: click PPO Plans Button
TestPlanAndServicesFromEmployers: click PPO Plans Button
TestPlanAndServicesFromEmployers: click PPO Plans Button
TestPlanAndServicesFromEmployers: click PPO Plans Button
TestPlanAndServicesFromEmployers: click PPO Plans Button
TestPlanAndServicesFromEmployers: click PPO Plans Button
TestPlanAndServicesFromEmployers: click PPO Plans Button
TestPlanAndServicesFromEmployers: click PPO Plans Button
TestPlanAndServicesFromEmployers: click PPO Plans Button
TestPlanAndServicesFromEmployers: click PPO Plans Button
TestPlanAndServicesFromEmployers: click PPO Plans Button
TestPlanAndServicesFromEmployers: click PPO Plans Button
TestPlanAndServicesFromEmployers: click PPO Plans Button
TestPlanAndServicesFromEmployers: click PPO Plans Button
TestPlanAndServicesFromEmployers: click PPO Plans Button
TestPlanAndServicesFromEmployers: click PPO Plans Button
TestPlanAndServicesFromEmployers: click PPO Plans Button
TestPlanAndServicesFromEmployers: click PPO Plans Button
TestPlanAndServicesFromEmployers: click PPO Plans Button
TestPlanAndServicesFromEmployers: click PPO Plans Button
TestPlanAndServicesFromEmployers: click PPO Plans Button
TestPlanAndServicesFromEmployers: click PPO Plans Button
TestPlanAndServicesFromEmployers: click PPO Plans Button
TestPlanAndServicesFromEmployers: click PPO Plans Button
TestPlanAndServicesFromEmployers: click PPO Plans Button
TestPlanAndServicesFromEmployers: click PPO Plans Button
TestPlanAndServicesFromEmployers: click PPO Plans Button
TestPlanAndServicesFromEmployers: click PPO Plans Button
TestPlanAndServicesFromEmployers: click PPO Plans Button
TestPlanAndServicesFromEmployers: click PPO Plans Button
TestPlanAndServicesFromEmployers: click PPO Plans Button
TestPlanAndServicesFromEmployers: click PPO Plans Button
TestPlanAndServicesFromEmployers: click PPO Plans Button
TestPlanAndServicesFromEmployers: click PPO Plans Button
TestPlanAndServicesFromEmployers: click PPO Plans Button
TestPlanAndServicesFromEmployers: click PPO Plans Button
TestPlanAndServicesFromEmployers: click PPO Plans Button
TestPlanAndServicesFromEmployers: click PPO Plans Button
TestPlanAndServicesFromEmployers: click PPO Plans Button
TestPlanAndServicesFromEmployers: click PPO Plans Button
TestPlanAndServicesFromEmployers: click PPO Plans Button
TestPlanAndServicesFromEmployers: click PPO Plans Button
TestPlanAndServicesFromEmployers: click PPO Plans Button
TestPlanAndServicesFromEmployers: click PPO Plans Button
TestPlanAndServicesFromEmployers: click PPO Plans Button
TestPlanAndServicesFromEmployers: click PPO Plans Button
TestPlanAndServicesFromEmployers: click PPO Plans Button
TestPlanAndServicesFromEmployers: click PPO Plans Button
TestPlanAndServicesFromEmployers: click PPO Plans Button
TestPlanAndServicesFromEmployers: click PPO Plans Button
TestPlanAndServicesFromEmployers: click PPO Plans Button
TestPlanAndServicesFromEmployers: click PPO Plans Button
TestPlanAndServicesFromEmployers: click PPO Plans Button
TestPlanAndServicesFromEmployers: click PPO Plans Button
TestPlanAndServicesFromEmployers: click PPO Plans Button
TestPlanAndServicesFromEmployers: click PPO Plans Button
TestPlanAndServicesFromEmployers: click PPO Plans Button
TestPlanAndServicesFromEmployers: click PPO Plans Button
TestPlanAndServicesFromEmployers: click PPO Plans Button
TestPlanAndServicesFromEmployers: click PPO Plans Button
TestPlanAndServicesFromEmployers: click PPO Plans Button
TestPlanAndServicesFromEmployers: click PPO Plans Button
TestPlanAndServicesFromEmployers: click PPO Plans Button
TestPlanAndServicesFromEmployers: click PPO Plans Button
TestPlanAndServicesFromEmployers: click PPO Plans Button
TestPlanAndServicesFromEmployers: click PPO Plans Button
TestPlanAndServicesFromEmployers: click PPO Plans Button
TestPlanAndServicesFromEmployers: click PPO Plans Button
TestPlanAndServicesFromEmployers: click PPO Plans Button
TestPlanAndServicesFromEmployers: click PPO Plans Button
TestPlanAndServicesFromEmployers: click PPO Plans Button
TestPlanAndServicesFromEmployers: click PPO Plans Button
TestPlanAndServicesFromEmployers: click PPO Plans Button
TestPlanAndServicesFromEmployers: click PPO Plans Button
TestPlanAndServicesFromEmployers: click PPO Plans Button
TestPlanAndServicesFromEmployers: click PPO Plans Button
TestPlanAndServicesFromEmployers: click PPO Plans Button
TestPlanAndServicesFromEmployers: click PPO Plans Button
TestPlanAndServicesFromEmployers: click PPO Plans Button
TestPlanAndServicesFromEmployers: click PPO Plans Button
TestPlanAndServicesFromEmployers: click PPO Plans Button
TestPlanAndServicesFromEmployers: click PPO Plans Button
TestPlanAndServicesFromEmployers: click PPO Plans Button
TestPlanAndServicesFromEmployers: click PPO Plans Button
TestPlanAndServicesFromEmployers: click PPO Plans Button
TestPlanAndServicesFromEmployers: click PPO Plans Button
TestPlanAndServicesFromEmployers: click PPO Plans Button
TestPlanAndServicesFromEmployers: click PPO Plans Button
TestPlanAndServicesFromEmployers: click PPO Plans Button
TestPlanAndServicesFromEmployers: click PPO Plans Button
TestPlanAndServicesFromEmployers: click PPO Plans Button
TestPlanAndServicesFromEmployers: click PPO Plans Button
TestPlanAndServicesFromEmployers: click PPO Plans Button
TestPlanAndServicesFromEmployers: click PPO Plans Button
TestPlanAndServicesFromEmployers: click PPO Plans Button
TestPlanAndServicesFromEmployers: click PPO Plans Button
TestPlanAndServicesFromEmployers: click PPO Plans Button
TestPlanAndServicesFromEmployers: click PPO Plans Button
TestPlanAndServicesFromEmployers: click PPO Plans Button
TestPlanAndServicesFromEmployers: click PPO Plans Button
TestPlanAndServicesFromEmployers: click PPO Plans Button
TestPlanAndServicesFromEmployers: click PPO Plans Button
TestPlanAndServicesFromEmployers: click PPO Plans Button
TestPlanAndServicesFromEmployers: click PPO Plans Button
TestPlanAndServicesFromEmployers: click PPO Plans Button
TestPlanAndServicesFromEmployers: click PPO Plans Button
TestPlanAndServicesFromEmployers: click PPO Plans Button
TestPlanAndServicesFromEmployers: click PPO Plans Button
TestPlanAndServicesFromEmployers: click PPO Plans Button
TestPlanAndServicesFromEmployers: click PPO Plans Button
TestPlanAndServicesFromEmployers: click PPO Plans Button
TestPlanAndServicesFromEmployers: click PPO Plans Button
TestPlanAndServicesFromEmployers: click PPO Plans Button
TestPlanAndServicesFromEmployers: click PPO Plans Button
TestPlanAndServicesFromEmployers: click PPO Plans Button
TestPlanAndServicesFromEmployers: click PPO Plans Button
TestPlanAndServicesFromEmployers: click PPO Plans Button
TestPlanAndServicesFromEmployers: click PPO Plans Button
TestPlanAndServicesFromEmployers: click PPO Plans Button
TestPlanAndServicesFromEmployers: click PPO Plans Button
TestPlanAndServicesFromEmployers: click PPO Plans Button
TestPlanAndServicesFromEmployers: click PPO Plans Button
TestPlanAndServicesFromEmployers: click PPO Plans Button
TestPlanAndServicesFromEmployers: click PPO Plans Button
TestPlanAndServicesFromEmployers: click PPO Plans Button
TestPlanAndServicesFromEmployers: click PPO Plans Button
TestPlanAndServicesFromEmployers: click PPO Plans Button
TestPlanAndServicesFromEmployers: click PPO Plans Button
TestPlanAndServicesFromEmployers: click PPO Plans Button
TestPlanAndServicesFromEmployers: click PPO Plans Button
TestPlanAndServicesFromEmployers: click PPO Plans Button
TestPlanAndServicesFromEmployers: click PPO Plans Button
TestPlanAndServicesFromEmployers: click PPO Plans Button
TestPlanAndServicesFromEmployers: click PPO Plans Button
TestPlanAndServicesFromEmployers: click PPO Plans Button
TestPlanAndServicesFromEmployers: click PPO Plans Button
TestPlanAndServicesFromEmployers: click PPO Plans Button
TestPlanAndServicesFromEmployers: click PPO Plans Button
TestPlanAndServicesFromEmployers: click PPO Plans Button
TestPlanAndServicesFromEmployers: click PPO Plans Button
TestPlanAndServicesFromEmployers: click PPO Plans Button
TestPlanAndServicesFromEmployers: click PPO Plans Button
TestPlanAndServicesFromEmployers: click PPO Plans Button
TestPlanAndServicesFromEmployers: click PPO Plans Button
TestPlanAndServicesFromEmployers: click PPO Plans Button
TestPlanAndServicesFromEmployers: click PPO Plans Button
TestPlanAndServicesFromEmployers: click PPO Plans Button
TestPlanAndServicesFromEmployers: click PPO Plans Button
TestPlanAndServicesFromEmployers: click PPO Plans Button
TestPlanAndServicesFromEmployers: click PPO Plans Button
TestPlanAndServicesFromEmployers: click PPO Plans Button
TestPlanAndServicesFromEmployers: click PPO Plans Button
TestPlanAndServicesFromEmployers: click PPO Plans Button
TestPlanAndServicesFromEmployers: click PPO Plans Button
TestPlanAndServicesFromEmployers: click PPO Plans Button
TestPlanAndServicesFromEmployers: click PPO Plans Button
TestPlanAndServicesFromEmployers: click PPO Plans Button
TestPlanAndServicesFromEmployers: click PPO Plans Button
TestPlanAndServicesFromEmployers: click PPO Plans Button
TestPlanAndServicesFromEmployers: click PPO Plans Button
TestPlanAndServicesFromEmployers: click PPO Plans Button
TestPlanAndServicesFromEmployers: click PPO Plans Button
TestPlanAndServicesFromEmployers: click PPO Plans Button
TestPlanAndServicesFromEmployers: click PPO Plans Button
TestPlanAndServicesFromEmployers: click PPO Plans Button
TestPlanAndServicesFromEmployers: click PPO Plans Button
TestPlanAndServicesFromEmployers: click PPO Plans Button
TestPlanAndServicesFromEmployers: click PPO Plans Button
TestPlanAndServicesFromEmployers: click PPO Plans Button
TestPlanAndServicesFromEmployers: click PPO Plans Button
TestPlanAndServicesFromEmployers: click PPO Plans Button
TestPlanAndServicesFromEmployers: click PPO Plans Button
TestPlanAndServicesFromEmployers: click PPO Plans Button
TestPlanAndServicesFromEmployers: click PPO Plans Button
TestPlanAndServicesFromEmployers: click PPO Plans Button
TestPlanAndServicesFromEmployers: click PPO Plans Button
TestPlanAndServicesFromEmployers: click PPO Plans Button
TestPlanAndServicesFromEmployers: click PPO Plans Button
TestPlanAndServicesFromEmployers: click PPO Plans Button
TestPlanAndServicesFromEmployers: click PPO Plans Button
TestPlanAndServicesFromEmployers: click PPO Plans Button
TestPlanAndServicesFromEmployers: click PPO Plans Button
TestPlanAndServicesFromEmployers: click PPO Plans Button
TestPlanAndServicesFromEmployers: click PPO Plans Button
TestPlanAndServicesFromEmployers: click PPO Plans Button
TestPlanAndServicesFromEmployers: click PPO Plans Button
TestPlanAndServicesFromEmployers: click PPO Plans Button
TestPlanAndServicesFromEmployers: click PPO Plans Button
TestPlanAndServicesFromEmployers: click PPO Plans Button
TestPlanAndServicesFromEmployers: click PPO Plans Button
TestPlanAndServicesFromEmployers: click PPO Plans Button
TestPlanAndServicesFromEmployers: click PPO Plans Button
TestPlanAndServicesFromEmployers: click PPO Plans Button
TestPlanAndServicesFromEmployers: click PPO Plans Button
TestPlanAndServicesFromEmployers: click PPO Plans Button
TestPlanAndServicesFromEmployers: click PPO Plans Button
TestPlanAndServicesFromEmployers: click PPO Plans Button
TestPlanAndServicesFromEmployers: click PPO Plans Button
TestPlanAndServicesFromEmployers: click PPO Plans Button
TestPlanAndServicesFromEmployers: click PPO Plans Button
TestPlanAndServicesFromEmployers: click PPO Plans Button
TestPlanAndServicesFromEmployers: click PPO Plans Button
TestPlanAndServicesFromEmployers: click PPO Plans Button
TestPlanAndServicesFromEmployers: click PPO Plans Button
TestPlanAndServicesFromEmployers: click PPO Plans Button
TestPlanAndServicesFromEmployers: click PPO Plans Button
TestPlanAndServicesFromEmployers: click PPO Plans Button
TestPlanAndServicesFromEmployers: click PPO Plans Button
TestPlanAndServicesFromEmployers: click PPO Plans Button
TestPlanAndServicesFromEmployers: click PPO Plans Button
TestPlanAndServicesFromEmployers: click PPO Plans Button
TestPlanAndServicesFromEmployers: click PPO Plans Button
TestPlanAndServicesFromEmployers: click PPO Plans Button
TestPlanAndServicesFromEmployers: click PPO Plans Button
TestPlanAndServicesFromEmployers: click PPO Plans Button
TestPlanAndServicesFromEmployers: click PPO Plans Button
TestPlanAndServicesFromEmployers: click PPO Plans Button
TestPlanAndServicesFromEmployers: click PPO Plans Button
TestPlanAndServicesFromEmployers: click PPO Plans Button
TestPlanAndServicesFromEmployers: click PPO Plans Button
TestPlanAndServicesFromEmployers: click PPO Plans Button
TestPlanAndServicesFromEmployers: click PPO Plans Button
TestPlanAndServicesFromEmployers: click PPO Plans Button
TestPlanAndServicesFromEmployers: click PPO Plans Button
TestPlanAndServicesFromEmployers: click PPO Plans Button
TestPlanAndServicesFromEmployers: click PPO Plans Button
TestPlanAndServicesFromEmployers: click PPO Plans Button
TestPlanAndServicesFromEmployers: click PPO Plans Button
TestPlanAndServicesFromEmployers: click PPO Plans Button
TestPlanAndServicesFromEmployers: click PPO Plans Button
TestPlanAndServicesFromEmployers: click PPO Plans Button
TestPlanAndServicesFromEmployers: click PPO Plans Button
TestPlanAndServicesFromEmployers: click PPO Plans Button
TestPlanAndServicesFromEmployers: click PPO Plans Button
TestPlanAndServicesFromEmployers: click PPO Plans Button
TestPlanAndServicesFromEmployers: click PPO Plans Button
TestPlanAndServicesFromEmployers: click PPO Plans Button
TestPlanAndServicesFromEmployers: click PPO Plans Button
TestPlanAndServicesFromEmployers: click PPO Plans Button
TestPlanAndServicesFromEmployers: click PPO Plans Button
TestPlanAndServicesFromEmployers: click PPO Plans Button
TestPlanAndServicesFromEmployers: click PPO Plans Button
TestPlanAndServicesFromEmployers: click PPO Plans Button
TestPlanAndServicesFromEmployers: click PPO Plans Button
TestPlanAndServicesFromEmployers: click PPO Plans Button
TestPlanAndServicesFromEmployers: click PPO Plans Button
TestPlanAndServicesFromEmployers: click PPO Plans Button
TestPlanAndServicesFromEmployers: click PPO Plans Button
TestPlanAndServicesFromEmployers: click PPO Plans Button
TestPlanAndServicesFromEmployers: click PPO Plans Button
TestPlanAndServicesFromEmployers: click PPO Plans Button
TestPlanAndServicesFromEmployers: click PPO Plans Button
TestPlanAndServicesFromEmployers: click PPO Plans Button
TestPlanAndServicesFromEmployers: click PPO Plans Button
TestPlanAndServicesFromEmployers: click PPO Plans Button
TestPlanAndServicesFromEmployers: click PPO Plans Button
TestPlanAndServicesFromEmployers: click PPO Plans Button
TestPlanAndServicesFromEmployers: click PPO Plans Button
TestPlanAndServicesFromEmployers: click PPO Plans Button
TestPlanAndServicesFromEmployers: click PPO Plans Button
TestPlanAndServicesFromEmployers: click PPO Plans Button
TestPlanAndServicesFromEmployers: click PPO Plans Button
TestPlanAndServicesFromEmployers: click PPO Plans Button
TestPlanAndServicesFromEmployers: click PPO Plans Button
TestPlanAndServicesFromEmployers: click PPO Plans Button
TestPlanAndServicesFromEmployers: click PPO Plans Button
TestPlanAndServicesFromEmployers: click PPO Plans Button
TestPlanAndServicesFromEmployers: click PPO Plans Button
TestPlanAndServicesFromEmployers: click PPO Plans Button
TestPlanAndServicesFromEmployers: click PPO Plans Button
TestPlanAndServicesFromEmployers: click PPO Plans Button
TestPlanAndServicesFromEmployers: click PPO Plans Button
TestPlanAndServicesFromEmployers: click PPO Plans Button
TestPlanAndServicesFromEmployers: click PPO Plans Button
TestPlanAndServicesFromEmployers: click PPO Plans Button
TestPlanAndServicesFromEmployers: click PPO Plans Button
TestPlanAndServicesFromEmployers: click PPO Plans Button
TestPlanAndServicesFromEmployers: click PPO Plans Button
TestPlanAndServicesFromEmployers: click PPO Plans Button
TestPlanAndServicesFromEmployers: click PPO Plans Button
TestPlanAndServicesFromEmployers: click PPO Plans Button
TestPlanAndServicesFromEmployers: click PPO Plans Button
TestPlanAndServicesFromEmployers: click PPO Plans Button
TestPlanAndServicesFromEmployers: click PPO Plans Button
TestPlanAndServicesFromEmployers: click PPO Plans Button
TestPlanAndServicesFromEmployers: click PPO Plans Button
TestPlanAndServicesFromEmployers: click PPO Plans Button
TestPlanAndServicesFromEmployers: click PPO Plans Button
TestPlanAndServicesFromEmployers: click PPO Plans Button
TestPlanAndServicesFromEmployers: click PPO Plans Button
TestPlanAndServicesFromEmployers: click PPO Plans Button
TestPlanAndServicesFromEmployers: click PPO Plans Button
TestPlanAndServicesFromEmployers: click PPO Plans Button
TestPlanAndServicesFromEmployers: click PPO Plans Button
TestPlanAndServicesFromEmployers: click PPO Plans Button
TestPlanAndServicesFromEmployers: click PPO Plans Button
TestPlanAndServicesFromEmployers: click PPO Plans Button
TestPlanAndServicesFromEmployers: click PPO Plans Button
TestPlanAndServicesFromEmployers: click PPO Plans Button
TestPlanAndServicesFromEmployers: click PPO Plans Button
TestPlanAndServicesFromEmployers: click PPO Plans Button
TestPlanAndServicesFromEmployers: click PPO Plans Button
TestPlanAndServicesFromEmployers: click PPO Plans Button
TestPlanAndServicesFromEmployers: click PPO Plans Button
TestPlanAndServicesFromEmployers: click PPO Plans Button
TestPlanAndServicesFromEmployers: click PPO Plans Button
TestPlanAndServicesFromEmployers: click PPO Plans Button
TestPlanAndServicesFromEmployers: click PPO Plans Button
TestPlanAndServicesFromEmployers: click PPO Plans Button
TestPlanAndServicesFromEmployers: click PPO Plans Button
TestPlanAndServicesFromEmployers: click PPO Plans Button
TestPlanAndServicesFromEmployers: click PPO Plans Button
TestPlanAndServicesFromEmployers: click PPO Plans Button
TestPlanAndServicesFromEmployers: click PPO Plans Button
TestPlanAndServicesFromEmployers: click PPO Plans Button
TestPlanAndServicesFromEmployers: click PPO Plans Button
TestPlanAndServicesFromEmployers: click PPO Plans Button
TestPlanAndServicesFromEmployers: click PPO Plans Button
TestPlanAndServicesFromEmployers: click PPO Plans Button
TestPlanAndServicesFromEmployers: click PPO Plans Button
TestPlanAndServicesFromEmployers: click PPO Plans Button
TestPlanAndServicesFromEmployers: click PPO Plans Button
TestPlanAndServicesFromEmployers: click PPO Plans Button
TestPlanAndServicesFromEmployers: click PPO Plans Button
TestPlanAndServicesFromEmployers: click PPO Plans Button
TestPlanAndServicesFromEmployers: click PPO Plans Button
TestPlanAndServicesFromEmployers: click PPO Plans Button
TestPlanAndServicesFromEmployers: click PPO Plans Button
TestPlanAndServicesFromEmployers: click PPO Plans Button
TestPlanAndServicesFromEmployers: click PPO Plans Button
TestPlanAndServicesFromEmployers: click PPO Plans Button
TestPlanAndServicesFromEmployers: click PPO Plans Button
TestPlanAndServicesFromEmployers: click PPO Plans Button
TestPlanAndServicesFromEmployers: click PPO Plans Button
TestPlanAndServicesFromEmployers: click PPO Plans Button
TestPlanAndServicesFromEmployers: click PPO Plans Button
TestPlanAndServicesFromEmployers: click PPO Plans Button
TestPlanAndServicesFromEmployers: click PPO Plans Button
TestPlanAndServicesFromEmployers: click PPO Plans Button
TestPlanAndServicesFromEmployers: click PPO Plans Button
TestPlanAndServicesFromEmployers: click PPO Plans Button
TestPlanAndServicesFromEmployers: click PPO Plans Button
TestPlanAndServicesFromEmployers: click PPO Plans Button
TestPlanAndServicesFromEmployers: click PPO Plans Button
TestPlanAndServicesFromEmployers: click PPO Plans Button
TestPlanAndServicesFromEmployers: click PPO Plans Button
TestPlanAndServicesFromEmployers: click PPO Plans Button
TestPlanAndServicesFromEmployers: click PPO Plans Button
TestPlanAndServicesFromEmployers: click PPO Plans Button
TestPlanAndServicesFromEmployers: click PPO Plans Button
TestPlanAndServicesFromEmployers: click PPO Plans Button
TestPlanAndServicesFromEmployers: click PPO Plans Button
TestPlanAndServicesFromEmployers: click PPO Plans Button
TestPlanAndServicesFromEmployers: click PPO Plans Button
TestPlanAndServicesFromEmployers: click PPO Plans Button
TestPlanAndServicesFromEmployers: click PPO Plans Button
TestPlanAndServicesFromEmployers: click PPO Plans Button
TestPlanAndServicesFromEmployers: click PPO Plans Button
TestPlanAndServicesFromEmployers: click PPO Plans Button
TestPlanAndServicesFromEmployers: click PPO Plans Button
TestPlanAndServicesFromEmployers: click PPO Plans Button
TestPlanAndServicesFromEmployers: click PPO Plans Button
TestPlanAndServicesFromEmployers: click PPO Plans Button
TestPlanAndServicesFromEmployers: click PPO Plans Button
TestPlanAndServicesFromEmployers: click PPO Plans Button
TestPlanAndServicesFromEmployers: click PPO Plans Button
TestPlanAndServicesFromEmployers: click PPO Plans Button
TestPlanAndServicesFromEmployers: click PPO Plans Button
TestPlanAndServicesFromEmployers: click PPO Plans Button
TestPlanAndServicesFromEmployers: click PPO Plans Button
TestPlanAndServicesFromEmployers: click PPO Plans Button
TestPlanAndServicesFromEmployers: click PPO Plans Button
TestPlanAndServicesFromEmployers: click PPO Plans Button
TestPlanAndServicesFromEmployers: click PPO Plans Button
TestPlanAndServicesFromEmployers: click PPO Plans Button
TestPlanAndServicesFromEmployers: click PPO Plans Button
TestPlanAndServicesFromEmployers: click PPO Plans Button
TestPlanAndServicesFromEmployers: click PPO Plans Button
TestPlanAndServicesFromEmployers: click PPO Plans Button
TestPlanAndServicesFromEmployers: click PPO Plans Button
TestPlanAndServicesFromEmployers: click PPO Plans Button
TestPlanAndServicesFromEmployers: click PPO Plans Button
TestPlanAndServicesFromEmployers: click PPO Plans Button
TestPlanAndServicesFromEmployers: click PPO Plans Button
TestPlanAndServicesFromEmployers: click PPO Plans Button
TestPlanAndServicesFromEmployers: click PPO Plans Button
TestPlanAndServicesFromEmployers: click PPO Plans Button
TestPlanAndServicesFromEmployers: click PPO Plans Button
TestPlanAndServicesFromEmployers: click PPO Plans Button
TestPlanAndServicesFromEmployers: click PPO Plans Button
TestPlanAndServicesFromEmployers: click PPO Plans Button
TestPlanAndServicesFromEmployers: click PPO Plans Button
TestPlanAndServicesFromEmployers: click PPO Plans Button
TestPlanAndServicesFromEmployers: click PPO Plans Button
TestPlanAndServicesFromEmployers: click PPO Plans Button
TestPlanAndServicesFromEmployers: click PPO Plans Button
TestPlanAndServicesFromEmployers: click PPO Plans Button
TestPlanAndServicesFromEmployers: click PPO Plans Button
TestPlanAndServicesFromEmployers: click PPO Plans Button
TestPlanAndServicesFromEmployers: click PPO Plans Button
TestPlanAndServicesFromEmployers: click PPO Plans Button
TestPlanAndServicesFromEmployers: click PPO Plans Button
TestPlanAndServicesFromEmployers: click PPO Plans Button
TestPlanAndServicesFromEmployers: click PPO Plans Button
TestPlanAndServicesFromEmployers: click PPO Plans Button
TestPlanAndServicesFromEmployers: click PPO Plans Button
TestPlanAndServicesFromEmployers: click PPO Plans Button
TestPlanAndServicesFromEmployers: click PPO Plans Button
TestPlanAndServicesFromEmployers: click PPO Plans Button
TestPlanAndServicesFromEmployers: click PPO Plans Button
TestPlanAndServicesFromEmployers: click PPO Plans Button
TestPlanAndServicesFromEmployers: click PPO Plans Button
TestPlanAndServicesFromEmployers: click PPO Plans Button
TestPlanAndServicesFromEmployers: click PPO Plans Button
TestPlanAndServicesFromEmployers: click PPO Plans Button
TestPlanAndServicesFromEmployers: click PPO Plans Button
TestPlanAndServicesFromEmployers: click PPO Plans Button
TestPlanAndServicesFromEmployers: click PPO Plans Button
TestPlanAndServicesFromEmployers: click PPO Plans Button
TestPlanAndServicesFromEmployers: click PPO Plans Button
TestPlanAndServicesFromEmployers: click PPO Plans Button
TestPlanAndServicesFromEmployers: click PPO Plans Button
TestPlanAndServicesFromEmployers: click PPO Plans Button
TestPlanAndServicesFromEmployers: click PPO Plans Button
TestPlanAndServicesFromEmployers: click PPO Plans Button
TestPlanAndServicesFromEmployers: click PPO Plans Button
TestPlanAndServicesFromEmployers: click PPO Plans Button
TestPlanAndServicesFromEmployers: click PPO Plans Button
TestPlanAndServicesFromEmployers: click PPO Plans Button
TestPlanAndServicesFromEmployers: click PPO Plans Button
TestPlanAndServicesFromEmployers: click PPO Plans Button
TestPlanAndServicesFromEmployers: click PPO Plans Button
TestPlanAndServicesFromEmployers: click PPO Plans Button
TestPlanAndServicesFromEmployers: click PPO Plans Button
TestPlanAndServicesFromEmployers: click PPO Plans Button
TestPlanAndServicesFromEmployers: click PPO Plans Button
TestPlanAndServicesFromEmployers: click PPO Plans Button
TestPlanAndServicesFromEmployers: click PPO Plans Button
TestPlanAndServicesFromEmployers: click PPO Plans Button
TestPlanAndServicesFromEmployers: click PPO Plans Button
TestPlanAndServicesFromEmployers: click PPO Plans Button
TestPlanAndServicesFromEmployers: click PPO Plans Button
TestPlanAndServicesFromEmployers: click PPO Plans Button
TestPlanAndServicesFromEmployers: click PPO Plans Button
TestPlanAndServicesFromEmployers: click PPO Plans Button
TestPlanAndServicesFromEmployers: click PPO Plans Button
TestPlanAndServicesFromEmployers: click PPO Plans Button
TestPlanAndServicesFromEmployers: click PPO Plans Button
TestPlanAndServicesFromEmployers: click PPO Plans Button
TestPlanAndServicesFromEmployers: click PPO Plans Button
TestPlanAndServicesFromEmployers: click PPO Plans Button
TestPlanAndServicesFromEmployers: click PPO Plans Button
TestPlanAndServicesFromEmployers: click PPO Plans Button
TestPlanAndServicesFromEmployers: click PPO Plans Button
TestPlanAndServicesFromEmployers: click PPO Plans Button
TestPlanAndServicesFromEmployers: click PPO Plans Button
TestPlanAndServicesFromEmployers: click PPO Plans Button
TestPlanAndServicesFromEmployers: click PPO Plans Button
TestPlanAndServicesFromEmployers: click PPO Plans Button
TestPlanAndServicesFromEmployers: click PPO Plans Button
TestPlanAndServicesFromEmployers: click PPO Plans Button
TestPlanAndServicesFromEmployers: click PPO Plans Button
TestPlanAndServicesFromEmployers: click PPO Plans Button
TestPlanAndServicesFromEmployers: click PPO Plans Button
TestPlanAndServicesFromEmployers: click PPO Plans Button
TestPlanAndServicesFromEmployers: click PPO Plans Button
TestPlanAndServicesFromEmployers: click PPO Plans Button
TestPlanAndServicesFromEmployers: click PPO Plans Button
TestPlanAndServicesFromEmployers: click PPO Plans Button
TestPlanAndServicesFromEmployers: click PPO Plans Button
TestPlanAndServicesFromEmployers: click PPO Plans Button
TestPlanAndServicesFromEmployers: click PPO Plans Button
TestPlanAndServicesFromEmployers: click PPO Plans Button
TestPlanAndServicesFromEmployers: click PPO Plans Button
TestPlanAndServicesFromEmployers: click PPO Plans Button
TestPlanAndServicesFromEmployers: click PPO Plans Button
TestPlanAndServicesFromEmployers: click PPO Plans Button
TestPlanAndServicesFromEmployers: click PPO Plans Button
TestPlanAndServicesFromEmployers: click PPO Plans Button
TestPlanAndServicesFromEmployers: click PPO Plans Button
TestPlanAndServicesFromEmployers: click PPO Plans Button
TestPlanAndServicesFromEmployers: click PPO Plans Button
TestPlanAndServicesFromEmployers: click PPO Plans Button
TestPlanAndServicesFromEmployers: click PPO Plans Button
TestPlanAndServicesFromEmployers: click PPO Plans Button
TestPlanAndServicesFromEmployers: click PPO Plans Button
TestPlanAndServicesFromEmployers: click PPO Plans Button
TestPlanAndServicesFromEmployers: click PPO Plans Button
TestPlanAndServicesFromEmployers: click PPO Plans Button
TestPlanAndServicesFromEmployers: click PPO Plans Button
TestPlanAndServicesFromEmployers: click PPO Plans Button
TestPlanAndServicesFromEmployers: click PPO Plans Button
TestPlanAndServicesFromEmployers: click PPO Plans Button
TestPlanAndServicesFromEmployers: click PPO Plans Button
TestPlanAndServicesFromEmployers: click PPO Plans Button
TestPlanAndServicesFromEmployers: click PPO Plans Button
TestPlanAndServicesFromEmployers: click PPO Plans Button
TestPlanAndServicesFromEmployers: click PPO Plans Button
TestPlanAndServicesFromEmployers: click PPO Plans Button
TestPlanAndServicesFromEmployers: click PPO Plans Button
TestPlanAndServicesFromEmployers: click PPO Plans Button
TestPlanAndServicesFromEmployers: click PPO Plans Button
TestPlanAndServicesFromEmployers: click PPO Plans Button
TestPlanAndServicesFromEmployers: click PPO Plans Button
TestPlanAndServicesFromEmployers: click PPO Plans Button
TestPlanAndServicesFromEmployers: click PPO Plans Button
TestPlanAndServicesFromEmployers: click PPO Plans Button
TestPlanAndServicesFromEmployers: click PPO Plans Button
TestPlanAndServicesFromEmployers: click PPO Plans Button
TestPlanAndServicesFromEmployers: click PPO Plans Button
TestPlanAndServicesFromEmployers: click PPO Plans Button
TestPlanAndServicesFromEmployers: click PPO Plans Button
TestPlanAndServicesFromEmployers: click PPO Plans Button
TestPlanAndServicesFromEmployers: click PPO Plans Button
TestPlanAndServicesFromEmployers: click PPO Plans Button
TestPlanAndServicesFromEmployers: click PPO Plans Button
TestPlanAndServicesFromEmployers: click PPO Plans Button
TestPlanAndServicesFromEmployers: click PPO Plans Button
TestPlanAndServicesFromEmployers: click PPO Plans Button
TestPlanAndServicesFromEmployers: click PPO Plans Button
TestPlanAndServicesFromEmployers: click PPO Plans Button
TestPlanAndServicesFromEmployers: click PPO Plans Button
TestPlanAndServicesFromEmployers: click PPO Plans Button
TestPlanAndServicesFromEmployers: click PPO Plans Button
TestPlanAndServicesFromEmployers: click PPO Plans Button
TestPlanAndServicesFromEmployers: click PPO Plans Button
TestPlanAndServicesFromEmployers: click PPO Plans Button
TestPlanAndServicesFromEmployers: click PPO Plans Button
TestPlanAndServicesFromEmployers: click PPO Plans Button
TestPlanAndServicesFromEmployers: click PPO Plans Button
TestPlanAndServicesFromEmployers: click PPO Plans Button
TestPlanAndServicesFromEmployers: click PPO Plans Button
TestPlanAndServicesFromEmployers: click PPO Plans Button
TestPlanAndServicesFromEmployers: click PPO Plans Button
TestPlanAndServicesFromEmployers: click PPO Plans Button
TestPlanAndServicesFromEmployers: click PPO Plans Button
TestPlanAndServicesFromEmployers: click PPO Plans Button
TestPlanAndServicesFromEmployers: click PPO Plans Button
TestPlanAndServicesFromEmployers: click PPO Plans Button
TestPlanAndServicesFromEmployers: click PPO Plans Button
TestPlanAndServicesFromEmployers: click PPO Plans Button
TestPlanAndServicesFromEmployers: click PPO Plans Button
TestPlanAndServicesFromEmployers: click PPO Plans Button
TestPlanAndServicesFromEmployers: click PPO Plans Button
TestPlanAndServicesFromEmployers: click PPO Plans Button
TestPlanAndServicesFromEmployers: click PPO Plans Button
TestPlanAndServicesFromEmployers: click PPO Plans Button
TestPlanAndServicesFromEmployers: click PPO Plans Button
TestPlanAndServicesFromEmployers: click PPO Plans Button
TestPlanAndServicesFromEmployers: click PPO Plans Button
TestPlanAndServicesFromEmployers: click PPO Plans Button
TestPlanAndServicesFromEmployers: click PPO Plans Button
TestPlanAndServicesFromEmployers: click PPO Plans Button
TestPlanAndServicesFromEmployers: click PPO Plans Button
TestPlanAndServicesFromEmployers: click PPO Plans Button
TestPlanAndServicesFromEmployers: click PPO Plans Button
TestPlanAndServicesFromEmployers: click PPO Plans Button
TestPlanAndServicesFromEmployers: click PPO Plans Button
TestPlanAndServicesFromEmployers: click PPO Plans Button
TestPlanAndServicesFromEmployers: click PPO Plans Button
TestPlanAndServicesFromEmployers: click PPO Plans Button
TestPlanAndServicesFromEmployers: click PPO Plans Button
TestPlanAndServicesFromEmployers: click PPO Plans Button
TestPlanAndServicesFromEmployers: click PPO Plans Button
TestPlanAndServicesFromEmployers: click PPO Plans Button
TestPlanAndServicesFromEmployers: click PPO Plans Button
TestPlanAndServicesFromEmployers: click PPO Plans Button
TestPlanAndServicesFromEmployers: click PPO Plans Button
TestPlanAndServicesFromEmployers: click PPO Plans Button
TestPlanAndServicesFromEmployers: click PPO Plans Button
TestPlanAndServicesFromEmployers: click PPO Plans Button
TestPlanAndServicesFromEmployers: click PPO Plans Button
TestPlanAndServicesFromEmployers: click PPO Plans Button
TestPlanAndServicesFromEmployers: click PPO Plans Button
TestPlanAndServicesFromEmployers: click PPO Plans Button
TestPlanAndServicesFromEmployers: click PPO Plans Button
TestPlanAndServicesFromEmployers: click PPO Plans Button
TestPlanAndServicesFromEmployers: click PPO Plans Button
TestPlanAndServicesFromEmployers: click PPO Plans Button
TestPlanAndServicesFromEmployers: click PPO Plans Button
TestPlanAndServicesFromEmployers: click PPO Plans Button
TestPlanAndServicesFromEmployers: click PPO Plans Button
TestPlanAndServicesFromEmployers: click PPO Plans Button
TestPlanAndServicesFromEmployers: click PPO Plans Button
TestPlanAndServicesFromEmployers: click PPO Plans Button
TestPlanAndServicesFromEmployers: click PPO Plans Button
TestPlanAndServicesFromEmployers: click PPO Plans Button
TestPlanAndServicesFromEmployers: click PPO Plans Button
TestPlanAndServicesFromEmployers: click PPO Plans Button
TestPlanAndServicesFromEmployers: click PPO Plans Button
TestPlanAndServicesFromEmployers: click PPO Plans Button
TestPlanAndServicesFromEmployers: click PPO Plans Button
TestPlanAndServicesFromEmployers: click PPO Plans Button
TestPlanAndServicesFromEmployers: click PPO Plans Button
TestPlanAndServicesFromEmployers: click PPO Plans Button
TestPlanAndServicesFromEmployers: click PPO Plans Button
TestPlanAndServicesFromEmployers: click PPO Plans Button
TestPlanAndServicesFromEmployers: click PPO Plans Button
TestPlanAndServicesFromEmployers: click PPO Plans Button
TestPlanAndServicesFromEmployers: click PPO Plans Button
TestPlanAndServicesFromEmployers: click PPO Plans Button
TestPlanAndServicesFromEmployers: click PPO Plans Button
TestPlanAndServicesFromEmployers: click PPO Plans Button
TestPlanAndServicesFromEmployers: click PPO Plans Button
TestPlanAndServicesFromEmployers: click PPO Plans Button
TestPlanAndServicesFromEmployers: click PPO Plans Button
TestPlanAndServicesFromEmployers: click PPO Plans Button
TestPlanAndServicesFromEmployers: click PPO Plans Button
TestPlanAndServicesFromEmployers: click PPO Plans Button
TestPlanAndServicesFromEmployers: click PPO Plans Button
TestPlanAndServicesFromEmployers: click PPO Plans Button
TestPlanAndServicesFromEmployers: click PPO Plans Button
TestPlanAndServicesFromEmployers: click PPO Plans Button
TestPlanAndServicesFromEmployers: click PPO Plans Button
TestPlanAndServicesFromEmployers: click PPO Plans Button
TestPlanAndServicesFromEmployers: click PPO Plans Button
TestPlanAndServicesFromEmployers: click PPO Plans Button
TestPlanAndServicesFromEmployers: click PPO Plans Button
TestPlanAndServicesFromEmployers: click PPO Plans Button
TestPlanAndServicesFromEmployers: click PPO Plans Button
TestPlanAndServicesFromEmployers: click PPO Plans Button
TestPlanAndServicesFromEmployers: click PPO Plans Button
TestPlanAndServicesFromEmployers: click PPO Plans Button
TestPlanAndServicesFromEmployers: click PPO Plans Button
TestPlanAndServicesFromEmployers: click PPO Plans Button
TestPlanAndServicesFromEmployers: click PPO Plans Button
TestPlanAndServicesFromEmployers: click PPO Plans Button
TestPlanAndServicesFromEmployers: click PPO Plans Button
TestPlanAndServicesFromEmployers: click PPO Plans Button
TestPlanAndServicesFromEmployers: click PPO Plans Button
TestPlanAndServicesFromEmployers: click PPO Plans Button
TestPlanAndServicesFromEmployers: click PPO Plans Button
TestPlanAndServicesFromEmployers: click PPO Plans Button
TestPlanAndServicesFromEmployers: click PPO Plans Button
TestPlanAndServicesFromEmployers: click PPO Plans Button
TestPlanAndServicesFromEmployers: click PPO Plans Button
TestPlanAndServicesFromEmployers: click PPO Plans Button
TestPlanAndServicesFromEmployers: click PPO Plans Button
TestPlanAndServicesFromEmployers: click PPO Plans Button
TestPlanAndServicesFromEmployers: click PPO Plans Button
TestPlanAndServicesFromEmployers: click PPO Plans Button
TestPlanAndServicesFromEmployers: click PPO Plans Button
TestPlanAndServicesFromEmployers: click PPO Plans Button
TestPlanAndServicesFromEmployers: click PPO Plans Button
TestPlanAndServicesFromEmployers: click PPO Plans Button
TestPlanAndServicesFromEmployers: click PPO Plans Button
TestPlanAndServicesFromEmployers: click PPO Plans Button
TestPlanAndServicesFromEmployers: click PPO Plans Button
TestPlanAndServicesFromEmployers: click PPO Plans Button
TestPlanAndServicesFromEmployers: click PPO Plans Button
TestPlanAndServicesFromEmployers: click PPO Plans Button
TestPlanAndServicesFromEmployers: click PPO Plans Button
TestPlanAndServicesFromEmployers: click PPO Plans Button
TestPlanAndServicesFromEmployers: click PPO Plans Button
TestPlanAndServicesFromEmployers: click PPO Plans Button
TestPlanAndServicesFromEmployers: click PPO Plans Button
TestPlanAndServicesFromEmployers: click PPO Plans Button
TestPlanAndServicesFromEmployers: click PPO Plans Button
TestPlanAndServicesFromEmployers: click PPO Plans Button
TestPlanAndServicesFromEmployers: click PPO Plans Button
TestPlanAndServicesFromEmployers: click PPO Plans Button
TestPlanAndServicesFromEmployers: click PPO Plans Button
TestPlanAndServicesFromEmployers: click PPO Plans Button
TestPlanAndServicesFromEmployers: click PPO Plans Button
TestPlanAndServicesFromEmployers: click PPO Plans Button
TestPlanAndServicesFromEmployers: click PPO Plans Button
TestPlanAndServicesFromEmployers: click PPO Plans Button
TestPlanAndServicesFromEmployers: click PPO Plans Button
TestPlanAndServicesFromEmployers: click PPO Plans Button
TestPlanAndServicesFromEmployers: click PPO Plans Button
TestPlanAndServicesFromEmployers: click PPO Plans Button
TestPlanAndServicesFromEmployers: click PPO Plans Button
TestPlanAndServicesFromEmployers: click PPO Plans Button
TestPlanAndServicesFromEmployers: click PPO Plans Button
TestPlanAndServicesFromEmployers: click PPO Plans Button
TestPlanAndServicesFromEmployers: click PPO Plans Button
TestPlanAndServicesFromEmployers: click PPO Plans Button
TestPlanAndServicesFromEmployers: click PPO Plans Button
TestPlanAndServicesFromEmployers: click PPO Plans Button
TestPlanAndServicesFromEmployers: click PPO Plans Button
TestPlanAndServicesFromEmployers: click PPO Plans Button
TestPlanAndServicesFromEmployers: click PPO Plans Button
TestPlanAndServicesFromEmployers: click PPO Plans Button
TestPlanAndServicesFromEmployers: click PPO Plans Button
TestPlanAndServicesFromEmployers: click PPO Plans Button
TestPlanAndServicesFromEmployers: click PPO Plans Button
TestPlanAndServicesFromEmployers: click PPO Plans Button
TestPlanAndServicesFromEmployers: click PPO Plans Button
TestPlanAndServicesFromEmployers: click PPO Plans Button
TestPlanAndServicesFromEmployers: click PPO Plans Button
TestPlanAndServicesFromEmployers: click PPO Plans Button
TestPlanAndServicesFromEmployers: click PPO Plans Button
TestPlanAndServicesFromEmployers: click PPO Plans Button
TestPlanAndServicesFromEmployers: click PPO Plans Button
TestPlanAndServicesFromEmployers: click PPO Plans Button
TestPlanAndServicesFromEmployers: click PPO Plans Button
TestPlanAndServicesFromEmployers: click PPO Plans Button
TestPlanAndServicesFromEmployers: click PPO Plans Button
TestPlanAndServicesFromEmployers: click PPO Plans Button
TestPlanAndServicesFromEmployers: click PPO Plans Button
TestPlanAndServicesFromEmployers: click PPO Plans Button
TestPlanAndServicesFromEmployers: click PPO Plans Button
TestPlanAndServicesFromEmployers: click PPO Plans Button
TestPlanAndServicesFromEmployers: click PPO Plans Button
TestPlanAndServicesFromEmployers: click PPO Plans Button
TestPlanAndServicesFromEmployers: click PPO Plans Button
TestPlanAndServicesFromEmployers: click PPO Plans Button
TestPlanAndServicesFromEmployers: click PPO Plans Button
TestPlanAndServicesFromEmployers: click PPO Plans Button
TestPlanAndServicesFromEmployers: click PPO Plans Button
TestPlanAndServicesFromEmployers: click PPO Plans Button
TestPlanAndServicesFromEmployers: click PPO Plans Button
TestPlanAndServicesFromEmployers: click PPO Plans Button
TestPlanAndServicesFromEmployers: click PPO Plans Button
TestPlanAndServicesFromEmployers: click PPO Plans Button
TestPlanAndServicesFromEmployers: click PPO Plans Button
TestPlanAndServicesFromEmployers: click PPO Plans Button
TestPlanAndServicesFromEmployers: click PPO Plans Button
TestPlanAndServicesFromEmployers: click PPO Plans Button
TestPlanAndServicesFromEmployers: click PPO Plans Button
TestPlanAndServicesFromEmployers: click PPO Plans Button
TestPlanAndServicesFromEmployers: click PPO Plans Button
TestPlanAndServicesFromEmployers: click PPO Plans Button
TestPlanAndServicesFromEmployers: click PPO Plans Button
TestPlanAndServicesFromEmployers: click PPO Plans Button
TestPlanAndServicesFromEmployers: click PPO Plans Button
TestPlanAndServicesFromEmployers: click PPO Plans Button
TestPlanAndServicesFromEmployers: click PPO Plans Button
TestPlanAndServicesFromEmployers: click PPO Plans Button
TestPlanAndServicesFromEmployers: click PPO Plans Button
TestPlanAndServicesFromEmployers: click PPO Plans Button
TestPlanAndServicesFromEmployers: click PPO Plans Button
TestPlanAndServicesFromEmployers: click PPO Plans Button
TestPlanAndServicesFromEmployers: click PPO Plans Button
TestPlanAndServicesFromEmployers: click PPO Plans Button
TestPlanAndServicesFromEmployers: click PPO Plans Button
TestPlanAndServicesFromEmployers: click PPO Plans Button
TestPlanAndServicesFromEmployers: click PPO Plans Button
TestPlanAndServicesFromEmployers: click PPO Plans Button
TestPlanAndServicesFromEmployers: click PPO Plans Button
TestPlanAndServicesFromEmployers: click PPO Plans Button
TestPlanAndServicesFromEmployers: click PPO Plans Button
TestPlanAndServicesFromEmployers: click PPO Plans Button
TestPlanAndServicesFromEmployers: click PPO Plans Button
TestPlanAndServicesFromEmployers: click PPO Plans Button
TestPlanAndServicesFromEmployers: click PPO Plans Button
TestPlanAndServicesFromEmployers: click PPO Plans Button
TestPlanAndServicesFromEmployers: click PPO Plans Button
TestPlanAndServicesFromEmployers: click PPO Plans Button
TestPlanAndServicesFromEmployers: click PPO Plans Button
TestPlanAndServicesFromEmployers: click PPO Plans Button
TestPlanAndServicesFromEmployers: click PPO Plans Button
TestPlanAndServicesFromEmployers: click PPO Plans Button
TestPlanAndServicesFromEmployers: click PPO Plans Button
TestPlanAndServicesFromEmployers: click PPO Plans Button
TestPlanAndServicesFromEmployers: click PPO Plans Button
TestPlanAndServicesFromEmployers: click PPO Plans Button
TestPlanAndServicesFromEmployers: click PPO Plans Button
TestPlanAndServicesFromEmployers: click PPO Plans Button
TestPlanAndServicesFromEmployers: click PPO Plans Button
TestPlanAndServicesFromEmployers: click PPO Plans Button
TestPlanAndServicesFromEmployers: click PPO Plans Button
TestPlanAndServicesFromEmployers: click PPO Plans Button
TestPlanAndServicesFromEmployers: click PPO Plans Button
TestPlanAndServicesFromEmployers: click PPO Plans Button
TestPlanAndServicesFromEmployers: click PPO Plans Button
TestPlanAndServicesFromEmployers: click PPO Plans Button
TestPlanAndServicesFromEmployers: click PPO Plans Button
TestPlanAndServicesFromEmployers: click PPO Plans Button
TestPlanAndServicesFromEmployers: click PPO Plans Button
TestPlanAndServicesFromEmployers: click PPO Plans Button
TestPlanAndServicesFromEmployers: click PPO Plans Button
TestPlanAndServicesFromEmployers: click PPO Plans Button
TestPlanAndServicesFromEmployers: click PPO Plans Button
TestPlanAndServicesFromEmployers: click PPO Plans Button
TestPlanAndServicesFromEmployers: click PPO Plans Button
TestPlanAndServicesFromEmployers: click PPO Plans Button
TestPlanAndServicesFromEmployers: click PPO Plans Button
TestPlanAndServicesFromEmployers: click PPO Plans Button
TestPlanAndServicesFromEmployers: click PPO Plans Button
TestPlanAndServicesFromEmployers: click PPO Plans Button
TestPlanAndServicesFromEmployers: click PPO Plans Button
TestPlanAndServicesFromEmployers: click PPO Plans Button
TestPlanAndServicesFromEmployers: click PPO Plans Button
TestPlanAndServicesFromEmployers: click PPO Plans Button
TestPlanAndServicesFromEmployers: click PPO Plans Button
TestPlanAndServicesFromEmployers: click PPO Plans Button
TestPlanAndServicesFromEmployers: click PPO Plans Button
TestPlanAndServicesFromEmployers: click PPO Plans Button
TestPlanAndServicesFromEmployers: click PPO Plans Button
TestPlanAndServicesFromEmployers: click PPO Plans Button
TestPlanAndServicesFromEmployers: click PPO Plans Button
TestPlanAndServicesFromEmployers: click PPO Plans Button
TestPlanAndServicesFromEmployers: click PPO Plans Button
TestPlanAndServicesFromEmployers: click PPO Plans Button
TestPlanAndServicesFromEmployers: click PPO Plans Button
TestPlanAndServicesFromEmployers: click PPO Plans Button
TestPlanAndServicesFromEmployers: click PPO Plans Button
TestPlanAndServicesFromEmployers: click PPO Plans Button
TestPlanAndServicesFromEmployers: click PPO Plans Button
TestPlanAndServicesFromEmployers: click PPO Plans Button
TestPlanAndServicesFromEmployers: click PPO Plans Button
TestPlanAndServicesFromEmployers: click PPO Plans Button
TestPlanAndServicesFromEmployers: click PPO Plans Button
TestPlanAndServicesFromEmployers: click PPO Plans Button
TestPlanAndServicesFromEmployers: click PPO Plans Button
TestPlanAndServicesFromEmployers: click PPO Plans Button
TestPlanAndServicesFromEmployers: click PPO Plans Button
TestPlanAndServicesFromEmployers: click PPO Plans Button
TestPlanAndServicesFromEmployers: click PPO Plans Button
TestPlanAndServicesFromEmployers: click PPO Plans Button
TestPlanAndServicesFromEmployers: click PPO Plans Button
TestPlanAndServicesFromEmployers: click PPO Plans Button
TestPlanAndServicesFromEmployers: click PPO Plans Button
TestPlanAndServicesFromEmployers: click PPO Plans Button
TestPlanAndServicesFromEmployers: click PPO Plans Button
TestPlanAndServicesFromEmployers: click PPO Plans Button
TestPlanAndServicesFromEmployers: click PPO Plans Button
TestPlanAndServicesFromEmployers: click PPO Plans Button
TestPlanAndServicesFromEmployers: click PPO Plans Button
TestPlanAndServicesFromEmployers: click PPO Plans Button
TestPlanAndServicesFromEmployers: click PPO Plans Button
TestPlanAndServicesFromEmployers: click PPO Plans Button
TestPlanAndServicesFromEmployers: click PPO Plans Button
TestPlanAndServicesFromEmployers: click PPO Plans Button
TestPlanAndServicesFromEmployers: click PPO Plans Button
TestPlanAndServicesFromEmployers: click PPO Plans Button
TestPlanAndServicesFromEmployers: click PPO Plans Button
TestPlanAndServicesFromEmployers: click PPO Plans Button
TestPlanAndServicesFromEmployers: click PPO Plans Button
TestPlanAndServicesFromEmployers: click PPO Plans Button
TestPlanAndServicesFromEmployers: click PPO Plans Button
TestPlanAndServicesFromEmployers: click PPO Plans Button
TestPlanAndServicesFromEmployers: click PPO Plans Button
TestPlanAndServicesFromEmployers: click PPO Plans Button
TestPlanAndServicesFromEmployers: click PPO Plans Button
TestPlanAndServicesFromEmployers: click PPO Plans Button
TestPlanAndServicesFromEmployers: click PPO Plans Button
TestPlanAndServicesFromEmployers: click PPO Plans Button
TestPlanAndServicesFromEmployers: click PPO Plans Button
TestPlanAndServicesFromEmployers: click PPO Plans Button
TestPlanAndServicesFromEmployers: click PPO Plans Button
TestPlanAndServicesFromEmployers: click PPO Plans Button
TestPlanAndServicesFromEmployers: click PPO Plans Button
TestPlanAndServicesFromEmployers: click PPO Plans Button
TestPlanAndServicesFromEmployers: click PPO Plans Button
TestPlanAndServicesFromEmployers: click PPO Plans Button
TestPlanAndServicesFromEmployers: click PPO Plans Button
TestPlanAndServicesFromEmployers: click PPO Plans Button
TestPlanAndServicesFromEmployers: click PPO Plans Button
TestPlanAndServicesFromEmployers: click PPO Plans Button
TestPlanAndServicesFromEmployers: click PPO Plans Button
TestPlanAndServicesFromEmployers: click PPO Plans Button
TestPlanAndServicesFromEmployers: click PPO Plans Button
TestPlanAndServicesFromEmployers: click PPO Plans Button
TestPlanAndServicesFromEmployers: click PPO Plans Button
TestPlanAndServicesFromEmployers: click PPO Plans Button
TestPlanAndServicesFromEmployers: click PPO Plans Button
TestPlanAndServicesFromEmployers: click PPO Plans Button
TestPlanAndServicesFromEmployers: click PPO Plans Button
TestPlanAndServicesFromEmployers: click PPO Plans Button
TestPlanAndServicesFromEmployers: click PPO Plans Button
TestPlanAndServicesFromEmployers: click PPO Plans Button
TestPlanAndServicesFromEmployers: click PPO Plans Button
TestPlanAndServicesFromEmployers: click PPO Plans Button
TestPlanAndServicesFromEmployers: click PPO Plans Button
TestPlanAndServicesFromEmployers: click PPO Plans Button
TestPlanAndServicesFromEmployers: click PPO Plans Button
TestPlanAndServicesFromEmployers: click PPO Plans Button
TestPlanAndServicesFromEmployers: click PPO Plans Button
TestPlanAndServicesFromEmployers: click PPO Plans Button
TestPlanAndServicesFromEmployers: click PPO Plans Button
TestPlanAndServicesFromEmployers: click PPO Plans Button
TestPlanAndServicesFromEmployers: click PPO Plans Button
TestPlanAndServicesFromEmployers: click PPO Plans Button
TestPlanAndServicesFromEmployers: click PPO Plans Button
TestPlanAndServicesFromEmployers: click PPO Plans Button
TestPlanAndServicesFromEmployers: click PPO Plans Button
TestPlanAndServicesFromEmployers: click PPO Plans Button
TestPlanAndServicesFromEmployers: click PPO Plans Button
TestPlanAndServicesFromEmployers: click PPO Plans Button
TestPlanAndServicesFromEmployers: click PPO Plans Button
TestPlanAndServicesFromEmployers: click PPO Plans Button
TestPlanAndServicesFromEmployers: click PPO Plans Button
TestPlanAndServicesFromEmployers: click PPO Plans Button
TestPlanAndServicesFromEmployers: click PPO Plans Button
TestPlanAndServicesFromEmployers: click PPO Plans Button
TestPlanAndServicesFromEmployers: click PPO Plans Button
TestPlanAndServicesFromEmployers: click PPO Plans Button
TestPlanAndServicesFromEmployers: click PPO Plans Button
TestPlanAndServicesFromEmployers: click PPO Plans Button
TestPlanAndServicesFromEmployers: click PPO Plans Button
TestPlanAndServicesFromEmployers: click PPO Plans Button
TestPlanAndServicesFromEmployers: click PPO Plans Button
TestPlanAndServicesFromEmployers: click PPO Plans Button
TestPlanAndServicesFromEmployers: click PPO Plans Button
TestPlanAndServicesFromEmployers: click PPO Plans Button
TestPlanAndServicesFromEmployers: click PPO Plans Button
TestPlanAndServicesFromEmployers: click PPO Plans Button
TestPlanAndServicesFromEmployers: click PPO Plans Button
TestPlanAndServicesFromEmployers: click PPO Plans Button
TestPlanAndServicesFromEmployers: click PPO Plans Button
TestPlanAndServicesFromEmployers: click PPO Plans Button
TestPlanAndServicesFromEmployers: click PPO Plans Button
TestPlanAndServicesFromEmployers: click PPO Plans Button
TestPlanAndServicesFromEmployers: click PPO Plans Button
TestPlanAndServicesFromEmployers: click PPO Plans Button
TestPlanAndServicesFromEmployers: click PPO Plans Button
TestPlanAndServicesFromEmployers: click PPO Plans Button
TestPlanAndServicesFromEmployers: click PPO Plans Button
TestPlanAndServicesFromEmployers: click PPO Plans Button
TestPlanAndServicesFromEmployers: click PPO Plans Button
TestPlanAndServicesFromEmployers: click PPO Plans Button
TestPlanAndServicesFromEmployers: click PPO Plans Button
TestPlanAndServicesFromEmployers: click PPO Plans Button
TestPlanAndServicesFromEmployers: click PPO Plans Button
TestPlanAndServicesFromEmployers: click PPO Plans Button
TestPlanAndServicesFromEmployers: click PPO Plans Button
TestPlanAndServicesFromEmployers: click PPO Plans Button
TestPlanAndServicesFromEmployers: click PPO Plans Button
TestPlanAndServicesFromEmployers: click PPO Plans Button
TestPlanAndServicesFromEmployers: click PPO Plans Button
TestPlanAndServicesFromEmployers: click PPO Plans Button
TestPlanAndServicesFromEmployers: click PPO Plans Button
TestPlanAndServicesFromEmployers: click PPO Plans Button
TestPlanAndServicesFromEmployers: click PPO Plans Button
TestPlanAndServicesFromEmployers: click PPO Plans Button
TestPlanAndServicesFromEmployers: click PPO Plans Button
TestPlanAndServicesFromEmployers: click PPO Plans Button
TestPlanAndServicesFromEmployers: click PPO Plans Button
TestPlanAndServicesFromEmployers: click PPO Plans Button
TestPlanAndServicesFromEmployers: click PPO Plans Button
TestPlanAndServicesFromEmployers: click PPO Plans Button
TestPlanAndServicesFromEmployers: click PPO Plans Button
TestPlanAndServicesFromEmployers: click PPO Plans Button
TestPlanAndServicesFromEmployers: click PPO Plans Button
TestPlanAndServicesFromEmployers: click PPO Plans Button
TestPlanAndServicesFromEmployers: click PPO Plans Button
TestPlanAndServicesFromEmployers: click PPO Plans Button
TestPlanAndServicesFromEmployers: click PPO Plans Button
TestPlanAndServicesFromEmployers: click PPO Plans Button
TestPlanAndServicesFromEmployers: click PPO Plans Button
TestPlanAndServicesFromEmployers: click PPO Plans Button
TestPlanAndServicesFromEmployers: click PPO Plans Button
TestPlanAndServicesFromEmployers: click PPO Plans Button
TestPlanAndServicesFromEmployers: click PPO Plans Button
TestPlanAndServicesFromEmployers: click PPO Plans Button
TestPlanAndServicesFromEmployers: click PPO Plans Button
TestPlanAndServicesFromEmployers: click PPO Plans Button
TestPlanAndServicesFromEmployers: click PPO Plans Button
TestPlanAndServicesFromEmployers: click PPO Plans Button
TestPlanAndServicesFromEmployers: click PPO Plans Button
TestPlanAndServicesFromEmployers: click PPO Plans Button
TestPlanAndServicesFromEmployers: click PPO Plans Button
TestPlanAndServicesFromEmployers: click PPO Plans Button
TestPlanAndServicesFromEmployers: click PPO Plans Button
TestPlanAndServicesFromEmployers: click PPO Plans Button
TestPlanAndServicesFromEmployers: click PPO Plans Button
TestPlanAndServicesFromEmployers: click PPO Plans Button
TestPlanAndServicesFromEmployers: click PPO Plans Button
TestPlanAndServicesFromEmployers: click PPO Plans Button
TestPlanAndServicesFromEmployers: click PPO Plans Button
TestPlanAndServicesFromEmployers: click PPO Plans Button
TestPlanAndServicesFromEmployers: click PPO Plans Button
TestPlanAndServicesFromEmployers: click PPO Plans Button
TestPlanAndServicesFromEmployers: click PPO Plans Button
TestPlanAndServicesFromEmployers: click PPO Plans Button
TestPlanAndServicesFromEmployers: click PPO Plans Button
TestPlanAndServicesFromEmployers: click PPO Plans Button
TestPlanAndServicesFromEmployers: click PPO Plans Button
TestPlanAndServicesFromEmployers: click PPO Plans Button
TestPlanAndServicesFromEmployers: click PPO Plans Button
TestPlanAndServicesFromEmployers: click PPO Plans Button
TestPlanAndServicesFromEmployers: click PPO Plans Button
TestPlanAndServicesFromEmployers: click PPO Plans Button
TestPlanAndServicesFromEmployers: click PPO Plans Button
TestPlanAndServicesFromEmployers: click PPO Plans Button
TestPlanAndServicesFromEmployers: click PPO Plans Button
TestPlanAndServicesFromEmployers: click PPO Plans Button
TestPlanAndServicesFromEmployers: click PPO Plans Button
TestPlanAndServicesFromEmployers: click PPO Plans Button
TestPlanAndServicesFromEmployers: click PPO Plans Button
TestPlanAndServicesFromEmployers: click PPO Plans Button
TestPlanAndServicesFromEmployers: click PPO Plans Button
TestPlanAndServicesFromEmployers: click PPO Plans Button
TestPlanAndServicesFromEmployers: click PPO Plans Button
TestPlanAndServicesFromEmployers: click PPO Plans Button
TestPlanAndServicesFromEmployers: click PPO Plans Button
TestPlanAndServicesFromEmployers: click PPO Plans Button
TestPlanAndServicesFromEmployers: click PPO Plans Button
TestPlanAndServicesFromEmployers: click PPO Plans Button
TestPlanAndServicesFromEmployers: click PPO Plans Button
TestPlanAndServicesFromEmployers: click PPO Plans Button
TestPlanAndServicesFromEmployers: click PPO Plans Button
TestPlanAndServicesFromEmployers: click PPO Plans Button
TestPlanAndServicesFromEmployers: click PPO Plans Button
TestPlanAndServicesFromEmployers: click PPO Plans Button
TestPlanAndServicesFromEmployers: click PPO Plans Button
TestPlanAndServicesFromEmployers: click PPO Plans Button
TestPlanAndServicesFromEmployers: click PPO Plans Button
TestPlanAndServicesFromEmployers: click PPO Plans Button
TestPlanAndServicesFromEmployers: click PPO Plans Button
TestPlanAndServicesFromEmployers: click PPO Plans Button
TestPlanAndServicesFromEmployers: click PPO Plans Button
TestPlanAndServicesFromEmployers: click PPO Plans Button
TestPlanAndServicesFromEmployers: click PPO Plans Button
TestPlanAndServicesFromEmployers: click PPO Plans Button
TestPlanAndServicesFromEmployers: click PPO Plans Button
TestPlanAndServicesFromEmployers: click PPO Plans Button
TestPlanAndServicesFromEmployers: click PPO Plans Button
TestPlanAndServicesFromEmployers: click PPO Plans Button
TestPlanAndServicesFromEmployers: click PPO Plans Button
TestPlanAndServicesFromEmployers: click PPO Plans Button
TestPlanAndServicesFromEmployers: click PPO Plans Button
TestPlanAndServicesFromEmployers: click PPO Plans Button
TestPlanAndServicesFromEmployers: click PPO Plans Button
TestPlanAndServicesFromEmployers: click PPO Plans Button
TestPlanAndServicesFromEmployers: click PPO Plans Button
TestPlanAndServicesFromEmployers: click PPO Plans Button
TestPlanAndServicesFromEmployers: click PPO Plans Button
TestPlanAndServicesFromEmployers: click PPO Plans Button
TestPlanAndServicesFromEmployers: click PPO Plans Button
TestPlanAndServicesFromEmployers: click PPO Plans Button
TestPlanAndServicesFromEmployers: click PPO Plans Button
TestPlanAndServicesFromEmployers: click PPO Plans Button
TestPlanAndServicesFromEmployers: click PPO Plans Button
TestPlanAndServicesFromEmployers: click PPO Plans Button
TestPlanAndServicesFromEmployers: click PPO Plans Button
TestPlanAndServicesFromEmployers: click PPO Plans Button
TestPlanAndServicesFromEmployers: click PPO Plans Button
TestPlanAndServicesFromEmployers: click PPO Plans Button
TestPlanAndServicesFromEmployers: click PPO Plans Button
TestPlanAndServicesFromEmployers: click PPO Plans Button
TestPlanAndServicesFromEmployers: click PPO Plans Button
TestPlanAndServicesFromEmployers: click PPO Plans Button
TestPlanAndServicesFromEmployers: click PPO Plans Button
TestPlanAndServicesFromEmployers: click PPO Plans Button
TestPlanAndServicesFromEmployers: click PPO Plans Button
TestPlanAndServicesFromEmployers: click PPO Plans Button
TestPlanAndServicesFromEmployers: click PPO Plans Button
TestPlanAndServicesFromEmployers: click PPO Plans Button
TestPlanAndServicesFromEmployers: click PPO Plans Button
TestPlanAndServicesFromEmployers: click PPO Plans Button
TestPlanAndServicesFromEmployers: click PPO Plans Button
TestPlanAndServicesFromEmployers: click PPO Plans Button
TestPlanAndServicesFromEmployers: click PPO Plans Button
TestPlanAndServicesFromEmployers: click PPO Plans Button
TestPlanAndServicesFromEmployers: click PPO Plans Button
TestPlanAndServicesFromEmployers: click PPO Plans Button
TestPlanAndServicesFromEmployers: click PPO Plans Button
TestPlanAndServicesFromEmployers: click PPO Plans Button
TestPlanAndServicesFromEmployers: click PPO Plans Button
TestPlanAndServicesFromEmployers: click PPO Plans Button
TestPlanAndServicesFromEmployers: click PPO Plans Button
TestPlanAndServicesFromEmployers: click PPO Plans Button
TestPlanAndServicesFromEmployers: click PPO Plans Button
TestPlanAndServicesFromEmployers: click PPO Plans Button
TestPlanAndServicesFromEmployers: click PPO Plans Button
TestPlanAndServicesFromEmployers: click PPO Plans Button
TestPlanAndServicesFromEmployers: click PPO Plans Button
TestPlanAndServicesFromEmployers: click PPO Plans Button
TestPlanAndServicesFromEmployers: click PPO Plans Button
TestPlanAndServicesFromEmployers: click PPO Plans Button
TestPlanAndServicesFromEmployers: click PPO Plans Button
TestPlanAndServicesFromEmployers: click PPO Plans Button
TestPlanAndServicesFromEmployers: click PPO Plans Button
TestPlanAndServicesFromEmployers: click PPO Plans Button
TestPlanAndServicesFromEmployers: click PPO Plans Button
TestPlanAndServicesFromEmployers: click PPO Plans Button
TestPlanAndServicesFromEmployers: click PPO Plans Button
TestPlanAndServicesFromEmployers: click PPO Plans Button
TestPlanAndServicesFromEmployers: click PPO Plans Button
TestPlanAndServicesFromEmployers: click PPO Plans Button
TestPlanAndServicesFromEmployers: click PPO Plans Button
TestPlanAndServicesFromEmployers: click PPO Plans Button
TestPlanAndServicesFromEmployers: click PPO Plans Button
TestPlanAndServicesFromEmployers: click PPO Plans Button
TestPlanAndServicesFromEmployers: click PPO Plans Button
TestPlanAndServicesFromEmployers: click PPO Plans Button
TestPlanAndServicesFromEmployers: click PPO Plans Button
TestPlanAndServicesFromEmployers: click PPO Plans Button
TestPlanAndServicesFromEmployers: click PPO Plans Button
TestPlanAndServicesFromEmployers: click PPO Plans Button
TestPlanAndServicesFromEmployers: click PPO Plans Button
TestPlanAndServicesFromEmployers: click PPO Plans Button
TestPlanAndServicesFromEmployers: click PPO Plans Button
TestPlanAndServicesFromEmployers: click PPO Plans Button
TestPlanAndServicesFromEmployers: click PPO Plans Button
TestPlanAndServicesFromEmployers: click PPO Plans Button
TestPlanAndServicesFromEmployers: click PPO Plans Button
TestPlanAndServicesFromEmployers: click PPO Plans Button
TestPlanAndServicesFromEmployers: click PPO Plans Button
TestPlanAndServicesFromEmployers: click PPO Plans Button
TestPlanAndServicesFromEmployers: click PPO Plans Button
TestPlanAndServicesFromEmployers: click PPO Plans Button
TestPlanAndServicesFromEmployers: click PPO Plans Button
TestPlanAndServicesFromEmployers: click PPO Plans Button
TestPlanAndServicesFromEmployers: click PPO Plans Button
TestPlanAndServicesFromEmployers: click PPO Plans Button
TestPlanAndServicesFromEmployers: click PPO Plans Button
TestPlanAndServicesFromEmployers: click PPO Plans Button
TestPlanAndServicesFromEmployers: click PPO Plans Button
TestPlanAndServicesFromEmployers: click PPO Plans Button
TestPlanAndServicesFromEmployers: click PPO Plans Button
TestPlanAndServicesFromEmployers: click PPO Plans Button
TestPlanAndServicesFromEmployers: click PPO Plans Button
TestPlanAndServicesFromEmployers: click PPO Plans Button
TestPlanAndServicesFromEmployers: click PPO Plans Button
TestPlanAndServicesFromEmployers: click PPO Plans Button
TestPlanAndServicesFromEmployers: click PPO Plans Button
TestPlanAndServicesFromEmployers: click PPO Plans Button
TestPlanAndServicesFromEmployers: click PPO Plans Button
TestPlanAndServicesFromEmployers: click PPO Plans Button
TestPlanAndServicesFromEmployers: click PPO Plans Button
TestPlanAndServicesFromEmployers: click PPO Plans Button
TestPlanAndServicesFromEmployers: click PPO Plans Button
TestPlanAndServicesFromEmployers: click PPO Plans Button
TestPlanAndServicesFromEmployers: click PPO Plans Button
TestPlanAndServicesFromEmployers: click PPO Plans Button
TestPlanAndServicesFromEmployers: click PPO Plans Button
TestPlanAndServicesFromEmployers: click PPO Plans Button
TestPlanAndServicesFromEmployers: click PPO Plans Button
TestPlanAndServicesFromEmployers: click PPO Plans Button
TestPlanAndServicesFromEmployers: click PPO Plans Button
TestPlanAndServicesFromEmployers: click PPO Plans Button
TestPlanAndServicesFromEmployers: click PPO Plans Button
TestPlanAndServicesFromEmployers: click PPO Plans Button
TestPlanAndServicesFromEmployers: click PPO Plans Button
TestPlanAndServicesFromEmployers: click PPO Plans Button
TestPlanAndServicesFromEmployers: click PPO Plans Button
TestPlanAndServicesFromEmployers: click PPO Plans Button
TestPlanAndServicesFromEmployers: click PPO Plans Button
TestPlanAndServicesFromEmployers: click PPO Plans Button
TestPlanAndServicesFromEmployers: click PPO Plans Button
TestPlanAndServicesFromEmployers: click PPO Plans Button
TestPlanAndServicesFromEmployers: click PPO Plans Button
TestPlanAndServicesFromEmployers: click PPO Plans Button
TestPlanAndServicesFromEmployers: click PPO Plans Button
TestPlanAndServicesFromEmployers: click PPO Plans Button
TestPlanAndServicesFromEmployers: click PPO Plans Button
TestPlanAndServicesFromEmployers: click PPO Plans Button
TestPlanAndServicesFromEmployers: click PPO Plans Button
TestPlanAndServicesFromEmployers: click PPO Plans Button
TestPlanAndServicesFromEmployers: click PPO Plans Button
TestPlanAndServicesFromEmployers: click PPO Plans Button
TestPlanAndServicesFromEmployers: click PPO Plans Button
TestPlanAndServicesFromEmployers: click PPO Plans Button
TestPlanAndServicesFromEmployers: click PPO Plans Button
TestPlanAndServicesFromEmployers: click PPO Plans Button
TestPlanAndServicesFromEmployers: click PPO Plans Button
TestPlanAndServicesFromEmployers: click PPO Plans Button
TestPlanAndServicesFromEmployers: click PPO Plans Button
TestPlanAndServicesFromEmployers: click PPO Plans Button
TestPlanAndServicesFromEmployers: click PPO Plans Button
TestPlanAndServicesFromEmployers: click PPO Plans Button
TestPlanAndServicesFromEmployers: click PPO Plans Button
TestPlanAndServicesFromEmployers: click PPO Plans Button
TestPlanAndServicesFromEmployers: click PPO Plans Button
TestPlanAndServicesFromEmployers: click PPO Plans Button
TestPlanAndServicesFromEmployers: click PPO Plans Button
TestPlanAndServicesFromEmployers: click PPO Plans Button
TestPlanAndServicesFromEmployers: click PPO Plans Button
TestPlanAndServicesFromEmployers: click PPO Plans Button
TestPlanAndServicesFromEmployers: click PPO Plans Button
TestPlanAndServicesFromEmployers: click PPO Plans Button
TestPlanAndServicesFromEmployers: click PPO Plans Button
TestPlanAndServicesFromEmployers: click PPO Plans Button
TestPlanAndServicesFromEmployers: click PPO Plans Button
TestPlanAndServicesFromEmployers: click PPO Plans Button
TestPlanAndServicesFromEmployers: click PPO Plans Button
TestPlanAndServicesFromEmployers: click PPO Plans Button
TestPlanAndServicesFromEmployers: click PPO Plans Button
TestPlanAndServicesFromEmployers: click PPO Plans Button
TestPlanAndServicesFromEmployers: click PPO Plans Button
TestPlanAndServicesFromEmployers: click PPO Plans Button
TestPlanAndServicesFromEmployers: click PPO Plans Button
TestPlanAndServicesFromEmployers: click PPO Plans Button
TestPlanAndServicesFromEmployers: click PPO Plans Button
TestPlanAndServicesFromEmployers: click PPO Plans Button
TestPlanAndServicesFromEmployers: click PPO Plans Button
TestPlanAndServicesFromEmployers: click PPO Plans Button
TestPlanAndServicesFromEmployers: click PPO Plans Button
TestPlanAndServicesFromEmployers: click PPO Plans Button
TestPlanAndServicesFromEmployers: click PPO Plans Button
TestPlanAndServicesFromEmployers: click PPO Plans Button
TestPlanAndServicesFromEmployers: click PPO Plans Button
TestPlanAndServicesFromEmployers: click PPO Plans Button
TestPlanAndServicesFromEmployers: click PPO Plans Button
TestPlanAndServicesFromEmployers: click PPO Plans Button
TestPlanAndServicesFromEmployers: click PPO Plans Button
TestPlanAndServicesFromEmployers: click PPO Plans Button
TestPlanAndServicesFromEmployers: click PPO Plans Button
TestPlanAndServicesFromEmployers: click PPO Plans Button
TestPlanAndServicesFromEmployers: click PPO Plans Button
TestPlanAndServicesFromEmployers: click PPO Plans Button
TestPlanAndServicesFromEmployers: click PPO Plans Button
TestPlanAndServicesFromEmployers: click PPO Plans Button
TestPlanAndServicesFromEmployers: click PPO Plans Button
TestPlanAndServicesFromEmployers: click PPO Plans Button
TestPlanAndServicesFromEmployers: click PPO Plans Button
TestPlanAndServicesFromEmployers: click PPO Plans Button
TestPlanAndServicesFromEmployers: click PPO Plans Button
TestPlanAndServicesFromEmployers: click PPO Plans Button
TestPlanAndServicesFromEmployers: click PPO Plans Button
TestPlanAndServicesFromEmployers: click PPO Plans Button
TestPlanAndServicesFromEmployers: click PPO Plans Button
TestPlanAndServicesFromEmployers: click PPO Plans Button
TestPlanAndServicesFromEmployers: click PPO Plans Button
TestPlanAndServicesFromEmployers: click PPO Plans Button
TestPlanAndServicesFromEmployers: click PPO Plans Button
TestPlanAndServicesFromEmployers: click PPO Plans Button
TestPlanAndServicesFromEmployers: click PPO Plans Button
TestPlanAndServicesFromEmployers: click PPO Plans Button
TestPlanAndServicesFromEmployers: click PPO Plans Button
TestPlanAndServicesFromEmployers: click PPO Plans Button
TestPlanAndServicesFromEmployers: click PPO Plans Button
TestPlanAndServicesFromEmployers: click PPO Plans Button
TestPlanAndServicesFromEmployers: click PPO Plans Button
TestPlanAndServicesFromEmployers: click PPO Plans Button
TestPlanAndServicesFromEmployers: click PPO Plans Button
TestPlanAndServicesFromEmployers: click PPO Plans Button
TestPlanAndServicesFromEmployers: click PPO Plans Button
TestPlanAndServicesFromEmployers: click PPO Plans Button
TestPlanAndServicesFromEmployers: click PPO Plans Button
TestPlanAndServicesFromEmployers: click PPO Plans Button
TestPlanAndServicesFromEmployers: click PPO Plans Button
TestPlanAndServicesFromEmployers: click PPO Plans Button
TestPlanAndServicesFromEmployers: click PPO Plans Button
TestPlanAndServicesFromEmployers: click PPO Plans Button
TestPlanAndServicesFromEmployers: click PPO Plans Button
TestPlanAndServicesFromEmployers: click PPO Plans Button
TestPlanAndServicesFromEmployers: click PPO Plans Button
TestPlanAndServicesFromEmployers: click PPO Plans Button
TestPlanAndServicesFromEmployers: click PPO Plans Button
TestPlanAndServicesFromEmployers: click PPO Plans Button
TestPlanAndServicesFromEmployers: click PPO Plans Button
TestPlanAndServicesFromEmployers: click PPO Plans Button
TestPlanAndServicesFromEmployers: click PPO Plans Button
TestPlanAndServicesFromEmployers: click PPO Plans Button
TestPlanAndServicesFromEmployers: click PPO Plans Button
TestPlanAndServicesFromEmployers: click PPO Plans Button
TestPlanAndServicesFromEmployers: click PPO Plans Button
TestPlanAndServicesFromEmployers: click PPO Plans Button
TestPlanAndServicesFromEmployers: click PPO Plans Button
TestPlanAndServicesFromEmployers: click PPO Plans Button
TestPlanAndServicesFromEmployers: click PPO Plans Button
TestPlanAndServicesFromEmployers: click PPO Plans Button
TestPlanAndServicesFromEmployers: click PPO Plans Button
TestPlanAndServicesFromEmployers: click PPO Plans Button
TestPlanAndServicesFromEmployers: click PPO Plans Button
TestPlanAndServicesFromEmployers: click PPO Plans Button
TestPlanAndServicesFromEmployers: click PPO Plans Button
TestPlanAndServicesFromEmployers: click PPO Plans Button
TestPlanAndServicesFromEmployers: click PPO Plans Button
TestPlanAndServicesFromEmployers: click PPO Plans Button
TestPlanAndServicesFromEmployers: click PPO Plans Button
TestPlanAndServicesFromEmployers: click PPO Plans Button
TestPlanAndServicesFromEmployers: click PPO Plans Button
TestPlanAndServicesFromEmployers: click PPO Plans Button
TestPlanAndServicesFromEmployers: click PPO Plans Button
TestPlanAndServicesFromEmployers: click PPO Plans Button
TestPlanAndServicesFromEmployers: click PPO Plans Button
TestPlanAndServicesFromEmployers: click PPO Plans Button
TestPlanAndServicesFromEmployers: click PPO Plans Button
TestPlanAndServicesFromEmployers: click PPO Plans Button
TestPlanAndServicesFromEmployers: click PPO Plans Button
TestPlanAndServicesFromEmployers: click PPO Plans Button
TestPlanAndServicesFromEmployers: click PPO Plans Button
TestPlanAndServicesFromEmployers: click PPO Plans Button
TestPlanAndServicesFromEmployers: click PPO Plans Button
TestPlanAndServicesFromEmployers: click PPO Plans Button
TestPlanAndServicesFromEmployers: click PPO Plans Button
TestPlanAndServicesFromEmployers: click PPO Plans Button
TestPlanAndServicesFromEmployers: click PPO Plans Button
TestPlanAndServicesFromEmployers: click PPO Plans Button
TestPlanAndServicesFromEmployers: click PPO Plans Button
TestPlanAndServicesFromEmployers: click PPO Plans Button
TestPlanAndServicesFromEmployers: click PPO Plans Button
TestPlanAndServicesFromEmployers: click PPO Plans Button
TestPlanAndServicesFromEmployers: click PPO Plans Button
TestPlanAndServicesFromEmployers: click PPO Plans Button
TestPlanAndServicesFromEmployers: click PPO Plans Button
TestPlanAndServicesFromEmployers: click PPO Plans Button
TestPlanAndServicesFromEmployers: click PPO Plans Button
TestPlanAndServicesFromEmployers: click PPO Plans Button
TestPlanAndServicesFromEmployers: click PPO Plans Button
TestPlanAndServicesFromEmployers: click PPO Plans Button
TestPlanAndServicesFromEmployers: click PPO Plans Button
TestPlanAndServicesFromEmployers: click PPO Plans Button
TestPlanAndServicesFromEmployers: click PPO Plans Button
TestPlanAndServicesFromEmployers: click PPO Plans Button
TestPlanAndServicesFromEmployers: click PPO Plans Button
TestPlanAndServicesFromEmployers: click PPO Plans Button
TestPlanAndServicesFromEmployers: click PPO Plans Button
TestPlanAndServicesFromEmployers: click PPO Plans Button
TestPlanAndServicesFromEmployers: click PPO Plans Button
TestPlanAndServicesFromEmployers: click PPO Plans Button
TestPlanAndServicesFromEmployers: click PPO Plans Button
TestPlanAndServicesFromEmployers: click PPO Plans Button
TestPlanAndServicesFromEmployers: click PPO Plans Button
TestPlanAndServicesFromEmployers: click PPO Plans Button
TestPlanAndServicesFromEmployers: click PPO Plans Button
TestPlanAndServicesFromEmployers: click PPO Plans Button
TestPlanAndServicesFromEmployers: click PPO Plans Button
TestPlanAndServicesFromEmployers: click PPO Plans Button
TestPlanAndServicesFromEmployers: click PPO Plans Button
TestPlanAndServicesFromEmployers: click PPO Plans Button
TestPlanAndServicesFromEmployers: click PPO Plans Button
TestPlanAndServicesFromEmployers: click PPO Plans Button
TestPlanAndServicesFromEmployers: click PPO Plans Button
TestPlanAndServicesFromEmployers: click PPO Plans Button
TestPlanAndServicesFromEmployers: click PPO Plans Button
TestPlanAndServicesFromEmployers: click PPO Plans Button
TestPlanAndServicesFromEmployers: click PPO Plans Button
TestPlanAndServicesFromEmployers: click PPO Plans Button
TestPlanAndServicesFromEmployers: click PPO Plans Button
TestPlanAndServicesFromEmployers: click PPO Plans Button
TestPlanAndServicesFromEmployers: click PPO Plans Button
TestPlanAndServicesFromEmployers: click PPO Plans Button
TestPlanAndServicesFromEmployers: click PPO Plans Button
TestPlanAndServicesFromEmployers: click PPO Plans Button
TestPlanAndServicesFromEmployers: click PPO Plans Button
TestPlanAndServicesFromEmployers: click PPO Plans Button
TestPlanAndServicesFromEmployers: click PPO Plans Button
TestPlanAndServicesFromEmployers: click PPO Plans Button
TestPlanAndServicesFromEmployers: click PPO Plans Button
TestPlanAndServicesFromEmployers: click PPO Plans Button
TestPlanAndServicesFromEmployers: click PPO Plans Button
TestPlanAndServicesFromEmployers: click PPO Plans Button
TestPlanAndServicesFromEmployers: click PPO Plans Button
TestPlanAndServicesFromEmployers: click PPO Plans Button
TestPlanAndServicesFromEmployers: click PPO Plans Button
TestPlanAndServicesFromEmployers: click PPO Plans Button
TestPlanAndServicesFromEmployers: click PPO Plans Button
TestPlanAndServicesFromEmployers: click PPO Plans Button
TestPlanAndServicesFromEmployers: click PPO Plans Button
TestPlanAndServicesFromEmployers: click PPO Plans Button
TestPlanAndServicesFromEmployers: click PPO Plans Button
TestPlanAndServicesFromEmployers: click PPO Plans Button
TestPlanAndServicesFromEmployers: click PPO Plans Button
TestPlanAndServicesFromEmployers: click PPO Plans Button
TestPlanAndServicesFromEmployers: click PPO Plans Button
TestPlanAndServicesFromEmployers: click PPO Plans Button
TestPlanAndServicesFromEmployers: click PPO Plans Button
TestPlanAndServicesFromEmployers: click PPO Plans Button
TestPlanAndServicesFromEmployers: click PPO Plans Button
TestPlanAndServicesFromEmployers: click PPO Plans Button
TestPlanAndServicesFromEmployers: click PPO Plans Button
TestPlanAndServicesFromEmployers: click PPO Plans Button
TestPlanAndServicesFromEmployers: click PPO Plans Button
TestPlanAndServicesFromEmployers: click PPO Plans Button
TestPlanAndServicesFromEmployers: click PPO Plans Button
TestPlanAndServicesFromEmployers: click PPO Plans Button
TestPlanAndServicesFromEmployers: click PPO Plans Button
TestPlanAndServicesFromEmployers: click PPO Plans Button
TestPlanAndServicesFromEmployers: click PPO Plans Button
TestPlanAndServicesFromEmployers: click PPO Plans Button
TestPlanAndServicesFromEmployers: click PPO Plans Button
TestPlanAndServicesFromEmployers: click PPO Plans Button
TestPlanAndServicesFromEmployers: click PPO Plans Button
TestPlanAndServicesFromEmployers: click PPO Plans Button
TestPlanAndServicesFromEmployers: click PPO Plans Button
TestPlanAndServicesFromEmployers: click PPO Plans Button
TestPlanAndServicesFromEmployers: click PPO Plans Button
TestPlanAndServicesFromEmployers: click PPO Plans Button
TestPlanAndServicesFromEmployers: click PPO Plans Button
TestPlanAndServicesFromEmployers: click PPO Plans Button
TestPlanAndServicesFromEmployers: click PPO Plans Button
TestPlanAndServicesFromEmployers: click PPO Plans Button
TestPlanAndServicesFromEmployers: click PPO Plans Button
TestPlanAndServicesFromEmployers: click PPO Plans Button
TestPlanAndServicesFromEmployers: click PPO Plans Button
TestPlanAndServicesFromEmployers: click PPO Plans Button
TestPlanAndServicesFromEmployers: click PPO Plans Button
TestPlanAndServicesFromEmployers: click PPO Plans Button
TestPlanAndServicesFromEmployers: click PPO Plans Button
TestPlanAndServicesFromEmployers: click PPO Plans Button
TestPlanAndServicesFromEmployers: click PPO Plans Button
TestPlanAndServicesFromEmployers: click PPO Plans Button
TestPlanAndServicesFromEmployers: click PPO Plans Button
TestPlanAndServicesFromEmployers: click PPO Plans Button
TestPlanAndServicesFromEmployers: click PPO Plans Button
TestPlanAndServicesFromEmployers: click PPO Plans Button
TestPlanAndServicesFromEmployers: click PPO Plans Button
TestPlanAndServicesFromEmployers: click PPO Plans Button
TestPlanAndServicesFromEmployers: click PPO Plans Button
TestPlanAndServicesFromEmployers: click PPO Plans Button
TestPlanAndServicesFromEmployers: click PPO Plans Button
TestPlanAndServicesFromEmployers: click PPO Plans Button
TestPlanAndServicesFromEmployers: click PPO Plans Button
TestPlanAndServicesFromEmployers: click PPO Plans Button
TestPlanAndServicesFromEmployers: click PPO Plans Button
TestPlanAndServicesFromEmployers: click PPO Plans Button
TestPlanAndServicesFromEmployers: click PPO Plans Button
TestPlanAndServicesFromEmployers: click PPO Plans Button
TestPlanAndServicesFromEmployers: click PPO Plans Button
TestPlanAndServicesFromEmployers: click PPO Plans Button
TestPlanAndServicesFromEmployers: click PPO Plans Button
TestPlanAndServicesFromEmployers: click PPO Plans Button
TestPlanAndServicesFromEmployers: click PPO Plans Button
TestPlanAndServicesFromEmployers: click PPO Plans Button
TestPlanAndServicesFromEmployers: click PPO Plans Button
TestPlanAndServicesFromEmployers: click PPO Plans Button
TestPlanAndServicesFromEmployers: click PPO Plans Button
TestPlanAndServicesFromEmployers: click PPO Plans Button
TestPlanAndServicesFromEmployers: click PPO Plans Button
TestPlanAndServicesFromEmployers: click PPO Plans Button
TestPlanAndServicesFromEmployers: click PPO Plans Button
TestPlanAndServicesFromEmployers: click PPO Plans Button
TestPlanAndServicesFromEmployers: click PPO Plans Button
TestPlanAndServicesFromEmployers: click PPO Plans Button
TestPlanAndServicesFromEmployers: click PPO Plans Button
TestPlanAndServicesFromEmployers: click PPO Plans Button
TestPlanAndServicesFromEmployers: click PPO Plans Button
TestPlanAndServicesFromEmployers: click PPO Plans Button
TestPlanAndServicesFromEmployers: click PPO Plans Button
TestPlanAndServicesFromEmployers: click PPO Plans Button
TestPlanAndServicesFromEmployers: click PPO Plans Button
TestPlanAndServicesFromEmployers: click PPO Plans Button
TestPlanAndServicesFromEmployers: click PPO Plans Button
TestPlanAndServicesFromEmployers: click PPO Plans Button
TestPlanAndServicesFromEmployers: click PPO Plans Button
TestPlanAndServicesFromEmployers: click PPO Plans Button
TestPlanAndServicesFromEmployers: click PPO Plans Button
TestPlanAndServicesFromEmployers: click PPO Plans Button
TestPlanAndServicesFromEmployers: click PPO Plans Button
TestPlanAndServicesFromEmployers: click PPO Plans Button
TestPlanAndServicesFromEmployers: click PPO Plans Button
TestPlanAndServicesFromEmployers: click PPO Plans Button
TestPlanAndServicesFromEmployers: click PPO Plans Button
TestPlanAndServicesFromEmployers: click PPO Plans Button
TestPlanAndServicesFromEmployers: click PPO Plans Button
TestPlanAndServicesFromEmployers: click PPO Plans Button
TestPlanAndServicesFromEmployers: click PPO Plans Button
TestPlanAndServicesFromEmployers: click PPO Plans Button
TestPlanAndServicesFromEmployers: click PPO Plans Button
TestPlanAndServicesFromEmployers: click PPO Plans Button
TestPlanAndServicesFromEmployers: click PPO Plans Button
TestPlanAndServicesFromEmployers: click PPO Plans Button
TestPlanAndServicesFromEmployers: click PPO Plans Button
TestPlanAndServicesFromEmployers: click PPO Plans Button
TestPlanAndServicesFromEmployers: click PPO Plans Button
TestPlanAndServicesFromEmployers: click PPO Plans Button
TestPlanAndServicesFromEmployers: click PPO Plans Button
TestPlanAndServicesFromEmployers: click PPO Plans Button
TestPlanAndServicesFromEmployers: click PPO Plans Button
TestPlanAndServicesFromEmployers: click PPO Plans Button
TestPlanAndServicesFromEmployers: click PPO Plans Button
TestPlanAndServicesFromEmployers: click PPO Plans Button
TestPlanAndServicesFromEmployers: click PPO Plans Button
TestPlanAndServicesFromEmployers: click PPO Plans Button
TestPlanAndServicesFromEmployers: click PPO Plans Button
TestPlanAndServicesFromEmployers: click PPO Plans Button
TestPlanAndServicesFromEmployers: click PPO Plans Button
TestPlanAndServicesFromEmployers: click PPO Plans Button
TestPlanAndServicesFromEmployers: click PPO Plans Button
TestPlanAndServicesFromEmployers: click PPO Plans Button
TestPlanAndServicesFromEmployers: click PPO Plans Button
TestPlanAndServicesFromEmployers: click PPO Plans Button
TestPlanAndServicesFromEmployers: click PPO Plans Button
TestPlanAndServicesFromEmployers: click PPO Plans Button
TestPlanAndServicesFromEmployers: click PPO Plans Button
TestPlanAndServicesFromEmployers: click PPO Plans Button
TestPlanAndServicesFromEmployers: click PPO Plans Button
TestPlanAndServicesFromEmployers: click PPO Plans Button
TestPlanAndServicesFromEmployers: click PPO Plans Button
TestPlanAndServicesFromEmployers: click PPO Plans Button
TestPlanAndServicesFromEmployers: click PPO Plans Button
TestPlanAndServicesFromEmployers: click PPO Plans Button
TestPlanAndServicesFromEmployers: click PPO Plans Button
TestPlanAndServicesFromEmployers: click PPO Plans Button
TestPlanAndServicesFromEmployers: click PPO Plans Button
TestPlanAndServicesFromEmployers: click PPO Plans Button
TestPlanAndServicesFromEmployers: click PPO Plans Button
TestPlanAndServicesFromEmployers: click PPO Plans Button
TestPlanAndServicesFromEmployers: click PPO Plans Button
TestPlanAndServicesFromEmployers: click PPO Plans Button
TestPlanAndServicesFromEmployers: click PPO Plans Button
TestPlanAndServicesFromEmployers: click PPO Plans Button
TestPlanAndServicesFromEmployers: click PPO Plans Button
TestPlanAndServicesFromEmployers: click PPO Plans Button
TestPlanAndServicesFromEmployers: click PPO Plans Button
TestPlanAndServicesFromEmployers: click PPO Plans Button
TestPlanAndServicesFromEmployers: click PPO Plans Button
TestPlanAndServicesFromEmployers: click PPO Plans Button
TestPlanAndServicesFromEmployers: click PPO Plans Button
TestPlanAndServicesFromEmployers: click PPO Plans Button
TestPlanAndServicesFromEmployers: click PPO Plans Button
TestPlanAndServicesFromEmployers: click PPO Plans Button
TestPlanAndServicesFromEmployers: click PPO Plans Button
TestPlanAndServicesFromEmployers: click PPO Plans Button
TestPlanAndServicesFromEmployers: click PPO Plans Button
TestPlanAndServicesFromEmployers: click PPO Plans Button
TestPlanAndServicesFromEmployers: click PPO Plans Button
TestPlanAndServicesFromEmployers: click PPO Plans Button
TestPlanAndServicesFromEmployers: click PPO Plans Button
TestPlanAndServicesFromEmployers: click PPO Plans Button
TestPlanAndServicesFromEmployers: click PPO Plans Button
TestPlanAndServicesFromEmployers: click PPO Plans Button
TestPlanAndServicesFromEmployers: click PPO Plans Button
TestPlanAndServicesFromEmployers: click PPO Plans Button
TestPlanAndServicesFromEmployers: click PPO Plans Button
TestPlanAndServicesFromEmployers: click PPO Plans Button
TestPlanAndServicesFromEmployers: click PPO Plans Button
TestPlanAndServicesFromEmployers: click PPO Plans Button
TestPlanAndServicesFromEmployers: click PPO Plans Button
TestPlanAndServicesFromEmployers: click PPO Plans Button
TestPlanAndServicesFromEmployers: click PPO Plans Button
TestPlanAndServicesFromEmployers: click PPO Plans Button
TestPlanAndServicesFromEmployers: click PPO Plans Button
TestPlanAndServicesFromEmployers: click PPO Plans Button
TestPlanAndServicesFromEmployers: click PPO Plans Button
TestPlanAndServicesFromEmployers: click PPO Plans Button
TestPlanAndServicesFromEmployers: click PPO Plans Button
TestPlanAndServicesFromEmployers: click PPO Plans Button
TestPlanAndServicesFromEmployers: click PPO Plans Button
TestPlanAndServicesFromEmployers: click PPO Plans Button
TestPlanAndServicesFromEmployers: click PPO Plans Button
TestPlanAndServicesFromEmployers: click PPO Plans Button
TestPlanAndServicesFromEmployers: click PPO Plans Button
TestPlanAndServicesFromEmployers: click PPO Plans Button
TestPlanAndServicesFromEmployers: click PPO Plans Button
TestPlanAndServicesFromEmployers: click PPO Plans Button
TestPlanAndServicesFromEmployers: click PPO Plans Button
TestPlanAndServicesFromEmployers: click PPO Plans Button
TestPlanAndServicesFromEmployers: click PPO Plans Button
TestPlanAndServicesFromEmployers: click PPO Plans Button
TestPlanAndServicesFromEmployers: click PPO Plans Button
TestPlanAndServicesFromEmployers: click PPO Plans Button
TestPlanAndServicesFromEmployers: click PPO Plans Button
TestPlanAndServicesFromEmployers: click PPO Plans Button
TestPlanAndServicesFromEmployers: click PPO Plans Button
TestPlanAndServicesFromEmployers: click PPO Plans Button
TestPlanAndServicesFromEmployers: click PPO Plans Button
TestPlanAndServicesFromEmployers: click PPO Plans Button
TestPlanAndServicesFromEmployers: click PPO Plans Button
TestPlanAndServicesFromEmployers: click PPO Plans Button
TestPlanAndServicesFromEmployers: click PPO Plans Button
TestPlanAndServicesFromEmployers: click PPO Plans Button
TestPlanAndServicesFromEmployers: click PPO Plans Button
TestPlanAndServicesFromEmployers: click PPO Plans Button
TestPlanAndServicesFromEmployers: click PPO Plans Button
TestPlanAndServicesFromEmployers: click PPO Plans Button
TestPlanAndServicesFromEmployers: click PPO Plans Button
TestPlanAndServicesFromEmployers: click PPO Plans Button
TestPlanAndServicesFromEmployers: click PPO Plans Button
TestPlanAndServicesFromEmployers: click PPO Plans Button
TestPlanAndServicesFromEmployers: click PPO Plans Button
TestPlanAndServicesFromEmployers: click PPO Plans Button
TestPlanAndServicesFromEmployers: click PPO Plans Button
TestPlanAndServicesFromEmployers: click PPO Plans Button
TestPlanAndServicesFromEmployers: click PPO Plans Button
TestPlanAndServicesFromEmployers: click PPO Plans Button
TestPlanAndServicesFromEmployers: click PPO Plans Button
TestPlanAndServicesFromEmployers: click PPO Plans Button
TestPlanAndServicesFromEmployers: click PPO Plans Button
TestPlanAndServicesFromEmployers: click PPO Plans Button
TestPlanAndServicesFromEmployers: click PPO Plans Button
TestPlanAndServicesFromEmployers: click PPO Plans Button
TestPlanAndServicesFromEmployers: click PPO Plans Button
TestPlanAndServicesFromEmployers: click PPO Plans Button
TestPlanAndServicesFromEmployers: click PPO Plans Button
TestPlanAndServicesFromEmployers: click PPO Plans Button
TestPlanAndServicesFromEmployers: click PPO Plans Button
TestPlanAndServicesFromEmployers: click PPO Plans Button
TestPlanAndServicesFromEmployers: click PPO Plans Button
TestPlanAndServicesFromEmployers: click PPO Plans Button
TestPlanAndServicesFromEmployers: click PPO Plans Button
TestPlanAndServicesFromEmployers: click PPO Plans Button
TestPlanAndServicesFromEmployers: click PPO Plans Button
TestPlanAndServicesFromEmployers: click PPO Plans Button
TestPlanAndServicesFromEmployers: click PPO Plans Button
TestPlanAndServicesFromEmployers: click PPO Plans Button
TestPlanAndServicesFromEmployers: click PPO Plans Button
TestPlanAndServicesFromEmployers: click PPO Plans Button
TestPlanAndServicesFromEmployers: click PPO Plans Button
TestPlanAndServicesFromEmployers: click PPO Plans Button
TestPlanAndServicesFromEmployers: click PPO Plans Button
TestPlanAndServicesFromEmployers: click PPO Plans Button
TestPlanAndServicesFromEmployers: click PPO Plans Button
TestPlanAndServicesFromEmployers: click PPO Plans Button
TestPlanAndServicesFromEmployers: click PPO Plans Button
TestPlanAndServicesFromEmployers: click PPO Plans Button
TestPlanAndServicesFromEmployers: click PPO Plans Button
TestPlanAndServicesFromEmployers: click PPO Plans Button
TestPlanAndServicesFromEmployers: click PPO Plans Button
TestPlanAndServicesFromEmployers: click PPO Plans Button
TestPlanAndServicesFromEmployers: click PPO Plans Button
TestPlanAndServicesFromEmployers: click PPO Plans Button
TestPlanAndServicesFromEmployers: click PPO Plans Button
TestPlanAndServicesFromEmployers: click PPO Plans Button
TestPlanAndServicesFromEmployers: click PPO Plans Button
TestPlanAndServicesFromEmployers: click PPO Plans Button
TestPlanAndServicesFromEmployers: click PPO Plans Button
TestPlanAndServicesFromEmployers: click PPO Plans Button
TestPlanAndServicesFromEmployers: click PPO Plans Button
TestPlanAndServicesFromEmployers: click PPO Plans Button
TestPlanAndServicesFromEmployers: click PPO Plans Button
TestPlanAndServicesFromEmployers: click PPO Plans Button
TestPlanAndServicesFromEmployers: click PPO Plans Button
TestPlanAndServicesFromEmployers: click PPO Plans Button
TestPlanAndServicesFromEmployers: click PPO Plans Button
TestPlanAndServicesFromEmployers: click PPO Plans Button
TestPlanAndServicesFromEmployers: click PPO Plans Button
TestPlanAndServicesFromEmployers: click PPO Plans Button
TestPlanAndServicesFromEmployers: click PPO Plans Button
TestPlanAndServicesFromEmployers: click PPO Plans Button
TestPlanAndServicesFromEmployers: click PPO Plans Button
TestPlanAndServicesFromEmployers: click PPO Plans Button
TestPlanAndServicesFromEmployers: click PPO Plans Button
TestPlanAndServicesFromEmployers: click PPO Plans Button
TestPlanAndServicesFromEmployers: click PPO Plans Button
TestPlanAndServicesFromEmployers: click PPO Plans Button
TestPlanAndServicesFromEmployers: click PPO Plans Button
TestPlanAndServicesFromEmployers: click PPO Plans Button
TestPlanAndServicesFromEmployers: click PPO Plans Button
TestPlanAndServicesFromEmployers: click PPO Plans Button
TestPlanAndServicesFromEmployers: click PPO Plans Button
TestPlanAndServicesFromEmployers: click PPO Plans Button
TestPlanAndServicesFromEmployers: click PPO Plans Button
TestPlanAndServicesFromEmployers: click PPO Plans Button
TestPlanAndServicesFromEmployers: click PPO Plans Button
TestPlanAndServicesFromEmployers: click PPO Plans Button
TestPlanAndServicesFromEmployers: click PPO Plans Button
TestPlanAndServicesFromEmployers: click PPO Plans Button
TestPlanAndServicesFromEmployers: click PPO Plans Button
TestPlanAndServicesFromEmployers: click PPO Plans Button
TestPlanAndServicesFromEmployers: click PPO Plans Button
TestPlanAndServicesFromEmployers: click PPO Plans Button
TestPlanAndServicesFromEmployers: click PPO Plans Button
TestPlanAndServicesFromEmployers: click PPO Plans Button
TestPlanAndServicesFromEmployers: click PPO Plans Button
TestPlanAndServicesFromEmployers: click PPO Plans Button
TestPlanAndServicesFromEmployers: click PPO Plans Button
TestPlanAndServicesFromEmployers: click PPO Plans Button
TestPlanAndServicesFromEmployers: click PPO Plans Button
TestPlanAndServicesFromEmployers: click PPO Plans Button
TestPlanAndServicesFromEmployers: click PPO Plans Button
TestPlanAndServicesFromEmployers: click PPO Plans Button
TestPlanAndServicesFromEmployers: click PPO Plans Button
TestPlanAndServicesFromEmployers: click PPO Plans Button
TestPlanAndServicesFromEmployers: click PPO Plans Button
TestPlanAndServicesFromEmployers: click PPO Plans Button
TestPlanAndServicesFromEmployers: click PPO Plans Button
TestPlanAndServicesFromEmployers: click PPO Plans Button
TestPlanAndServicesFromEmployers: click PPO Plans Button
TestPlanAndServicesFromEmployers: click PPO Plans Button
TestPlanAndServicesFromEmployers: click PPO Plans Button
TestPlanAndServicesFromEmployers: click PPO Plans Button
TestPlanAndServicesFromEmployers: click PPO Plans Button
TestPlanAndServicesFromEmployers: click PPO Plans Button
TestPlanAndServicesFromEmployers: click PPO Plans Button
TestPlanAndServicesFromEmployers: click PPO Plans Button
TestPlanAndServicesFromEmployers: click PPO Plans Button
TestPlanAndServicesFromEmployers: click PPO Plans Button
TestPlanAndServicesFromEmployers: click PPO Plans Button
TestPlanAndServicesFromEmployers: click PPO Plans Button
TestPlanAndServicesFromEmployers: click PPO Plans Button
TestPlanAndServicesFromEmployers: click PPO Plans Button
TestPlanAndServicesFromEmployers: click PPO Plans Button
TestPlanAndServicesFromEmployers: click PPO Plans Button
TestPlanAndServicesFromEmployers: click PPO Plans Button
TestPlanAndServicesFromEmployers: click PPO Plans Button
TestPlanAndServicesFromEmployers: click PPO Plans Button
TestPlanAndServicesFromEmployers: click PPO Plans Button
TestPlanAndServicesFromEmployers: click PPO Plans Button
TestPlanAndServicesFromEmployers: click PPO Plans Button
TestPlanAndServicesFromEmployers: click PPO Plans Button
TestPlanAndServicesFromEmployers: click PPO Plans Button
TestPlanAndServicesFromEmployers: click PPO Plans Button
TestPlanAndServicesFromEmployers: click PPO Plans Button
TestPlanAndServicesFromEmployers: click PPO Plans Button
TestPlanAndServicesFromEmployers: click PPO Plans Button
TestPlanAndServicesFromEmployers: click PPO Plans Button
TestPlanAndServicesFromEmployers: click PPO Plans Button
TestPlanAndServicesFromEmployers: click PPO Plans Button
TestPlanAndServicesFromEmployers: click PPO Plans Button
TestPlanAndServicesFromEmployers: click PPO Plans Button
TestPlanAndServicesFromEmployers: click PPO Plans Button
TestPlanAndServicesFromEmployers: click PPO Plans Button
TestPlanAndServicesFromEmployers: click PPO Plans Button
TestPlanAndServicesFromEmployers: click PPO Plans Button
TestPlanAndServicesFromEmployers: click PPO Plans Button
TestPlanAndServicesFromEmployers: click PPO Plans Button
TestPlanAndServicesFromEmployers: click PPO Plans Button
TestPlanAndServicesFromEmployers: click PPO Plans Button
TestPlanAndServicesFromEmployers: click PPO Plans Button
TestPlanAndServicesFromEmployers: click PPO Plans Button
TestPlanAndServicesFromEmployers: click PPO Plans Button
TestPlanAndServicesFromEmployers: click PPO Plans Button
TestPlanAndServicesFromEmployers: click PPO Plans Button
TestPlanAndServicesFromEmployers: click PPO Plans Button
TestPlanAndServicesFromEmployers: click PPO Plans Button
TestPlanAndServicesFromEmployers: click PPO Plans Button
TestPlanAndServicesFromEmployers: click PPO Plans Button
TestPlanAndServicesFromEmployers: click PPO Plans Button
TestPlanAndServicesFromEmployers: click PPO Plans Button
TestPlanAndServicesFromEmployers: click PPO Plans Button
TestPlanAndServicesFromEmployers: click PPO Plans Button
TestPlanAndServicesFromEmployers: click PPO Plans Button
TestPlanAndServicesFromEmployers: click PPO Plans Button
TestPlanAndServicesFromEmployers: click PPO Plans Button
TestPlanAndServicesFromEmployers: click PPO Plans Button
TestPlanAndServicesFromEmployers: click PPO Plans Button
TestPlanAndServicesFromEmployers: click PPO Plans Button
TestPlanAndServicesFromEmployers: click PPO Plans Button
TestPlanAndServicesFromEmployers: click PPO Plans Button
TestPlanAndServicesFromEmployers: click PPO Plans Button
TestPlanAndServicesFromEmployers: click PPO Plans Button
TestPlanAndServicesFromEmployers: click PPO Plans Button
TestPlanAndServicesFromEmployers: click PPO Plans Button
TestPlanAndServicesFromEmployers: click PPO Plans Button
TestPlanAndServicesFromEmployers: click PPO Plans Button
TestPlanAndServicesFromEmployers: click PPO Plans Button
TestPlanAndServicesFromEmployers: click PPO Plans Button
TestPlanAndServicesFromEmployers: click PPO Plans Button
TestPlanAndServicesFromEmployers: click PPO Plans Button
TestPlanAndServicesFromEmployers: click PPO Plans Button
TestPlanAndServicesFromEmployers: click PPO Plans Button
TestPlanAndServicesFromEmployers: click PPO Plans Button
TestPlanAndServicesFromEmployers: click PPO Plans Button
TestPlanAndServicesFromEmployers: click PPO Plans Button
TestPlanAndServicesFromEmployers: click PPO Plans Button
TestPlanAndServicesFromEmployers: click PPO Plans Button
TestPlanAndServicesFromEmployers: click PPO Plans Button
TestPlanAndServicesFromEmployers: click PPO Plans Button
TestPlanAndServicesFromEmployers: click PPO Plans Button
TestPlanAndServicesFromEmployers: click PPO Plans Button
TestPlanAndServicesFromEmployers: click PPO Plans Button
TestPlanAndServicesFromEmployers: click PPO Plans Button
TestPlanAndServicesFromEmployers: click PPO Plans Button
TestPlanAndServicesFromEmployers: click PPO Plans Button
TestPlanAndServicesFromEmployers: click PPO Plans Button
TestPlanAndServicesFromEmployers: click PPO Plans Button
TestPlanAndServicesFromEmployers: click PPO Plans Button
TestPlanAndServicesFromEmployers: click PPO Plans Button
TestPlanAndServicesFromEmployers: click PPO Plans Button
TestPlanAndServicesFromEmployers: click PPO Plans Button
TestPlanAndServicesFromEmployers: click PPO Plans Button
TestPlanAndServicesFromEmployers: click PPO Plans Button
TestPlanAndServicesFromEmployers: click PPO Plans Button
TestPlanAndServicesFromEmployers: click PPO Plans Button
TestPlanAndServicesFromEmployers: click PPO Plans Button
TestPlanAndServicesFromEmployers: click PPO Plans Button
TestPlanAndServicesFromEmployers: click PPO Plans Button
TestPlanAndServicesFromEmployers: click PPO Plans Button
TestPlanAndServicesFromEmployers: click PPO Plans Button
TestPlanAndServicesFromEmployers: click PPO Plans Button
TestPlanAndServicesFromEmployers: click PPO Plans Button
TestPlanAndServicesFromEmployers: click PPO Plans Button
TestPlanAndServicesFromEmployers: click PPO Plans Button
TestPlanAndServicesFromEmployers: click PPO Plans Button
TestPlanAndServicesFromEmployers: click PPO Plans Button
TestPlanAndServicesFromEmployers: click PPO Plans Button
TestPlanAndServicesFromEmployers: click PPO Plans Button
TestPlanAndServicesFromEmployers: click PPO Plans Button
TestPlanAndServicesFromEmployers: click PPO Plans Button
TestPlanAndServicesFromEmployers: click PPO Plans Button
TestPlanAndServicesFromEmployers: click PPO Plans Button
TestPlanAndServicesFromEmployers: click PPO Plans Button
TestPlanAndServicesFromEmployers: click PPO Plans Button
TestPlanAndServicesFromEmployers: click PPO Plans Button
TestPlanAndServicesFromEmployers: click PPO Plans Button
TestPlanAndServicesFromEmployers: click PPO Plans Button
TestPlanAndServicesFromEmployers: click PPO Plans Button
TestPlanAndServicesFromEmployers: click PPO Plans Button
TestPlanAndServicesFromEmployers: click PPO Plans Button
TestPlanAndServicesFromEmployers: click PPO Plans Button
TestPlanAndServicesFromEmployers: click PPO Plans Button
TestPlanAndServicesFromEmployers: click PPO Plans Button
TestPlanAndServicesFromEmployers: click PPO Plans Button
TestPlanAndServicesFromEmployers: click PPO Plans Button
TestPlanAndServicesFromEmployers: click PPO Plans Button
TestPlanAndServicesFromEmployers: click PPO Plans Button
TestPlanAndServicesFromEmployers: click PPO Plans Button
TestPlanAndServicesFromEmployers: click PPO Plans Button
TestPlanAndServicesFromEmployers: click PPO Plans Button
TestPlanAndServicesFromEmployers: click PPO Plans Button
TestPlanAndServicesFromEmployers: click PPO Plans Button
TestPlanAndServicesFromEmployers: click PPO Plans Button
TestPlanAndServicesFromEmployers: click PPO Plans Button
TestPlanAndServicesFromEmployers: click PPO Plans Button
TestPlanAndServicesFromEmployers: click PPO Plans Button
TestPlanAndServicesFromEmployers: click PPO Plans Button
TestPlanAndServicesFromEmployers: click PPO Plans Button
TestPlanAndServicesFromEmployers: click PPO Plans Button
TestPlanAndServicesFromEmployers: click PPO Plans Button
TestPlanAndServicesFromEmployers: click PPO Plans Button
TestPlanAndServicesFromEmployers: click PPO Plans Button
TestPlanAndServicesFromEmployers: click PPO Plans Button
TestPlanAndServicesFromEmployers: click PPO Plans Button
TestPlanAndServicesFromEmployers: click PPO Plans Button
TestPlanAndServicesFromEmployers: click PPO Plans Button
TestPlanAndServicesFromEmployers: click PPO Plans Button
TestPlanAndServicesFromEmployers: click PPO Plans Button
TestPlanAndServicesFromEmployers: click PPO Plans Button
TestPlanAndServicesFromEmployers: click PPO Plans Button
TestPlanAndServicesFromEmployers: click PPO Plans Button
TestPlanAndServicesFromEmployers: click PPO Plans Button
TestPlanAndServicesFromEmployers: click PPO Plans Button
TestPlanAndServicesFromEmployers: click PPO Plans Button
TestPlanAndServicesFromEmployers: click PPO Plans Button
TestPlanAndServicesFromEmployers: click PPO Plans Button
TestPlanAndServicesFromEmployers: click PPO Plans Button
TestPlanAndServicesFromEmployers: click PPO Plans Button
TestPlanAndServicesFromEmployers: click PPO Plans Button
TestPlanAndServicesFromEmployers: click PPO Plans Button
TestPlanAndServicesFromEmployers: click PPO Plans Button
TestPlanAndServicesFromEmployers: click PPO Plans Button
TestPlanAndServicesFromEmployers: click PPO Plans Button
TestPlanAndServicesFromEmployers: click PPO Plans Button
TestPlanAndServicesFromEmployers: click PPO Plans Button
TestPlanAndServicesFromEmployers: click PPO Plans Button
TestPlanAndServicesFromEmployers: click PPO Plans Button
TestPlanAndServicesFromEmployers: click PPO Plans Button
TestPlanAndServicesFromEmployers: click PPO Plans Button
TestPlanAndServicesFromEmployers: click PPO Plans Button
TestPlanAndServicesFromEmployers: click PPO Plans Button
TestPlanAndServicesFromEmployers: click PPO Plans Button
TestPlanAndServicesFromEmployers: click PPO Plans Button
TestPlanAndServicesFromEmployers: click PPO Plans Button
TestPlanAndServicesFromEmployers: click PPO Plans Button
TestPlanAndServicesFromEmployers: click PPO Plans Button
TestPlanAndServicesFromEmployers: click PPO Plans Button
TestPlanAndServicesFromEmployers: click PPO Plans Button
TestPlanAndServicesFromEmployers: click PPO Plans Button
TestPlanAndServicesFromEmployers: click PPO Plans Button
TestPlanAndServicesFromEmployers: click PPO Plans Button
TestPlanAndServicesFromEmployers: click PPO Plans Button
TestPlanAndServicesFromEmployers: click PPO Plans Button
TestPlanAndServicesFromEmployers: click PPO Plans Button
TestPlanAndServicesFromEmployers: click PPO Plans Button
TestPlanAndServicesFromEmployers: click PPO Plans Button
TestPlanAndServicesFromEmployers: click PPO Plans Button
TestPlanAndServicesFromEmployers: click PPO Plans Button
TestPlanAndServicesFromEmployers: click PPO Plans Button
TestPlanAndServicesFromEmployers: click PPO Plans Button
TestPlanAndServicesFromEmployers: click PPO Plans Button
TestPlanAndServicesFromEmployers: click PPO Plans Button
TestPlanAndServicesFromEmployers: click PPO Plans Button
TestPlanAndServicesFromEmployers: click PPO Plans Button
TestPlanAndServicesFromEmployers: click PPO Plans Button
TestPlanAndServicesFromEmployers: click PPO Plans Button
TestPlanAndServicesFromEmployers: click PPO Plans Button
TestPlanAndServicesFromEmployers: click PPO Plans Button
TestPlanAndServicesFromEmployers: click PPO Plans Button
TestPlanAndServicesFromEmployers: click PPO Plans Button
TestPlanAndServicesFromEmployers: click PPO Plans Button
TestPlanAndServicesFromEmployers: click PPO Plans Button
TestPlanAndServicesFromEmployers: click PPO Plans Button
TestPlanAndServicesFromEmployers: click PPO Plans Button
TestPlanAndServicesFromEmployers: click PPO Plans Button
TestPlanAndServicesFromEmployers: click PPO Plans Button
TestPlanAndServicesFromEmployers: click PPO Plans Button
TestPlanAndServicesFromEmployers: click PPO Plans Button
TestPlanAndServicesFromEmployers: click PPO Plans Button
TestPlanAndServicesFromEmployers: click PPO Plans Button
TestPlanAndServicesFromEmployers: click PPO Plans Button
TestPlanAndServicesFromEmployers: click PPO Plans Button
TestPlanAndServicesFromEmployers: click PPO Plans Button
TestPlanAndServicesFromEmployers: click PPO Plans Button
TestPlanAndServicesFromEmployers: click PPO Plans Button
TestPlanAndServicesFromEmployers: click PPO Plans Button
TestPlanAndServicesFromEmployers: click PPO Plans Button
TestPlanAndServicesFromEmployers: click PPO Plans Button
TestPlanAndServicesFromEmployers: click PPO Plans Button
TestPlanAndServicesFromEmployers: click PPO Plans Button
TestPlanAndServicesFromEmployers: click PPO Plans Button
TestPlanAndServicesFromEmployers: click PPO Plans Button
TestPlanAndServicesFromEmployers: click PPO Plans Button
TestPlanAndServicesFromEmployers: click PPO Plans Button
TestPlanAndServicesFromEmployers: click PPO Plans Button
TestPlanAndServicesFromEmployers: click PPO Plans Button
TestPlanAndServicesFromEmployers: click PPO Plans Button
TestPlanAndServicesFromEmployers: click PPO Plans Button
TestPlanAndServicesFromEmployers: click PPO Plans Button
TestPlanAndServicesFromEmployers: click PPO Plans Button
TestPlanAndServicesFromEmployers: click PPO Plans Button
TestPlanAndServicesFromEmployers: click PPO Plans Button
TestPlanAndServicesFromEmployers: click PPO Plans Button
TestPlanAndServicesFromEmployers: click PPO Plans Button
TestPlanAndServicesFromEmployers: click PPO Plans Button
TestPlanAndServicesFromEmployers: click PPO Plans Button
TestPlanAndServicesFromEmployers: click PPO Plans Button
TestPlanAndServicesFromEmployers: click PPO Plans Button
TestPlanAndServicesFromEmployers: click PPO Plans Button
TestPlanAndServicesFromEmployers: click PPO Plans Button
TestPlanAndServicesFromEmployers: click PPO Plans Button
TestPlanAndServicesFromEmployers: click PPO Plans Button
TestPlanAndServicesFromEmployers: click PPO Plans Button
TestPlanAndServicesFromEmployers: click PPO Plans Button
TestPlanAndServicesFromEmployers: click PPO Plans Button
TestPlanAndServicesFromEmployers: click PPO Plans Button
TestPlanAndServicesFromEmployers: click PPO Plans Button
TestPlanAndServicesFromEmployers: click PPO Plans Button
TestPlanAndServicesFromEmployers: click PPO Plans Button
TestPlanAndServicesFromEmployers: click PPO Plans Button
TestPlanAndServicesFromEmployers: click PPO Plans Button
TestPlanAndServicesFromEmployers: click PPO Plans Button
TestPlanAndServicesFromEmployers: click PPO Plans Button
TestPlanAndServicesFromEmployers: click PPO Plans Button
TestPlanAndServicesFromEmployers: click PPO Plans Button
TestPlanAndServicesFromEmployers: click PPO Plans Button
TestPlanAndServicesFromEmployers: click PPO Plans Button
TestPlanAndServicesFromEmployers: click PPO Plans Button
TestPlanAndServicesFromEmployers: click PPO Plans Button
TestPlanAndServicesFromEmployers: click PPO Plans Button
TestPlanAndServicesFromEmployers: click PPO Plans Button
TestPlanAndServicesFromEmployers: click PPO Plans Button
TestPlanAndServicesFromEmployers: click PPO Plans Button
TestPlanAndServicesFromEmployers: click PPO Plans Button
TestPlanAndServicesFromEmployers: click PPO Plans Button
TestPlanAndServicesFromEmployers: click PPO Plans Button
TestPlanAndServicesFromEmployers: click PPO Plans Button
TestPlanAndServicesFromEmployers: click PPO Plans Button
TestPlanAndServicesFromEmployers: click PPO Plans Button
TestPlanAndServicesFromEmployers: click PPO Plans Button
TestPlanAndServicesFromEmployers: click PPO Plans Button
TestPlanAndServicesFromEmployers: click PPO Plans Button
TestPlanAndServicesFromEmployers: click PPO Plans Button
TestPlanAndServicesFromEmployers: click PPO Plans Button
TestPlanAndServicesFromEmployers: click PPO Plans Button
TestPlanAndServicesFromEmployers: click PPO Plans Button
TestPlanAndServicesFromEmployers: click PPO Plans Button
TestPlanAndServicesFromEmployers: click PPO Plans Button
TestPlanAndServicesFromEmployers: click PPO Plans Button
TestPlanAndServicesFromEmployers: click PPO Plans Button
TestPlanAndServicesFromEmployers: click PPO Plans Button
TestPlanAndServicesFromEmployers: click PPO Plans Button
TestPlanAndServicesFromEmployers: click PPO Plans Button
TestPlanAndServicesFromEmployers: click PPO Plans Button
TestPlanAndServicesFromEmployers: click PPO Plans Button
TestPlanAndServicesFromEmployers: click PPO Plans Button
TestPlanAndServicesFromEmployers: click PPO Plans Button
TestPlanAndServicesFromEmployers: click PPO Plans Button
TestPlanAndServicesFromEmployers: click PPO Plans Button
TestPlanAndServicesFromEmployers: click PPO Plans Button
TestPlanAndServicesFromEmployers: click PPO Plans Button
TestPlanAndServicesFromEmployers: click PPO Plans Button
TestPlanAndServicesFromEmployers: click PPO Plans Button
TestPlanAndServicesFromEmployers: click PPO Plans Button
TestPlanAndServicesFromEmployers: click PPO Plans Button
TestPlanAndServicesFromEmployers: click PPO Plans Button
TestPlanAndServicesFromEmployers: click PPO Plans Button
TestPlanAndServicesFromEmployers: click PPO Plans Button
TestPlanAndServicesFromEmployers: click PPO Plans Button
TestPlanAndServicesFromEmployers: click PPO Plans Button
TestPlanAndServicesFromEmployers: click PPO Plans Button
TestPlanAndServicesFromEmployers: click PPO Plans Button
TestPlanAndServicesFromEmployers: click PPO Plans Button
TestPlanAndServicesFromEmployers: click PPO Plans Button
TestPlanAndServicesFromEmployers: click PPO Plans Button
TestPlanAndServicesFromEmployers: click PPO Plans Button
TestPlanAndServicesFromEmployers: click PPO Plans Button
TestPlanAndServicesFromEmployers: click PPO Plans Button
TestPlanAndServicesFromEmployers: click PPO Plans Button
TestPlanAndServicesFromEmployers: click PPO Plans Button
TestPlanAndServicesFromEmployers: click PPO Plans Button
TestPlanAndServicesFromEmployers: click PPO Plans Button
TestPlanAndServicesFromEmployers: click PPO Plans Button
TestPlanAndServicesFromEmployers: click PPO Plans Button
TestPlanAndServicesFromEmployers: click PPO Plans Button
TestPlanAndServicesFromEmployers: click PPO Plans Button
TestPlanAndServicesFromEmployers: click PPO Plans Button
TestPlanAndServicesFromEmployers: click PPO Plans Button
TestPlanAndServicesFromEmployers: click PPO Plans Button
TestPlanAndServicesFromEmployers: click PPO Plans Button
TestPlanAndServicesFromEmployers: click PPO Plans Button
TestPlanAndServicesFromEmployers: click PPO Plans Button
TestPlanAndServicesFromEmployers: click PPO Plans Button
TestPlanAndServicesFromEmployers: click PPO Plans Button
TestPlanAndServicesFromEmployers: click PPO Plans Button
TestPlanAndServicesFromEmployers: click PPO Plans Button
TestPlanAndServicesFromEmployers: click PPO Plans Button
TestPlanAndServicesFromEmployers: click PPO Plans Button
TestPlanAndServicesFromEmployers: click PPO Plans Button
TestPlanAndServicesFromEmployers: click PPO Plans Button
TestPlanAndServicesFromEmployers: click PPO Plans Button
TestPlanAndServicesFromEmployers: click PPO Plans Button
TestPlanAndServicesFromEmployers: click PPO Plans Button
TestPlanAndServicesFromEmployers: click PPO Plans Button
TestPlanAndServicesFromEmployers: click PPO Plans Button
TestPlanAndServicesFromEmployers: click PPO Plans Button
TestPlanAndServicesFromEmployers: click PPO Plans Button
TestPlanAndServicesFromEmployers: click PPO Plans Button
TestPlanAndServicesFromEmployers: click PPO Plans Button
TestPlanAndServicesFromEmployers: click PPO Plans Button
TestPlanAndServicesFromEmployers: click PPO Plans Button
TestPlanAndServicesFromEmployers: click PPO Plans Button
TestPlanAndServicesFromEmployers: click PPO Plans Button
TestPlanAndServicesFromEmployers: click PPO Plans Button
TestPlanAndServicesFromEmployers: click PPO Plans Button
TestPlanAndServicesFromEmployers: click PPO Plans Button
TestPlanAndServicesFromEmployers: click PPO Plans Button
TestPlanAndServicesFromEmployers: click PPO Plans Button
TestPlanAndServicesFromEmployers: click PPO Plans Button
TestPlanAndServicesFromEmployers: click PPO Plans Button
TestPlanAndServicesFromEmployers: click PPO Plans Button
TestPlanAndServicesFromEmployers: click PPO Plans Button
TestPlanAndServicesFromEmployers: click PPO Plans Button
TestPlanAndServicesFromEmployers: click PPO Plans Button
TestPlanAndServicesFromEmployers: click PPO Plans Button
TestPlanAndServicesFromEmployers: click PPO Plans Button
TestPlanAndServicesFromEmployers: click PPO Plans Button
TestPlanAndServicesFromEmployers: click PPO Plans Button
TestPlanAndServicesFromEmployers: click PPO Plans Button
TestPlanAndServicesFromEmployers: click PPO Plans Button
TestPlanAndServicesFromEmployers: click PPO Plans Button
TestPlanAndServicesFromEmployers: click PPO Plans Button
TestPlanAndServicesFromEmployers: click PPO Plans Button
TestPlanAndServicesFromEmployers: click PPO Plans Button
TestPlanAndServicesFromEmployers: click PPO Plans Button
TestPlanAndServicesFromEmployers: click PPO Plans Button
TestPlanAndServicesFromEmployers: click PPO Plans Button
TestPlanAndServicesFromEmployers: click PPO Plans Button
TestPlanAndServicesFromEmployers: click PPO Plans Button
TestPlanAndServicesFromEmployers: click PPO Plans Button
TestPlanAndServicesFromEmployers: click PPO Plans Button
TestPlanAndServicesFromEmployers: click PPO Plans Button
TestPlanAndServicesFromEmployers: click PPO Plans Button
TestPlanAndServicesFromEmployers: click PPO Plans Button
TestPlanAndServicesFromEmployers: click PPO Plans Button
TestPlanAndServicesFromEmployers: click PPO Plans Button
TestPlanAndServicesFromEmployers: click PPO Plans Button
TestPlanAndServicesFromEmployers: click PPO Plans Button
TestPlanAndServicesFromEmployers: click PPO Plans Button
TestPlanAndServicesFromEmployers: click PPO Plans Button
TestPlanAndServicesFromEmployers: click PPO Plans Button
TestPlanAndServicesFromEmployers: click PPO Plans Button
TestPlanAndServicesFromEmployers: click PPO Plans Button
TestPlanAndServicesFromEmployers: click PPO Plans Button
TestPlanAndServicesFromEmployers: click PPO Plans Button
TestPlanAndServicesFromEmployers: click PPO Plans Button
TestPlanAndServicesFromEmployers: click PPO Plans Button
TestPlanAndServicesFromEmployers: click PPO Plans Button
TestPlanAndServicesFromEmployers: click PPO Plans Button
TestPlanAndServicesFromEmployers: click PPO Plans Button
TestPlanAndServicesFromEmployers: click PPO Plans Button
TestPlanAndServicesFromEmployers: click PPO Plans Button
TestPlanAndServicesFromEmployers: click PPO Plans Button
TestPlanAndServicesFromEmployers: click PPO Plans Button
TestPlanAndServicesFromEmployers: click PPO Plans Button
TestPlanAndServicesFromEmployers: click PPO Plans Button
TestPlanAndServicesFromEmployers: click PPO Plans Button
TestPlanAndServicesFromEmployers: click PPO Plans Button
TestPlanAndServicesFromEmployers: click PPO Plans Button
TestPlanAndServicesFromEmployers: click PPO Plans Button
TestPlanAndServicesFromEmployers: click PPO Plans Button
TestPlanAndServicesFromEmployers: click PPO Plans Button
TestPlanAndServicesFromEmployers: click PPO Plans Button
TestPlanAndServicesFromEmployers: click PPO Plans Button
TestPlanAndServicesFromEmployers: click PPO Plans Button
TestPlanAndServicesFromEmployers: click PPO Plans Button
TestPlanAndServicesFromEmployers: click PPO Plans Button
TestPlanAndServicesFromEmployers: click PPO Plans Button
TestPlanAndServicesFromEmployers: click PPO Plans Button
TestPlanAndServicesFromEmployers: click PPO Plans Button
TestPlanAndServicesFromEmployers: click PPO Plans Button
TestPlanAndServicesFromEmployers: click PPO Plans Button
TestPlanAndServicesFromEmployers: click PPO Plans Button
TestPlanAndServicesFromEmployers: click PPO Plans Button
TestPlanAndServicesFromEmployers: click PPO Plans Button
TestPlanAndServicesFromEmployers: click PPO Plans Button
TestPlanAndServicesFromEmployers: click PPO Plans Button
TestPlanAndServicesFromEmployers: click PPO Plans Button
TestPlanAndServicesFromEmployers: click PPO Plans Button
TestPlanAndServicesFromEmployers: click PPO Plans Button
TestPlanAndServicesFromEmployers: click PPO Plans Button
TestPlanAndServicesFromEmployers: click PPO Plans Button
TestPlanAndServicesFromEmployers: click PPO Plans Button
TestPlanAndServicesFromEmployers: click PPO Plans Button
TestPlanAndServicesFromEmployers: click PPO Plans Button
TestPlanAndServicesFromEmployers: click PPO Plans Button
TestPlanAndServicesFromEmployers: click PPO Plans Button
TestPlanAndServicesFromEmployers: click PPO Plans Button
TestPlanAndServicesFromEmployers: click PPO Plans Button
TestPlanAndServicesFromEmployers: click PPO Plans Button
TestPlanAndServicesFromEmployers: click PPO Plans Button
TestPlanAndServicesFromEmployers: click PPO Plans Button
TestPlanAndServicesFromEmployers: click PPO Plans Button
TestPlanAndServicesFromEmployers: click PPO Plans Button
TestPlanAndServicesFromEmployers: click PPO Plans Button
TestPlanAndServicesFromEmployers: click PPO Plans Button
TestPlanAndServicesFromEmployers: click PPO Plans Button
TestPlanAndServicesFromEmployers: click PPO Plans Button
TestPlanAndServicesFromEmployers: click PPO Plans Button
TestPlanAndServicesFromEmployers: click PPO Plans Button
TestPlanAndServicesFromEmployers: click PPO Plans Button
TestPlanAndServicesFromEmployers: click PPO Plans Button
TestPlanAndServicesFromEmployers: click PPO Plans Button
TestPlanAndServicesFromEmployers: click PPO Plans Button
TestPlanAndServicesFromEmployers: click PPO Plans Button
TestPlanAndServicesFromEmployers: click PPO Plans Button
TestPlanAndServicesFromEmployers: click PPO Plans Button
TestPlanAndServicesFromEmployers: click PPO Plans Button
TestPlanAndServicesFromEmployers: click PPO Plans Button
TestPlanAndServicesFromEmployers: click PPO Plans Button
TestPlanAndServicesFromEmployers: click PPO Plans Button
TestPlanAndServicesFromEmployers: click PPO Plans Button
TestPlanAndServicesFromEmployers: click PPO Plans Button
TestPlanAndServicesFromEmployers: click PPO Plans Button
TestPlanAndServicesFromEmployers: click PPO Plans Button
TestPlanAndServicesFromEmployers: click PPO Plans Button
TestPlanAndServicesFromEmployers: click PPO Plans Button
TestPlanAndServicesFromEmployers: click PPO Plans Button
TestPlanAndServicesFromEmployers: click PPO Plans Button
TestPlanAndServicesFromEmployers: click PPO Plans Button
TestPlanAndServicesFromEmployers: click PPO Plans Button
TestPlanAndServicesFromEmployers: click PPO Plans Button
TestPlanAndServicesFromEmployers: click PPO Plans Button
TestPlanAndServicesFromEmployers: click PPO Plans Button
TestPlanAndServicesFromEmployers: click PPO Plans Button
TestPlanAndServicesFromEmployers: click PPO Plans Button
TestPlanAndServicesFromEmployers: click PPO Plans Button
TestPlanAndServicesFromEmployers: click PPO Plans Button
TestPlanAndServicesFromEmployers: click PPO Plans Button
TestPlanAndServicesFromEmployers: click PPO Plans Button
TestPlanAndServicesFromEmployers: click PPO Plans Button
TestPlanAndServicesFromEmployers: click PPO Plans Button
TestPlanAndServicesFromEmployers: click PPO Plans Button
TestPlanAndServicesFromEmployers: click PPO Plans Button
TestPlanAndServicesFromEmployers: click PPO Plans Button
TestPlanAndServicesFromEmployers: click PPO Plans Button
TestPlanAndServicesFromEmployers: click PPO Plans Button
TestPlanAndServicesFromEmployers: click PPO Plans Button
TestPlanAndServicesFromEmployers: click PPO Plans Button
TestPlanAndServicesFromEmployers: click PPO Plans Button
TestPlanAndServicesFromEmployers: click PPO Plans Button
TestPlanAndServicesFromEmployers: click PPO Plans Button
TestPlanAndServicesFromEmployers: click PPO Plans Button
TestPlanAndServicesFromEmployers: click PPO Plans Button
TestPlanAndServicesFromEmployers: click PPO Plans Button
TestPlanAndServicesFromEmployers: click PPO Plans Button
TestPlanAndServicesFromEmployers: click PPO Plans Button
TestPlanAndServicesFromEmployers: click PPO Plans Button
TestPlanAndServicesFromEmployers: click PPO Plans Button
TestPlanAndServicesFromEmployers: click PPO Plans Button
TestPlanAndServicesFromEmployers: click PPO Plans Button
TestPlanAndServicesFromEmployers: click PPO Plans Button
TestPlanAndServicesFromEmployers: click PPO Plans Button
TestPlanAndServicesFromEmployers: click PPO Plans Button
TestPlanAndServicesFromEmployers: click PPO Plans Button
TestPlanAndServicesFromEmployers: click PPO Plans Button
TestPlanAndServicesFromEmployers: click PPO Plans Button
TestPlanAndServicesFromEmployers: click PPO Plans Button
TestPlanAndServicesFromEmployers: click PPO Plans Button
TestPlanAndServicesFromEmployers: click PPO Plans Button
TestPlanAndServicesFromEmployers: click PPO Plans Button
TestPlanAndServicesFromEmployers: click PPO Plans Button
TestPlanAndServicesFromEmployers: click PPO Plans Button
TestPlanAndServicesFromEmployers: click PPO Plans Button
TestPlanAndServicesFromEmployers: click PPO Plans Button
TestPlanAndServicesFromEmployers: click PPO Plans Button
TestPlanAndServicesFromEmployers: click PPO Plans Button
TestPlanAndServicesFromEmployers: click PPO Plans Button
TestPlanAndServicesFromEmployers: click PPO Plans Button
TestPlanAndServicesFromEmployers: click PPO Plans Button
TestPlanAndServicesFromEmployers: click PPO Plans Button
TestPlanAndServicesFromEmployers: click PPO Plans Button
TestPlanAndServicesFromEmployers: click PPO Plans Button
TestPlanAndServicesFromEmployers: click PPO Plans Button
TestPlanAndServicesFromEmployers: click PPO Plans Button
TestPlanAndServicesFromEmployers: click PPO Plans Button
TestPlanAndServicesFromEmployers: click PPO Plans Button
TestPlanAndServicesFromEmployers: click PPO Plans Button
TestPlanAndServicesFromEmployers: click PPO Plans Button
TestPlanAndServicesFromEmployers: click PPO Plans Button
TestPlanAndServicesFromEmployers: click PPO Plans Button
TestPlanAndServicesFromEmployers: click PPO Plans Button
TestPlanAndServicesFromEmployers: click PPO Plans Button
TestPlanAndServicesFromEmployers: click PPO Plans Button
TestPlanAndServicesFromEmployers: click PPO Plans Button
TestPlanAndServicesFromEmployers: click PPO Plans Button
TestPlanAndServicesFromEmployers: click PPO Plans Button
TestPlanAndServicesFromEmployers: click PPO Plans Button
TestPlanAndServicesFromEmployers: click PPO Plans Button
TestPlanAndServicesFromEmployers: click PPO Plans Button
TestPlanAndServicesFromEmployers: click PPO Plans Button
TestPlanAndServicesFromEmployers: click PPO Plans Button
TestPlanAndServicesFromEmployers: click PPO Plans Button
TestPlanAndServicesFromEmployers: click PPO Plans Button
TestPlanAndServicesFromEmployers: click PPO Plans Button
TestPlanAndServicesFromEmployers: click PPO Plans Button
TestPlanAndServicesFromEmployers: click PPO Plans Button
TestPlanAndServicesFromEmployers: click PPO Plans Button
TestPlanAndServicesFromEmployers: click PPO Plans Button
TestPlanAndServicesFromEmployers: click PPO Plans Button
TestPlanAndServicesFromEmployers: click PPO Plans Button
TestPlanAndServicesFromEmployers: click PPO Plans Button
TestPlanAndServicesFromEmployers: click PPO Plans Button
TestPlanAndServicesFromEmployers: click PPO Plans Button
TestPlanAndServicesFromEmployers: click PPO Plans Button
TestPlanAndServicesFromEmployers: click PPO Plans Button
TestPlanAndServicesFromEmployers: click PPO Plans Button
TestPlanAndServicesFromEmployers: click PPO Plans Button
TestPlanAndServicesFromEmployers: click PPO Plans Button
TestPlanAndServicesFromEmployers: click PPO Plans Button
TestPlanAndServicesFromEmployers: click PPO Plans Button
TestPlanAndServicesFromEmployers: click PPO Plans Button
TestPlanAndServicesFromEmployers: click PPO Plans Button
TestPlanAndServicesFromEmployers: click PPO Plans Button
TestPlanAndServicesFromEmployers: click PPO Plans Button
TestPlanAndServicesFromEmployers: click PPO Plans Button
TestPlanAndServicesFromEmployers: click PPO Plans Button
TestPlanAndServicesFromEmployers: click PPO Plans Button
TestPlanAndServicesFromEmployers: click PPO Plans Button
TestPlanAndServicesFromEmployers: click PPO Plans Button
TestPlanAndServicesFromEmployers: click PPO Plans Button
TestPlanAndServicesFromEmployers: click PPO Plans Button
TestPlanAndServicesFromEmployers: click PPO Plans Button
TestPlanAndServicesFromEmployers: click PPO Plans Button
TestPlanAndServicesFromEmployers: click PPO Plans Button
TestPlanAndServicesFromEmployers: click PPO Plans Button
TestPlanAndServicesFromEmployers: click PPO Plans Button
TestPlanAndServicesFromEmployers: click PPO Plans Button
TestPlanAndServicesFromEmployers: click PPO Plans Button
TestPlanAndServicesFromEmployers: click PPO Plans Button
TestPlanAndServicesFromEmployers: click PPO Plans Button
TestPlanAndServicesFromEmployers: click PPO Plans Button
TestPlanAndServicesFromEmployers: click PPO Plans Button
TestPlanAndServicesFromEmployers: click PPO Plans Button
TestPlanAndServicesFromEmployers: click PPO Plans Button
TestPlanAndServicesFromEmployers: click PPO Plans Button
TestPlanAndServicesFromEmployers: click PPO Plans Button
TestPlanAndServicesFromEmployers: click PPO Plans Button
TestPlanAndServicesFromEmployers: click PPO Plans Button
TestPlanAndServicesFromEmployers: click PPO Plans Button
TestPlanAndServicesFromEmployers: click PPO Plans Button
TestPlanAndServicesFromEmployers: click PPO Plans Button
TestPlanAndServicesFromEmployers: click PPO Plans Button
TestPlanAndServicesFromEmployers: click PPO Plans Button
TestPlanAndServicesFromEmployers: click PPO Plans Button
TestPlanAndServicesFromEmployers: click PPO Plans Button
TestPlanAndServicesFromEmployers: click PPO Plans Button
TestPlanAndServicesFromEmployers: click PPO Plans Button
TestPlanAndServicesFromEmployers: click PPO Plans Button
TestPlanAndServicesFromEmployers: click PPO Plans Button
TestPlanAndServicesFromEmployers: click PPO Plans Button
TestPlanAndServicesFromEmployers: click PPO Plans Button
TestPlanAndServicesFromEmployers: click PPO Plans Button
TestPlanAndServicesFromEmployers: click PPO Plans Button
TestPlanAndServicesFromEmployers: click PPO Plans Button
TestPlanAndServicesFromEmployers: click PPO Plans Button
TestPlanAndServicesFromEmployers: click PPO Plans Button
TestPlanAndServicesFromEmployers: click PPO Plans Button
TestPlanAndServicesFromEmployers: click PPO Plans Button
TestPlanAndServicesFromEmployers: click PPO Plans Button
TestPlanAndServicesFromEmployers: click PPO Plans Button
TestPlanAndServicesFromEmployers: click PPO Plans Button
TestPlanAndServicesFromEmployers: click PPO Plans Button
TestPlanAndServicesFromEmployers: click PPO Plans Button
TestPlanAndServicesFromEmployers: click PPO Plans Button
TestPlanAndServicesFromEmployers: click PPO Plans Button
TestPlanAndServicesFromEmployers: click PPO Plans Button
TestPlanAndServicesFromEmployers: click PPO Plans Button
TestPlanAndServicesFromEmployers: click PPO Plans Button
TestPlanAndServicesFromEmployers: click PPO Plans Button
TestPlanAndServicesFromEmployers: click PPO Plans Button
TestPlanAndServicesFromEmployers: click PPO Plans Button
TestPlanAndServicesFromEmployers: click PPO Plans Button
TestPlanAndServicesFromEmployers: click PPO Plans Button
TestPlanAndServicesFromEmployers: click PPO Plans Button
TestPlanAndServicesFromEmployers: click PPO Plans Button
TestPlanAndServicesFromEmployers: click PPO Plans Button
TestPlanAndServicesFromEmployers: click PPO Plans Button
TestPlanAndServicesFromEmployers: click PPO Plans Button
TestPlanAndServicesFromEmployers: click PPO Plans Button
TestPlanAndServicesFromEmployers: click PPO Plans Button
TestPlanAndServicesFromEmployers: click PPO Plans Button
TestPlanAndServicesFromEmployers: click PPO Plans Button
TestPlanAndServicesFromEmployers: click PPO Plans Button
TestPlanAndServicesFromEmployers: click PPO Plans Button
TestPlanAndServicesFromEmployers: click PPO Plans Button
TestPlanAndServicesFromEmployers: click PPO Plans Button
TestPlanAndServicesFromEmployers: click PPO Plans Button
TestPlanAndServicesFromEmployers: click PPO Plans Button
TestPlanAndServicesFromEmployers: click PPO Plans Button
TestPlanAndServicesFromEmployers: click PPO Plans Button
TestPlanAndServicesFromEmployers: click PPO Plans Button
TestPlanAndServicesFromEmployers: click PPO Plans Button
TestPlanAndServicesFromEmployers: click PPO Plans Button
TestPlanAndServicesFromEmployers: click PPO Plans Button
TestPlanAndServicesFromEmployers: click PPO Plans Button
TestPlanAndServicesFromEmployers: click PPO Plans Button
TestPlanAndServicesFromEmployers: click PPO Plans Button
TestPlanAndServicesFromEmployers: click PPO Plans Button
TestPlanAndServicesFromEmployers: click PPO Plans Button
TestPlanAndServicesFromEmployers: click PPO Plans Button
TestPlanAndServicesFromEmployers: click PPO Plans Button
TestPlanAndServicesFromEmployers: click PPO Plans Button
TestPlanAndServicesFromEmployers: click PPO Plans Button
TestPlanAndServicesFromEmployers: click PPO Plans Button
TestPlanAndServicesFromEmployers: click PPO Plans Button
TestPlanAndServicesFromEmployers: click PPO Plans Button
TestPlanAndServicesFromEmployers: click PPO Plans Button
TestPlanAndServicesFromEmployers: click PPO Plans Button
TestPlanAndServicesFromEmployers: click PPO Plans Button
TestPlanAndServicesFromEmployers: click PPO Plans Button
TestPlanAndServicesFromEmployers: click PPO Plans Button
TestPlanAndServicesFromEmployers: click PPO Plans Button
TestPlanAndServicesFromEmployers: click PPO Plans Button
TestPlanAndServicesFromEmployers: click PPO Plans Button
TestPlanAndServicesFromEmployers: click PPO Plans Button
TestPlanAndServicesFromEmployers: click PPO Plans Button
TestPlanAndServicesFromEmployers: click PPO Plans Button
TestPlanAndServicesFromEmployers: click PPO Plans Button
TestPlanAndServicesFromEmployers: click PPO Plans Button
TestPlanAndServicesFromEmployers: click PPO Plans Button
TestPlanAndServicesFromEmployers: click PPO Plans Button
TestPlanAndServicesFromEmployers: click PPO Plans Button
TestPlanAndServicesFromEmployers: click PPO Plans Button
TestPlanAndServicesFromEmployers: click PPO Plans Button
TestPlanAndServicesFromEmployers: click PPO Plans Button
TestPlanAndServicesFromEmployers: click PPO Plans Button
TestPlanAndServicesFromEmployers: click PPO Plans Button
TestPlanAndServicesFromEmployers: click PPO Plans Button
TestPlanAndServicesFromEmployers: click PPO Plans Button
TestPlanAndServicesFromEmployers: click PPO Plans Button
TestPlanAndServicesFromEmployers: click PPO Plans Button
TestPlanAndServicesFromEmployers: click PPO Plans Button
TestPlanAndServicesFromEmployers: click PPO Plans Button
TestPlanAndServicesFromEmployers: click PPO Plans Button
TestPlanAndServicesFromEmployers: click PPO Plans Button
TestPlanAndServicesFromEmployers: click PPO Plans Button
TestPlanAndServicesFromEmployers: click PPO Plans Button
TestPlanAndServicesFromEmployers: click PPO Plans Button
TestPlanAndServicesFromEmployers: click PPO Plans Button
TestPlanAndServicesFromEmployers: click PPO Plans Button
TestPlanAndServicesFromEmployers: click PPO Plans Button
TestPlanAndServicesFromEmployers: click PPO Plans Button
TestPlanAndServicesFromEmployers: click PPO Plans Button
TestPlanAndServicesFromEmployers: click PPO Plans Button
TestPlanAndServicesFromEmployers: click PPO Plans Button
TestPlanAndServicesFromEmployers: click PPO Plans Button
TestPlanAndServicesFromEmployers: click PPO Plans Button
TestPlanAndServicesFromEmployers: click PPO Plans Button
TestPlanAndServicesFromEmployers: click PPO Plans Button
TestPlanAndServicesFromEmployers: click PPO Plans Button
TestPlanAndServicesFromEmployers: click PPO Plans Button
TestPlanAndServicesFromEmployers: click PPO Plans Button
TestPlanAndServicesFromEmployers: click PPO Plans Button
TestPlanAndServicesFromEmployers: click PPO Plans Button
TestPlanAndServicesFromEmployers: click PPO Plans Button
TestPlanAndServicesFromEmployers: click PPO Plans Button
TestPlanAndServicesFromEmployers: click PPO Plans Button
TestPlanAndServicesFromEmployers: click PPO Plans Button
TestPlanAndServicesFromEmployers: click PPO Plans Button
TestPlanAndServicesFromEmployers: click PPO Plans Button
TestPlanAndServicesFromEmployers: click PPO Plans Button
TestPlanAndServicesFromEmployers: click PPO Plans Button
TestPlanAndServicesFromEmployers: click PPO Plans Button
TestPlanAndServicesFromEmployers: click PPO Plans Button
TestPlanAndServicesFromEmployers: click PPO Plans Button
TestPlanAndServicesFromEmployers: click PPO Plans Button
TestPlanAndServicesFromEmployers: click PPO Plans Button
TestPlanAndServicesFromEmployers: click PPO Plans Button
TestPlanAndServicesFromEmployers: click PPO Plans Button
TestPlanAndServicesFromEmployers: click PPO Plans Button
]]></system-out>
    <system-err><![CDATA[Starting ChromeDriver 76.0.3809.126 (d80a294506b4c9d18015e755cee48f953ddc3f2f-refs/branch-heads/3809@{#1024}) on port 43689
Only local connections are allowed.
Please protect ports used by ChromeDriver and related test frameworks to prevent access by malicious code.
[1570330632.961][WARNING]: This version of ChromeDriver has not been tested with Chrome version 77.
Oct 05, 2019 10:57:13 PM org.openqa.selenium.remote.ProtocolHandshake createSession
INFO: Detected dialect: W3C
]]></system-err>
  </testcase>
  <testcase name="clickBehavioralButtonTest" classname="CignaTest.TestPlanAndServicesFromEmployersExtension" time="3.738"/>
  <testcase name="clickCignaOnsiteButtonT" classname="CignaTest.TestPlanAndServicesFromEmployersExtension" time="3.284"/>
  <testcase name="clickGroupLifeInsurance" classname="CignaTest.TestPlanAndServicesFromEmployersExtension" time="3.851"/>
  <testcase name="clickPharmacyButtonTest" classname="CignaTest.TestPlanAndServicesFromEmployersExtension" time="3.939"/>
  <testcase name="clickPharmacyManagementTest" classname="CignaTest.TestPlanAndServicesFromEmployersExtension" time="3.426"/>
  <testcase name="clickPopulationButton" classname="CignaTest.TestPlanAndServicesFromEmployersExtension" time="3.671"/>
  <testcase name="clickVisionInsuranceButtonTest" classname="CignaTest.TestPlanAndServicesFromEmployersExtension" time="3.531"/>
  <testcase name="clickADDInsuranceButtonT" classname="CignaTest.TestPlansAndServicesUsingSupplemental" time="3.757"/>
  <testcase name="clickAccidentInjuryButtonT" classname="CignaTest.TestPlansAndServicesUsingSupplemental" time="3.422"/>
  <testcase name="clickCignaLeaveSolutionsT" classname="CignaTest.TestPlansAndServicesUsingSupplemental" time="3.857"/>
  <testcase name="clickCriticalIllnessButtonT" classname="CignaTest.TestPlansAndServicesUsingSupplemental" time="4.217"/>
  <testcase name="clickFundingSolutionsT" classname="CignaTest.TestPlansAndServicesUsingSupplemental" time="3.527"/>
  <testcase name="clickGroupDisabilityButtonT" classname="CignaTest.TestPlansAndServicesUsingSupplemental" time="3.919"/>
  <testcase name="clickHospitalInsuranceButton" classname="CignaTest.TestPlansAndServicesUsingSupplemental" time="4.07"/>
  <testcase name="searchForItemsExcel" classname="DataDriven.DataDrivenTests" time="7.164"/>
  <testcase name="searchForItemsMongoDB" classname="DataDriven.DataDrivenTests" time="6.245"/>
  <testcase name="clickDefinedContributionsT" classname="CignaTest.TestEmployersAndBrokersExtent" time="4.29"/>
  <testcase name="clickSmallEmplyersTest" classname="CignaTest.TestEmployersAndBrokersExtent" time="3.948"/>
  <testcase name="clickSpendingButton" classname="CignaTest.TestEmployersAndBrokersExtent" time="5.619"/>
  <testcase name="clickStopLossSolutionsButtonT" classname="CignaTest.TestEmployersAndBrokersExtent" time="3.23"/>
  <testcase name="clickWhoWeServet" classname="CignaTest.TestEmployersAndBrokersExtent" time="2.991"/>
</testsuite>